#
# There is insufficient memory for the Java Runtime Environment to continue.
# Native memory allocation (malloc) failed to allocate 34112 bytes for Chunk::new
# Possible reasons:
#   The system is out of physical RAM or swap space
#   The process is running with CompressedOops enabled, and the Java Heap may be blocking the growth of the native heap
# Possible solutions:
#   Reduce memory load on the system
#   Increase physical memory or swap space
#   Check if swap backing store is full
#   Decrease Java heap size (-Xmx/-Xms)
#   Decrease number of Java threads
#   Decrease Java thread stack sizes (-Xss)
#   Set larger code cache with -XX:ReservedCodeCacheSize=
#   JVM is running with Unscaled Compressed Oops mode in which the Java heap is
#     placed in the first 4GB address space. The Java Heap base address is the
#     maximum limit for the native heap growth. Please use -XX:HeapBaseMinAddress
#     to set the Java Heap base and to place the Java Heap above 4GB virtual address.
# This output file may be truncated or incomplete.
#
#  Out of Memory Error (arena.cpp:189), pid=6548, tid=5920
#
# JRE version: OpenJDK Runtime Environment Temurin-17.0.7+7 (17.0.7+7) (build 17.0.7+7)
# Java VM: OpenJDK 64-Bit Server VM Temurin-17.0.7+7 (17.0.7+7, mixed mode, emulated-client, tiered, compressed oops, compressed class ptrs, g1 gc, windows-amd64)
# No core dump will be written. Minidumps are not enabled by default on client versions of Windows
#

---------------  S U M M A R Y ------------

Command Line: -Dcom.sun.management.jmxremote -Dcom.sun.management.jmxremote.port=53968 -Dcom.sun.management.jmxremote.authenticate=false -Dcom.sun.management.jmxremote.ssl=false -Djava.rmi.server.hostname=localhost -Dspring.jmx.enabled=true -Dmanagement.endpoints.jmx.exposure.include=* -Dspring.application.admin.enabled=true -XX:TieredStopAtLevel=1 -Dspring.boot.project.name=miniproject -Dfile.encoding=UTF-8 -Dstdout.encoding=UTF-8 -Dstderr.encoding=UTF-8 -XX:+ShowCodeDetailsInExceptionMessages com.teama.minpro.teama.MiniprojectApplication --spring.output.ansi.enabled=always

Host: AMD Ryzen 3 3200U with Radeon Vega Mobile Gfx  , 4 cores, 5G,  Windows 10 , 64 bit Build 19041 (10.0.19041.2545)
Time: Thu Nov 16 17:10:04 2023 SE Asia Standard Time elapsed time: 3.968808 seconds (0d 0h 0m 3s)

---------------  T H R E A D  ---------------

Current thread (0x000001c635f458f0):  JavaThread "restartedMain" [_thread_in_vm, id=5920, stack(0x0000006c11c00000,0x0000006c11d00000)]

Stack: [0x0000006c11c00000,0x0000006c11d00000]
Native frames: (J=compiled Java code, j=interpreted, Vv=VM code, C=native code)
V  [jvm.dll+0x67754a]
V  [jvm.dll+0x834304]
V  [jvm.dll+0x835aae]
V  [jvm.dll+0x836113]
V  [jvm.dll+0x24696f]
V  [jvm.dll+0xac0ac]
V  [jvm.dll+0xac67c]
V  [jvm.dll+0x1f33ba]
V  [jvm.dll+0x1f2002]
V  [jvm.dll+0x7af05b]
V  [jvm.dll+0x7b0402]
V  [jvm.dll+0x7b0738]
V  [jvm.dll+0x23ec6e]
V  [jvm.dll+0x23eebf]
V  [jvm.dll+0x55c0a8]
V  [jvm.dll+0x55ef57]
V  [jvm.dll+0x384a64]
V  [jvm.dll+0x3840cf]
C  0x000001c6280f90a3

Java frames: (J=compiled Java code, j=interpreted, Vv=VM code)
j  java.util.Arrays.sort([I)V+5 java.base@17.0.7
j  org.springframework.cglib.core.EmitUtils.getSwitchKeys(Ljava/util/Map;)[I+54
j  org.springframework.cglib.core.EmitUtils.string_switch_hash(Lorg/springframework/cglib/core/CodeEmitter;[Ljava/lang/String;Lorg/springframework/cglib/core/ObjectSwitchCallback;Z)V+45
j  org.springframework.cglib.core.EmitUtils.string_switch(Lorg/springframework/cglib/core/CodeEmitter;[Ljava/lang/String;ILorg/springframework/cglib/core/ObjectSwitchCallback;)V+41
j  org.springframework.cglib.proxy.MethodInterceptorGenerator.generateFindProxy(Lorg/springframework/cglib/core/ClassEmitter;Ljava/util/Map;)V+63
j  org.springframework.cglib.proxy.MethodInterceptorGenerator.generate(Lorg/springframework/cglib/core/ClassEmitter;Lorg/springframework/cglib/proxy/CallbackGenerator$Context;Ljava/util/List;)V+303
j  org.springframework.cglib.proxy.Enhancer.emitMethods(Lorg/springframework/cglib/core/ClassEmitter;Ljava/util/List;Ljava/util/List;)V+499
j  org.springframework.cglib.proxy.Enhancer.generateClass(Lorg/springframework/asm/ClassVisitor;)V+396
j  org.springframework.cglib.transform.TransformingClassGenerator.generateClass(Lorg/springframework/asm/ClassVisitor;)V+16
j  org.springframework.cglib.core.DefaultGeneratorStrategy.generate(Lorg/springframework/cglib/core/ClassGenerator;)[B+11
j  org.springframework.cglib.core.ClassLoaderAwareGeneratorStrategy.generate(Lorg/springframework/cglib/core/ClassGenerator;)[B+66
j  org.springframework.cglib.core.AbstractClassGenerator.generate(Lorg/springframework/cglib/core/AbstractClassGenerator$ClassLoaderData;)Ljava/lang/Class;+139
j  org.springframework.cglib.proxy.Enhancer.generate(Lorg/springframework/cglib/core/AbstractClassGenerator$ClassLoaderData;)Ljava/lang/Class;+53
j  org.springframework.cglib.core.AbstractClassGenerator$ClassLoaderData$3.apply(Lorg/springframework/cglib/core/AbstractClassGenerator;)Ljava/lang/Object;+5
j  org.springframework.cglib.core.AbstractClassGenerator$ClassLoaderData$3.apply(Ljava/lang/Object;)Ljava/lang/Object;+5
j  org.springframework.cglib.core.internal.LoadingCache$2.call()Ljava/lang/Object;+11
j  java.util.concurrent.FutureTask.run()V+39 java.base@17.0.7
j  org.springframework.cglib.core.internal.LoadingCache.createEntry(Ljava/lang/Object;Ljava/lang/Object;Ljava/lang/Object;)Ljava/lang/Object;+58
j  org.springframework.cglib.core.internal.LoadingCache.get(Ljava/lang/Object;)Ljava/lang/Object;+39
j  org.springframework.cglib.core.AbstractClassGenerator$ClassLoaderData.get(Lorg/springframework/cglib/core/AbstractClassGenerator;Z)Ljava/lang/Object;+15
j  org.springframework.cglib.core.AbstractClassGenerator.create(Ljava/lang/Object;)Ljava/lang/Object;+115
j  org.springframework.cglib.proxy.Enhancer.createHelper()Ljava/lang/Object;+86
j  org.springframework.cglib.proxy.Enhancer.createClass()Ljava/lang/Class;+6
j  org.springframework.context.annotation.ConfigurationClassEnhancer.createClass(Lorg/springframework/cglib/proxy/Enhancer;)Ljava/lang/Class;+1
j  org.springframework.context.annotation.ConfigurationClassEnhancer.enhance(Ljava/lang/Class;Ljava/lang/ClassLoader;)Ljava/lang/Class;+53
j  org.springframework.context.annotation.ConfigurationClassPostProcessor.enhanceConfigurationClasses(Lorg/springframework/beans/factory/config/ConfigurableListableBeanFactory;)V+461
j  org.springframework.context.annotation.ConfigurationClassPostProcessor.postProcessBeanFactory(Lorg/springframework/beans/factory/config/ConfigurableListableBeanFactory;)V+88
j  org.springframework.context.support.PostProcessorRegistrationDelegate.invokeBeanFactoryPostProcessors(Ljava/util/Collection;Lorg/springframework/beans/factory/config/ConfigurableListableBeanFactory;)V+61
j  org.springframework.context.support.PostProcessorRegistrationDelegate.invokeBeanFactoryPostProcessors(Lorg/springframework/beans/factory/config/ConfigurableListableBeanFactory;Ljava/util/List;)V+512
j  org.springframework.context.support.AbstractApplicationContext.invokeBeanFactoryPostProcessors(Lorg/springframework/beans/factory/config/ConfigurableListableBeanFactory;)V+5
j  org.springframework.context.support.AbstractApplicationContext.refresh()V+53
j  org.springframework.boot.web.servlet.context.ServletWebServerApplicationContext.refresh()V+1
j  org.springframework.boot.SpringApplication.refresh(Lorg/springframework/context/ConfigurableApplicationContext;)V+1
j  org.springframework.boot.SpringApplication.refreshContext(Lorg/springframework/context/ConfigurableApplicationContext;)V+16
j  org.springframework.boot.SpringApplication.run([Ljava/lang/String;)Lorg/springframework/context/ConfigurableApplicationContext;+107
j  org.springframework.boot.SpringApplication.run([Ljava/lang/Class;[Ljava/lang/String;)Lorg/springframework/context/ConfigurableApplicationContext;+9
j  org.springframework.boot.SpringApplication.run(Ljava/lang/Class;[Ljava/lang/String;)Lorg/springframework/context/ConfigurableApplicationContext;+9
j  com.teama.minpro.teama.MiniprojectApplication.main([Ljava/lang/String;)V+3
v  ~StubRoutines::call_stub
j  jdk.internal.reflect.NativeMethodAccessorImpl.invoke0(Ljava/lang/reflect/Method;Ljava/lang/Object;[Ljava/lang/Object;)Ljava/lang/Object;+0 java.base@17.0.7
j  jdk.internal.reflect.NativeMethodAccessorImpl.invoke(Ljava/lang/Object;[Ljava/lang/Object;)Ljava/lang/Object;+133 java.base@17.0.7
j  jdk.internal.reflect.DelegatingMethodAccessorImpl.invoke(Ljava/lang/Object;[Ljava/lang/Object;)Ljava/lang/Object;+6 java.base@17.0.7
j  java.lang.reflect.Method.invoke(Ljava/lang/Object;[Ljava/lang/Object;)Ljava/lang/Object;+59 java.base@17.0.7
j  org.springframework.boot.devtools.restart.RestartLauncher.run()V+47
v  ~StubRoutines::call_stub

---------------  P R O C E S S  ---------------

Threads class SMR info:
_java_thread_list=0x000001c636644d80, length=22, elements={
0x000001c624a2be30, 0x000001c630c03f80, 0x000001c630c04d00, 0x000001c630c6abb0,
0x000001c630c6b730, 0x000001c630c6dba0, 0x000001c635000080, 0x000001c6350010e0,
0x000001c635006630, 0x000001c630ba66e0, 0x000001c630ba6bb0, 0x000001c6351b26b0,
0x000001c63576e7e0, 0x000001c63576a130, 0x000001c63576c940, 0x000001c635768dd0,
0x000001c635b58020, 0x000001c635b6d600, 0x000001c635b8cad0, 0x000001c635b89e00,
0x000001c635f45420, 0x000001c635f458f0
}

Java Threads: ( => current thread )
  0x000001c624a2be30 JavaThread "main" [_thread_blocked, id=5364, stack(0x0000006c0fa00000,0x0000006c0fb00000)]
  0x000001c630c03f80 JavaThread "Reference Handler" daemon [_thread_blocked, id=6456, stack(0x0000006c10100000,0x0000006c10200000)]
  0x000001c630c04d00 JavaThread "Finalizer" daemon [_thread_blocked, id=9164, stack(0x0000006c10200000,0x0000006c10300000)]
  0x000001c630c6abb0 JavaThread "Signal Dispatcher" daemon [_thread_blocked, id=752, stack(0x0000006c10300000,0x0000006c10400000)]
  0x000001c630c6b730 JavaThread "Attach Listener" daemon [_thread_blocked, id=8364, stack(0x0000006c10400000,0x0000006c10500000)]
  0x000001c630c6dba0 JavaThread "Service Thread" daemon [_thread_blocked, id=7448, stack(0x0000006c10500000,0x0000006c10600000)]
  0x000001c635000080 JavaThread "Monitor Deflation Thread" daemon [_thread_blocked, id=9132, stack(0x0000006c10600000,0x0000006c10700000)]
  0x000001c6350010e0 JavaThread "C1 CompilerThread0" daemon [_thread_blocked, id=9080, stack(0x0000006c10700000,0x0000006c10800000)]
  0x000001c635006630 JavaThread "Sweeper thread" daemon [_thread_blocked, id=332, stack(0x0000006c10800000,0x0000006c10900000)]
  0x000001c630ba66e0 JavaThread "Common-Cleaner" daemon [_thread_blocked, id=6072, stack(0x0000006c10900000,0x0000006c10a00000)]
  0x000001c630ba6bb0 JavaThread "C1 CompilerThread1" daemon [_thread_blocked, id=4588, stack(0x0000006c10a00000,0x0000006c10b00000)]
  0x000001c6351b26b0 JavaThread "Notification Thread" daemon [_thread_blocked, id=2784, stack(0x0000006c10b00000,0x0000006c10c00000)]
  0x000001c63576e7e0 JavaThread "C1 CompilerThread2" daemon [_thread_blocked, id=3924, stack(0x0000006c10d00000,0x0000006c10e00000)]
  0x000001c63576a130 JavaThread "RMI TCP Accept-0" daemon [_thread_in_native, id=8128, stack(0x0000006c10e00000,0x0000006c10f00000)]
  0x000001c63576c940 JavaThread "RMI TCP Accept-53968" daemon [_thread_in_native, id=644, stack(0x0000006c10f00000,0x0000006c11000000)]
  0x000001c635768dd0 JavaThread "RMI TCP Accept-0" daemon [_thread_in_native, id=8660, stack(0x0000006c11000000,0x0000006c11100000)]
  0x000001c635b58020 JavaThread "RMI TCP Connection(1)-127.0.0.1" daemon [_thread_in_native, id=2936, stack(0x0000006c11700000,0x0000006c11800000)]
  0x000001c635b6d600 JavaThread "RMI Scheduler(0)" daemon [_thread_blocked, id=2708, stack(0x0000006c11800000,0x0000006c11900000)]
  0x000001c635b8cad0 JavaThread "RMI TCP Connection(2)-127.0.0.1" daemon [_thread_in_native, id=4084, stack(0x0000006c11900000,0x0000006c11a00000)]
  0x000001c635b89e00 JavaThread "JMX server connection timeout 21" daemon [_thread_blocked, id=2704, stack(0x0000006c11a00000,0x0000006c11b00000)]
  0x000001c635f45420 JavaThread "Thread-0" [_thread_blocked, id=7812, stack(0x0000006c11b00000,0x0000006c11c00000)]
=>0x000001c635f458f0 JavaThread "restartedMain" [_thread_in_vm, id=5920, stack(0x0000006c11c00000,0x0000006c11d00000)]

Other Threads:
  0x000001c630c2bb20 VMThread "VM Thread" [stack: 0x0000006c10000000,0x0000006c10100000] [id=3492] _threads_hazard_ptr=0x000001c636644d80
  0x000001c6357692a0 WatcherThread [stack: 0x0000006c11100000,0x0000006c11200000] [id=1016]
  0x000001c624a76220 GCTaskThread "GC Thread#0" [stack: 0x0000006c0fb00000,0x0000006c0fc00000] [id=4992]
  0x000001c6358510a0 GCTaskThread "GC Thread#1" [stack: 0x0000006c11200000,0x0000006c11300000] [id=8784]
  0x000001c6358b90f0 GCTaskThread "GC Thread#2" [stack: 0x0000006c11300000,0x0000006c11400000] [id=1120]
  0x000001c6358ba3b0 GCTaskThread "GC Thread#3" [stack: 0x0000006c11400000,0x0000006c11500000] [id=2288]
  0x000001c624a82df0 ConcurrentGCThread "G1 Main Marker" [stack: 0x0000006c0fc00000,0x0000006c0fd00000] [id=856]
  0x000001c624a83710 ConcurrentGCThread "G1 Conc#0" [stack: 0x0000006c0fd00000,0x0000006c0fe00000] [id=2772]
  0x000001c624ae4e30 ConcurrentGCThread "G1 Refine#0" [stack: 0x0000006c0fe00000,0x0000006c0ff00000] [id=6532]
  0x000001c635851350 ConcurrentGCThread "G1 Refine#1" [stack: 0x0000006c11500000,0x0000006c11600000] [id=3792]
  0x000001c6358c9800 ConcurrentGCThread "G1 Refine#2" [stack: 0x0000006c11600000,0x0000006c11700000] [id=4252]
  0x000001c624ae5760 ConcurrentGCThread "G1 Service" [stack: 0x0000006c0ff00000,0x0000006c10000000] [id=200]

Threads with active compile tasks:

VM state: synchronizing (normal execution)

VM Mutex/Monitor currently owned by a thread:  ([mutex/lock_event])
[0x000001c624a26f80] Threads_lock - owner thread: 0x000001c630c2bb20
[0x000001c624a25d80] Heap_lock - owner thread: 0x000001c624a82df0

Heap address: 0x00000000a1400000, size: 1516 MB, Compressed Oops mode: 32-bit

CDS archive(s) not mapped
Compressed class space mapped at: 0x0000000100000000-0x0000000140000000, reserved size: 1073741824
Narrow klass base: 0x0000000000000000, Narrow klass shift: 3, Narrow klass range: 0x140000000

GC Precious Log:
 CPUs: 4 total, 4 available
 Memory: 6058M
 Large Page Support: Disabled
 NUMA Support: Disabled
 Compressed Oops: Enabled (32-bit)
 Heap Region Size: 1M
 Heap Min Capacity: 8M
 Heap Initial Capacity: 96M
 Heap Max Capacity: 1516M
 Pre-touch: Disabled
 Parallel Workers: 4
 Concurrent Workers: 1
 Concurrent Refinement Workers: 4
 Periodic GC: Disabled

Heap:
 garbage-first heap   total 81920K, used 16423K [0x00000000a1400000, 0x0000000100000000)
  region size 1024K, 5 young (5120K), 4 survivors (4096K)
 Metaspace       used 35930K, committed 36288K, reserved 1114112K
  class space    used 4513K, committed 4672K, reserved 1048576K

Heap Regions: E=young(eden), S=young(survivor), O=old, HS=humongous(starts), HC=humongous(continues), CS=collection set, F=free, OA=open archive, CA=closed archive, TAMS=top-at-mark-start (previous, next)
|   0|0x00000000a1400000, 0x00000000a1500000, 0x00000000a1500000|100%|HS|  |TAMS 0x00000000a1500000, 0x00000000a1500000| Complete 
|   1|0x00000000a1500000, 0x00000000a1600000, 0x00000000a1600000|100%| O|  |TAMS 0x00000000a1600000, 0x00000000a1600000| Untracked 
|   2|0x00000000a1600000, 0x00000000a1700000, 0x00000000a1700000|100%| O|  |TAMS 0x00000000a1700000, 0x00000000a1700000| Untracked 
|   3|0x00000000a1700000, 0x00000000a1800000, 0x00000000a1800000|100%| O|  |TAMS 0x00000000a1800000, 0x00000000a1800000| Untracked 
|   4|0x00000000a1800000, 0x00000000a1900000, 0x00000000a1900000|100%| O|  |TAMS 0x00000000a1900000, 0x00000000a1900000| Untracked 
|   5|0x00000000a1900000, 0x00000000a1a00000, 0x00000000a1a00000|100%| O|  |TAMS 0x00000000a1a00000, 0x00000000a1a00000| Untracked 
|   6|0x00000000a1a00000, 0x00000000a1a55800, 0x00000000a1b00000| 33%| O|  |TAMS 0x00000000a1a00000, 0x00000000a1a00000| Untracked 
|   7|0x00000000a1b00000, 0x00000000a1c00000, 0x00000000a1c00000|100%| O|  |TAMS 0x00000000a1b00000, 0x00000000a1c00000| Untracked 
|   8|0x00000000a1c00000, 0x00000000a1d00000, 0x00000000a1d00000|100%| O|  |TAMS 0x00000000a1c00000, 0x00000000a1d00000| Untracked 
|   9|0x00000000a1d00000, 0x00000000a1e00000, 0x00000000a1e00000|100%| O|  |TAMS 0x00000000a1d00000, 0x00000000a1e00000| Untracked 
|  10|0x00000000a1e00000, 0x00000000a1e00000, 0x00000000a1f00000|  0%| F|  |TAMS 0x00000000a1e00000, 0x00000000a1e00000| Untracked 
|  11|0x00000000a1f00000, 0x00000000a1f00000, 0x00000000a2000000|  0%| F|  |TAMS 0x00000000a1f00000, 0x00000000a1f00000| Untracked 
|  12|0x00000000a2000000, 0x00000000a2000000, 0x00000000a2100000|  0%| F|  |TAMS 0x00000000a2000000, 0x00000000a2000000| Untracked 
|  13|0x00000000a2100000, 0x00000000a2100000, 0x00000000a2200000|  0%| F|  |TAMS 0x00000000a2100000, 0x00000000a2100000| Untracked 
|  14|0x00000000a2200000, 0x00000000a2200000, 0x00000000a2300000|  0%| F|  |TAMS 0x00000000a2200000, 0x00000000a2200000| Untracked 
|  15|0x00000000a2300000, 0x00000000a2400000, 0x00000000a2400000|100%| O|  |TAMS 0x00000000a2300000, 0x00000000a2400000| Untracked 
|  16|0x00000000a2400000, 0x00000000a2500000, 0x00000000a2500000|100%| O|  |TAMS 0x00000000a2400000, 0x00000000a2500000| Untracked 
|  17|0x00000000a2500000, 0x00000000a2600000, 0x00000000a2600000|100%| O|  |TAMS 0x00000000a2500000, 0x00000000a2549400| Untracked 
|  18|0x00000000a2600000, 0x00000000a2600000, 0x00000000a2700000|  0%| F|  |TAMS 0x00000000a2600000, 0x00000000a2600000| Untracked 
|  19|0x00000000a2700000, 0x00000000a2700000, 0x00000000a2800000|  0%| F|  |TAMS 0x00000000a2700000, 0x00000000a2700000| Untracked 
|  20|0x00000000a2800000, 0x00000000a2800000, 0x00000000a2900000|  0%| F|  |TAMS 0x00000000a2800000, 0x00000000a2800000| Untracked 
|  21|0x00000000a2900000, 0x00000000a2900000, 0x00000000a2a00000|  0%| F|  |TAMS 0x00000000a2900000, 0x00000000a2900000| Untracked 
|  22|0x00000000a2a00000, 0x00000000a2a00000, 0x00000000a2b00000|  0%| F|  |TAMS 0x00000000a2a00000, 0x00000000a2a00000| Untracked 
|  23|0x00000000a2b00000, 0x00000000a2b00000, 0x00000000a2c00000|  0%| F|  |TAMS 0x00000000a2b00000, 0x00000000a2b00000| Untracked 
|  24|0x00000000a2c00000, 0x00000000a2c00000, 0x00000000a2d00000|  0%| F|  |TAMS 0x00000000a2c00000, 0x00000000a2c00000| Untracked 
|  25|0x00000000a2d00000, 0x00000000a2d00000, 0x00000000a2e00000|  0%| F|  |TAMS 0x00000000a2d00000, 0x00000000a2d00000| Untracked 
|  26|0x00000000a2e00000, 0x00000000a2e00000, 0x00000000a2f00000|  0%| F|  |TAMS 0x00000000a2e00000, 0x00000000a2e00000| Untracked 
|  27|0x00000000a2f00000, 0x00000000a2f00000, 0x00000000a3000000|  0%| F|  |TAMS 0x00000000a2f00000, 0x00000000a2f00000| Untracked 
|  28|0x00000000a3000000, 0x00000000a3000000, 0x00000000a3100000|  0%| F|  |TAMS 0x00000000a3000000, 0x00000000a3000000| Untracked 
|  29|0x00000000a3100000, 0x00000000a3100000, 0x00000000a3200000|  0%| F|  |TAMS 0x00000000a3100000, 0x00000000a3100000| Untracked 
|  30|0x00000000a3200000, 0x00000000a3200000, 0x00000000a3300000|  0%| F|  |TAMS 0x00000000a3200000, 0x00000000a3200000| Untracked 
|  31|0x00000000a3300000, 0x00000000a3300000, 0x00000000a3400000|  0%| F|  |TAMS 0x00000000a3300000, 0x00000000a3300000| Untracked 
|  32|0x00000000a3400000, 0x00000000a3400000, 0x00000000a3500000|  0%| F|  |TAMS 0x00000000a3400000, 0x00000000a3400000| Untracked 
|  33|0x00000000a3500000, 0x00000000a3500000, 0x00000000a3600000|  0%| F|  |TAMS 0x00000000a3500000, 0x00000000a3500000| Untracked 
|  34|0x00000000a3600000, 0x00000000a3600000, 0x00000000a3700000|  0%| F|  |TAMS 0x00000000a3600000, 0x00000000a3600000| Untracked 
|  35|0x00000000a3700000, 0x00000000a3700000, 0x00000000a3800000|  0%| F|  |TAMS 0x00000000a3700000, 0x00000000a3700000| Untracked 
|  36|0x00000000a3800000, 0x00000000a3800000, 0x00000000a3900000|  0%| F|  |TAMS 0x00000000a3800000, 0x00000000a3800000| Untracked 
|  37|0x00000000a3900000, 0x00000000a3900000, 0x00000000a3a00000|  0%| F|  |TAMS 0x00000000a3900000, 0x00000000a3900000| Untracked 
|  38|0x00000000a3a00000, 0x00000000a3a00000, 0x00000000a3b00000|  0%| F|  |TAMS 0x00000000a3a00000, 0x00000000a3a00000| Untracked 
|  39|0x00000000a3b00000, 0x00000000a3b00000, 0x00000000a3c00000|  0%| F|  |TAMS 0x00000000a3b00000, 0x00000000a3b00000| Untracked 
|  40|0x00000000a3c00000, 0x00000000a3c00000, 0x00000000a3d00000|  0%| F|  |TAMS 0x00000000a3c00000, 0x00000000a3c00000| Untracked 
|  41|0x00000000a3d00000, 0x00000000a3d00000, 0x00000000a3e00000|  0%| F|  |TAMS 0x00000000a3d00000, 0x00000000a3d00000| Untracked 
|  42|0x00000000a3e00000, 0x00000000a3e00000, 0x00000000a3f00000|  0%| F|  |TAMS 0x00000000a3e00000, 0x00000000a3e00000| Untracked 
|  43|0x00000000a3f00000, 0x00000000a3f00000, 0x00000000a4000000|  0%| F|  |TAMS 0x00000000a3f00000, 0x00000000a3f00000| Untracked 
|  44|0x00000000a4000000, 0x00000000a4000000, 0x00000000a4100000|  0%| F|  |TAMS 0x00000000a4000000, 0x00000000a4000000| Untracked 
|  45|0x00000000a4100000, 0x00000000a4100000, 0x00000000a4200000|  0%| F|  |TAMS 0x00000000a4100000, 0x00000000a4100000| Untracked 
|  46|0x00000000a4200000, 0x00000000a4200000, 0x00000000a4300000|  0%| F|  |TAMS 0x00000000a4200000, 0x00000000a4200000| Untracked 
|  47|0x00000000a4300000, 0x00000000a4300000, 0x00000000a4400000|  0%| F|  |TAMS 0x00000000a4300000, 0x00000000a4300000| Untracked 
|  48|0x00000000a4400000, 0x00000000a4400000, 0x00000000a4500000|  0%| F|  |TAMS 0x00000000a4400000, 0x00000000a4400000| Untracked 
|  49|0x00000000a4500000, 0x00000000a4500000, 0x00000000a4600000|  0%| F|  |TAMS 0x00000000a4500000, 0x00000000a4500000| Untracked 
|  50|0x00000000a4600000, 0x00000000a4600000, 0x00000000a4700000|  0%| F|  |TAMS 0x00000000a4600000, 0x00000000a4600000| Untracked 
|  51|0x00000000a4700000, 0x00000000a4700000, 0x00000000a4800000|  0%| F|  |TAMS 0x00000000a4700000, 0x00000000a4700000| Untracked 
|  52|0x00000000a4800000, 0x00000000a4800000, 0x00000000a4900000|  0%| F|  |TAMS 0x00000000a4800000, 0x00000000a4800000| Untracked 
|  53|0x00000000a4900000, 0x00000000a4900000, 0x00000000a4a00000|  0%| F|  |TAMS 0x00000000a4900000, 0x00000000a4900000| Untracked 
|  54|0x00000000a4a00000, 0x00000000a4a00000, 0x00000000a4b00000|  0%| F|  |TAMS 0x00000000a4a00000, 0x00000000a4a00000| Untracked 
|  55|0x00000000a4b00000, 0x00000000a4b00000, 0x00000000a4c00000|  0%| F|  |TAMS 0x00000000a4b00000, 0x00000000a4b00000| Untracked 
|  56|0x00000000a4c00000, 0x00000000a4c00000, 0x00000000a4d00000|  0%| F|  |TAMS 0x00000000a4c00000, 0x00000000a4c00000| Untracked 
|  57|0x00000000a4d00000, 0x00000000a4d00000, 0x00000000a4e00000|  0%| F|  |TAMS 0x00000000a4d00000, 0x00000000a4d00000| Untracked 
|  58|0x00000000a4e00000, 0x00000000a4e00000, 0x00000000a4f00000|  0%| F|  |TAMS 0x00000000a4e00000, 0x00000000a4e00000| Untracked 
|  59|0x00000000a4f00000, 0x00000000a4f00000, 0x00000000a5000000|  0%| F|  |TAMS 0x00000000a4f00000, 0x00000000a4f00000| Untracked 
|  60|0x00000000a5000000, 0x00000000a5000000, 0x00000000a5100000|  0%| F|  |TAMS 0x00000000a5000000, 0x00000000a5000000| Untracked 
|  61|0x00000000a5100000, 0x00000000a51b4618, 0x00000000a5200000| 70%| S|CS|TAMS 0x00000000a5100000, 0x00000000a5100000| Complete 
|  62|0x00000000a5200000, 0x00000000a5300000, 0x00000000a5300000|100%| S|CS|TAMS 0x00000000a5200000, 0x00000000a5200000| Complete 
|  63|0x00000000a5300000, 0x00000000a5400000, 0x00000000a5400000|100%| S|CS|TAMS 0x00000000a5300000, 0x00000000a5300000| Complete 
|  64|0x00000000a5400000, 0x00000000a5500000, 0x00000000a5500000|100%| S|CS|TAMS 0x00000000a5400000, 0x00000000a5400000| Complete 
|  65|0x00000000a5500000, 0x00000000a5500000, 0x00000000a5600000|  0%| F|  |TAMS 0x00000000a5500000, 0x00000000a5500000| Untracked 
|  66|0x00000000a5600000, 0x00000000a5600000, 0x00000000a5700000|  0%| F|  |TAMS 0x00000000a5600000, 0x00000000a5600000| Untracked 
|  67|0x00000000a5700000, 0x00000000a5700000, 0x00000000a5800000|  0%| F|  |TAMS 0x00000000a5700000, 0x00000000a5700000| Untracked 
|  68|0x00000000a5800000, 0x00000000a5800000, 0x00000000a5900000|  0%| F|  |TAMS 0x00000000a5800000, 0x00000000a5800000| Untracked 
|  69|0x00000000a5900000, 0x00000000a5900000, 0x00000000a5a00000|  0%| F|  |TAMS 0x00000000a5900000, 0x00000000a5900000| Untracked 
|  70|0x00000000a5a00000, 0x00000000a5a00000, 0x00000000a5b00000|  0%| F|  |TAMS 0x00000000a5a00000, 0x00000000a5a00000| Untracked 
|  71|0x00000000a5b00000, 0x00000000a5b00000, 0x00000000a5c00000|  0%| F|  |TAMS 0x00000000a5b00000, 0x00000000a5b00000| Untracked 
|  72|0x00000000a5c00000, 0x00000000a5c00000, 0x00000000a5d00000|  0%| F|  |TAMS 0x00000000a5c00000, 0x00000000a5c00000| Untracked 
|  73|0x00000000a5d00000, 0x00000000a5d00000, 0x00000000a5e00000|  0%| F|  |TAMS 0x00000000a5d00000, 0x00000000a5d00000| Untracked 
|  74|0x00000000a5e00000, 0x00000000a5e00000, 0x00000000a5f00000|  0%| F|  |TAMS 0x00000000a5e00000, 0x00000000a5e00000| Untracked 
|  87|0x00000000a6b00000, 0x00000000a6b00000, 0x00000000a6c00000|  0%| F|  |TAMS 0x00000000a6b00000, 0x00000000a6b00000| Untracked 
|  88|0x00000000a6c00000, 0x00000000a6c00000, 0x00000000a6d00000|  0%| F|  |TAMS 0x00000000a6c00000, 0x00000000a6c00000| Untracked 
|  89|0x00000000a6d00000, 0x00000000a6d00000, 0x00000000a6e00000|  0%| F|  |TAMS 0x00000000a6d00000, 0x00000000a6d00000| Untracked 
|  90|0x00000000a6e00000, 0x00000000a6e00000, 0x00000000a6f00000|  0%| F|  |TAMS 0x00000000a6e00000, 0x00000000a6e00000| Untracked 
|  95|0x00000000a7300000, 0x00000000a738db48, 0x00000000a7400000| 55%| E|  |TAMS 0x00000000a7300000, 0x00000000a7300000| Complete 

Card table byte_map: [0x000001c62b0e0000,0x000001c62b3e0000] _byte_map_base: 0x000001c62abd6000

Marking Bits (Prev, Next): (CMBitMap*) 0x000001c624a76780, (CMBitMap*) 0x000001c624a76740
 Prev Bits: [0x000001c62ce90000, 0x000001c62e640000)
 Next Bits: [0x000001c62b6e0000, 0x000001c62ce90000)

Polling page: 0x000001c6228f0000

Metaspace:

Usage:
  Non-class:     30.68 MB used.
      Class:      4.41 MB used.
       Both:     35.09 MB used.

Virtual space:
  Non-class space:       64.00 MB reserved,      30.88 MB ( 48%) committed,  1 nodes.
      Class space:        1.00 GB reserved,       4.56 MB ( <1%) committed,  1 nodes.
             Both:        1.06 GB reserved,      35.44 MB (  3%) committed. 

Chunk freelists:
   Non-Class:  608.00 KB
       Class:  11.30 MB
        Both:  11.89 MB

MaxMetaspaceSize: unlimited
CompressedClassSpaceSize: 1.00 GB
Initial GC threshold: 21.00 MB
Current GC threshold: 35.62 MB
CDS: off
MetaspaceReclaimPolicy: balanced
 - commit_granule_bytes: 65536.
 - commit_granule_words: 8192.
 - virtual_space_node_default_size: 8388608.
 - enlarge_chunks_in_place: 1.
 - new_chunks_are_fully_committed: 0.
 - uncommit_free_chunks: 1.
 - use_allocation_guard: 0.
 - handle_deallocations: 1.


Internal statistics:

num_allocs_failed_limit: 6.
num_arena_births: 330.
num_arena_deaths: 0.
num_vsnodes_births: 2.
num_vsnodes_deaths: 0.
num_space_committed: 567.
num_space_uncommitted: 0.
num_chunks_returned_to_freelist: 6.
num_chunks_taken_from_freelist: 1265.
num_chunk_merges: 6.
num_chunk_splits: 877.
num_chunks_enlarged: 661.
num_inconsistent_stats: 0.

CodeCache: size=49152Kb used=7773Kb max_used=7773Kb free=41378Kb
 bounds [0x000001c6280e0000, 0x000001c628880000, 0x000001c62b0e0000]
 total_blobs=4025 nmethods=3531 adapters=419
 compilation: enabled
              stopped_count=0, restarted_count=0
 full_count=0

Compilation events (20 events):
Event: 3.946 Thread 0x000001c6350010e0 3523       1       org.springframework.asm.Edge::<init> (20 bytes)
Event: 3.946 Thread 0x000001c630ba6bb0 nmethod 3521 0x000001c628873810 code [0x000001c6288739a0, 0x000001c628873a88]
Event: 3.946 Thread 0x000001c630ba6bb0 3524       1       org.springframework.asm.Frame::pop (42 bytes)
Event: 3.946 Thread 0x000001c6350010e0 nmethod 3523 0x000001c628873b10 code [0x000001c628873ca0, 0x000001c628873df8]
Event: 3.946 Thread 0x000001c630ba6bb0 nmethod 3524 0x000001c628873e90 code [0x000001c628874020, 0x000001c628874158]
Event: 3.946 Thread 0x000001c63576e7e0 nmethod 3522 0x000001c628874210 code [0x000001c6288743a0, 0x000001c6288745d8]
Event: 3.946 Thread 0x000001c630ba6bb0 3525       1       org.springframework.asm.SymbolTable::getMajorVersion (5 bytes)
Event: 3.946 Thread 0x000001c630ba6bb0 nmethod 3525 0x000001c628874690 code [0x000001c628874820, 0x000001c6288748f8]
Event: 3.956 Thread 0x000001c6350010e0 3526       1       java.io.ObjectStreamClass::forClass (52 bytes)
Event: 3.956 Thread 0x000001c63576e7e0 3527       1       java.lang.Long::longValue (5 bytes)
Event: 3.956 Thread 0x000001c63576e7e0 nmethod 3527 0x000001c628874990 code [0x000001c628874b20, 0x000001c628874bf8]
Event: 3.957 Thread 0x000001c630ba6bb0 3528       1       java.io.ObjectStreamField::isPrimitive (23 bytes)
Event: 3.957 Thread 0x000001c630ba6bb0 nmethod 3528 0x000001c628874c90 code [0x000001c628874e40, 0x000001c628875008]
Event: 3.959 Thread 0x000001c6350010e0 nmethod 3526 0x000001c628875190 code [0x000001c628875440, 0x000001c628875d88]
Event: 3.965 Thread 0x000001c63576e7e0 3529       1       org.springframework.asm.Symbol::<init> (38 bytes)
Event: 3.965 Thread 0x000001c630ba6bb0 3530       1       org.springframework.asm.SymbolTable::put (150 bytes)
Event: 3.965 Thread 0x000001c63576e7e0 nmethod 3529 0x000001c628876410 code [0x000001c6288765a0, 0x000001c628876798]
Event: 3.965 Thread 0x000001c630ba6bb0 nmethod 3530 0x000001c628876810 code [0x000001c6288769e0, 0x000001c628876f58]
Event: 3.966 Thread 0x000001c6350010e0 3531       1       org.springframework.cglib.core.Signature::getDescriptor (5 bytes)
Event: 3.967 Thread 0x000001c6350010e0 nmethod 3531 0x000001c628877210 code [0x000001c6288773a0, 0x000001c628877478]

GC Heap History (18 events):
Event: 1.070 GC heap before
{Heap before GC invocations=0 (full 0):
 garbage-first heap   total 98304K, used 13312K [0x00000000a1400000, 0x0000000100000000)
  region size 1024K, 13 young (13312K), 0 survivors (0K)
 Metaspace       used 12330K, committed 12480K, reserved 1114112K
  class space    used 1242K, committed 1344K, reserved 1048576K
}
Event: 1.078 GC heap after
{Heap after GC invocations=1 (full 0):
 garbage-first heap   total 98304K, used 6733K [0x00000000a1400000, 0x0000000100000000)
  region size 1024K, 2 young (2048K), 2 survivors (2048K)
 Metaspace       used 12330K, committed 12480K, reserved 1114112K
  class space    used 1242K, committed 1344K, reserved 1048576K
}
Event: 1.390 GC heap before
{Heap before GC invocations=1 (full 0):
 garbage-first heap   total 98304K, used 15949K [0x00000000a1400000, 0x0000000100000000)
  region size 1024K, 11 young (11264K), 2 survivors (2048K)
 Metaspace       used 15579K, committed 15808K, reserved 1114112K
  class space    used 1655K, committed 1792K, reserved 1048576K
}
Event: 1.396 GC heap after
{Heap after GC invocations=2 (full 0):
 garbage-first heap   total 98304K, used 8325K [0x00000000a1400000, 0x0000000100000000)
  region size 1024K, 2 young (2048K), 2 survivors (2048K)
 Metaspace       used 15579K, committed 15808K, reserved 1114112K
  class space    used 1655K, committed 1792K, reserved 1048576K
}
Event: 1.936 GC heap before
{Heap before GC invocations=2 (full 0):
 garbage-first heap   total 98304K, used 29829K [0x00000000a1400000, 0x0000000100000000)
  region size 1024K, 24 young (24576K), 2 survivors (2048K)
 Metaspace       used 20194K, committed 20480K, reserved 1114112K
  class space    used 2322K, committed 2432K, reserved 1048576K
}
Event: 1.942 GC heap after
{Heap after GC invocations=3 (full 0):
 garbage-first heap   total 98304K, used 9917K [0x00000000a1400000, 0x0000000100000000)
  region size 1024K, 3 young (3072K), 3 survivors (3072K)
 Metaspace       used 20194K, committed 20480K, reserved 1114112K
  class space    used 2322K, committed 2432K, reserved 1048576K
}
Event: 2.008 GC heap before
{Heap before GC invocations=3 (full 0):
 garbage-first heap   total 98304K, used 12989K [0x00000000a1400000, 0x0000000100000000)
  region size 1024K, 8 young (8192K), 3 survivors (3072K)
 Metaspace       used 21296K, committed 21504K, reserved 1114112K
  class space    used 2495K, committed 2624K, reserved 1048576K
}
Event: 2.013 GC heap after
{Heap after GC invocations=4 (full 0):
 garbage-first heap   total 98304K, used 10038K [0x00000000a1400000, 0x0000000100000000)
  region size 1024K, 4 young (4096K), 4 survivors (4096K)
 Metaspace       used 21296K, committed 21504K, reserved 1114112K
  class space    used 2495K, committed 2624K, reserved 1048576K
}
Event: 2.338 GC heap before
{Heap before GC invocations=5 (full 0):
 garbage-first heap   total 40960K, used 29494K [0x00000000a1400000, 0x0000000100000000)
  region size 1024K, 25 young (25600K), 4 survivors (4096K)
 Metaspace       used 25245K, committed 25472K, reserved 1114112K
  class space    used 3081K, committed 3200K, reserved 1048576K
}
Event: 2.345 GC heap after
{Heap after GC invocations=6 (full 0):
 garbage-first heap   total 40960K, used 11965K [0x00000000a1400000, 0x0000000100000000)
  region size 1024K, 5 young (5120K), 5 survivors (5120K)
 Metaspace       used 25245K, committed 25472K, reserved 1114112K
  class space    used 3081K, committed 3200K, reserved 1048576K
}
Event: 2.358 GC heap before
{Heap before GC invocations=6 (full 0):
 garbage-first heap   total 40960K, used 12989K [0x00000000a1400000, 0x0000000100000000)
  region size 1024K, 6 young (6144K), 5 survivors (5120K)
 Metaspace       used 25511K, committed 25856K, reserved 1114112K
  class space    used 3110K, committed 3264K, reserved 1048576K
}
Event: 2.365 GC heap after
{Heap after GC invocations=7 (full 0):
 garbage-first heap   total 40960K, used 12431K [0x00000000a1400000, 0x0000000100000000)
  region size 1024K, 1 young (1024K), 1 survivors (1024K)
 Metaspace       used 25511K, committed 25856K, reserved 1114112K
  class space    used 3110K, committed 3264K, reserved 1048576K
}
Event: 2.579 GC heap before
{Heap before GC invocations=7 (full 0):
 garbage-first heap   total 40960K, used 26767K [0x00000000a1400000, 0x0000000100000000)
  region size 1024K, 16 young (16384K), 1 survivors (1024K)
 Metaspace       used 29284K, committed 29568K, reserved 1114112K
  class space    used 3559K, committed 3712K, reserved 1048576K
}
Event: 2.583 GC heap after
{Heap after GC invocations=8 (full 0):
 garbage-first heap   total 81920K, used 12762K [0x00000000a1400000, 0x0000000100000000)
  region size 1024K, 2 young (2048K), 2 survivors (2048K)
 Metaspace       used 29284K, committed 29568K, reserved 1114112K
  class space    used 3559K, committed 3712K, reserved 1048576K
}
Event: 3.559 GC heap before
{Heap before GC invocations=8 (full 0):
 garbage-first heap   total 81920K, used 57818K [0x00000000a1400000, 0x0000000100000000)
  region size 1024K, 46 young (47104K), 2 survivors (2048K)
 Metaspace       used 34035K, committed 34304K, reserved 1114112K
  class space    used 4233K, committed 4352K, reserved 1048576K
}
Event: 3.566 GC heap after
{Heap after GC invocations=9 (full 0):
 garbage-first heap   total 81920K, used 15320K [0x00000000a1400000, 0x0000000100000000)
  region size 1024K, 4 young (4096K), 4 survivors (4096K)
 Metaspace       used 34035K, committed 34304K, reserved 1114112K
  class space    used 4233K, committed 4352K, reserved 1048576K
}
Event: 3.946 GC heap before
{Heap before GC invocations=9 (full 0):
 garbage-first heap   total 81920K, used 29656K [0x00000000a1400000, 0x0000000100000000)
  region size 1024K, 19 young (19456K), 4 survivors (4096K)
 Metaspace       used 35891K, committed 36160K, reserved 1114112K
  class space    used 4506K, committed 4608K, reserved 1048576K
}
Event: 3.955 GC heap after
{Heap after GC invocations=10 (full 0):
 garbage-first heap   total 81920K, used 16423K [0x00000000a1400000, 0x0000000100000000)
  region size 1024K, 4 young (4096K), 4 survivors (4096K)
 Metaspace       used 35891K, committed 36160K, reserved 1114112K
  class space    used 4506K, committed 4608K, reserved 1048576K
}

Dll operation events (8 events):
Event: 0.036 Loaded shared library C:\Program Files (x86)\sts-4.19.1.RELEASE\plugins\org.eclipse.justj.openjdk.hotspot.jre.full.win32.x86_64_17.0.7.v20230425-1502\jre\bin\java.dll
Event: 0.454 Loaded shared library C:\Program Files (x86)\sts-4.19.1.RELEASE\plugins\org.eclipse.justj.openjdk.hotspot.jre.full.win32.x86_64_17.0.7.v20230425-1502\jre\bin\jimage.dll
Event: 0.482 Loaded shared library C:\Program Files (x86)\sts-4.19.1.RELEASE\plugins\org.eclipse.justj.openjdk.hotspot.jre.full.win32.x86_64_17.0.7.v20230425-1502\jre\bin\net.dll
Event: 0.484 Loaded shared library C:\Program Files (x86)\sts-4.19.1.RELEASE\plugins\org.eclipse.justj.openjdk.hotspot.jre.full.win32.x86_64_17.0.7.v20230425-1502\jre\bin\nio.dll
Event: 0.491 Loaded shared library C:\Program Files (x86)\sts-4.19.1.RELEASE\plugins\org.eclipse.justj.openjdk.hotspot.jre.full.win32.x86_64_17.0.7.v20230425-1502\jre\bin\zip.dll
Event: 0.591 Loaded shared library C:\Program Files (x86)\sts-4.19.1.RELEASE\plugins\org.eclipse.justj.openjdk.hotspot.jre.full.win32.x86_64_17.0.7.v20230425-1502\jre\bin\management.dll
Event: 0.615 Loaded shared library C:\Program Files (x86)\sts-4.19.1.RELEASE\plugins\org.eclipse.justj.openjdk.hotspot.jre.full.win32.x86_64_17.0.7.v20230425-1502\jre\bin\management_ext.dll
Event: 1.057 Loaded shared library C:\Program Files (x86)\sts-4.19.1.RELEASE\plugins\org.eclipse.justj.openjdk.hotspot.jre.full.win32.x86_64_17.0.7.v20230425-1502\jre\bin\verify.dll

Deoptimization events (4 events):
Event: 2.479 Thread 0x000001c635f458f0 DEOPT PACKING pc=0x000001c62868ef19 sp=0x0000006c11cfcac0
Event: 2.479 Thread 0x000001c635f458f0 DEOPT UNPACKING pc=0x000001c628137143 sp=0x0000006c11cfbfa0 mode 3
Event: 3.603 Thread 0x000001c635f458f0 DEOPT PACKING pc=0x000001c6286b6f14 sp=0x0000006c11cfcff0
Event: 3.603 Thread 0x000001c635f458f0 DEOPT UNPACKING pc=0x000001c628137143 sp=0x0000006c11cfc548 mode 0

Classes unloaded (0 events):
No events

Classes redefined (0 events):
No events

Internal exceptions (20 events):
Event: 2.599 Thread 0x000001c635f458f0 Exception <a 'java/lang/ClassNotFoundException'{0x00000000a73ab2b0}: org/springframework/core/PriorityOrderedCustomizer> (0x00000000a73ab2b0) 
thrown [s\src\hotspot\share\classfile\systemDictionary.cpp, line 256]
Event: 2.599 Thread 0x000001c635f458f0 Exception <a 'java/lang/ClassNotFoundException'{0x00000000a73b07a0}: org/springframework/core/OrderedCustomizer> (0x00000000a73b07a0) 
thrown [s\src\hotspot\share\classfile\systemDictionary.cpp, line 256]
Event: 2.600 Thread 0x000001c635f458f0 Exception <a 'java/lang/ClassNotFoundException'{0x00000000a73b7048}: org/springframework/context/ResourceLoaderAwareCustomizer> (0x00000000a73b7048) 
thrown [s\src\hotspot\share\classfile\systemDictionary.cpp, line 256]
Event: 2.601 Thread 0x000001c635f458f0 Exception <a 'java/lang/ClassNotFoundException'{0x00000000a6e63ce8}: org/springframework/beans/factory/AwareCustomizer> (0x00000000a6e63ce8) 
thrown [s\src\hotspot\share\classfile\systemDictionary.cpp, line 256]
Event: 2.602 Thread 0x000001c635f458f0 Exception <a 'java/lang/ClassNotFoundException'{0x00000000a6e69718}: org/springframework/context/ApplicationStartupAwareCustomizer> (0x00000000a6e69718) 
thrown [s\src\hotspot\share\classfile\systemDictionary.cpp, line 256]
Event: 2.602 Thread 0x000001c635f458f0 Exception <a 'java/lang/ClassNotFoundException'{0x00000000a6e70348}: org/springframework/beans/factory/AwareCustomizer> (0x00000000a6e70348) 
thrown [s\src\hotspot\share\classfile\systemDictionary.cpp, line 256]
Event: 2.603 Thread 0x000001c635f458f0 Exception <a 'java/lang/ClassNotFoundException'{0x00000000a6e75f18}: org/springframework/beans/factory/BeanClassLoaderAwareCustomizer> (0x00000000a6e75f18) 
thrown [s\src\hotspot\share\classfile\systemDictionary.cpp, line 256]
Event: 2.604 Thread 0x000001c635f458f0 Exception <a 'java/lang/ClassNotFoundException'{0x00000000a6e7c8a8}: org/springframework/beans/factory/AwareCustomizer> (0x00000000a6e7c8a8) 
thrown [s\src\hotspot\share\classfile\systemDictionary.cpp, line 256]
Event: 2.605 Thread 0x000001c635f458f0 Exception <a 'java/lang/ClassNotFoundException'{0x00000000a6e82080}: org/springframework/context/EnvironmentAwareCustomizer> (0x00000000a6e82080) 
thrown [s\src\hotspot\share\classfile\systemDictionary.cpp, line 256]
Event: 2.606 Thread 0x000001c635f458f0 Exception <a 'java/lang/ClassNotFoundException'{0x00000000a6e889a8}: org/springframework/beans/factory/AwareCustomizer> (0x00000000a6e889a8) 
thrown [s\src\hotspot\share\classfile\systemDictionary.cpp, line 256]
Event: 2.718 Thread 0x000001c635f440e0 Exception <a 'java/lang/NoSuchMethodError'{0x00000000a5b84d30}: 'long java.lang.invoke.DirectMethodHandle$Holder.invokeSpecial(java.lang.Object, java.lang.Object)'> (0x00000000a5b84d30) 
thrown [s\src\hotspot\share\interpreter\linkResolver.cpp, line 759]
Event: 2.723 Thread 0x000001c635f440e0 Exception <a 'java/lang/NoSuchMethodError'{0x00000000a5b8fc00}: 'long java.lang.invoke.DirectMethodHandle$Holder.invokeStatic(java.lang.Object, java.lang.Object)'> (0x00000000a5b8fc00) 
thrown [s\src\hotspot\share\interpreter\linkResolver.cpp, line 759]
Event: 2.723 Thread 0x000001c635f440e0 Exception <a 'java/lang/NoSuchMethodError'{0x00000000a5b93200}: 'long java.lang.invoke.DirectMethodHandle$Holder.invokeStaticInit(java.lang.Object, java.lang.Object)'> (0x00000000a5b93200) 
thrown [s\src\hotspot\share\interpreter\linkResolver.cpp, line 759]
Event: 2.726 Thread 0x000001c635f440e0 Exception <a 'java/lang/NoSuchMethodError'{0x00000000a5ba0da8}: 'long java.lang.invoke.DirectMethodHandle$Holder.invokeInterface(java.lang.Object, java.lang.Object)'> (0x00000000a5ba0da8) 
thrown [s\src\hotspot\share\interpreter\linkResolver.cpp, line 759]
Event: 2.726 Thread 0x000001c635f440e0 Exception <a 'java/lang/IncompatibleClassChangeError'{0x00000000a5ba4338}: Found class java.lang.Object, but interface was expected> (0x00000000a5ba4338) 
thrown [s\src\hotspot\share\interpreter\linkResolver.cpp, line 826]
Event: 2.743 Thread 0x000001c635f440e0 Exception <a 'java/lang/NoSuchMethodError'{0x00000000a5abc1c8}: 'java.lang.Object java.lang.invoke.DirectMethodHandle$Holder.invokeVirtual(java.lang.Object, java.lang.Object, java.lang.Object, java.lang.Object)'> (0x00000000a5abc1c8) 
thrown [s\src\hotspot\share\interpreter\linkResolver.cpp, line 759]
Event: 2.896 Thread 0x000001c635b8cad0 Exception <a 'java/lang/reflect/InvocationTargetException'{0x00000000a55ab660}> (0x00000000a55ab660) 
thrown [s\src\hotspot\share\runtime\reflection.cpp, line 1121]
Event: 3.400 Thread 0x000001c635b8cad0 Exception <a 'java/lang/reflect/InvocationTargetException'{0x00000000a55aefc0}> (0x00000000a55aefc0) 
thrown [s\src\hotspot\share\runtime\reflection.cpp, line 1121]
Event: 3.608 Thread 0x000001c635f458f0 Exception <a 'java/lang/NoSuchMethodError'{0x00000000a6ea2b68}: 'java.lang.Object java.lang.invoke.DirectMethodHandle$Holder.invokeStatic(java.lang.Object, java.lang.Object, java.lang.Object, java.lang.Object, int)'> (0x00000000a6ea2b68) 
thrown [s\src\hotspot\share\interpreter\linkResolver.cpp, line 759]
Event: 3.956 Thread 0x000001c635b8cad0 Exception <a 'java/lang/reflect/InvocationTargetException'{0x00000000a7301b60}> (0x00000000a7301b60) 
thrown [s\src\hotspot\share\runtime\reflection.cpp, line 1121]

VM Operations (20 events):
Event: 3.320 Executing VM operation: ICBufferFull
Event: 3.320 Executing VM operation: ICBufferFull done
Event: 3.321 Executing VM operation: HandshakeAllThreads
Event: 3.321 Executing VM operation: HandshakeAllThreads done
Event: 3.559 Executing VM operation: G1CollectForAllocation
Event: 3.566 Executing VM operation: G1CollectForAllocation done
Event: 3.580 Executing VM operation: HandshakeAllThreads
Event: 3.580 Executing VM operation: HandshakeAllThreads done
Event: 3.580 Executing VM operation: HandshakeAllThreads
Event: 3.580 Executing VM operation: HandshakeAllThreads done
Event: 3.603 Executing VM operation: HandshakeAllThreads
Event: 3.603 Executing VM operation: HandshakeAllThreads done
Event: 3.677 Executing VM operation: HandshakeAllThreads
Event: 3.677 Executing VM operation: HandshakeAllThreads done
Event: 3.890 Executing VM operation: HandshakeAllThreads
Event: 3.890 Executing VM operation: HandshakeAllThreads done
Event: 3.896 Executing VM operation: HandshakeAllThreads
Event: 3.896 Executing VM operation: HandshakeAllThreads done
Event: 3.946 Executing VM operation: CollectForMetadataAllocation
Event: 3.955 Executing VM operation: CollectForMetadataAllocation done

Events (20 events):
Event: 3.610 loading class java/util/stream/IntPipeline$1$1 done
Event: 3.619 loading class java/util/stream/Streams$ConcatSpliterator$OfRef
Event: 3.619 loading class java/util/stream/Streams$ConcatSpliterator
Event: 3.619 loading class java/util/stream/Streams$ConcatSpliterator done
Event: 3.619 loading class java/util/stream/Streams$ConcatSpliterator$OfRef done
Event: 3.619 loading class java/util/stream/Streams$2
Event: 3.619 loading class java/util/stream/Streams$2 done
Event: 3.674 loading class java/util/stream/ReferencePipeline$15
Event: 3.674 loading class java/util/stream/ReferencePipeline$15 done
Event: 3.675 loading class java/util/stream/ReferencePipeline$15$1
Event: 3.675 loading class java/util/stream/ReferencePipeline$15$1 done
Event: 3.811 loading class java/io/FileFilter
Event: 3.811 loading class java/io/FileFilter done
Event: 3.940 loading class java/util/WeakHashMap$EntrySet
Event: 3.940 loading class java/util/WeakHashMap$EntrySet done
Event: 3.940 loading class java/util/WeakHashMap$EntryIterator
Event: 3.940 loading class java/util/WeakHashMap$HashIterator
Event: 3.941 loading class java/util/WeakHashMap$HashIterator done
Event: 3.941 loading class java/util/WeakHashMap$EntryIterator done
Event: 3.966 loading class java/util/DualPivotQuicksort


Dynamic libraries:
0x00007ff6d1b50000 - 0x00007ff6d1b5e000 	C:\Program Files (x86)\sts-4.19.1.RELEASE\plugins\org.eclipse.justj.openjdk.hotspot.jre.full.win32.x86_64_17.0.7.v20230425-1502\jre\bin\javaw.exe
0x00007ffa8b070000 - 0x00007ffa8b268000 	C:\Windows\SYSTEM32\ntdll.dll
0x00007ffa8a4a0000 - 0x00007ffa8a55f000 	C:\Windows\System32\KERNEL32.DLL
0x00007ffa889d0000 - 0x00007ffa88ca2000 	C:\Windows\System32\KERNELBASE.dll
0x00007ffa88cb0000 - 0x00007ffa88db0000 	C:\Windows\System32\ucrtbase.dll
0x00007ffa826f0000 - 0x00007ffa82707000 	C:\Program Files (x86)\sts-4.19.1.RELEASE\plugins\org.eclipse.justj.openjdk.hotspot.jre.full.win32.x86_64_17.0.7.v20230425-1502\jre\bin\jli.dll
0x00007ffa89740000 - 0x00007ffa898e1000 	C:\Windows\System32\USER32.dll
0x00007ffa89080000 - 0x00007ffa890a2000 	C:\Windows\System32\win32u.dll
0x00007ffa89d50000 - 0x00007ffa89d7b000 	C:\Windows\System32\GDI32.dll
0x00007ffa88830000 - 0x00007ffa8893f000 	C:\Windows\System32\gdi32full.dll
0x00007ffa88790000 - 0x00007ffa8882d000 	C:\Windows\System32\msvcp_win.dll
0x00007ffa80ef0000 - 0x00007ffa80f09000 	C:\Program Files (x86)\sts-4.19.1.RELEASE\plugins\org.eclipse.justj.openjdk.hotspot.jre.full.win32.x86_64_17.0.7.v20230425-1502\jre\bin\VCRUNTIME140.dll
0x00007ffa736a0000 - 0x00007ffa7393a000 	C:\Windows\WinSxS\amd64_microsoft.windows.common-controls_6595b64144ccf1df_6.0.19041.1110_none_60b5254171f9507e\COMCTL32.dll
0x00007ffa891a0000 - 0x00007ffa8923e000 	C:\Windows\System32\msvcrt.dll
0x00007ffa890d0000 - 0x00007ffa89102000 	C:\Windows\System32\IMM32.DLL
0x00007ffa82ad0000 - 0x00007ffa82adc000 	C:\Program Files (x86)\sts-4.19.1.RELEASE\plugins\org.eclipse.justj.openjdk.hotspot.jre.full.win32.x86_64_17.0.7.v20230425-1502\jre\bin\vcruntime140_1.dll
0x00007ffa66020000 - 0x00007ffa660b1000 	C:\Program Files (x86)\sts-4.19.1.RELEASE\plugins\org.eclipse.justj.openjdk.hotspot.jre.full.win32.x86_64_17.0.7.v20230425-1502\jre\bin\msvcp140.dll
0x00007ffa673d0000 - 0x00007ffa68018000 	C:\Program Files (x86)\sts-4.19.1.RELEASE\plugins\org.eclipse.justj.openjdk.hotspot.jre.full.win32.x86_64_17.0.7.v20230425-1502\jre\bin\server\jvm.dll
0x00007ffa89c40000 - 0x00007ffa89cee000 	C:\Windows\System32\ADVAPI32.dll
0x00007ffa89ba0000 - 0x00007ffa89c3c000 	C:\Windows\System32\sechost.dll
0x00007ffa8a560000 - 0x00007ffa8a685000 	C:\Windows\System32\RPCRT4.dll
0x00007ffa69e70000 - 0x00007ffa69e79000 	C:\Windows\SYSTEM32\WSOCK32.dll
0x00007ffa8afc0000 - 0x00007ffa8b02b000 	C:\Windows\System32\WS2_32.dll
0x00007ffa7b880000 - 0x00007ffa7b8a7000 	C:\Windows\SYSTEM32\WINMM.dll
0x00007ffa80ee0000 - 0x00007ffa80eea000 	C:\Windows\SYSTEM32\VERSION.dll
0x00007ffa865e0000 - 0x00007ffa865f2000 	C:\Windows\SYSTEM32\kernel.appcore.dll
0x00007ffa85ce0000 - 0x00007ffa85cea000 	C:\Program Files (x86)\sts-4.19.1.RELEASE\plugins\org.eclipse.justj.openjdk.hotspot.jre.full.win32.x86_64_17.0.7.v20230425-1502\jre\bin\jimage.dll
0x00007ffa72c00000 - 0x00007ffa72de4000 	C:\Windows\SYSTEM32\DBGHELP.DLL
0x00007ffa6f310000 - 0x00007ffa6f345000 	C:\Windows\SYSTEM32\dbgcore.DLL
0x00007ffa88940000 - 0x00007ffa889c2000 	C:\Windows\System32\bcryptPrimitives.dll
0x00007ffa82710000 - 0x00007ffa82735000 	C:\Program Files (x86)\sts-4.19.1.RELEASE\plugins\org.eclipse.justj.openjdk.hotspot.jre.full.win32.x86_64_17.0.7.v20230425-1502\jre\bin\java.dll
0x00007ffa82c80000 - 0x00007ffa82c98000 	C:\Program Files (x86)\sts-4.19.1.RELEASE\plugins\org.eclipse.justj.openjdk.hotspot.jre.full.win32.x86_64_17.0.7.v20230425-1502\jre\bin\zip.dll
0x00007ffa8a810000 - 0x00007ffa8af55000 	C:\Windows\System32\SHELL32.dll
0x00007ffa867e0000 - 0x00007ffa86f72000 	C:\Windows\SYSTEM32\windows.storage.dll
0x00007ffa89d80000 - 0x00007ffa8a0d5000 	C:\Windows\System32\combase.dll
0x00007ffa88000000 - 0x00007ffa88030000 	C:\Windows\SYSTEM32\Wldp.dll
0x00007ffa89af0000 - 0x00007ffa89b9d000 	C:\Windows\System32\SHCORE.dll
0x00007ffa8af60000 - 0x00007ffa8afb5000 	C:\Windows\System32\shlwapi.dll
0x00007ffa886a0000 - 0x00007ffa886bf000 	C:\Windows\SYSTEM32\profapi.dll
0x00007ffa82310000 - 0x00007ffa82329000 	C:\Program Files (x86)\sts-4.19.1.RELEASE\plugins\org.eclipse.justj.openjdk.hotspot.jre.full.win32.x86_64_17.0.7.v20230425-1502\jre\bin\net.dll
0x00007ffa7ef40000 - 0x00007ffa7f04c000 	C:\Windows\SYSTEM32\WINHTTP.dll
0x00007ffa87de0000 - 0x00007ffa87e4a000 	C:\Windows\system32\mswsock.dll
0x00007ffa81160000 - 0x00007ffa81175000 	C:\Program Files (x86)\sts-4.19.1.RELEASE\plugins\org.eclipse.justj.openjdk.hotspot.jre.full.win32.x86_64_17.0.7.v20230425-1502\jre\bin\nio.dll
0x00007ffa80cd0000 - 0x00007ffa80cd9000 	C:\Program Files (x86)\sts-4.19.1.RELEASE\plugins\org.eclipse.justj.openjdk.hotspot.jre.full.win32.x86_64_17.0.7.v20230425-1502\jre\bin\management.dll
0x00007ffa7fce0000 - 0x00007ffa7fceb000 	C:\Program Files (x86)\sts-4.19.1.RELEASE\plugins\org.eclipse.justj.openjdk.hotspot.jre.full.win32.x86_64_17.0.7.v20230425-1502\jre\bin\management_ext.dll
0x00007ffa8a0e0000 - 0x00007ffa8a0e8000 	C:\Windows\System32\PSAPI.DLL
0x00007ffa73ac0000 - 0x00007ffa73ad7000 	C:\Windows\system32\napinsp.dll
0x00007ffa725c0000 - 0x00007ffa725db000 	C:\Windows\system32\pnrpnsp.dll
0x00007ffa83250000 - 0x00007ffa83265000 	C:\Windows\system32\wshbth.dll
0x00007ffa83cd0000 - 0x00007ffa83ced000 	C:\Windows\system32\NLAapi.dll
0x00007ffa87af0000 - 0x00007ffa87b2b000 	C:\Windows\SYSTEM32\IPHLPAPI.DLL
0x00007ffa87b30000 - 0x00007ffa87bfb000 	C:\Windows\SYSTEM32\DNSAPI.dll
0x00007ffa896b0000 - 0x00007ffa896b8000 	C:\Windows\System32\NSI.dll
0x00007ffa72260000 - 0x00007ffa72272000 	C:\Windows\System32\winrnr.dll
0x00007ffa795d0000 - 0x00007ffa795da000 	C:\Windows\System32\rasadhlp.dll
0x00007ffa7e470000 - 0x00007ffa7e4f0000 	C:\Windows\System32\fwpuclnt.dll
0x00007ffa88760000 - 0x00007ffa88787000 	C:\Windows\System32\bcrypt.dll
0x00007ffa88040000 - 0x00007ffa88058000 	C:\Windows\SYSTEM32\CRYPTSP.dll
0x00007ffa87720000 - 0x00007ffa87754000 	C:\Windows\system32\rsaenh.dll
0x00007ffa88620000 - 0x00007ffa8864e000 	C:\Windows\SYSTEM32\USERENV.dll
0x00007ffa87f70000 - 0x00007ffa87f7c000 	C:\Windows\SYSTEM32\CRYPTBASE.dll
0x00007ffa79260000 - 0x00007ffa79277000 	C:\Windows\SYSTEM32\dhcpcsvc6.DLL
0x00007ffa78e80000 - 0x00007ffa78e9d000 	C:\Windows\SYSTEM32\dhcpcsvc.DLL
0x00007ffa85cd0000 - 0x00007ffa85ce0000 	C:\Program Files (x86)\sts-4.19.1.RELEASE\plugins\org.eclipse.justj.openjdk.hotspot.jre.full.win32.x86_64_17.0.7.v20230425-1502\jre\bin\verify.dll

dbghelp: loaded successfully - version: 4.0.5 - missing functions: none
symbol engine: initialized successfully - sym options: 0x614 - pdb path: .;C:\Program Files (x86)\sts-4.19.1.RELEASE\plugins\org.eclipse.justj.openjdk.hotspot.jre.full.win32.x86_64_17.0.7.v20230425-1502\jre\bin;C:\Windows\SYSTEM32;C:\Windows\WinSxS\amd64_microsoft.windows.common-controls_6595b64144ccf1df_6.0.19041.1110_none_60b5254171f9507e;C:\Program Files (x86)\sts-4.19.1.RELEASE\plugins\org.eclipse.justj.openjdk.hotspot.jre.full.win32.x86_64_17.0.7.v20230425-1502\jre\bin\server

VM Arguments:
jvm_args: -Dcom.sun.management.jmxremote -Dcom.sun.management.jmxremote.port=53968 -Dcom.sun.management.jmxremote.authenticate=false -Dcom.sun.management.jmxremote.ssl=false -Djava.rmi.server.hostname=localhost -Dspring.jmx.enabled=true -Dmanagement.endpoints.jmx.exposure.include=* -Dspring.application.admin.enabled=true -XX:TieredStopAtLevel=1 -Dspring.boot.project.name=miniproject -Dfile.encoding=UTF-8 -Dstdout.encoding=UTF-8 -Dstderr.encoding=UTF-8 -XX:+ShowCodeDetailsInExceptionMessages 
java_command: com.teama.minpro.teama.MiniprojectApplication --spring.output.ansi.enabled=always
java_class_path (initial): D:\BELAJAR KODING\XSIS\BATCH-327\minpro-team-a\miniproject\target\classes;C:\Users\Admin\.m2\repository\org\springframework\boot\spring-boot-starter-data-jpa\2.7.16\spring-boot-starter-data-jpa-2.7.16.jar;C:\Users\Admin\.m2\repository\org\springframework\boot\spring-boot-starter-aop\2.7.16\spring-boot-starter-aop-2.7.16.jar;C:\Users\Admin\.m2\repository\org\springframework\spring-aop\5.3.30\spring-aop-5.3.30.jar;C:\Users\Admin\.m2\repository\org\aspectj\aspectjweaver\1.9.7\aspectjweaver-1.9.7.jar;C:\Users\Admin\.m2\repository\org\springframework\boot\spring-boot-starter-jdbc\2.7.16\spring-boot-starter-jdbc-2.7.16.jar;C:\Users\Admin\.m2\repository\com\zaxxer\HikariCP\4.0.3\HikariCP-4.0.3.jar;C:\Users\Admin\.m2\repository\org\springframework\spring-jdbc\5.3.30\spring-jdbc-5.3.30.jar;C:\Users\Admin\.m2\repository\jakarta\transaction\jakarta.transaction-api\1.3.3\jakarta.transaction-api-1.3.3.jar;C:\Users\Admin\.m2\repository\jakarta\persistence\jakarta.persistence-api\2.2.3\jakarta.persistence-api-2.2.3.jar;C:\Users\Admin\.m2\repository\org\hibernate\hibernate-core\5.6.15.Final\hibernate-core-5.6.15.Final.jar;C:\Users\Admin\.m2\repository\org\jboss\logging\jboss-logging\3.4.3.Final\jboss-logging-3.4.3.Final.jar;C:\Users\Admin\.m2\repository\net\bytebuddy\byte-buddy\1.12.23\byte-buddy-1.12.23.jar;C:\Users\Admin\.m2\repository\antlr\antlr\2.7.7\antlr-2.7.7.jar;C:\Users\Admin\.m2\repository\org\jboss\jandex\2.4.2.Final\jandex-2.4.2.Final.jar;C:\Users\Admin\.m2\repository\com\fasterxml\classmate\1.5.1\classmate-1.5.1.jar;C:\Users\Admin\.m2\repository\org\hibernate\common\hibernate-commons-annotations\5.1.2.Final\hibernate-commons-annotations-5.1.2.Final.jar;C:\Users\Admin\.m2\repository\org\glassfish\jaxb\jaxb-runtime\2.3.8\jaxb-runtime-2.3.8.jar;C:\Users\Admin\.m2\repository\org\glassfish\jaxb\txw2\2.3.8\txw2-2.3.8.jar;C:\Users\Admin\.m2\repository\com\sun\istack\istack-commons-runtime\3.0.12\istack-commons-runtime-3.0.12.jar;C:\Users\Admin\.m
Launcher Type: SUN_STANDARD

[Global flags]
     intx CICompilerCount                          = 3                                         {product} {ergonomic}
     uint ConcGCThreads                            = 1                                         {product} {ergonomic}
     uint G1ConcRefinementThreads                  = 4                                         {product} {ergonomic}
   size_t G1HeapRegionSize                         = 1048576                                   {product} {ergonomic}
    uintx GCDrainStackTargetSize                   = 64                                        {product} {ergonomic}
   size_t InitialHeapSize                          = 100663296                                 {product} {ergonomic}
     bool ManagementServer                         = true                                      {product} {command line}
   size_t MarkStackSize                            = 4194304                                   {product} {ergonomic}
   size_t MaxHeapSize                              = 1589641216                                {product} {ergonomic}
   size_t MaxNewSize                               = 953155584                                 {product} {ergonomic}
   size_t MinHeapDeltaBytes                        = 1048576                                   {product} {ergonomic}
   size_t MinHeapSize                              = 8388608                                   {product} {ergonomic}
    uintx NonProfiledCodeHeapSize                  = 0                                      {pd product} {ergonomic}
     bool ProfileInterpreter                       = false                                  {pd product} {command line}
    uintx ProfiledCodeHeapSize                     = 0                                      {pd product} {ergonomic}
     bool ShowCodeDetailsInExceptionMessages       = true                                   {manageable} {command line}
   size_t SoftMaxHeapSize                          = 1589641216                             {manageable} {ergonomic}
     intx TieredStopAtLevel                        = 1                                         {product} {command line}
     bool UseCompressedClassPointers               = true                           {product lp64_product} {ergonomic}
     bool UseCompressedOops                        = true                           {product lp64_product} {ergonomic}
     bool UseG1GC                                  = true                                      {product} {ergonomic}
     bool UseLargePagesIndividualAllocation        = false                                  {pd product} {ergonomic}

Logging:
Log output configuration:
 #0: stdout all=warning uptime,level,tags
 #1: stderr all=off uptime,level,tags

Environment Variables:
JAVA_HOME=C:\Program Files\Java\jdk-20.0.2
PATH=C:/Program Files (x86)/sts-4.19.1.RELEASE//plugins/org.eclipse.justj.openjdk.hotspot.jre.full.win32.x86_64_17.0.7.v20230425-1502/jre/bin/server;C:/Program Files (x86)/sts-4.19.1.RELEASE//plugins/org.eclipse.justj.openjdk.hotspot.jre.full.win32.x86_64_17.0.7.v20230425-1502/jre/bin;C:\Windows\system32;C:\Windows;C:\Windows\System32\Wbem;C:\Windows\System32\WindowsPowerShell\v1.0\;C:\Windows\System32\OpenSSH\;C:\Program Files\Java\jdk-20.0.2\bin;C:\Program Files\Git\cmd;C:\Program Files\Docker\Docker\resources\bin;C:\Users\Admin\AppData\Local\Microsoft\WindowsApps;;C:\Users\Admin\AppData\Local\Programs\Microsoft VS Code\bin;C:\Program Files (x86)\sts-4.19.1.RELEASE;
USERNAME=Irfan
OS=Windows_NT
PROCESSOR_IDENTIFIER=AMD64 Family 23 Model 24 Stepping 1, AuthenticAMD
TMP=C:\Users\Admin\AppData\Local\Temp
TEMP=C:\Users\Admin\AppData\Local\Temp



---------------  S Y S T E M  ---------------

OS:
 Windows 10 , 64 bit Build 19041 (10.0.19041.2545)
OS uptime: 0 days 6:45 hours
Hyper-V role detected

CPU: total 4 (initial active 4) (4 cores per cpu, 2 threads per core) family 23 model 24 stepping 1 microcode 0x0, cx8, cmov, fxsr, ht, mmx, 3dnowpref, sse, sse2, sse3, ssse3, sse4a, sse4.1, sse4.2, popcnt, lzcnt, tsc, tscinvbit, avx, avx2, aes, clmul, bmi1, bmi2, adx, sha, fma, vzeroupper, clflush, clflushopt, hv

Memory: 4k page, system-wide physical 6058M (496M free)
TotalPageFile size 6058M (AvailPageFile size 4M)
current process WorkingSet (physical memory assigned to process): 170M, peak: 170M
current process commit charge ("private bytes"): 197M, peak: 197M

vm_info: OpenJDK 64-Bit Server VM (17.0.7+7) for windows-amd64 JRE (17.0.7+7), built on Apr 18 2023 22:10:42 by "temurin" with MS VC++ 16.7 (VS2019)

END.
