#
# There is insufficient memory for the Java Runtime Environment to continue.
# Native memory allocation (mmap) failed to map 10485760 bytes for G1 virtual space
# Possible reasons:
#   The system is out of physical RAM or swap space
#   The process is running with CompressedOops enabled, and the Java Heap may be blocking the growth of the native heap
# Possible solutions:
#   Reduce memory load on the system
#   Increase physical memory or swap space
#   Check if swap backing store is full
#   Decrease Java heap size (-Xmx/-Xms)
#   Decrease number of Java threads
#   Decrease Java thread stack sizes (-Xss)
#   Set larger code cache with -XX:ReservedCodeCacheSize=
#   JVM is running with Unscaled Compressed Oops mode in which the Java heap is
#     placed in the first 4GB address space. The Java Heap base address is the
#     maximum limit for the native heap growth. Please use -XX:HeapBaseMinAddress
#     to set the Java Heap base and to place the Java Heap above 4GB virtual address.
# This output file may be truncated or incomplete.
#
#  Out of Memory Error (os_windows.cpp:3559), pid=3220, tid=8376
#
# JRE version: OpenJDK Runtime Environment Temurin-17.0.7+7 (17.0.7+7) (build 17.0.7+7)
# Java VM: OpenJDK 64-Bit Server VM Temurin-17.0.7+7 (17.0.7+7, mixed mode, emulated-client, tiered, compressed oops, compressed class ptrs, g1 gc, windows-amd64)
# No core dump will be written. Minidumps are not enabled by default on client versions of Windows
#

---------------  S U M M A R Y ------------

Command Line: -Dcom.sun.management.jmxremote -Dcom.sun.management.jmxremote.port=59714 -Dcom.sun.management.jmxremote.authenticate=false -Dcom.sun.management.jmxremote.ssl=false -Djava.rmi.server.hostname=localhost -Dspring.jmx.enabled=true -Dmanagement.endpoints.jmx.exposure.include=* -Dspring.application.admin.enabled=true -XX:TieredStopAtLevel=1 -Dspring.boot.project.name=miniproject -Dfile.encoding=UTF-8 -Dstdout.encoding=UTF-8 -Dstderr.encoding=UTF-8 -XX:+ShowCodeDetailsInExceptionMessages com.teama.minpro.teama.MiniprojectApplication --spring.output.ansi.enabled=always

Host: AMD Ryzen 3 3200U with Radeon Vega Mobile Gfx  , 4 cores, 5G,  Windows 10 , 64 bit Build 19041 (10.0.19041.2545)
Time: Tue Oct 17 10:19:06 2023 SE Asia Standard Time elapsed time: 7.231863 seconds (0d 0h 0m 7s)

---------------  T H R E A D  ---------------

Current thread (0x000001e8feccb220):  VMThread "VM Thread" [stack: 0x0000009f0e800000,0x0000009f0e900000] [id=8376]

Stack: [0x0000009f0e800000,0x0000009f0e900000]
Native frames: (J=compiled Java code, j=interpreted, Vv=VM code, C=native code)
V  [jvm.dll+0x67754a]
V  [jvm.dll+0x834304]
V  [jvm.dll+0x835aae]
V  [jvm.dll+0x836113]
V  [jvm.dll+0x24696f]
V  [jvm.dll+0x6743f9]
V  [jvm.dll+0x668c8a]
V  [jvm.dll+0x3061bb]
V  [jvm.dll+0x30d6a6]
V  [jvm.dll+0x35cece]
V  [jvm.dll+0x35d0ff]
V  [jvm.dll+0x2dd048]
V  [jvm.dll+0x2db20c]
V  [jvm.dll+0x2da7dc]
V  [jvm.dll+0x31e6db]
V  [jvm.dll+0x83a5bb]
V  [jvm.dll+0x83b2f4]
V  [jvm.dll+0x83b80c]
V  [jvm.dll+0x83bbe4]
V  [jvm.dll+0x83bcb0]
V  [jvm.dll+0x7e4e7a]
V  [jvm.dll+0x676395]
C  [ucrtbase.dll+0x21bb2]
C  [KERNEL32.DLL+0x17614]
C  [ntdll.dll+0x526a1]

VM_Operation (0x0000009f102fbdd0): G1CollectForAllocation, mode: safepoint, requested by thread 0x000001e8ffa11050


---------------  P R O C E S S  ---------------

Threads class SMR info:
_java_thread_list=0x000001e8ff84a620, length=27, elements={
0x000001e8f2acb410, 0x000001e8feca40c0, 0x000001e8feca75f0, 0x000001e8fed084c0,
0x000001e8fed09040, 0x000001e8fed0a910, 0x000001e8fed0b1d0, 0x000001e8fed0bb40,
0x000001e8fed0f7c0, 0x000001e8fec46a40, 0x000001e8feee1d20, 0x000001e8feee22e0,
0x000001e8fefe6570, 0x000001e8ff4d4a90, 0x000001e8ff5c95b0, 0x000001e8ff5cc090,
0x000001e8ffa18590, 0x000001e8ff7848f0, 0x000001e8ff784dc0, 0x000001e8ffa11050,
0x000001e8ffa11880, 0x000001e88405f8a0, 0x000001e8840610b0, 0x000001e884060240,
0x000001e88405fd70, 0x000001e88405ef00, 0x000001e884061580
}

Java Threads: ( => current thread )
  0x000001e8f2acb410 JavaThread "main" [_thread_blocked, id=1256, stack(0x0000009f0e200000,0x0000009f0e300000)]
  0x000001e8feca40c0 JavaThread "Reference Handler" daemon [_thread_blocked, id=7472, stack(0x0000009f0e900000,0x0000009f0ea00000)]
  0x000001e8feca75f0 JavaThread "Finalizer" daemon [_thread_blocked, id=4128, stack(0x0000009f0ea00000,0x0000009f0eb00000)]
  0x000001e8fed084c0 JavaThread "Signal Dispatcher" daemon [_thread_blocked, id=10956, stack(0x0000009f0eb00000,0x0000009f0ec00000)]
  0x000001e8fed09040 JavaThread "Attach Listener" daemon [_thread_blocked, id=8704, stack(0x0000009f0ec00000,0x0000009f0ed00000)]
  0x000001e8fed0a910 JavaThread "Service Thread" daemon [_thread_blocked, id=2756, stack(0x0000009f0ed00000,0x0000009f0ee00000)]
  0x000001e8fed0b1d0 JavaThread "Monitor Deflation Thread" daemon [_thread_blocked, id=9852, stack(0x0000009f0ee00000,0x0000009f0ef00000)]
  0x000001e8fed0bb40 JavaThread "C1 CompilerThread0" daemon [_thread_blocked, id=7492, stack(0x0000009f0ef00000,0x0000009f0f000000)]
  0x000001e8fed0f7c0 JavaThread "Sweeper thread" daemon [_thread_blocked, id=7284, stack(0x0000009f0f000000,0x0000009f0f100000)]
  0x000001e8fec46a40 JavaThread "Common-Cleaner" daemon [_thread_blocked, id=11080, stack(0x0000009f0f100000,0x0000009f0f200000)]
  0x000001e8feee1d20 JavaThread "C1 CompilerThread1" daemon [_thread_blocked, id=4436, stack(0x0000009f0f200000,0x0000009f0f300000)]
  0x000001e8feee22e0 JavaThread "C1 CompilerThread2" daemon [_thread_blocked, id=8352, stack(0x0000009f0f300000,0x0000009f0f400000)]
  0x000001e8fefe6570 JavaThread "Notification Thread" daemon [_thread_blocked, id=4368, stack(0x0000009f0f400000,0x0000009f0f500000)]
  0x000001e8ff4d4a90 JavaThread "RMI TCP Accept-0" daemon [_thread_in_native, id=6176, stack(0x0000009f0f600000,0x0000009f0f700000)]
  0x000001e8ff5c95b0 JavaThread "RMI TCP Accept-59714" daemon [_thread_in_native, id=8488, stack(0x0000009f0f700000,0x0000009f0f800000)]
  0x000001e8ff5cc090 JavaThread "RMI TCP Accept-0" daemon [_thread_in_native, id=3196, stack(0x0000009f0f800000,0x0000009f0f900000)]
  0x000001e8ffa18590 JavaThread "RMI TCP Connection(1)-127.0.0.1" daemon [_thread_in_native, id=7604, stack(0x0000009f0ff00000,0x0000009f10000000)]
  0x000001e8ff7848f0 JavaThread "RMI Scheduler(0)" daemon [_thread_blocked, id=11016, stack(0x0000009f10000000,0x0000009f10100000)]
  0x000001e8ff784dc0 JavaThread "Thread-0" [_thread_blocked, id=8784, stack(0x0000009f10100000,0x0000009f10200000)]
  0x000001e8ffa11050 JavaThread "restartedMain" [_thread_blocked, id=10076, stack(0x0000009f10200000,0x0000009f10300000)]
  0x000001e8ffa11880 JavaThread "RMI TCP Connection(2)-127.0.0.1" daemon [_thread_in_native, id=7340, stack(0x0000009f10300000,0x0000009f10400000)]
  0x000001e88405f8a0 JavaThread "JMX server connection timeout 24" daemon [_thread_blocked, id=10832, stack(0x0000009f10400000,0x0000009f10500000)]
  0x000001e8840610b0 JavaThread "Catalina-utility-1" [_thread_blocked, id=7484, stack(0x0000009f10500000,0x0000009f10600000)]
  0x000001e884060240 JavaThread "Catalina-utility-2" [_thread_blocked, id=8036, stack(0x0000009f10600000,0x0000009f10700000)]
  0x000001e88405fd70 JavaThread "container-0" [_thread_blocked, id=8232, stack(0x0000009f10700000,0x0000009f10800000)]
  0x000001e88405ef00 JavaThread "HikariPool-1 housekeeper" daemon [_thread_blocked, id=7068, stack(0x0000009f10900000,0x0000009f10a00000)]
  0x000001e884061580 JavaThread "HikariPool-1 connection adder" daemon [_thread_blocked, id=8492, stack(0x0000009f10a00000,0x0000009f10b00000)]

Other Threads:
=>0x000001e8feccb220 VMThread "VM Thread" [stack: 0x0000009f0e800000,0x0000009f0e900000] [id=8376]
  0x000001e8f2accf40 WatcherThread [stack: 0x0000009f0f900000,0x0000009f0fa00000] [id=10884]
  0x000001e8f2b16810 GCTaskThread "GC Thread#0" [stack: 0x0000009f0e300000,0x0000009f0e400000] [id=5780]
  0x000001e8ff730720 GCTaskThread "GC Thread#1" [stack: 0x0000009f0fa00000,0x0000009f0fb00000] [id=2600]
  0x000001e8ff75acb0 GCTaskThread "GC Thread#2" [stack: 0x0000009f0fb00000,0x0000009f0fc00000] [id=3304]
  0x000001e8ff718a90 GCTaskThread "GC Thread#3" [stack: 0x0000009f0fc00000,0x0000009f0fd00000] [id=1012]
  0x000001e8f2b233e0 ConcurrentGCThread "G1 Main Marker" [stack: 0x0000009f0e400000,0x0000009f0e500000] [id=6708]
  0x000001e8f2b244a0 ConcurrentGCThread "G1 Conc#0" [stack: 0x0000009f0e500000,0x0000009f0e600000] [id=5740]
  0x000001e8f2b85420 ConcurrentGCThread "G1 Refine#0" [stack: 0x0000009f0e600000,0x0000009f0e700000] [id=9668]
  0x000001e8ff718010 ConcurrentGCThread "G1 Refine#1" [stack: 0x0000009f0fd00000,0x0000009f0fe00000] [id=7216]
  0x000001e8ff7182f0 ConcurrentGCThread "G1 Refine#2" [stack: 0x0000009f0fe00000,0x0000009f0ff00000] [id=9728]
  0x000001e8f2b864f0 ConcurrentGCThread "G1 Service" [stack: 0x0000009f0e700000,0x0000009f0e800000] [id=6408]

Threads with active compile tasks:

VM state: at safepoint (normal execution)

VM Mutex/Monitor currently owned by a thread:  ([mutex/lock_event])
[0x000001e8f2ac5cf0] Threads_lock - owner thread: 0x000001e8feccb220
[0x000001e8f2ac64d0] Heap_lock - owner thread: 0x000001e8ffa11050

Heap address: 0x00000000a1400000, size: 1516 MB, Compressed Oops mode: 32-bit

CDS archive(s) not mapped
Compressed class space mapped at: 0x0000000100000000-0x0000000140000000, reserved size: 1073741824
Narrow klass base: 0x0000000000000000, Narrow klass shift: 3, Narrow klass range: 0x140000000

GC Precious Log:
 CPUs: 4 total, 4 available
 Memory: 6058M
 Large Page Support: Disabled
 NUMA Support: Disabled
 Compressed Oops: Enabled (32-bit)
 Heap Region Size: 1M
 Heap Min Capacity: 8M
 Heap Initial Capacity: 96M
 Heap Max Capacity: 1516M
 Pre-touch: Disabled
 Parallel Workers: 4
 Concurrent Workers: 1
 Concurrent Refinement Workers: 4
 Periodic GC: Disabled

Heap:
 garbage-first heap   total 49152K, used 25512K [0x00000000a1400000, 0x0000000100000000)
  region size 1024K, 2 young (2048K), 2 survivors (2048K)
 Metaspace       used 56349K, committed 56704K, reserved 1114112K
  class space    used 7588K, committed 7744K, reserved 1048576K

Heap Regions: E=young(eden), S=young(survivor), O=old, HS=humongous(starts), HC=humongous(continues), CS=collection set, F=free, OA=open archive, CA=closed archive, TAMS=top-at-mark-start (previous, next)
|   0|0x00000000a1400000, 0x00000000a1500000, 0x00000000a1500000|100%|HS|  |TAMS 0x00000000a1500000, 0x00000000a1500000| Complete 
|   1|0x00000000a1500000, 0x00000000a1600000, 0x00000000a1600000|100%| O|  |TAMS 0x00000000a1600000, 0x00000000a1600000| Untracked 
|   2|0x00000000a1600000, 0x00000000a1700000, 0x00000000a1700000|100%| O|  |TAMS 0x00000000a1700000, 0x00000000a1700000| Untracked 
|   3|0x00000000a1700000, 0x00000000a1800000, 0x00000000a1800000|100%| O|  |TAMS 0x00000000a1800000, 0x00000000a1800000| Untracked 
|   4|0x00000000a1800000, 0x00000000a1900000, 0x00000000a1900000|100%| O|  |TAMS 0x00000000a1900000, 0x00000000a1900000| Untracked 
|   5|0x00000000a1900000, 0x00000000a1a00000, 0x00000000a1a00000|100%| O|  |TAMS 0x00000000a1a00000, 0x00000000a1a00000| Untracked 
|   6|0x00000000a1a00000, 0x00000000a1ad2e00, 0x00000000a1b00000| 82%| O|  |TAMS 0x00000000a1ad2e00, 0x00000000a1ad2e00| Untracked 
|   7|0x00000000a1b00000, 0x00000000a1c00000, 0x00000000a1c00000|100%| O|  |TAMS 0x00000000a1c00000, 0x00000000a1c00000| Untracked 
|   8|0x00000000a1c00000, 0x00000000a1d00000, 0x00000000a1d00000|100%| O|  |TAMS 0x00000000a1d00000, 0x00000000a1d00000| Untracked 
|   9|0x00000000a1d00000, 0x00000000a1dffff8, 0x00000000a1e00000| 99%| O|  |TAMS 0x00000000a1dffff8, 0x00000000a1dffff8| Untracked 
|  10|0x00000000a1e00000, 0x00000000a1f00000, 0x00000000a1f00000|100%| O|  |TAMS 0x00000000a1f00000, 0x00000000a1f00000| Untracked 
|  11|0x00000000a1f00000, 0x00000000a2000000, 0x00000000a2000000|100%| O|  |TAMS 0x00000000a2000000, 0x00000000a2000000| Untracked 
|  12|0x00000000a2000000, 0x00000000a2100000, 0x00000000a2100000|100%| O|  |TAMS 0x00000000a2100000, 0x00000000a2100000| Untracked 
|  13|0x00000000a2100000, 0x00000000a2200000, 0x00000000a2200000|100%| O|  |TAMS 0x00000000a2200000, 0x00000000a2200000| Untracked 
|  14|0x00000000a2200000, 0x00000000a2300000, 0x00000000a2300000|100%| O|  |TAMS 0x00000000a2300000, 0x00000000a2300000| Untracked 
|  15|0x00000000a2300000, 0x00000000a2400000, 0x00000000a2400000|100%| O|  |TAMS 0x00000000a2400000, 0x00000000a2400000| Untracked 
|  16|0x00000000a2400000, 0x00000000a2500000, 0x00000000a2500000|100%| O|  |TAMS 0x00000000a2500000, 0x00000000a2500000| Untracked 
|  17|0x00000000a2500000, 0x00000000a2600000, 0x00000000a2600000|100%| O|  |TAMS 0x00000000a2600000, 0x00000000a2600000| Untracked 
|  18|0x00000000a2600000, 0x00000000a2700000, 0x00000000a2700000|100%| O|  |TAMS 0x00000000a2700000, 0x00000000a2700000| Untracked 
|  19|0x00000000a2700000, 0x00000000a2800000, 0x00000000a2800000|100%| O|  |TAMS 0x00000000a2800000, 0x00000000a2800000| Untracked 
|  20|0x00000000a2800000, 0x00000000a2900000, 0x00000000a2900000|100%| O|  |TAMS 0x00000000a2900000, 0x00000000a2900000| Untracked 
|  21|0x00000000a2900000, 0x00000000a2a00000, 0x00000000a2a00000|100%| O|  |TAMS 0x00000000a2911008, 0x00000000a2a00000| Untracked 
|  22|0x00000000a2a00000, 0x00000000a2b00000, 0x00000000a2b00000|100%| O|  |TAMS 0x00000000a2a00000, 0x00000000a2b00000| Untracked 
|  23|0x00000000a2b00000, 0x00000000a2bdb200, 0x00000000a2c00000| 85%| O|  |TAMS 0x00000000a2b00000, 0x00000000a2bdb200| Untracked 
|  24|0x00000000a2c00000, 0x00000000a2c00000, 0x00000000a2d00000|  0%| F|  |TAMS 0x00000000a2c00000, 0x00000000a2c00000| Untracked 
|  25|0x00000000a2d00000, 0x00000000a2d00000, 0x00000000a2e00000|  0%| F|  |TAMS 0x00000000a2d00000, 0x00000000a2d00000| Untracked 
|  26|0x00000000a2e00000, 0x00000000a2e00000, 0x00000000a2f00000|  0%| F|  |TAMS 0x00000000a2e00000, 0x00000000a2e00000| Untracked 
|  27|0x00000000a2f00000, 0x00000000a2f00000, 0x00000000a3000000|  0%| F|  |TAMS 0x00000000a2f00000, 0x00000000a2f00000| Untracked 
|  28|0x00000000a3000000, 0x00000000a3000000, 0x00000000a3100000|  0%| F|  |TAMS 0x00000000a3000000, 0x00000000a3000000| Untracked 
|  29|0x00000000a3100000, 0x00000000a3100000, 0x00000000a3200000|  0%| F|  |TAMS 0x00000000a3100000, 0x00000000a3100000| Untracked 
|  30|0x00000000a3200000, 0x00000000a323c2a8, 0x00000000a3300000| 23%| S|CS|TAMS 0x00000000a3200000, 0x00000000a3200000| Complete 
|  31|0x00000000a3300000, 0x00000000a3400000, 0x00000000a3400000|100%| S|CS|TAMS 0x00000000a3300000, 0x00000000a3300000| Complete 
|  32|0x00000000a3400000, 0x00000000a3400000, 0x00000000a3500000|  0%| F|  |TAMS 0x00000000a3400000, 0x00000000a3400000| Untracked 
|  33|0x00000000a3500000, 0x00000000a3500000, 0x00000000a3600000|  0%| F|  |TAMS 0x00000000a3500000, 0x00000000a3500000| Untracked 
|  34|0x00000000a3600000, 0x00000000a3600000, 0x00000000a3700000|  0%| F|  |TAMS 0x00000000a3600000, 0x00000000a3600000| Untracked 
|  35|0x00000000a3700000, 0x00000000a3700000, 0x00000000a3800000|  0%| F|  |TAMS 0x00000000a3700000, 0x00000000a3700000| Untracked 
|  36|0x00000000a3800000, 0x00000000a3800000, 0x00000000a3900000|  0%| F|  |TAMS 0x00000000a3800000, 0x00000000a3800000| Untracked 
|  37|0x00000000a3900000, 0x00000000a3900000, 0x00000000a3a00000|  0%| F|  |TAMS 0x00000000a3900000, 0x00000000a3900000| Untracked 
|  38|0x00000000a3a00000, 0x00000000a3a00000, 0x00000000a3b00000|  0%| F|  |TAMS 0x00000000a3a00000, 0x00000000a3a00000| Untracked 
|  39|0x00000000a3b00000, 0x00000000a3b00000, 0x00000000a3c00000|  0%| F|  |TAMS 0x00000000a3b00000, 0x00000000a3b00000| Untracked 
|  40|0x00000000a3c00000, 0x00000000a3c00000, 0x00000000a3d00000|  0%| F|  |TAMS 0x00000000a3c00000, 0x00000000a3c00000| Untracked 
|  41|0x00000000a3d00000, 0x00000000a3d00000, 0x00000000a3e00000|  0%| F|  |TAMS 0x00000000a3d00000, 0x00000000a3d00000| Untracked 
|  42|0x00000000a3e00000, 0x00000000a3e00000, 0x00000000a3f00000|  0%| F|  |TAMS 0x00000000a3e00000, 0x00000000a3e00000| Untracked 
|  86|0x00000000a6a00000, 0x00000000a6a00000, 0x00000000a6b00000|  0%| F|  |TAMS 0x00000000a6a00000, 0x00000000a6a00000| Untracked 
|  87|0x00000000a6b00000, 0x00000000a6b00000, 0x00000000a6c00000|  0%| F|  |TAMS 0x00000000a6b00000, 0x00000000a6b00000| Untracked 
|  88|0x00000000a6c00000, 0x00000000a6c00000, 0x00000000a6d00000|  0%| F|  |TAMS 0x00000000a6c00000, 0x00000000a6c00000| Untracked 
|  89|0x00000000a6d00000, 0x00000000a6d00000, 0x00000000a6e00000|  0%| F|  |TAMS 0x00000000a6d00000, 0x00000000a6d00000| Untracked 
|  95|0x00000000a7300000, 0x00000000a7300000, 0x00000000a7400000|  0%| F|  |TAMS 0x00000000a7300000, 0x00000000a7300000| Untracked 

Card table byte_map: [0x000001e8f9180000,0x000001e8f9480000] _byte_map_base: 0x000001e8f8c76000

Marking Bits (Prev, Next): (CMBitMap*) 0x000001e8f2b16d70, (CMBitMap*) 0x000001e8f2b16d30
 Prev Bits: [0x000001e8faf30000, 0x000001e8fc6e0000)
 Next Bits: [0x000001e8f9780000, 0x000001e8faf30000)

Polling page: 0x000001e8f0930000

Metaspace:

Usage:
  Non-class:     47.62 MB used.
      Class:      7.41 MB used.
       Both:     55.03 MB used.

Virtual space:
  Non-class space:       64.00 MB reserved,      47.81 MB ( 75%) committed,  1 nodes.
      Class space:        1.00 GB reserved,       7.56 MB ( <1%) committed,  1 nodes.
             Both:        1.06 GB reserved,      55.38 MB (  5%) committed. 

Chunk freelists:
   Non-Class:  15.56 MB
       Class:  8.45 MB
        Both:  24.01 MB

MaxMetaspaceSize: unlimited
CompressedClassSpaceSize: 1.00 GB
Initial GC threshold: 21.00 MB
Current GC threshold: 91.50 MB
CDS: off
MetaspaceReclaimPolicy: balanced
 - commit_granule_bytes: 65536.
 - commit_granule_words: 8192.
 - virtual_space_node_default_size: 8388608.
 - enlarge_chunks_in_place: 1.
 - new_chunks_are_fully_committed: 0.
 - uncommit_free_chunks: 1.
 - use_allocation_guard: 0.
 - handle_deallocations: 1.


Internal statistics:

num_allocs_failed_limit: 6.
num_arena_births: 454.
num_arena_deaths: 0.
num_vsnodes_births: 2.
num_vsnodes_deaths: 0.
num_space_committed: 886.
num_space_uncommitted: 0.
num_chunks_returned_to_freelist: 6.
num_chunks_taken_from_freelist: 2209.
num_chunk_merges: 6.
num_chunk_splits: 1557.
num_chunks_enlarged: 1191.
num_inconsistent_stats: 0.

CodeCache: size=49152Kb used=10862Kb max_used=10862Kb free=38289Kb
 bounds [0x000001e8f6180000, 0x000001e8f6c20000, 0x000001e8f9180000]
 total_blobs=6183 nmethods=5609 adapters=499
 compilation: enabled
              stopped_count=0, restarted_count=0
 full_count=0

Compilation events (20 events):
Event: 7.192 Thread 0x000001e8feee22e0 nmethod 5596 0x000001e8f6c18b90 code [0x000001e8f6c18d20, 0x000001e8f6c18e08]
Event: 7.193 Thread 0x000001e8feee1d20 nmethod 5597 0x000001e8f6c18e90 code [0x000001e8f6c190a0, 0x000001e8f6c193b8]
Event: 7.195 Thread 0x000001e8feee22e0 5598       1       org.hibernate.mapping.Property::getType (10 bytes)
Event: 7.195 Thread 0x000001e8feee22e0 nmethod 5598 0x000001e8f6c19510 code [0x000001e8f6c196a0, 0x000001e8f6c19788]
Event: 7.195 Thread 0x000001e8fed0bb40 5599       1       org.hibernate.mapping.SimpleValue::getFetchMode (4 bytes)
Event: 7.195 Thread 0x000001e8fed0bb40 nmethod 5599 0x000001e8f6c19810 code [0x000001e8f6c199a0, 0x000001e8f6c19a78]
Event: 7.196 Thread 0x000001e8fed0bb40 5600       1       net.bytebuddy.dynamic.DynamicType$Builder$AbstractBase::<init> (5 bytes)
Event: 7.196 Thread 0x000001e8fed0bb40 nmethod 5600 0x000001e8f6c19b10 code [0x000001e8f6c19ca0, 0x000001e8f6c19d58]
Event: 7.196 Thread 0x000001e8feee22e0 5601       1       net.bytebuddy.description.type.TypeDescription$Generic$Visitor$ForRawType::<init> (10 bytes)
Event: 7.196 Thread 0x000001e8feee22e0 nmethod 5601 0x000001e8f6c19e10 code [0x000001e8f6c19fa0, 0x000001e8f6c1a0b8]
Event: 7.197 Thread 0x000001e8feee22e0 5602       1       net.bytebuddy.description.method.ParameterList$ForTokens::size (10 bytes)
Event: 7.197 Thread 0x000001e8feee22e0 nmethod 5602 0x000001e8f6c1a110 code [0x000001e8f6c1a2a0, 0x000001e8f6c1a388]
Event: 7.201 Thread 0x000001e8feee22e0 5604       1       org.hibernate.tuple.entity.EntityMetamodel::getPropertySpan (5 bytes)
Event: 7.202 Thread 0x000001e8fed0bb40 5605       1       org.hibernate.tuple.entity.EntityMetamodel::getProperties (5 bytes)
Event: 7.202 Thread 0x000001e8feee22e0 nmethod 5604 0x000001e8f6c1a710 code [0x000001e8f6c1a8a0, 0x000001e8f6c1a978]
Event: 7.202 Thread 0x000001e8fed0bb40 nmethod 5605 0x000001e8f6c1aa10 code [0x000001e8f6c1aba0, 0x000001e8f6c1ac78]
Event: 7.220 Thread 0x000001e8feee22e0 5607       1       java.util.concurrent.atomic.AtomicInteger::getAndAdd (12 bytes)
Event: 7.220 Thread 0x000001e8feee22e0 nmethod 5607 0x000001e8f6c1b010 code [0x000001e8f6c1b1a0, 0x000001e8f6c1b278]
Event: 7.222 Thread 0x000001e8fed0bb40 5609       1       jdk.internal.org.objectweb.asm.Type::getType (10 bytes)
Event: 7.223 Thread 0x000001e8fed0bb40 nmethod 5609 0x000001e8f6c1b610 code [0x000001e8f6c1b7a0, 0x000001e8f6c1b888]

GC Heap History (20 events):
Event: 3.927 GC heap after
{Heap after GC invocations=9 (full 0):
 garbage-first heap   total 49152K, used 15286K [0x00000000a1400000, 0x0000000100000000)
  region size 1024K, 3 young (3072K), 3 survivors (3072K)
 Metaspace       used 32977K, committed 33280K, reserved 1114112K
  class space    used 4084K, committed 4224K, reserved 1048576K
}
Event: 4.404 GC heap before
{Heap before GC invocations=9 (full 0):
 garbage-first heap   total 49152K, used 36790K [0x00000000a1400000, 0x0000000100000000)
  region size 1024K, 24 young (24576K), 3 survivors (3072K)
 Metaspace       used 35771K, committed 36032K, reserved 1114112K
  class space    used 4489K, committed 4608K, reserved 1048576K
}
Event: 4.409 GC heap after
{Heap after GC invocations=10 (full 0):
 garbage-first heap   total 49152K, used 16607K [0x00000000a1400000, 0x0000000100000000)
  region size 1024K, 3 young (3072K), 3 survivors (3072K)
 Metaspace       used 35771K, committed 36032K, reserved 1114112K
  class space    used 4489K, committed 4608K, reserved 1048576K
}
Event: 4.416 GC heap before
{Heap before GC invocations=10 (full 0):
 garbage-first heap   total 49152K, used 16607K [0x00000000a1400000, 0x0000000100000000)
  region size 1024K, 4 young (4096K), 3 survivors (3072K)
 Metaspace       used 35820K, committed 36096K, reserved 1114112K
  class space    used 4499K, committed 4608K, reserved 1048576K
}
Event: 4.419 GC heap after
{Heap after GC invocations=11 (full 0):
 garbage-first heap   total 49152K, used 16851K [0x00000000a1400000, 0x0000000100000000)
  region size 1024K, 2 young (2048K), 2 survivors (2048K)
 Metaspace       used 35820K, committed 36096K, reserved 1114112K
  class space    used 4499K, committed 4608K, reserved 1048576K
}
Event: 4.848 GC heap before
{Heap before GC invocations=12 (full 0):
 garbage-first heap   total 49152K, used 38355K [0x00000000a1400000, 0x0000000100000000)
  region size 1024K, 23 young (23552K), 2 survivors (2048K)
 Metaspace       used 38971K, committed 39296K, reserved 1114112K
  class space    used 5004K, committed 5184K, reserved 1048576K
}
Event: 4.854 GC heap after
{Heap after GC invocations=13 (full 0):
 garbage-first heap   total 49152K, used 18670K [0x00000000a1400000, 0x0000000100000000)
  region size 1024K, 3 young (3072K), 3 survivors (3072K)
 Metaspace       used 38971K, committed 39296K, reserved 1114112K
  class space    used 5004K, committed 5184K, reserved 1048576K
}
Event: 5.193 GC heap before
{Heap before GC invocations=13 (full 0):
 garbage-first heap   total 49152K, used 37102K [0x00000000a1400000, 0x0000000100000000)
  region size 1024K, 22 young (22528K), 3 survivors (3072K)
 Metaspace       used 41403K, committed 41728K, reserved 1114112K
  class space    used 5286K, committed 5440K, reserved 1048576K
}
Event: 5.199 GC heap after
{Heap after GC invocations=14 (full 0):
 garbage-first heap   total 49152K, used 20508K [0x00000000a1400000, 0x0000000100000000)
  region size 1024K, 2 young (2048K), 2 survivors (2048K)
 Metaspace       used 41403K, committed 41728K, reserved 1114112K
  class space    used 5286K, committed 5440K, reserved 1048576K
}
Event: 5.594 GC heap before
{Heap before GC invocations=14 (full 0):
 garbage-first heap   total 49152K, used 37916K [0x00000000a1400000, 0x0000000100000000)
  region size 1024K, 19 young (19456K), 2 survivors (2048K)
 Metaspace       used 45083K, committed 45440K, reserved 1114112K
  class space    used 5856K, committed 6016K, reserved 1048576K
}
Event: 5.598 GC heap after
{Heap after GC invocations=15 (full 0):
 garbage-first heap   total 49152K, used 21561K [0x00000000a1400000, 0x0000000100000000)
  region size 1024K, 1 young (1024K), 1 survivors (1024K)
 Metaspace       used 45083K, committed 45440K, reserved 1114112K
  class space    used 5856K, committed 6016K, reserved 1048576K
}
Event: 6.197 GC heap before
{Heap before GC invocations=15 (full 0):
 garbage-first heap   total 49152K, used 37945K [0x00000000a1400000, 0x0000000100000000)
  region size 1024K, 18 young (18432K), 1 survivors (1024K)
 Metaspace       used 50398K, committed 50752K, reserved 1114112K
  class space    used 6623K, committed 6784K, reserved 1048576K
}
Event: 6.200 GC heap after
{Heap after GC invocations=16 (full 0):
 garbage-first heap   total 49152K, used 22553K [0x00000000a1400000, 0x0000000100000000)
  region size 1024K, 2 young (2048K), 2 survivors (2048K)
 Metaspace       used 50398K, committed 50752K, reserved 1114112K
  class space    used 6623K, committed 6784K, reserved 1048576K
}
Event: 6.619 GC heap before
{Heap before GC invocations=16 (full 0):
 garbage-first heap   total 49152K, used 38937K [0x00000000a1400000, 0x0000000100000000)
  region size 1024K, 18 young (18432K), 2 survivors (2048K)
 Metaspace       used 53145K, committed 53568K, reserved 1114112K
  class space    used 7004K, committed 7168K, reserved 1048576K
}
Event: 6.624 GC heap after
{Heap after GC invocations=17 (full 0):
 garbage-first heap   total 49152K, used 24449K [0x00000000a1400000, 0x0000000100000000)
  region size 1024K, 3 young (3072K), 3 survivors (3072K)
 Metaspace       used 53145K, committed 53568K, reserved 1114112K
  class space    used 7004K, committed 7168K, reserved 1048576K
}
Event: 6.892 GC heap before
{Heap before GC invocations=17 (full 0):
 garbage-first heap   total 49152K, used 38785K [0x00000000a1400000, 0x0000000100000000)
  region size 1024K, 17 young (17408K), 3 survivors (3072K)
 Metaspace       used 55579K, committed 55936K, reserved 1114112K
  class space    used 7436K, committed 7552K, reserved 1048576K
}
Event: 6.897 GC heap after
{Heap after GC invocations=18 (full 0):
 garbage-first heap   total 49152K, used 24984K [0x00000000a1400000, 0x0000000100000000)
  region size 1024K, 1 young (1024K), 1 survivors (1024K)
 Metaspace       used 55579K, committed 55936K, reserved 1114112K
  class space    used 7436K, committed 7552K, reserved 1048576K
}
Event: 7.110 GC heap before
{Heap before GC invocations=19 (full 0):
 garbage-first heap   total 49152K, used 39320K [0x00000000a1400000, 0x0000000100000000)
  region size 1024K, 15 young (15360K), 1 survivors (1024K)
 Metaspace       used 56063K, committed 56448K, reserved 1114112K
  class space    used 7541K, committed 7680K, reserved 1048576K
}
Event: 7.113 GC heap after
{Heap after GC invocations=20 (full 0):
 garbage-first heap   total 49152K, used 25271K [0x00000000a1400000, 0x0000000100000000)
  region size 1024K, 1 young (1024K), 1 survivors (1024K)
 Metaspace       used 56063K, committed 56448K, reserved 1114112K
  class space    used 7541K, committed 7680K, reserved 1048576K
}
Event: 7.227 GC heap before
{Heap before GC invocations=20 (full 0):
 garbage-first heap   total 49152K, used 40631K [0x00000000a1400000, 0x0000000100000000)
  region size 1024K, 16 young (16384K), 1 survivors (1024K)
 Metaspace       used 56349K, committed 56704K, reserved 1114112K
  class space    used 7588K, committed 7744K, reserved 1048576K
}

Dll operation events (9 events):
Event: 0.049 Loaded shared library C:\Program Files (x86)\sts-4.19.1.RELEASE\plugins\org.eclipse.justj.openjdk.hotspot.jre.full.win32.x86_64_17.0.7.v20230425-1502\jre\bin\java.dll
Event: 0.439 Loaded shared library C:\Program Files (x86)\sts-4.19.1.RELEASE\plugins\org.eclipse.justj.openjdk.hotspot.jre.full.win32.x86_64_17.0.7.v20230425-1502\jre\bin\jimage.dll
Event: 0.460 Loaded shared library C:\Program Files (x86)\sts-4.19.1.RELEASE\plugins\org.eclipse.justj.openjdk.hotspot.jre.full.win32.x86_64_17.0.7.v20230425-1502\jre\bin\net.dll
Event: 0.462 Loaded shared library C:\Program Files (x86)\sts-4.19.1.RELEASE\plugins\org.eclipse.justj.openjdk.hotspot.jre.full.win32.x86_64_17.0.7.v20230425-1502\jre\bin\nio.dll
Event: 0.468 Loaded shared library C:\Program Files (x86)\sts-4.19.1.RELEASE\plugins\org.eclipse.justj.openjdk.hotspot.jre.full.win32.x86_64_17.0.7.v20230425-1502\jre\bin\zip.dll
Event: 0.555 Loaded shared library C:\Program Files (x86)\sts-4.19.1.RELEASE\plugins\org.eclipse.justj.openjdk.hotspot.jre.full.win32.x86_64_17.0.7.v20230425-1502\jre\bin\management.dll
Event: 0.571 Loaded shared library C:\Program Files (x86)\sts-4.19.1.RELEASE\plugins\org.eclipse.justj.openjdk.hotspot.jre.full.win32.x86_64_17.0.7.v20230425-1502\jre\bin\management_ext.dll
Event: 0.895 Loaded shared library C:\Program Files (x86)\sts-4.19.1.RELEASE\plugins\org.eclipse.justj.openjdk.hotspot.jre.full.win32.x86_64_17.0.7.v20230425-1502\jre\bin\verify.dll
Event: 4.940 Loaded shared library C:\Program Files (x86)\sts-4.19.1.RELEASE\plugins\org.eclipse.justj.openjdk.hotspot.jre.full.win32.x86_64_17.0.7.v20230425-1502\jre\bin\sunmscapi.dll

Deoptimization events (6 events):
Event: 2.309 Thread 0x000001e8ffa11050 DEOPT PACKING pc=0x000001e8f6729519 sp=0x0000009f102fccb0
Event: 2.309 Thread 0x000001e8ffa11050 DEOPT UNPACKING pc=0x000001e8f61d7143 sp=0x0000009f102fc190 mode 3
Event: 4.140 Thread 0x000001e8ffa11050 DEOPT PACKING pc=0x000001e8f6757d94 sp=0x0000009f102fd1e0
Event: 4.140 Thread 0x000001e8ffa11050 DEOPT UNPACKING pc=0x000001e8f61d7143 sp=0x0000009f102fc738 mode 0
Event: 4.873 Thread 0x000001e8ffa11050 DEOPT PACKING pc=0x000001e8f697f27d sp=0x0000009f102fce20
Event: 4.873 Thread 0x000001e8ffa11050 DEOPT UNPACKING pc=0x000001e8f61d7143 sp=0x0000009f102fc388 mode 3

Classes unloaded (0 events):
No events

Classes redefined (0 events):
No events

Internal exceptions (20 events):
Event: 4.737 Thread 0x000001e8ffa11050 Exception <a 'java/lang/NoSuchMethodError'{0x00000000a320df38}: 'void java.lang.invoke.DirectMethodHandle$Holder.invokeStatic(java.lang.Object, int, java.lang.Object)'> (0x00000000a320df38) 
thrown [s\src\hotspot\share\interpreter\linkResolver.cpp, line 759]
Event: 4.740 Thread 0x000001e8ffa11050 Exception <a 'java/lang/NoSuchMethodError'{0x00000000a323d590}: 'int java.lang.invoke.DirectMethodHandle$Holder.invokeSpecial(java.lang.Object, java.lang.Object, int)'> (0x00000000a323d590) 
thrown [s\src\hotspot\share\interpreter\linkResolver.cpp, line 759]
Event: 4.937 Thread 0x000001e8ffa11880 Exception <a 'java/lang/reflect/InvocationTargetException'{0x00000000a6a589e0}> (0x00000000a6a589e0) 
thrown [s\src\hotspot\share\runtime\reflection.cpp, line 1121]
Event: 4.968 Thread 0x000001e8ffa11050 Exception <a 'sun/nio/fs/WindowsException'{0x00000000a3c9a588}> (0x00000000a3c9a588) 
thrown [s\src\hotspot\share\prims\jni.cpp, line 516]
Event: 4.969 Thread 0x000001e8ffa11050 Exception <a 'sun/nio/fs/WindowsException'{0x00000000a3ca01b0}> (0x00000000a3ca01b0) 
thrown [s\src\hotspot\share\prims\jni.cpp, line 516]
Event: 4.969 Thread 0x000001e8ffa11050 Exception <a 'sun/nio/fs/WindowsException'{0x00000000a3ca0888}> (0x00000000a3ca0888) 
thrown [s\src\hotspot\share\prims\jni.cpp, line 516]
Event: 5.066 Thread 0x000001e8ffa11050 Exception <a 'java/io/FileNotFoundException'{0x00000000a37cdca0}> (0x00000000a37cdca0) 
thrown [s\src\hotspot\share\prims\jni.cpp, line 516]
Event: 5.085 Thread 0x000001e8ffa11050 Exception <a 'java/lang/NoSuchMethodError'{0x00000000a3520928}: 'int java.lang.invoke.DirectMethodHandle$Holder.invokeInterface(java.lang.Object, java.lang.Object, java.lang.Object, java.lang.Object)'> (0x00000000a3520928) 
thrown [s\src\hotspot\share\interpreter\linkResolver.cpp, line 759]
Event: 5.141 Thread 0x000001e8ffa11050 Exception <a 'java/lang/NoSuchMethodError'{0x00000000a333cb18}: 'long java.lang.invoke.DirectMethodHandle$Holder.invokeVirtual(java.lang.Object, java.lang.Object)'> (0x00000000a333cb18) 
thrown [s\src\hotspot\share\interpreter\linkResolver.cpp, line 759]
Event: 5.147 Thread 0x000001e8ffa11050 Exception <a 'java/io/FileNotFoundException'{0x00000000a336e800}> (0x00000000a336e800) 
thrown [s\src\hotspot\share\prims\jni.cpp, line 516]
Event: 5.490 Thread 0x000001e8ffa11880 Exception <a 'java/lang/reflect/InvocationTargetException'{0x00000000a37eec20}> (0x00000000a37eec20) 
thrown [s\src\hotspot\share\runtime\reflection.cpp, line 1121]
Event: 5.843 Thread 0x000001e8ffa11050 Exception <a 'sun/nio/fs/WindowsException'{0x00000000a3b49c28}> (0x00000000a3b49c28) 
thrown [s\src\hotspot\share\prims\jni.cpp, line 516]
Event: 5.994 Thread 0x000001e8ffa11880 Exception <a 'java/lang/reflect/InvocationTargetException'{0x00000000a38d2988}> (0x00000000a38d2988) 
thrown [s\src\hotspot\share\runtime\reflection.cpp, line 1121]
Event: 6.073 Thread 0x000001e8ffa11050 Exception <a 'java/lang/NoSuchMethodError'{0x00000000a3603358}: 'java.lang.Object java.lang.invoke.DirectMethodHandle$Holder.invokeStaticInit(java.lang.Object, java.lang.Object, java.lang.Object, java.lang.Object)'> (0x00000000a3603358) 
thrown [s\src\hotspot\share\interpreter\linkResolver.cpp, line 759]
Event: 6.430 Thread 0x000001e8ffa11050 Exception <a 'java/lang/NoSuchMethodError'{0x00000000a3b4bd48}: 'java.lang.Object java.lang.invoke.DirectMethodHandle$Holder.newInvokeSpecial(java.lang.Object, java.lang.Object, int, java.lang.Object, java.lang.Object)'> (0x00000000a3b4bd48) 
thrown [s\src\hotspot\share\interpreter\linkResolver.cpp, line 759]
Event: 6.498 Thread 0x000001e8ffa11880 Exception <a 'java/lang/reflect/InvocationTargetException'{0x00000000a384fde8}> (0x00000000a384fde8) 
thrown [s\src\hotspot\share\runtime\reflection.cpp, line 1121]
Event: 7.052 Thread 0x000001e8ffa11880 Exception <a 'java/lang/reflect/InvocationTargetException'{0x00000000a3b45700}> (0x00000000a3b45700) 
thrown [s\src\hotspot\share\runtime\reflection.cpp, line 1121]
Event: 7.201 Thread 0x000001e8ffa11050 Exception <a 'java/lang/NoSuchMethodError'{0x00000000a350d090}: 'void java.lang.invoke.DirectMethodHandle$Holder.invokeInterface(java.lang.Object, java.lang.Object)'> (0x00000000a350d090) 
thrown [s\src\hotspot\share\interpreter\linkResolver.cpp, line 759]
Event: 7.207 Thread 0x000001e8ffa11050 Exception <a 'java/lang/NoSuchMethodError'{0x00000000a352e640}: 'int java.lang.invoke.DirectMethodHandle$Holder.invokeStatic(java.lang.Object, java.lang.Object, int)'> (0x00000000a352e640) 
thrown [s\src\hotspot\share\interpreter\linkResolver.cpp, line 759]
Event: 7.223 Thread 0x000001e8ffa11050 Exception <a 'java/lang/NoSuchMethodError'{0x00000000a35ca688}: 'java.lang.Object java.lang.invoke.DirectMethodHandle$Holder.invokeStaticInit(java.lang.Object, java.lang.Object, java.lang.Object, java.lang.Object, int, int)'> (0x00000000a35ca688) 
thrown [s\src\hotspot\share\interpreter\linkResolver.cpp, line 759]

VM Operations (20 events):
Event: 6.200 Executing VM operation: G1CollectForAllocation done
Event: 6.235 Executing VM operation: HandshakeAllThreads
Event: 6.235 Executing VM operation: HandshakeAllThreads done
Event: 6.245 Executing VM operation: HandshakeAllThreads
Event: 6.245 Executing VM operation: HandshakeAllThreads done
Event: 6.619 Executing VM operation: G1CollectForAllocation
Event: 6.624 Executing VM operation: G1CollectForAllocation done
Event: 6.892 Executing VM operation: G1CollectForAllocation
Event: 6.897 Executing VM operation: G1CollectForAllocation done
Event: 6.946 Executing VM operation: G1Concurrent
Event: 6.949 Executing VM operation: G1Concurrent done
Event: 6.954 Executing VM operation: HandshakeAllThreads
Event: 6.954 Executing VM operation: HandshakeAllThreads done
Event: 6.969 Executing VM operation: G1Concurrent
Event: 6.969 Executing VM operation: G1Concurrent done
Event: 7.069 Executing VM operation: ICBufferFull
Event: 7.069 Executing VM operation: ICBufferFull done
Event: 7.110 Executing VM operation: G1CollectForAllocation
Event: 7.113 Executing VM operation: G1CollectForAllocation done
Event: 7.227 Executing VM operation: G1CollectForAllocation

Events (20 events):
Event: 6.376 loading class java/math/MutableBigInteger
Event: 6.377 loading class java/math/MutableBigInteger done
Event: 6.427 loading class javax/naming/RefAddr
Event: 6.427 loading class javax/naming/RefAddr done
Event: 6.427 loading class javax/naming/StringRefAddr
Event: 6.427 loading class javax/naming/StringRefAddr done
Event: 6.427 loading class java/io/InvalidObjectException
Event: 6.427 loading class java/io/InvalidObjectException done
Event: 6.457 loading class java/util/concurrent/CompletableFuture$AltResult
Event: 6.457 loading class java/util/concurrent/CompletableFuture$AltResult done
Event: 6.457 loading class java/util/concurrent/CompletableFuture$Completion
Event: 6.457 loading class java/util/concurrent/CompletableFuture$AsynchronousCompletionTask
Event: 6.457 loading class java/util/concurrent/CompletableFuture$AsynchronousCompletionTask done
Event: 6.457 loading class java/util/concurrent/ForkJoinTask
Event: 6.458 loading class java/util/concurrent/ForkJoinTask done
Event: 6.458 loading class java/util/concurrent/CompletableFuture$Completion done
Event: 6.600 loading class sun/reflect/annotation/TypeAnnotation$TypeAnnotationTargetInfo
Event: 6.600 loading class sun/reflect/annotation/TypeAnnotation$TypeAnnotationTargetInfo done
Event: 6.886 loading class java/util/AbstractList$SubList
Event: 6.886 loading class java/util/AbstractList$SubList done


Dynamic libraries:
0x00007ff6ba0d0000 - 0x00007ff6ba0de000 	C:\Program Files (x86)\sts-4.19.1.RELEASE\plugins\org.eclipse.justj.openjdk.hotspot.jre.full.win32.x86_64_17.0.7.v20230425-1502\jre\bin\javaw.exe
0x00007ffb392f0000 - 0x00007ffb394e8000 	C:\Windows\SYSTEM32\ntdll.dll
0x00007ffb37bb0000 - 0x00007ffb37c6f000 	C:\Windows\System32\KERNEL32.DLL
0x00007ffb36da0000 - 0x00007ffb37072000 	C:\Windows\System32\KERNELBASE.dll
0x00007ffb37230000 - 0x00007ffb37330000 	C:\Windows\System32\ucrtbase.dll
0x00007ffb23400000 - 0x00007ffb23417000 	C:\Program Files (x86)\sts-4.19.1.RELEASE\plugins\org.eclipse.justj.openjdk.hotspot.jre.full.win32.x86_64_17.0.7.v20230425-1502\jre\bin\jli.dll
0x00007ffb38b90000 - 0x00007ffb38d31000 	C:\Windows\System32\USER32.dll
0x00007ffb36c50000 - 0x00007ffb36c72000 	C:\Windows\System32\win32u.dll
0x00007ffb38850000 - 0x00007ffb3887b000 	C:\Windows\System32\GDI32.dll
0x00007ffb36b40000 - 0x00007ffb36c4f000 	C:\Windows\System32\gdi32full.dll
0x00007ffb37190000 - 0x00007ffb3722d000 	C:\Windows\System32\msvcp_win.dll
0x00007ffb19df0000 - 0x00007ffb19e09000 	C:\Program Files (x86)\sts-4.19.1.RELEASE\plugins\org.eclipse.justj.openjdk.hotspot.jre.full.win32.x86_64_17.0.7.v20230425-1502\jre\bin\VCRUNTIME140.dll
0x00007ffb22f20000 - 0x00007ffb231ba000 	C:\Windows\WinSxS\amd64_microsoft.windows.common-controls_6595b64144ccf1df_6.0.19041.1110_none_60b5254171f9507e\COMCTL32.dll
0x00007ffb37dd0000 - 0x00007ffb37e6e000 	C:\Windows\System32\msvcrt.dll
0x00007ffb37c70000 - 0x00007ffb37ca2000 	C:\Windows\System32\IMM32.DLL
0x00007ffb24800000 - 0x00007ffb2480c000 	C:\Program Files (x86)\sts-4.19.1.RELEASE\plugins\org.eclipse.justj.openjdk.hotspot.jre.full.win32.x86_64_17.0.7.v20230425-1502\jre\bin\vcruntime140_1.dll
0x00007ffafbf10000 - 0x00007ffafbfa1000 	C:\Program Files (x86)\sts-4.19.1.RELEASE\plugins\org.eclipse.justj.openjdk.hotspot.jre.full.win32.x86_64_17.0.7.v20230425-1502\jre\bin\msvcp140.dll
0x00007ffafc7d0000 - 0x00007ffafd418000 	C:\Program Files (x86)\sts-4.19.1.RELEASE\plugins\org.eclipse.justj.openjdk.hotspot.jre.full.win32.x86_64_17.0.7.v20230425-1502\jre\bin\server\jvm.dll
0x00007ffb38880000 - 0x00007ffb3892e000 	C:\Windows\System32\ADVAPI32.dll
0x00007ffb38d40000 - 0x00007ffb38ddc000 	C:\Windows\System32\sechost.dll
0x00007ffb38a00000 - 0x00007ffb38b25000 	C:\Windows\System32\RPCRT4.dll
0x00007ffb1e900000 - 0x00007ffb1e909000 	C:\Windows\SYSTEM32\WSOCK32.dll
0x00007ffb38930000 - 0x00007ffb3899b000 	C:\Windows\System32\WS2_32.dll
0x00007ffb2ad90000 - 0x00007ffb2adb7000 	C:\Windows\SYSTEM32\WINMM.dll
0x00007ffb30400000 - 0x00007ffb3040a000 	C:\Windows\SYSTEM32\VERSION.dll
0x00007ffb34860000 - 0x00007ffb34872000 	C:\Windows\SYSTEM32\kernel.appcore.dll
0x00007ffb32480000 - 0x00007ffb3248a000 	C:\Program Files (x86)\sts-4.19.1.RELEASE\plugins\org.eclipse.justj.openjdk.hotspot.jre.full.win32.x86_64_17.0.7.v20230425-1502\jre\bin\jimage.dll
0x00007ffb22520000 - 0x00007ffb22704000 	C:\Windows\SYSTEM32\DBGHELP.DLL
0x00007ffb1f100000 - 0x00007ffb1f135000 	C:\Windows\SYSTEM32\dbgcore.DLL
0x00007ffb370d0000 - 0x00007ffb37152000 	C:\Windows\System32\bcryptPrimitives.dll
0x00007ffb2e390000 - 0x00007ffb2e3b5000 	C:\Program Files (x86)\sts-4.19.1.RELEASE\plugins\org.eclipse.justj.openjdk.hotspot.jre.full.win32.x86_64_17.0.7.v20230425-1502\jre\bin\java.dll
0x00007ffb31b20000 - 0x00007ffb31b38000 	C:\Program Files (x86)\sts-4.19.1.RELEASE\plugins\org.eclipse.justj.openjdk.hotspot.jre.full.win32.x86_64_17.0.7.v20230425-1502\jre\bin\zip.dll
0x00007ffb37330000 - 0x00007ffb37a75000 	C:\Windows\System32\SHELL32.dll
0x00007ffb34a60000 - 0x00007ffb351f2000 	C:\Windows\SYSTEM32\windows.storage.dll
0x00007ffb37e70000 - 0x00007ffb381c5000 	C:\Windows\System32\combase.dll
0x00007ffb36280000 - 0x00007ffb362b0000 	C:\Windows\SYSTEM32\Wldp.dll
0x00007ffb38f90000 - 0x00007ffb3903d000 	C:\Windows\System32\SHCORE.dll
0x00007ffb389a0000 - 0x00007ffb389f5000 	C:\Windows\System32\shlwapi.dll
0x00007ffb36920000 - 0x00007ffb3693f000 	C:\Windows\SYSTEM32\profapi.dll
0x00007ffb2ee20000 - 0x00007ffb2ee39000 	C:\Program Files (x86)\sts-4.19.1.RELEASE\plugins\org.eclipse.justj.openjdk.hotspot.jre.full.win32.x86_64_17.0.7.v20230425-1502\jre\bin\net.dll
0x00007ffb2f140000 - 0x00007ffb2f24c000 	C:\Windows\SYSTEM32\WINHTTP.dll
0x00007ffb36060000 - 0x00007ffb360ca000 	C:\Windows\system32\mswsock.dll
0x00007ffb24810000 - 0x00007ffb24825000 	C:\Program Files (x86)\sts-4.19.1.RELEASE\plugins\org.eclipse.justj.openjdk.hotspot.jre.full.win32.x86_64_17.0.7.v20230425-1502\jre\bin\nio.dll
0x00007ffb245c0000 - 0x00007ffb245c9000 	C:\Program Files (x86)\sts-4.19.1.RELEASE\plugins\org.eclipse.justj.openjdk.hotspot.jre.full.win32.x86_64_17.0.7.v20230425-1502\jre\bin\management.dll
0x00007ffb19de0000 - 0x00007ffb19deb000 	C:\Program Files (x86)\sts-4.19.1.RELEASE\plugins\org.eclipse.justj.openjdk.hotspot.jre.full.win32.x86_64_17.0.7.v20230425-1502\jre\bin\management_ext.dll
0x00007ffb391c0000 - 0x00007ffb391c8000 	C:\Windows\System32\PSAPI.DLL
0x00007ffb152f0000 - 0x00007ffb15307000 	C:\Windows\system32\napinsp.dll
0x00007ffb152d0000 - 0x00007ffb152eb000 	C:\Windows\system32\pnrpnsp.dll
0x00007ffb30a30000 - 0x00007ffb30a45000 	C:\Windows\system32\wshbth.dll
0x00007ffb321e0000 - 0x00007ffb321fd000 	C:\Windows\system32\NLAapi.dll
0x00007ffb35d70000 - 0x00007ffb35dab000 	C:\Windows\SYSTEM32\IPHLPAPI.DLL
0x00007ffb35db0000 - 0x00007ffb35e7b000 	C:\Windows\SYSTEM32\DNSAPI.dll
0x00007ffb383d0000 - 0x00007ffb383d8000 	C:\Windows\System32\NSI.dll
0x00007ffb0d910000 - 0x00007ffb0d922000 	C:\Windows\System32\winrnr.dll
0x00007ffb25d60000 - 0x00007ffb25d6a000 	C:\Windows\System32\rasadhlp.dll
0x00007ffb2e9c0000 - 0x00007ffb2ea40000 	C:\Windows\System32\fwpuclnt.dll
0x00007ffb37160000 - 0x00007ffb37187000 	C:\Windows\System32\bcrypt.dll
0x00007ffb362c0000 - 0x00007ffb362d8000 	C:\Windows\SYSTEM32\CRYPTSP.dll
0x00007ffb359a0000 - 0x00007ffb359d4000 	C:\Windows\system32\rsaenh.dll
0x00007ffb368a0000 - 0x00007ffb368ce000 	C:\Windows\SYSTEM32\USERENV.dll
0x00007ffb361f0000 - 0x00007ffb361fc000 	C:\Windows\SYSTEM32\CRYPTBASE.dll
0x00007ffb2dff0000 - 0x00007ffb2e007000 	C:\Windows\SYSTEM32\dhcpcsvc6.DLL
0x00007ffb2dfd0000 - 0x00007ffb2dfed000 	C:\Windows\SYSTEM32\dhcpcsvc.DLL
0x00007ffb31a90000 - 0x00007ffb31aa0000 	C:\Program Files (x86)\sts-4.19.1.RELEASE\plugins\org.eclipse.justj.openjdk.hotspot.jre.full.win32.x86_64_17.0.7.v20230425-1502\jre\bin\verify.dll
0x00007ffb27b60000 - 0x00007ffb27b6e000 	C:\Program Files (x86)\sts-4.19.1.RELEASE\plugins\org.eclipse.justj.openjdk.hotspot.jre.full.win32.x86_64_17.0.7.v20230425-1502\jre\bin\sunmscapi.dll
0x00007ffb369e0000 - 0x00007ffb36b36000 	C:\Windows\System32\CRYPT32.dll
0x00007ffb363d0000 - 0x00007ffb363f7000 	C:\Windows\SYSTEM32\ncrypt.dll
0x00007ffb36390000 - 0x00007ffb363cb000 	C:\Windows\SYSTEM32\NTASN1.dll

dbghelp: loaded successfully - version: 4.0.5 - missing functions: none
symbol engine: initialized successfully - sym options: 0x614 - pdb path: .;C:\Program Files (x86)\sts-4.19.1.RELEASE\plugins\org.eclipse.justj.openjdk.hotspot.jre.full.win32.x86_64_17.0.7.v20230425-1502\jre\bin;C:\Windows\SYSTEM32;C:\Windows\WinSxS\amd64_microsoft.windows.common-controls_6595b64144ccf1df_6.0.19041.1110_none_60b5254171f9507e;C:\Program Files (x86)\sts-4.19.1.RELEASE\plugins\org.eclipse.justj.openjdk.hotspot.jre.full.win32.x86_64_17.0.7.v20230425-1502\jre\bin\server

VM Arguments:
jvm_args: -Dcom.sun.management.jmxremote -Dcom.sun.management.jmxremote.port=59714 -Dcom.sun.management.jmxremote.authenticate=false -Dcom.sun.management.jmxremote.ssl=false -Djava.rmi.server.hostname=localhost -Dspring.jmx.enabled=true -Dmanagement.endpoints.jmx.exposure.include=* -Dspring.application.admin.enabled=true -XX:TieredStopAtLevel=1 -Dspring.boot.project.name=miniproject -Dfile.encoding=UTF-8 -Dstdout.encoding=UTF-8 -Dstderr.encoding=UTF-8 -XX:+ShowCodeDetailsInExceptionMessages 
java_command: com.teama.minpro.teama.MiniprojectApplication --spring.output.ansi.enabled=always
java_class_path (initial): D:\BELAJAR KODING\XSIS\BATCH-327\minpro-team-a\miniproject\target\classes;C:\Users\Admin\.m2\repository\org\springframework\boot\spring-boot-starter-data-jpa\2.7.16\spring-boot-starter-data-jpa-2.7.16.jar;C:\Users\Admin\.m2\repository\org\springframework\boot\spring-boot-starter-aop\2.7.16\spring-boot-starter-aop-2.7.16.jar;C:\Users\Admin\.m2\repository\org\springframework\spring-aop\5.3.30\spring-aop-5.3.30.jar;C:\Users\Admin\.m2\repository\org\aspectj\aspectjweaver\1.9.7\aspectjweaver-1.9.7.jar;C:\Users\Admin\.m2\repository\org\springframework\boot\spring-boot-starter-jdbc\2.7.16\spring-boot-starter-jdbc-2.7.16.jar;C:\Users\Admin\.m2\repository\com\zaxxer\HikariCP\4.0.3\HikariCP-4.0.3.jar;C:\Users\Admin\.m2\repository\org\springframework\spring-jdbc\5.3.30\spring-jdbc-5.3.30.jar;C:\Users\Admin\.m2\repository\jakarta\transaction\jakarta.transaction-api\1.3.3\jakarta.transaction-api-1.3.3.jar;C:\Users\Admin\.m2\repository\jakarta\persistence\jakarta.persistence-api\2.2.3\jakarta.persistence-api-2.2.3.jar;C:\Users\Admin\.m2\repository\org\hibernate\hibernate-core\5.6.15.Final\hibernate-core-5.6.15.Final.jar;C:\Users\Admin\.m2\repository\org\jboss\logging\jboss-logging\3.4.3.Final\jboss-logging-3.4.3.Final.jar;C:\Users\Admin\.m2\repository\net\bytebuddy\byte-buddy\1.12.23\byte-buddy-1.12.23.jar;C:\Users\Admin\.m2\repository\antlr\antlr\2.7.7\antlr-2.7.7.jar;C:\Users\Admin\.m2\repository\org\jboss\jandex\2.4.2.Final\jandex-2.4.2.Final.jar;C:\Users\Admin\.m2\repository\com\fasterxml\classmate\1.5.1\classmate-1.5.1.jar;C:\Users\Admin\.m2\repository\org\hibernate\common\hibernate-commons-annotations\5.1.2.Final\hibernate-commons-annotations-5.1.2.Final.jar;C:\Users\Admin\.m2\repository\org\glassfish\jaxb\jaxb-runtime\2.3.8\jaxb-runtime-2.3.8.jar;C:\Users\Admin\.m2\repository\org\glassfish\jaxb\txw2\2.3.8\txw2-2.3.8.jar;C:\Users\Admin\.m2\repository\com\sun\istack\istack-commons-runtime\3.0.12\istack-commons-runtime-3.0.12.jar;C:\Users\Admin\.m
Launcher Type: SUN_STANDARD

[Global flags]
     intx CICompilerCount                          = 3                                         {product} {ergonomic}
     uint ConcGCThreads                            = 1                                         {product} {ergonomic}
     uint G1ConcRefinementThreads                  = 4                                         {product} {ergonomic}
   size_t G1HeapRegionSize                         = 1048576                                   {product} {ergonomic}
    uintx GCDrainStackTargetSize                   = 64                                        {product} {ergonomic}
   size_t InitialHeapSize                          = 100663296                                 {product} {ergonomic}
     bool ManagementServer                         = true                                      {product} {command line}
   size_t MarkStackSize                            = 4194304                                   {product} {ergonomic}
   size_t MaxHeapSize                              = 1589641216                                {product} {ergonomic}
   size_t MaxNewSize                               = 953155584                                 {product} {ergonomic}
   size_t MinHeapDeltaBytes                        = 1048576                                   {product} {ergonomic}
   size_t MinHeapSize                              = 8388608                                   {product} {ergonomic}
    uintx NonProfiledCodeHeapSize                  = 0                                      {pd product} {ergonomic}
     bool ProfileInterpreter                       = false                                  {pd product} {command line}
    uintx ProfiledCodeHeapSize                     = 0                                      {pd product} {ergonomic}
     bool ShowCodeDetailsInExceptionMessages       = true                                   {manageable} {command line}
   size_t SoftMaxHeapSize                          = 1589641216                             {manageable} {ergonomic}
     intx TieredStopAtLevel                        = 1                                         {product} {command line}
     bool UseCompressedClassPointers               = true                           {product lp64_product} {ergonomic}
     bool UseCompressedOops                        = true                           {product lp64_product} {ergonomic}
     bool UseG1GC                                  = true                                      {product} {ergonomic}
     bool UseLargePagesIndividualAllocation        = false                                  {pd product} {ergonomic}

Logging:
Log output configuration:
 #0: stdout all=warning uptime,level,tags
 #1: stderr all=off uptime,level,tags

Environment Variables:
JAVA_HOME=C:\Program Files\Java\jdk-20.0.2
PATH=C:/Program Files (x86)/sts-4.19.1.RELEASE//plugins/org.eclipse.justj.openjdk.hotspot.jre.full.win32.x86_64_17.0.7.v20230425-1502/jre/bin/server;C:/Program Files (x86)/sts-4.19.1.RELEASE//plugins/org.eclipse.justj.openjdk.hotspot.jre.full.win32.x86_64_17.0.7.v20230425-1502/jre/bin;C:\Windows\system32;C:\Windows;C:\Windows\System32\Wbem;C:\Windows\System32\WindowsPowerShell\v1.0\;C:\Windows\System32\OpenSSH\;C:\Program Files\Java\jdk-20.0.2\bin;C:\Program Files\Git\cmd;C:\Program Files\Docker\Docker\resources\bin;C:\Users\Admin\AppData\Local\Microsoft\WindowsApps;;C:\Users\Admin\AppData\Local\Programs\Microsoft VS Code\bin;C:\Program Files (x86)\sts-4.19.1.RELEASE;
USERNAME=Irfan
OS=Windows_NT
PROCESSOR_IDENTIFIER=AMD64 Family 23 Model 24 Stepping 1, AuthenticAMD
TMP=C:\Users\Admin\AppData\Local\Temp
TEMP=C:\Users\Admin\AppData\Local\Temp



---------------  S Y S T E M  ---------------

OS:
 Windows 10 , 64 bit Build 19041 (10.0.19041.2545)
OS uptime: 0 days 2:01 hours
Hyper-V role detected

CPU: total 4 (initial active 4) (4 cores per cpu, 2 threads per core) family 23 model 24 stepping 1 microcode 0x0, cx8, cmov, fxsr, ht, mmx, 3dnowpref, sse, sse2, sse3, ssse3, sse4a, sse4.1, sse4.2, popcnt, lzcnt, tsc, tscinvbit, avx, avx2, aes, clmul, bmi1, bmi2, adx, sha, fma, vzeroupper, clflush, clflushopt, hv

Memory: 4k page, system-wide physical 6058M (271M free)
TotalPageFile size 6058M (AvailPageFile size 9M)
current process WorkingSet (physical memory assigned to process): 172M, peak: 172M
current process commit charge ("private bytes"): 198M, peak: 208M

vm_info: OpenJDK 64-Bit Server VM (17.0.7+7) for windows-amd64 JRE (17.0.7+7), built on Apr 18 2023 22:10:42 by "temurin" with MS VC++ 16.7 (VS2019)

END.
