#
# There is insufficient memory for the Java Runtime Environment to continue.
# Native memory allocation (malloc) failed to allocate 32744 bytes for ChunkPool::allocate
# Possible reasons:
#   The system is out of physical RAM or swap space
#   The process is running with CompressedOops enabled, and the Java Heap may be blocking the growth of the native heap
# Possible solutions:
#   Reduce memory load on the system
#   Increase physical memory or swap space
#   Check if swap backing store is full
#   Decrease Java heap size (-Xmx/-Xms)
#   Decrease number of Java threads
#   Decrease Java thread stack sizes (-Xss)
#   Set larger code cache with -XX:ReservedCodeCacheSize=
#   JVM is running with Unscaled Compressed Oops mode in which the Java heap is
#     placed in the first 4GB address space. The Java Heap base address is the
#     maximum limit for the native heap growth. Please use -XX:HeapBaseMinAddress
#     to set the Java Heap base and to place the Java Heap above 4GB virtual address.
# This output file may be truncated or incomplete.
#
#  Out of Memory Error (arena.cpp:78), pid=7460, tid=8828
#
# JRE version: OpenJDK Runtime Environment Temurin-17.0.7+7 (17.0.7+7) (build 17.0.7+7)
# Java VM: OpenJDK 64-Bit Server VM Temurin-17.0.7+7 (17.0.7+7, mixed mode, emulated-client, tiered, compressed oops, compressed class ptrs, g1 gc, windows-amd64)
# No core dump will be written. Minidumps are not enabled by default on client versions of Windows
#

---------------  S U M M A R Y ------------

Command Line: -Dcom.sun.management.jmxremote -Dcom.sun.management.jmxremote.port=55114 -Dcom.sun.management.jmxremote.authenticate=false -Dcom.sun.management.jmxremote.ssl=false -Djava.rmi.server.hostname=localhost -Dspring.jmx.enabled=true -Dmanagement.endpoints.jmx.exposure.include=* -Dspring.application.admin.enabled=true -XX:TieredStopAtLevel=1 -Dspring.boot.project.name=miniproject -Dfile.encoding=UTF-8 -Dstdout.encoding=UTF-8 -Dstderr.encoding=UTF-8 -XX:+ShowCodeDetailsInExceptionMessages com.teama.minpro.teama.MiniprojectApplication --spring.output.ansi.enabled=always

Host: AMD Ryzen 3 3200U with Radeon Vega Mobile Gfx  , 4 cores, 5G,  Windows 10 , 64 bit Build 19041 (10.0.19041.2545)
Time: Mon Oct 16 00:01:19 2023 SE Asia Standard Time elapsed time: 4.970118 seconds (0d 0h 0m 4s)

---------------  T H R E A D  ---------------

Current thread (0x00000216ff381870):  JavaThread "C1 CompilerThread0" daemon [_thread_in_native, id=8828, stack(0x0000008ad5000000,0x0000008ad5100000)]


Current CompileTask:
C1:   4970 4439       1       org.hibernate.cfg.AnnotationBinder::processElementAnnotations (4602 bytes)

Stack: [0x0000008ad5000000,0x0000008ad5100000]
Native frames: (J=compiled Java code, j=interpreted, Vv=VM code, C=native code)
V  [jvm.dll+0x67754a]
V  [jvm.dll+0x834304]
V  [jvm.dll+0x835aae]
V  [jvm.dll+0x836113]
V  [jvm.dll+0x24696f]
V  [jvm.dll+0xac2cc]
V  [jvm.dll+0xac67c]
V  [jvm.dll+0x11d2e5]
V  [jvm.dll+0x181a76]
V  [jvm.dll+0x18f0ae]
V  [jvm.dll+0x1350ed]
V  [jvm.dll+0x135350]
V  [jvm.dll+0x135616]
V  [jvm.dll+0x134aaa]
V  [jvm.dll+0x136771]
V  [jvm.dll+0x2284da]
V  [jvm.dll+0x226615]
V  [jvm.dll+0x7ea90b]
V  [jvm.dll+0x7e4e7a]
V  [jvm.dll+0x676395]
C  [ucrtbase.dll+0x21bb2]
C  [KERNEL32.DLL+0x17614]
C  [ntdll.dll+0x526a1]


---------------  P R O C E S S  ---------------

Threads class SMR info:
_java_thread_list=0x0000021686c6cd00, length=28, elements={
0x00000216f513b410, 0x00000216ff324be0, 0x00000216ff315a70, 0x00000216ff37ba90,
0x00000216ff37c220, 0x00000216ff37dea0, 0x00000216ff37fac0, 0x00000216ff381870,
0x00000216ff4ac840, 0x00000216ff60f0f0, 0x00000216ff5b63d0, 0x00000216ff583ce0,
0x00000216ff66a560, 0x00000216863beac0, 0x00000216863c7160, 0x00000216863c7a80,
0x0000021686785830, 0x000002168679ade0, 0x000002168679b2b0, 0x0000021686733950,
0x000002168679c950, 0x00000216867b9560, 0x00000216867b7880, 0x00000216867b73b0,
0x00000216867b6a10, 0x00000216867b9a30, 0x00000216867b8220, 0x00000216867b6070
}

Java Threads: ( => current thread )
  0x00000216f513b410 JavaThread "main" [_thread_blocked, id=9576, stack(0x0000008ad4300000,0x0000008ad4400000)]
  0x00000216ff324be0 JavaThread "Reference Handler" daemon [_thread_blocked, id=9740, stack(0x0000008ad4a00000,0x0000008ad4b00000)]
  0x00000216ff315a70 JavaThread "Finalizer" daemon [_thread_blocked, id=8336, stack(0x0000008ad4b00000,0x0000008ad4c00000)]
  0x00000216ff37ba90 JavaThread "Signal Dispatcher" daemon [_thread_blocked, id=7848, stack(0x0000008ad4c00000,0x0000008ad4d00000)]
  0x00000216ff37c220 JavaThread "Attach Listener" daemon [_thread_blocked, id=1584, stack(0x0000008ad4d00000,0x0000008ad4e00000)]
  0x00000216ff37dea0 JavaThread "Service Thread" daemon [_thread_blocked, id=7208, stack(0x0000008ad4e00000,0x0000008ad4f00000)]
  0x00000216ff37fac0 JavaThread "Monitor Deflation Thread" daemon [_thread_blocked, id=4852, stack(0x0000008ad4f00000,0x0000008ad5000000)]
=>0x00000216ff381870 JavaThread "C1 CompilerThread0" daemon [_thread_in_native, id=8828, stack(0x0000008ad5000000,0x0000008ad5100000)]
  0x00000216ff4ac840 JavaThread "Sweeper thread" daemon [_thread_blocked, id=9752, stack(0x0000008ad5100000,0x0000008ad5200000)]
  0x00000216ff60f0f0 JavaThread "Common-Cleaner" daemon [_thread_blocked, id=5792, stack(0x0000008ad5200000,0x0000008ad5300000)]
  0x00000216ff5b63d0 JavaThread "C1 CompilerThread1" daemon [_thread_blocked, id=9772, stack(0x0000008ad5300000,0x0000008ad5400000)]
  0x00000216ff583ce0 JavaThread "C1 CompilerThread2" daemon [_thread_blocked, id=6516, stack(0x0000008ad5400000,0x0000008ad5500000)]
  0x00000216ff66a560 JavaThread "Notification Thread" daemon [_thread_blocked, id=9436, stack(0x0000008ad5500000,0x0000008ad5600000)]
  0x00000216863beac0 JavaThread "RMI TCP Accept-0" daemon [_thread_in_native, id=4328, stack(0x0000008ad5700000,0x0000008ad5800000)]
  0x00000216863c7160 JavaThread "RMI TCP Accept-55114" daemon [_thread_in_native, id=8252, stack(0x0000008ad5800000,0x0000008ad5900000)]
  0x00000216863c7a80 JavaThread "RMI TCP Accept-0" daemon [_thread_in_native, id=9672, stack(0x0000008ad5900000,0x0000008ad5a00000)]
  0x0000021686785830 JavaThread "RMI TCP Connection(1)-127.0.0.1" daemon [_thread_in_native, id=9188, stack(0x0000008ad6000000,0x0000008ad6100000)]
  0x000002168679ade0 JavaThread "Thread-0" [_thread_blocked, id=7880, stack(0x0000008ad6100000,0x0000008ad6200000)]
  0x000002168679b2b0 JavaThread "RMI Scheduler(0)" daemon [_thread_blocked, id=7968, stack(0x0000008ad6200000,0x0000008ad6300000)]
  0x0000021686733950 JavaThread "restartedMain" [_thread_in_vm, id=6636, stack(0x0000008ad6300000,0x0000008ad6400000)]
  0x000002168679c950 JavaThread "RMI TCP Connection(2)-127.0.0.1" daemon [_thread_in_native, id=8724, stack(0x0000008ad6400000,0x0000008ad6500000)]
  0x00000216867b9560 JavaThread "JMX server connection timeout 24" daemon [_thread_blocked, id=1772, stack(0x0000008ad6500000,0x0000008ad6600000)]
  0x00000216867b7880 JavaThread "Catalina-utility-1" [_thread_blocked, id=5596, stack(0x0000008ad6600000,0x0000008ad6700000)]
  0x00000216867b73b0 JavaThread "Catalina-utility-2" [_thread_blocked, id=2888, stack(0x0000008ad6700000,0x0000008ad6800000)]
  0x00000216867b6a10 JavaThread "container-0" [_thread_blocked, id=5560, stack(0x0000008ad6800000,0x0000008ad6900000)]
  0x00000216867b9a30 JavaThread "PostgreSQL-JDBC-SharedTimer-1" daemon [_thread_blocked, id=9724, stack(0x0000008ad6a00000,0x0000008ad6b00000)]
  0x00000216867b8220 JavaThread "HikariPool-1 housekeeper" daemon [_thread_blocked, id=7700, stack(0x0000008ad6b00000,0x0000008ad6c00000)]
  0x00000216867b6070 JavaThread "HikariPool-1 connection adder" daemon [_thread_blocked, id=248, stack(0x0000008ad6c00000,0x0000008ad6d00000)]

Other Threads:
  0x00000216ff33d630 VMThread "VM Thread" [stack: 0x0000008ad4900000,0x0000008ad4a00000] [id=9508]
  0x00000216863d4bc0 WatcherThread [stack: 0x0000008ad5a00000,0x0000008ad5b00000] [id=7212]
  0x00000216f5185c60 GCTaskThread "GC Thread#0" [stack: 0x0000008ad4400000,0x0000008ad4500000] [id=5736]
  0x00000216865b2bf0 GCTaskThread "GC Thread#1" [stack: 0x0000008ad5b00000,0x0000008ad5c00000] [id=3548]
  0x00000216866c4ab0 GCTaskThread "GC Thread#2" [stack: 0x0000008ad5c00000,0x0000008ad5d00000] [id=2876]
  0x00000216866c4d60 GCTaskThread "GC Thread#3" [stack: 0x0000008ad5d00000,0x0000008ad5e00000] [id=4856]
  0x00000216f5192fd0 ConcurrentGCThread "G1 Main Marker" [stack: 0x0000008ad4500000,0x0000008ad4600000] [id=5936]
  0x00000216f51938f0 ConcurrentGCThread "G1 Conc#0" [stack: 0x0000008ad4600000,0x0000008ad4700000] [id=9468]
  0x00000216f51f4e30 ConcurrentGCThread "G1 Refine#0" [stack: 0x0000008ad4700000,0x0000008ad4800000] [id=4012]
  0x00000216ff813330 ConcurrentGCThread "G1 Refine#1" [stack: 0x0000008ad5e00000,0x0000008ad5f00000] [id=8824]
  0x00000216866ce4f0 ConcurrentGCThread "G1 Refine#2" [stack: 0x0000008ad5f00000,0x0000008ad6000000] [id=8652]
  0x00000216f51f7780 ConcurrentGCThread "G1 Service" [stack: 0x0000008ad4800000,0x0000008ad4900000] [id=8960]

Threads with active compile tasks:
C1 CompilerThread0     4997 4439       1       org.hibernate.cfg.AnnotationBinder::processElementAnnotations (4602 bytes)

VM state: not at safepoint (normal execution)

VM Mutex/Monitor currently owned by a thread: None

Heap address: 0x00000000a1400000, size: 1516 MB, Compressed Oops mode: 32-bit

CDS archive(s) not mapped
Compressed class space mapped at: 0x0000000100000000-0x0000000140000000, reserved size: 1073741824
Narrow klass base: 0x0000000000000000, Narrow klass shift: 3, Narrow klass range: 0x140000000

GC Precious Log:
 CPUs: 4 total, 4 available
 Memory: 6058M
 Large Page Support: Disabled
 NUMA Support: Disabled
 Compressed Oops: Enabled (32-bit)
 Heap Region Size: 1M
 Heap Min Capacity: 8M
 Heap Initial Capacity: 96M
 Heap Max Capacity: 1516M
 Pre-touch: Disabled
 Parallel Workers: 4
 Concurrent Workers: 1
 Concurrent Refinement Workers: 4
 Periodic GC: Disabled

Heap:
 garbage-first heap   total 98304K, used 54456K [0x00000000a1400000, 0x0000000100000000)
  region size 1024K, 37 young (37888K), 2 survivors (2048K)
 Metaspace       used 50011K, committed 50432K, reserved 1114112K
  class space    used 6547K, committed 6720K, reserved 1048576K

Heap Regions: E=young(eden), S=young(survivor), O=old, HS=humongous(starts), HC=humongous(continues), CS=collection set, F=free, OA=open archive, CA=closed archive, TAMS=top-at-mark-start (previous, next)
|   0|0x00000000a1400000, 0x00000000a1500000, 0x00000000a1500000|100%|HS|  |TAMS 0x00000000a1500000, 0x00000000a1400000| Complete 
|   1|0x00000000a1500000, 0x00000000a1600000, 0x00000000a1600000|100%| O|  |TAMS 0x00000000a1600000, 0x00000000a1500000| Untracked 
|   2|0x00000000a1600000, 0x00000000a1700000, 0x00000000a1700000|100%| O|  |TAMS 0x00000000a1700000, 0x00000000a1600000| Untracked 
|   3|0x00000000a1700000, 0x00000000a1800000, 0x00000000a1800000|100%| O|  |TAMS 0x00000000a1800000, 0x00000000a1700000| Untracked 
|   4|0x00000000a1800000, 0x00000000a1900000, 0x00000000a1900000|100%| O|  |TAMS 0x00000000a1900000, 0x00000000a1800000| Untracked 
|   5|0x00000000a1900000, 0x00000000a1a00000, 0x00000000a1a00000|100%| O|  |TAMS 0x00000000a1a00000, 0x00000000a1900000| Untracked 
|   6|0x00000000a1a00000, 0x00000000a1b00000, 0x00000000a1b00000|100%| O|  |TAMS 0x00000000a1a85e00, 0x00000000a1a00000| Untracked 
|   7|0x00000000a1b00000, 0x00000000a1c00000, 0x00000000a1c00000|100%| O|  |TAMS 0x00000000a1c00000, 0x00000000a1b00000| Untracked 
|   8|0x00000000a1c00000, 0x00000000a1d00000, 0x00000000a1d00000|100%| O|  |TAMS 0x00000000a1d00000, 0x00000000a1c00000| Untracked 
|   9|0x00000000a1d00000, 0x00000000a1e00000, 0x00000000a1e00000|100%| O|  |TAMS 0x00000000a1d00000, 0x00000000a1d00000| Untracked 
|  10|0x00000000a1e00000, 0x00000000a1f00000, 0x00000000a1f00000|100%| O|  |TAMS 0x00000000a1e00000, 0x00000000a1e00000| Untracked 
|  11|0x00000000a1f00000, 0x00000000a2000000, 0x00000000a2000000|100%| O|  |TAMS 0x00000000a1f00000, 0x00000000a1f00000| Untracked 
|  12|0x00000000a2000000, 0x00000000a2100000, 0x00000000a2100000|100%| O|  |TAMS 0x00000000a2000000, 0x00000000a2000000| Untracked 
|  13|0x00000000a2100000, 0x00000000a21c7200, 0x00000000a2200000| 77%| O|  |TAMS 0x00000000a2100000, 0x00000000a2100000| Untracked 
|  14|0x00000000a2200000, 0x00000000a2200000, 0x00000000a2300000|  0%| F|  |TAMS 0x00000000a2200000, 0x00000000a2200000| Untracked 
|  15|0x00000000a2300000, 0x00000000a2400000, 0x00000000a2400000|100%| O|  |TAMS 0x00000000a2400000, 0x00000000a2300000| Untracked 
|  16|0x00000000a2400000, 0x00000000a2500000, 0x00000000a2500000|100%| O|  |TAMS 0x00000000a2500000, 0x00000000a2400000| Untracked 
|  17|0x00000000a2500000, 0x00000000a2600000, 0x00000000a2600000|100%| O|  |TAMS 0x00000000a2600000, 0x00000000a2500000| Untracked 
|  18|0x00000000a2600000, 0x00000000a2700000, 0x00000000a2700000|100%| O|  |TAMS 0x00000000a2700000, 0x00000000a2600000| Untracked 
|  19|0x00000000a2700000, 0x00000000a2700000, 0x00000000a2800000|  0%| F|  |TAMS 0x00000000a2700000, 0x00000000a2700000| Untracked 
|  20|0x00000000a2800000, 0x00000000a2800000, 0x00000000a2900000|  0%| F|  |TAMS 0x00000000a2800000, 0x00000000a2800000| Untracked 
|  21|0x00000000a2900000, 0x00000000a2900000, 0x00000000a2a00000|  0%| F|  |TAMS 0x00000000a2900000, 0x00000000a2900000| Untracked 
|  22|0x00000000a2a00000, 0x00000000a2a00000, 0x00000000a2b00000|  0%| F|  |TAMS 0x00000000a2a00000, 0x00000000a2a00000| Untracked 
|  23|0x00000000a2b00000, 0x00000000a2b00000, 0x00000000a2c00000|  0%| F|  |TAMS 0x00000000a2b00000, 0x00000000a2b00000| Untracked 
|  24|0x00000000a2c00000, 0x00000000a2c00000, 0x00000000a2d00000|  0%| F|  |TAMS 0x00000000a2c00000, 0x00000000a2c00000| Untracked 
|  25|0x00000000a2d00000, 0x00000000a2d00000, 0x00000000a2e00000|  0%| F|  |TAMS 0x00000000a2d00000, 0x00000000a2d00000| Untracked 
|  26|0x00000000a2e00000, 0x00000000a2e00000, 0x00000000a2f00000|  0%| F|  |TAMS 0x00000000a2e00000, 0x00000000a2e00000| Untracked 
|  27|0x00000000a2f00000, 0x00000000a2f00000, 0x00000000a3000000|  0%| F|  |TAMS 0x00000000a2f00000, 0x00000000a2f00000| Untracked 
|  28|0x00000000a3000000, 0x00000000a3066e68, 0x00000000a3100000| 40%| S|CS|TAMS 0x00000000a3000000, 0x00000000a3000000| Complete 
|  29|0x00000000a3100000, 0x00000000a3200000, 0x00000000a3200000|100%| S|CS|TAMS 0x00000000a3100000, 0x00000000a3100000| Complete 
|  30|0x00000000a3200000, 0x00000000a3200000, 0x00000000a3300000|  0%| F|  |TAMS 0x00000000a3200000, 0x00000000a3200000| Untracked 
|  31|0x00000000a3300000, 0x00000000a3300000, 0x00000000a3400000|  0%| F|  |TAMS 0x00000000a3300000, 0x00000000a3300000| Untracked 
|  32|0x00000000a3400000, 0x00000000a3400000, 0x00000000a3500000|  0%| F|  |TAMS 0x00000000a3400000, 0x00000000a3400000| Untracked 
|  33|0x00000000a3500000, 0x00000000a3500000, 0x00000000a3600000|  0%| F|  |TAMS 0x00000000a3500000, 0x00000000a3500000| Untracked 
|  34|0x00000000a3600000, 0x00000000a3600000, 0x00000000a3700000|  0%| F|  |TAMS 0x00000000a3600000, 0x00000000a3600000| Untracked 
|  35|0x00000000a3700000, 0x00000000a3700000, 0x00000000a3800000|  0%| F|  |TAMS 0x00000000a3700000, 0x00000000a3700000| Untracked 
|  36|0x00000000a3800000, 0x00000000a3800000, 0x00000000a3900000|  0%| F|  |TAMS 0x00000000a3800000, 0x00000000a3800000| Untracked 
|  37|0x00000000a3900000, 0x00000000a3900000, 0x00000000a3a00000|  0%| F|  |TAMS 0x00000000a3900000, 0x00000000a3900000| Untracked 
|  38|0x00000000a3a00000, 0x00000000a3a00000, 0x00000000a3b00000|  0%| F|  |TAMS 0x00000000a3a00000, 0x00000000a3a00000| Untracked 
|  39|0x00000000a3b00000, 0x00000000a3b00000, 0x00000000a3c00000|  0%| F|  |TAMS 0x00000000a3b00000, 0x00000000a3b00000| Untracked 
|  40|0x00000000a3c00000, 0x00000000a3c00000, 0x00000000a3d00000|  0%| F|  |TAMS 0x00000000a3c00000, 0x00000000a3c00000| Untracked 
|  41|0x00000000a3d00000, 0x00000000a3d00000, 0x00000000a3e00000|  0%| F|  |TAMS 0x00000000a3d00000, 0x00000000a3d00000| Untracked 
|  42|0x00000000a3e00000, 0x00000000a3e00000, 0x00000000a3f00000|  0%| F|  |TAMS 0x00000000a3e00000, 0x00000000a3e00000| Untracked 
|  43|0x00000000a3f00000, 0x00000000a3f00000, 0x00000000a4000000|  0%| F|  |TAMS 0x00000000a3f00000, 0x00000000a3f00000| Untracked 
|  44|0x00000000a4000000, 0x00000000a4000000, 0x00000000a4100000|  0%| F|  |TAMS 0x00000000a4000000, 0x00000000a4000000| Untracked 
|  45|0x00000000a4100000, 0x00000000a4100000, 0x00000000a4200000|  0%| F|  |TAMS 0x00000000a4100000, 0x00000000a4100000| Untracked 
|  46|0x00000000a4200000, 0x00000000a4200000, 0x00000000a4300000|  0%| F|  |TAMS 0x00000000a4200000, 0x00000000a4200000| Untracked 
|  47|0x00000000a4300000, 0x00000000a4300000, 0x00000000a4400000|  0%| F|  |TAMS 0x00000000a4300000, 0x00000000a4300000| Untracked 
|  48|0x00000000a4400000, 0x00000000a4400000, 0x00000000a4500000|  0%| F|  |TAMS 0x00000000a4400000, 0x00000000a4400000| Untracked 
|  49|0x00000000a4500000, 0x00000000a4500000, 0x00000000a4600000|  0%| F|  |TAMS 0x00000000a4500000, 0x00000000a4500000| Untracked 
|  50|0x00000000a4600000, 0x00000000a4600000, 0x00000000a4700000|  0%| F|  |TAMS 0x00000000a4600000, 0x00000000a4600000| Untracked 
|  51|0x00000000a4700000, 0x00000000a4700000, 0x00000000a4800000|  0%| F|  |TAMS 0x00000000a4700000, 0x00000000a4700000| Untracked 
|  52|0x00000000a4800000, 0x00000000a4800000, 0x00000000a4900000|  0%| F|  |TAMS 0x00000000a4800000, 0x00000000a4800000| Untracked 
|  53|0x00000000a4900000, 0x00000000a4900000, 0x00000000a4a00000|  0%| F|  |TAMS 0x00000000a4900000, 0x00000000a4900000| Untracked 
|  54|0x00000000a4a00000, 0x00000000a4a00000, 0x00000000a4b00000|  0%| F|  |TAMS 0x00000000a4a00000, 0x00000000a4a00000| Untracked 
|  55|0x00000000a4b00000, 0x00000000a4b00000, 0x00000000a4c00000|  0%| F|  |TAMS 0x00000000a4b00000, 0x00000000a4b00000| Untracked 
|  56|0x00000000a4c00000, 0x00000000a4c00000, 0x00000000a4d00000|  0%| F|  |TAMS 0x00000000a4c00000, 0x00000000a4c00000| Untracked 
|  57|0x00000000a4d00000, 0x00000000a4d00000, 0x00000000a4e00000|  0%| F|  |TAMS 0x00000000a4d00000, 0x00000000a4d00000| Untracked 
|  58|0x00000000a4e00000, 0x00000000a4e00000, 0x00000000a4f00000|  0%| F|  |TAMS 0x00000000a4e00000, 0x00000000a4e00000| Untracked 
|  59|0x00000000a4f00000, 0x00000000a4f00000, 0x00000000a5000000|  0%| F|  |TAMS 0x00000000a4f00000, 0x00000000a4f00000| Untracked 
|  60|0x00000000a5000000, 0x00000000a5000000, 0x00000000a5100000|  0%| F|  |TAMS 0x00000000a5000000, 0x00000000a5000000| Untracked 
|  61|0x00000000a5100000, 0x00000000a5180800, 0x00000000a5200000| 50%| E|  |TAMS 0x00000000a5100000, 0x00000000a5100000| Complete 
|  62|0x00000000a5200000, 0x00000000a5300000, 0x00000000a5300000|100%| E|CS|TAMS 0x00000000a5200000, 0x00000000a5200000| Complete 
|  63|0x00000000a5300000, 0x00000000a5400000, 0x00000000a5400000|100%| E|CS|TAMS 0x00000000a5300000, 0x00000000a5300000| Complete 
|  64|0x00000000a5400000, 0x00000000a5500000, 0x00000000a5500000|100%| E|CS|TAMS 0x00000000a5400000, 0x00000000a5400000| Complete 
|  65|0x00000000a5500000, 0x00000000a5600000, 0x00000000a5600000|100%| E|CS|TAMS 0x00000000a5500000, 0x00000000a5500000| Complete 
|  66|0x00000000a5600000, 0x00000000a5700000, 0x00000000a5700000|100%| E|CS|TAMS 0x00000000a5600000, 0x00000000a5600000| Complete 
|  67|0x00000000a5700000, 0x00000000a5800000, 0x00000000a5800000|100%| E|CS|TAMS 0x00000000a5700000, 0x00000000a5700000| Complete 
|  68|0x00000000a5800000, 0x00000000a5900000, 0x00000000a5900000|100%| E|CS|TAMS 0x00000000a5800000, 0x00000000a5800000| Complete 
|  69|0x00000000a5900000, 0x00000000a5a00000, 0x00000000a5a00000|100%| E|CS|TAMS 0x00000000a5900000, 0x00000000a5900000| Complete 
|  70|0x00000000a5a00000, 0x00000000a5b00000, 0x00000000a5b00000|100%| E|CS|TAMS 0x00000000a5a00000, 0x00000000a5a00000| Complete 
|  71|0x00000000a5b00000, 0x00000000a5c00000, 0x00000000a5c00000|100%| E|CS|TAMS 0x00000000a5b00000, 0x00000000a5b00000| Complete 
|  72|0x00000000a5c00000, 0x00000000a5d00000, 0x00000000a5d00000|100%| E|CS|TAMS 0x00000000a5c00000, 0x00000000a5c00000| Complete 
|  73|0x00000000a5d00000, 0x00000000a5e00000, 0x00000000a5e00000|100%| E|CS|TAMS 0x00000000a5d00000, 0x00000000a5d00000| Complete 
|  74|0x00000000a5e00000, 0x00000000a5f00000, 0x00000000a5f00000|100%| E|CS|TAMS 0x00000000a5e00000, 0x00000000a5e00000| Complete 
|  75|0x00000000a5f00000, 0x00000000a6000000, 0x00000000a6000000|100%| E|CS|TAMS 0x00000000a5f00000, 0x00000000a5f00000| Complete 
|  76|0x00000000a6000000, 0x00000000a6100000, 0x00000000a6100000|100%| E|CS|TAMS 0x00000000a6000000, 0x00000000a6000000| Complete 
|  77|0x00000000a6100000, 0x00000000a6200000, 0x00000000a6200000|100%| E|CS|TAMS 0x00000000a6100000, 0x00000000a6100000| Complete 
|  78|0x00000000a6200000, 0x00000000a6300000, 0x00000000a6300000|100%| E|CS|TAMS 0x00000000a6200000, 0x00000000a6200000| Complete 
|  79|0x00000000a6300000, 0x00000000a6400000, 0x00000000a6400000|100%| E|CS|TAMS 0x00000000a6300000, 0x00000000a6300000| Complete 
|  80|0x00000000a6400000, 0x00000000a6500000, 0x00000000a6500000|100%| E|CS|TAMS 0x00000000a6400000, 0x00000000a6400000| Complete 
|  81|0x00000000a6500000, 0x00000000a6600000, 0x00000000a6600000|100%| E|CS|TAMS 0x00000000a6500000, 0x00000000a6500000| Complete 
|  82|0x00000000a6600000, 0x00000000a6700000, 0x00000000a6700000|100%| E|CS|TAMS 0x00000000a6600000, 0x00000000a6600000| Complete 
|  83|0x00000000a6700000, 0x00000000a6800000, 0x00000000a6800000|100%| E|CS|TAMS 0x00000000a6700000, 0x00000000a6700000| Complete 
|  84|0x00000000a6800000, 0x00000000a6900000, 0x00000000a6900000|100%| E|CS|TAMS 0x00000000a6800000, 0x00000000a6800000| Complete 
|  85|0x00000000a6900000, 0x00000000a6a00000, 0x00000000a6a00000|100%| E|CS|TAMS 0x00000000a6900000, 0x00000000a6900000| Complete 
|  86|0x00000000a6a00000, 0x00000000a6b00000, 0x00000000a6b00000|100%| E|CS|TAMS 0x00000000a6a00000, 0x00000000a6a00000| Complete 
|  87|0x00000000a6b00000, 0x00000000a6c00000, 0x00000000a6c00000|100%| E|CS|TAMS 0x00000000a6b00000, 0x00000000a6b00000| Complete 
|  88|0x00000000a6c00000, 0x00000000a6d00000, 0x00000000a6d00000|100%| E|CS|TAMS 0x00000000a6c00000, 0x00000000a6c00000| Complete 
|  89|0x00000000a6d00000, 0x00000000a6e00000, 0x00000000a6e00000|100%| E|CS|TAMS 0x00000000a6d00000, 0x00000000a6d00000| Complete 
|  90|0x00000000a6e00000, 0x00000000a6f00000, 0x00000000a6f00000|100%| E|CS|TAMS 0x00000000a6e00000, 0x00000000a6e00000| Complete 
|  91|0x00000000a6f00000, 0x00000000a7000000, 0x00000000a7000000|100%| E|CS|TAMS 0x00000000a6f00000, 0x00000000a6f00000| Complete 
|  92|0x00000000a7000000, 0x00000000a7100000, 0x00000000a7100000|100%| E|CS|TAMS 0x00000000a7000000, 0x00000000a7000000| Complete 
|  93|0x00000000a7100000, 0x00000000a7200000, 0x00000000a7200000|100%| E|CS|TAMS 0x00000000a7100000, 0x00000000a7100000| Complete 
|  94|0x00000000a7200000, 0x00000000a7300000, 0x00000000a7300000|100%| E|CS|TAMS 0x00000000a7200000, 0x00000000a7200000| Complete 
|  95|0x00000000a7300000, 0x00000000a7400000, 0x00000000a7400000|100%| E|CS|TAMS 0x00000000a7300000, 0x00000000a7300000| Complete 

Card table byte_map: [0x00000216fb7f0000,0x00000216fbaf0000] _byte_map_base: 0x00000216fb2e6000

Marking Bits (Prev, Next): (CMBitMap*) 0x00000216f5186180, (CMBitMap*) 0x00000216f51861c0
 Prev Bits: [0x00000216fbdf0000, 0x00000216fd5a0000)
 Next Bits: [0x00000216fd5a0000, 0x00000216fed50000)

Polling page: 0x00000216f4900000

Metaspace:

Usage:
  Non-class:     42.45 MB used.
      Class:      6.40 MB used.
       Both:     48.85 MB used.

Virtual space:
  Non-class space:       64.00 MB reserved,      42.69 MB ( 67%) committed,  1 nodes.
      Class space:        1.00 GB reserved,       6.56 MB ( <1%) committed,  1 nodes.
             Both:        1.06 GB reserved,      49.25 MB (  5%) committed. 

Chunk freelists:
   Non-Class:  4.84 MB
       Class:  9.44 MB
        Both:  14.28 MB

MaxMetaspaceSize: unlimited
CompressedClassSpaceSize: 1.00 GB
Initial GC threshold: 21.00 MB
Current GC threshold: 59.06 MB
CDS: off
MetaspaceReclaimPolicy: balanced
 - commit_granule_bytes: 65536.
 - commit_granule_words: 8192.
 - virtual_space_node_default_size: 8388608.
 - enlarge_chunks_in_place: 1.
 - new_chunks_are_fully_committed: 0.
 - uncommit_free_chunks: 1.
 - use_allocation_guard: 0.
 - handle_deallocations: 1.


Internal statistics:

num_allocs_failed_limit: 6.
num_arena_births: 422.
num_arena_deaths: 0.
num_vsnodes_births: 2.
num_vsnodes_deaths: 0.
num_space_committed: 788.
num_space_uncommitted: 0.
num_chunks_returned_to_freelist: 6.
num_chunks_taken_from_freelist: 1906.
num_chunk_merges: 3.
num_chunk_splits: 1326.
num_chunks_enlarged: 1010.
num_inconsistent_stats: 0.

CodeCache: size=49152Kb used=9368Kb max_used=9368Kb free=39783Kb
 bounds [0x00000216f87f0000, 0x00000216f9120000, 0x00000216fb7f0000]
 total_blobs=5054 nmethods=4507 adapters=471
 compilation: enabled
              stopped_count=0, restarted_count=0
 full_count=0

Compilation events (20 events):
Event: 4.960 Thread 0x00000216ff583ce0 4471       1       org.hibernate.cfg.Ejb3Column::getLogicalColumnName (5 bytes)
Event: 4.960 Thread 0x00000216ff583ce0 nmethod 4471 0x00000216f9107d90 code [0x00000216f9107f20, 0x00000216f9107ff8]
Event: 4.960 Thread 0x00000216ff583ce0 4473       1       org.hibernate.cfg.Ejb3Column::linkWithValue (67 bytes)
Event: 4.960 Thread 0x00000216ff5b63d0 4472       1       org.hibernate.cfg.Ejb3Column::isNameDeferred (26 bytes)
Event: 4.960 Thread 0x00000216ff5b63d0 nmethod 4472 0x00000216f9108090 code [0x00000216f9108220, 0x00000216f9108378]
Event: 4.960 Thread 0x00000216ff5b63d0 4474       1       org.hibernate.mapping.SimpleValue::addColumn (143 bytes)
Event: 4.960 Thread 0x00000216ff583ce0 nmethod 4473 0x00000216f9108490 code [0x00000216f9108660, 0x00000216f91088f8]
Event: 4.960 Thread 0x00000216ff583ce0 4475       1       org.hibernate.mapping.Table::addColumn (132 bytes)
Event: 4.961 Thread 0x00000216ff5b63d0 nmethod 4474 0x00000216f9108b10 code [0x00000216f9108d40, 0x00000216f91091e8]
Event: 4.961 Thread 0x00000216ff5b63d0 4476       1       org.hibernate.mapping.Table::getColumn (37 bytes)
Event: 4.961 Thread 0x00000216ff5b63d0 nmethod 4476 0x00000216f9109490 code [0x00000216f9109660, 0x00000216f91098d8]
Event: 4.961 Thread 0x00000216ff5b63d0 4479       1       org.hibernate.mapping.SimpleValue::getColumnIterator (10 bytes)
Event: 4.961 Thread 0x00000216ff5b63d0 nmethod 4479 0x00000216f9109a90 code [0x00000216f9109c20, 0x00000216f9109d08]
Event: 4.961 Thread 0x00000216ff5b63d0 4480       1       org.hibernate.cfg.Ejb3Column::isImplicit (5 bytes)
Event: 4.961 Thread 0x00000216ff5b63d0 nmethod 4480 0x00000216f9109d90 code [0x00000216f9109f20, 0x00000216f9109ff8]
Event: 4.961 Thread 0x00000216ff5b63d0 4477       1       org.hibernate.mapping.Column::equals (47 bytes)
Event: 4.962 Thread 0x00000216ff583ce0 nmethod 4475 0x00000216f910a090 code [0x00000216f910a380, 0x00000216f910ad38]
Event: 4.962 Thread 0x00000216ff5b63d0 nmethod 4477 0x00000216f910b390 code [0x00000216f910b540, 0x00000216f910b6f8]
Event: 4.962 Thread 0x00000216ff5b63d0 4478       1       org.hibernate.boot.internal.InFlightMetadataCollectorImpl::addColumnNameBinding (15 bytes)
Event: 4.962 Thread 0x00000216ff5b63d0 nmethod 4478 0x00000216f910b810 code [0x00000216f910ba00, 0x00000216f910be28]

GC Heap History (20 events):
Event: 1.515 GC heap before
{Heap before GC invocations=2 (full 0):
 garbage-first heap   total 98304K, used 25538K [0x00000000a1400000, 0x0000000100000000)
  region size 1024K, 20 young (20480K), 2 survivors (2048K)
 Metaspace       used 20634K, committed 20928K, reserved 1114112K
  class space    used 2379K, committed 2496K, reserved 1048576K
}
Event: 1.520 GC heap after
{Heap after GC invocations=3 (full 0):
 garbage-first heap   total 98304K, used 9622K [0x00000000a1400000, 0x0000000100000000)
  region size 1024K, 3 young (3072K), 3 survivors (3072K)
 Metaspace       used 20634K, committed 20928K, reserved 1114112K
  class space    used 2379K, committed 2496K, reserved 1048576K
}
Event: 1.569 GC heap before
{Heap before GC invocations=3 (full 0):
 garbage-first heap   total 98304K, used 12694K [0x00000000a1400000, 0x0000000100000000)
  region size 1024K, 7 young (7168K), 3 survivors (3072K)
 Metaspace       used 21291K, committed 21504K, reserved 1114112K
  class space    used 2491K, committed 2624K, reserved 1048576K
}
Event: 1.573 GC heap after
{Heap after GC invocations=4 (full 0):
 garbage-first heap   total 98304K, used 10061K [0x00000000a1400000, 0x0000000100000000)
  region size 1024K, 4 young (4096K), 4 survivors (4096K)
 Metaspace       used 21291K, committed 21504K, reserved 1114112K
  class space    used 2491K, committed 2624K, reserved 1048576K
}
Event: 1.868 GC heap before
{Heap before GC invocations=5 (full 0):
 garbage-first heap   total 40960K, used 29517K [0x00000000a1400000, 0x0000000100000000)
  region size 1024K, 25 young (25600K), 4 survivors (4096K)
 Metaspace       used 25537K, committed 25792K, reserved 1114112K
  class space    used 3112K, committed 3200K, reserved 1048576K
}
Event: 1.876 GC heap after
{Heap after GC invocations=6 (full 0):
 garbage-first heap   total 40960K, used 12175K [0x00000000a1400000, 0x0000000100000000)
  region size 1024K, 6 young (6144K), 6 survivors (6144K)
 Metaspace       used 25537K, committed 25792K, reserved 1114112K
  class space    used 3112K, committed 3200K, reserved 1048576K
}
Event: 1.888 GC heap before
{Heap before GC invocations=6 (full 0):
 garbage-first heap   total 40960K, used 13199K [0x00000000a1400000, 0x0000000100000000)
  region size 1024K, 7 young (7168K), 6 survivors (6144K)
 Metaspace       used 25738K, committed 26048K, reserved 1114112K
  class space    used 3131K, committed 3264K, reserved 1048576K
}
Event: 1.894 GC heap after
{Heap after GC invocations=7 (full 0):
 garbage-first heap   total 49152K, used 12792K [0x00000000a1400000, 0x0000000100000000)
  region size 1024K, 1 young (1024K), 1 survivors (1024K)
 Metaspace       used 25738K, committed 26048K, reserved 1114112K
  class space    used 3131K, committed 3264K, reserved 1048576K
}
Event: 2.153 GC heap before
{Heap before GC invocations=7 (full 0):
 garbage-first heap   total 49152K, used 32248K [0x00000000a1400000, 0x0000000100000000)
  region size 1024K, 21 young (21504K), 1 survivors (1024K)
 Metaspace       used 30138K, committed 30400K, reserved 1114112K
  class space    used 3654K, committed 3776K, reserved 1048576K
}
Event: 2.155 GC heap after
{Heap after GC invocations=8 (full 0):
 garbage-first heap   total 49152K, used 13220K [0x00000000a1400000, 0x0000000100000000)
  region size 1024K, 2 young (2048K), 2 survivors (2048K)
 Metaspace       used 30138K, committed 30400K, reserved 1114112K
  class space    used 3654K, committed 3776K, reserved 1048576K
}
Event: 2.496 GC heap before
{Heap before GC invocations=8 (full 0):
 garbage-first heap   total 49152K, used 32676K [0x00000000a1400000, 0x0000000100000000)
  region size 1024K, 22 young (22528K), 2 survivors (2048K)
 Metaspace       used 32040K, committed 32384K, reserved 1114112K
  class space    used 3931K, committed 4096K, reserved 1048576K
}
Event: 2.500 GC heap after
{Heap after GC invocations=9 (full 0):
 garbage-first heap   total 49152K, used 14584K [0x00000000a1400000, 0x0000000100000000)
  region size 1024K, 3 young (3072K), 3 survivors (3072K)
 Metaspace       used 32040K, committed 32384K, reserved 1114112K
  class space    used 3931K, committed 4096K, reserved 1048576K
}
Event: 2.956 GC heap before
{Heap before GC invocations=9 (full 0):
 garbage-first heap   total 49152K, used 35064K [0x00000000a1400000, 0x0000000100000000)
  region size 1024K, 23 young (23552K), 3 survivors (3072K)
 Metaspace       used 34340K, committed 34624K, reserved 1114112K
  class space    used 4290K, committed 4416K, reserved 1048576K
}
Event: 2.961 GC heap after
{Heap after GC invocations=10 (full 0):
 garbage-first heap   total 49152K, used 15629K [0x00000000a1400000, 0x0000000100000000)
  region size 1024K, 3 young (3072K), 3 survivors (3072K)
 Metaspace       used 34340K, committed 34624K, reserved 1114112K
  class space    used 4290K, committed 4416K, reserved 1048576K
}
Event: 3.166 GC heap before
{Heap before GC invocations=10 (full 0):
 garbage-first heap   total 49152K, used 23821K [0x00000000a1400000, 0x0000000100000000)
  region size 1024K, 12 young (12288K), 3 survivors (3072K)
 Metaspace       used 35893K, committed 36160K, reserved 1114112K
  class space    used 4520K, committed 4672K, reserved 1048576K
}
Event: 3.171 GC heap after
{Heap after GC invocations=11 (full 0):
 garbage-first heap   total 49152K, used 16283K [0x00000000a1400000, 0x0000000100000000)
  region size 1024K, 3 young (3072K), 3 survivors (3072K)
 Metaspace       used 35893K, committed 36160K, reserved 1114112K
  class space    used 4520K, committed 4672K, reserved 1048576K
}
Event: 3.561 GC heap before
{Heap before GC invocations=12 (full 0):
 garbage-first heap   total 49152K, used 35739K [0x00000000a1400000, 0x0000000100000000)
  region size 1024K, 23 young (23552K), 3 survivors (3072K)
 Metaspace       used 38821K, committed 39168K, reserved 1114112K
  class space    used 4934K, committed 5120K, reserved 1048576K
}
Event: 3.567 GC heap after
{Heap after GC invocations=13 (full 0):
 garbage-first heap   total 49152K, used 18283K [0x00000000a1400000, 0x0000000100000000)
  region size 1024K, 3 young (3072K), 3 survivors (3072K)
 Metaspace       used 38821K, committed 39168K, reserved 1114112K
  class space    used 4934K, committed 5120K, reserved 1048576K
}
Event: 3.931 GC heap before
{Heap before GC invocations=13 (full 0):
 garbage-first heap   total 49152K, used 35691K [0x00000000a1400000, 0x0000000100000000)
  region size 1024K, 21 young (21504K), 3 survivors (3072K)
 Metaspace       used 41391K, committed 41728K, reserved 1114112K
  class space    used 5235K, committed 5376K, reserved 1048576K
}
Event: 3.937 GC heap after
{Heap after GC invocations=14 (full 0):
 garbage-first heap   total 98304K, used 19640K [0x00000000a1400000, 0x0000000100000000)
  region size 1024K, 2 young (2048K), 2 survivors (2048K)
 Metaspace       used 41391K, committed 41728K, reserved 1114112K
  class space    used 5235K, committed 5376K, reserved 1048576K
}

Dll operation events (9 events):
Event: 0.014 Loaded shared library C:\Program Files (x86)\sts-4.19.1.RELEASE\plugins\org.eclipse.justj.openjdk.hotspot.jre.full.win32.x86_64_17.0.7.v20230425-1502\jre\bin\java.dll
Event: 0.272 Loaded shared library C:\Program Files (x86)\sts-4.19.1.RELEASE\plugins\org.eclipse.justj.openjdk.hotspot.jre.full.win32.x86_64_17.0.7.v20230425-1502\jre\bin\jimage.dll
Event: 0.289 Loaded shared library C:\Program Files (x86)\sts-4.19.1.RELEASE\plugins\org.eclipse.justj.openjdk.hotspot.jre.full.win32.x86_64_17.0.7.v20230425-1502\jre\bin\net.dll
Event: 0.291 Loaded shared library C:\Program Files (x86)\sts-4.19.1.RELEASE\plugins\org.eclipse.justj.openjdk.hotspot.jre.full.win32.x86_64_17.0.7.v20230425-1502\jre\bin\nio.dll
Event: 0.297 Loaded shared library C:\Program Files (x86)\sts-4.19.1.RELEASE\plugins\org.eclipse.justj.openjdk.hotspot.jre.full.win32.x86_64_17.0.7.v20230425-1502\jre\bin\zip.dll
Event: 0.369 Loaded shared library C:\Program Files (x86)\sts-4.19.1.RELEASE\plugins\org.eclipse.justj.openjdk.hotspot.jre.full.win32.x86_64_17.0.7.v20230425-1502\jre\bin\management.dll
Event: 0.384 Loaded shared library C:\Program Files (x86)\sts-4.19.1.RELEASE\plugins\org.eclipse.justj.openjdk.hotspot.jre.full.win32.x86_64_17.0.7.v20230425-1502\jre\bin\management_ext.dll
Event: 0.726 Loaded shared library C:\Program Files (x86)\sts-4.19.1.RELEASE\plugins\org.eclipse.justj.openjdk.hotspot.jre.full.win32.x86_64_17.0.7.v20230425-1502\jre\bin\verify.dll
Event: 4.430 Loaded shared library C:\Program Files (x86)\sts-4.19.1.RELEASE\plugins\org.eclipse.justj.openjdk.hotspot.jre.full.win32.x86_64_17.0.7.v20230425-1502\jre\bin\sunmscapi.dll

Deoptimization events (6 events):
Event: 1.886 Thread 0x0000021686733950 DEOPT PACKING pc=0x00000216f8d77199 sp=0x0000008ad63fc830
Event: 1.886 Thread 0x0000021686733950 DEOPT UNPACKING pc=0x00000216f8847143 sp=0x0000008ad63fbd10 mode 3
Event: 2.800 Thread 0x0000021686733950 DEOPT PACKING pc=0x00000216f8d98f14 sp=0x0000008ad63fd0b0
Event: 2.800 Thread 0x0000021686733950 DEOPT UNPACKING pc=0x00000216f8847143 sp=0x0000008ad63fc608 mode 0
Event: 3.502 Thread 0x0000021686733950 DEOPT PACKING pc=0x00000216f8fe8f7d sp=0x0000008ad63fcce0
Event: 3.502 Thread 0x0000021686733950 DEOPT UNPACKING pc=0x00000216f8847143 sp=0x0000008ad63fc248 mode 3

Classes unloaded (0 events):
No events

Classes redefined (0 events):
No events

Internal exceptions (20 events):
Event: 3.188 Thread 0x0000021686733950 Exception <a 'java/lang/ClassNotFoundException'{0x00000000a73be528}: org/springframework/aop/framework/AopInfrastructureBeanCustomizer> (0x00000000a73be528) 
thrown [s\src\hotspot\share\classfile\systemDictionary.cpp, line 256]
Event: 3.234 Thread 0x0000021686733950 Exception <a 'java/lang/ClassNotFoundException'{0x00000000a6ef7148}: java/lang/ObjectCustomizer> (0x00000000a6ef7148) 
thrown [s\src\hotspot\share\classfile\systemDictionary.cpp, line 256]
Event: 3.234 Thread 0x0000021686733950 Exception <a 'java/lang/ClassNotFoundException'{0x00000000a6d004d0}: org/springframework/transaction/annotation/AbstractTransactionManagementConfigurationCustomizer> (0x00000000a6d004d0) 
thrown [s\src\hotspot\share\classfile\systemDictionary.cpp, line 256]
Event: 3.235 Thread 0x0000021686733950 Exception <a 'java/lang/ClassNotFoundException'{0x00000000a6d08a78}: org/springframework/transaction/annotation/ProxyTransactionManagementConfigurationCustomizer> (0x00000000a6d08a78) 
thrown [s\src\hotspot\share\classfile\systemDictionary.cpp, line 256]
Event: 3.235 Thread 0x0000021686733950 Exception <a 'java/lang/ClassNotFoundException'{0x00000000a6d11d60}: org/springframework/context/annotation/ImportAwareCustomizer> (0x00000000a6d11d60) 
thrown [s\src\hotspot\share\classfile\systemDictionary.cpp, line 256]
Event: 3.236 Thread 0x0000021686733950 Exception <a 'java/lang/ClassNotFoundException'{0x00000000a6d18210}: org/springframework/beans/factory/AwareCustomizer> (0x00000000a6d18210) 
thrown [s\src\hotspot\share\classfile\systemDictionary.cpp, line 256]
Event: 3.266 Thread 0x0000021686733950 Exception <a 'java/lang/NoSuchMethodError'{0x00000000a6c9e2c8}: 'java.lang.Object java.lang.invoke.DirectMethodHandle$Holder.invokeSpecialIFC(java.lang.Object, java.lang.Object, java.lang.Object)'> (0x00000000a6c9e2c8) 
thrown [s\src\hotspot\share\interpreter\linkResolver.cpp, line 759]
Event: 3.365 Thread 0x0000021686733950 Exception <a 'java/lang/NoSuchMethodError'{0x00000000a3bbc498}: 'void java.lang.invoke.DirectMethodHandle$Holder.invokeInterface(java.lang.Object, java.lang.Object, int)'> (0x00000000a3bbc498) 
thrown [s\src\hotspot\share\interpreter\linkResolver.cpp, line 759]
Event: 3.370 Thread 0x0000021686733950 Exception <a 'java/lang/IncompatibleClassChangeError'{0x00000000a37128f8}: Found class java.lang.Object, but interface was expected> (0x00000000a37128f8) 
thrown [s\src\hotspot\share\interpreter\linkResolver.cpp, line 826]
Event: 3.370 Thread 0x0000021686733950 Exception <a 'java/lang/NoSuchMethodError'{0x00000000a3717c18}: 'void java.lang.invoke.DirectMethodHandle$Holder.invokeStatic(java.lang.Object, int, java.lang.Object)'> (0x00000000a3717c18) 
thrown [s\src\hotspot\share\interpreter\linkResolver.cpp, line 759]
Event: 3.373 Thread 0x0000021686733950 Exception <a 'java/lang/NoSuchMethodError'{0x00000000a3746820}: 'int java.lang.invoke.DirectMethodHandle$Holder.invokeSpecial(java.lang.Object, java.lang.Object, int)'> (0x00000000a3746820) 
thrown [s\src\hotspot\share\interpreter\linkResolver.cpp, line 759]
Event: 3.655 Thread 0x000002168679c950 Exception <a 'java/lang/reflect/InvocationTargetException'{0x00000000a6ce4e90}> (0x00000000a6ce4e90) 
thrown [s\src\hotspot\share\runtime\reflection.cpp, line 1121]
Event: 3.678 Thread 0x0000021686733950 Exception <a 'java/io/FileNotFoundException'{0x00000000a3e8b168}> (0x00000000a3e8b168) 
thrown [s\src\hotspot\share\prims\jni.cpp, line 516]
Event: 3.699 Thread 0x0000021686733950 Exception <a 'java/lang/NoSuchMethodError'{0x00000000a3db4aa8}: 'int java.lang.invoke.DirectMethodHandle$Holder.invokeInterface(java.lang.Object, java.lang.Object, java.lang.Object, java.lang.Object)'> (0x00000000a3db4aa8) 
thrown [s\src\hotspot\share\interpreter\linkResolver.cpp, line 759]
Event: 3.755 Thread 0x0000021686733950 Exception <a 'java/io/FileNotFoundException'{0x00000000a3b92740}> (0x00000000a3b92740) 
thrown [s\src\hotspot\share\prims\jni.cpp, line 516]
Event: 3.786 Thread 0x0000021686733950 Exception <a 'java/lang/NoSuchMethodError'{0x00000000a39805b0}: 'void java.lang.invoke.DirectMethodHandle$Holder.invokeVirtual(java.lang.Object, java.lang.Object, java.lang.Object, java.lang.Object)'> (0x00000000a39805b0) 
thrown [s\src\hotspot\share\interpreter\linkResolver.cpp, line 759]
Event: 4.159 Thread 0x000002168679c950 Exception <a 'java/lang/reflect/InvocationTargetException'{0x00000000a6c82770}> (0x00000000a6c82770) 
thrown [s\src\hotspot\share\runtime\reflection.cpp, line 1121]
Event: 4.451 Thread 0x0000021686733950 Exception <a 'sun/nio/fs/WindowsException'{0x00000000a6210e10}> (0x00000000a6210e10) 
thrown [s\src\hotspot\share\prims\jni.cpp, line 516]
Event: 4.676 Thread 0x000002168679c950 Exception <a 'java/lang/reflect/InvocationTargetException'{0x00000000a6c860d0}> (0x00000000a6c860d0) 
thrown [s\src\hotspot\share\runtime\reflection.cpp, line 1121]
Event: 4.679 Thread 0x0000021686733950 Exception <a 'java/lang/NoSuchMethodError'{0x00000000a5c56140}: 'java.lang.Object java.lang.invoke.DirectMethodHandle$Holder.invokeStaticInit(java.lang.Object, java.lang.Object, java.lang.Object, java.lang.Object)'> (0x00000000a5c56140) 
thrown [s\src\hotspot\share\interpreter\linkResolver.cpp, line 759]

VM Operations (20 events):
Event: 3.759 Executing VM operation: HandshakeAllThreads
Event: 3.759 Executing VM operation: HandshakeAllThreads done
Event: 3.824 Executing VM operation: HandshakeAllThreads
Event: 3.824 Executing VM operation: HandshakeAllThreads done
Event: 3.931 Executing VM operation: G1CollectForAllocation
Event: 3.937 Executing VM operation: G1CollectForAllocation done
Event: 4.440 Executing VM operation: HandshakeAllThreads
Event: 4.440 Executing VM operation: HandshakeAllThreads done
Event: 4.452 Executing VM operation: HandshakeAllThreads
Event: 4.452 Executing VM operation: HandshakeAllThreads done
Event: 4.456 Executing VM operation: HandshakeAllThreads
Event: 4.456 Executing VM operation: HandshakeAllThreads done
Event: 4.642 Executing VM operation: HandshakeAllThreads
Event: 4.642 Executing VM operation: HandshakeAllThreads done
Event: 4.642 Executing VM operation: HandshakeAllThreads
Event: 4.642 Executing VM operation: HandshakeAllThreads done
Event: 4.822 Executing VM operation: HandshakeAllThreads
Event: 4.823 Executing VM operation: HandshakeAllThreads done
Event: 4.839 Executing VM operation: HandshakeAllThreads
Event: 4.839 Executing VM operation: HandshakeAllThreads done

Events (20 events):
Event: 4.532 loading class java/util/Timer$ThreadReaper
Event: 4.532 loading class java/util/Timer$ThreadReaper done
Event: 4.532 Thread 0x00000216867b9a30 Thread added: 0x00000216867b9a30
Event: 4.542 Thread 0x00000216867b8220 Thread added: 0x00000216867b8220
Event: 4.542 loading class java/util/concurrent/ThreadPoolExecutor$DiscardOldestPolicy
Event: 4.542 loading class java/util/concurrent/ThreadPoolExecutor$DiscardOldestPolicy done
Event: 4.543 loading class java/util/concurrent/ThreadPoolExecutor$CallerRunsPolicy
Event: 4.543 loading class java/util/concurrent/ThreadPoolExecutor$CallerRunsPolicy done
Event: 4.608 loading class java/util/regex/Pattern$1MatcherIterator
Event: 4.608 loading class java/util/regex/Pattern$1MatcherIterator done
Event: 4.645 Thread 0x00000216867b6070 Thread added: 0x00000216867b6070
Event: 4.848 loading class jdk/internal/ValueBased
Event: 4.848 loading class jdk/internal/ValueBased done
Event: 4.964 loading class sun/security/provider/MD5
Event: 4.964 loading class sun/security/provider/MD5 done
Event: 4.965 loading class sun/security/provider/ByteArrayAccess$LE
Event: 4.965 loading class sun/security/provider/ByteArrayAccess$LE done
Event: 4.965 loading class java/lang/StrictMath
Event: 4.965 loading class java/lang/StrictMath done
Event: 4.965 loading class java/math/MutableBigInteger


Dynamic libraries:
0x00007ff611b80000 - 0x00007ff611b8e000 	C:\Program Files (x86)\sts-4.19.1.RELEASE\plugins\org.eclipse.justj.openjdk.hotspot.jre.full.win32.x86_64_17.0.7.v20230425-1502\jre\bin\javaw.exe
0x00007ffb8a4f0000 - 0x00007ffb8a6e8000 	C:\Windows\SYSTEM32\ntdll.dll
0x00007ffb89ae0000 - 0x00007ffb89b9f000 	C:\Windows\System32\KERNEL32.DLL
0x00007ffb88220000 - 0x00007ffb884f2000 	C:\Windows\System32\KERNELBASE.dll
0x00007ffb87f30000 - 0x00007ffb88030000 	C:\Windows\System32\ucrtbase.dll
0x00007ffb78000000 - 0x00007ffb78017000 	C:\Program Files (x86)\sts-4.19.1.RELEASE\plugins\org.eclipse.justj.openjdk.hotspot.jre.full.win32.x86_64_17.0.7.v20230425-1502\jre\bin\jli.dll
0x00007ffb89d70000 - 0x00007ffb89f11000 	C:\Windows\System32\USER32.dll
0x00007ffb87f00000 - 0x00007ffb87f22000 	C:\Windows\System32\win32u.dll
0x00007ffb89d40000 - 0x00007ffb89d6b000 	C:\Windows\System32\GDI32.dll
0x00007ffb87be0000 - 0x00007ffb87cef000 	C:\Windows\System32\gdi32full.dll
0x00007ffb87df0000 - 0x00007ffb87e8d000 	C:\Windows\System32\msvcp_win.dll
0x00007ffb83690000 - 0x00007ffb836a9000 	C:\Program Files (x86)\sts-4.19.1.RELEASE\plugins\org.eclipse.justj.openjdk.hotspot.jre.full.win32.x86_64_17.0.7.v20230425-1502\jre\bin\VCRUNTIME140.dll
0x00007ffb73670000 - 0x00007ffb7390a000 	C:\Windows\WinSxS\amd64_microsoft.windows.common-controls_6595b64144ccf1df_6.0.19041.1110_none_60b5254171f9507e\COMCTL32.dll
0x00007ffb89f20000 - 0x00007ffb89fbe000 	C:\Windows\System32\msvcrt.dll
0x00007ffb8a2e0000 - 0x00007ffb8a312000 	C:\Windows\System32\IMM32.DLL
0x00007ffb83250000 - 0x00007ffb8325c000 	C:\Program Files (x86)\sts-4.19.1.RELEASE\plugins\org.eclipse.justj.openjdk.hotspot.jre.full.win32.x86_64_17.0.7.v20230425-1502\jre\bin\vcruntime140_1.dll
0x00007ffb757b0000 - 0x00007ffb75841000 	C:\Program Files (x86)\sts-4.19.1.RELEASE\plugins\org.eclipse.justj.openjdk.hotspot.jre.full.win32.x86_64_17.0.7.v20230425-1502\jre\bin\msvcp140.dll
0x00007ffb547a0000 - 0x00007ffb553e8000 	C:\Program Files (x86)\sts-4.19.1.RELEASE\plugins\org.eclipse.justj.openjdk.hotspot.jre.full.win32.x86_64_17.0.7.v20230425-1502\jre\bin\server\jvm.dll
0x00007ffb89bb0000 - 0x00007ffb89c5e000 	C:\Windows\System32\ADVAPI32.dll
0x00007ffb89340000 - 0x00007ffb893dc000 	C:\Windows\System32\sechost.dll
0x00007ffb89fe0000 - 0x00007ffb8a105000 	C:\Windows\System32\RPCRT4.dll
0x00007ffb6ec10000 - 0x00007ffb6ec19000 	C:\Windows\SYSTEM32\WSOCK32.dll
0x00007ffb89a70000 - 0x00007ffb89adb000 	C:\Windows\System32\WS2_32.dll
0x00007ffb7dee0000 - 0x00007ffb7df07000 	C:\Windows\SYSTEM32\WINMM.dll
0x00007ffb81980000 - 0x00007ffb8198a000 	C:\Windows\SYSTEM32\VERSION.dll
0x00007ffb85950000 - 0x00007ffb85962000 	C:\Windows\SYSTEM32\kernel.appcore.dll
0x00007ffb75710000 - 0x00007ffb7571a000 	C:\Program Files (x86)\sts-4.19.1.RELEASE\plugins\org.eclipse.justj.openjdk.hotspot.jre.full.win32.x86_64_17.0.7.v20230425-1502\jre\bin\jimage.dll
0x00007ffb73b50000 - 0x00007ffb73d34000 	C:\Windows\SYSTEM32\DBGHELP.DLL
0x00007ffb70530000 - 0x00007ffb70565000 	C:\Windows\SYSTEM32\dbgcore.DLL
0x00007ffb88030000 - 0x00007ffb880b2000 	C:\Windows\System32\bcryptPrimitives.dll
0x00007ffb673d0000 - 0x00007ffb673f5000 	C:\Program Files (x86)\sts-4.19.1.RELEASE\plugins\org.eclipse.justj.openjdk.hotspot.jre.full.win32.x86_64_17.0.7.v20230425-1502\jre\bin\java.dll
0x00007ffb673b0000 - 0x00007ffb673c8000 	C:\Program Files (x86)\sts-4.19.1.RELEASE\plugins\org.eclipse.justj.openjdk.hotspot.jre.full.win32.x86_64_17.0.7.v20230425-1502\jre\bin\zip.dll
0x00007ffb88bf0000 - 0x00007ffb89335000 	C:\Windows\System32\SHELL32.dll
0x00007ffb85c60000 - 0x00007ffb863f2000 	C:\Windows\SYSTEM32\windows.storage.dll
0x00007ffb88890000 - 0x00007ffb88be5000 	C:\Windows\System32\combase.dll
0x00007ffb87480000 - 0x00007ffb874b0000 	C:\Windows\SYSTEM32\Wldp.dll
0x00007ffb898e0000 - 0x00007ffb8998d000 	C:\Windows\System32\SHCORE.dll
0x00007ffb88760000 - 0x00007ffb887b5000 	C:\Windows\System32\shlwapi.dll
0x00007ffb87b20000 - 0x00007ffb87b3f000 	C:\Windows\SYSTEM32\profapi.dll
0x00007ffb66c00000 - 0x00007ffb66c19000 	C:\Program Files (x86)\sts-4.19.1.RELEASE\plugins\org.eclipse.justj.openjdk.hotspot.jre.full.win32.x86_64_17.0.7.v20230425-1502\jre\bin\net.dll
0x00007ffb808a0000 - 0x00007ffb809ac000 	C:\Windows\SYSTEM32\WINHTTP.dll
0x00007ffb87260000 - 0x00007ffb872ca000 	C:\Windows\system32\mswsock.dll
0x00007ffb66be0000 - 0x00007ffb66bf5000 	C:\Program Files (x86)\sts-4.19.1.RELEASE\plugins\org.eclipse.justj.openjdk.hotspot.jre.full.win32.x86_64_17.0.7.v20230425-1502\jre\bin\nio.dll
0x00007ffb7f340000 - 0x00007ffb7f349000 	C:\Program Files (x86)\sts-4.19.1.RELEASE\plugins\org.eclipse.justj.openjdk.hotspot.jre.full.win32.x86_64_17.0.7.v20230425-1502\jre\bin\management.dll
0x00007ffb77ff0000 - 0x00007ffb77ffb000 	C:\Program Files (x86)\sts-4.19.1.RELEASE\plugins\org.eclipse.justj.openjdk.hotspot.jre.full.win32.x86_64_17.0.7.v20230425-1502\jre\bin\management_ext.dll
0x00007ffb885a0000 - 0x00007ffb885a8000 	C:\Windows\System32\PSAPI.DLL
0x00007ffb819e0000 - 0x00007ffb819f7000 	C:\Windows\system32\napinsp.dll
0x00007ffb75eb0000 - 0x00007ffb75ecb000 	C:\Windows\system32\pnrpnsp.dll
0x00007ffb81d60000 - 0x00007ffb81d75000 	C:\Windows\system32\wshbth.dll
0x00007ffb833e0000 - 0x00007ffb833fd000 	C:\Windows\system32\NLAapi.dll
0x00007ffb86f70000 - 0x00007ffb86fab000 	C:\Windows\SYSTEM32\IPHLPAPI.DLL
0x00007ffb86fb0000 - 0x00007ffb8707b000 	C:\Windows\SYSTEM32\DNSAPI.dll
0x00007ffb88590000 - 0x00007ffb88598000 	C:\Windows\System32\NSI.dll
0x00007ffb75e90000 - 0x00007ffb75ea2000 	C:\Windows\System32\winrnr.dll
0x00007ffb78480000 - 0x00007ffb7848a000 	C:\Windows\System32\rasadhlp.dll
0x00007ffb7f7c0000 - 0x00007ffb7f840000 	C:\Windows\System32\fwpuclnt.dll
0x00007ffb88500000 - 0x00007ffb88527000 	C:\Windows\System32\bcrypt.dll
0x00007ffb874c0000 - 0x00007ffb874d8000 	C:\Windows\SYSTEM32\CRYPTSP.dll
0x00007ffb86ba0000 - 0x00007ffb86bd4000 	C:\Windows\system32\rsaenh.dll
0x00007ffb87ae0000 - 0x00007ffb87b0e000 	C:\Windows\SYSTEM32\USERENV.dll
0x00007ffb873f0000 - 0x00007ffb873fc000 	C:\Windows\SYSTEM32\CRYPTBASE.dll
0x00007ffb7f9d0000 - 0x00007ffb7f9e7000 	C:\Windows\SYSTEM32\dhcpcsvc6.DLL
0x00007ffb7f9b0000 - 0x00007ffb7f9cd000 	C:\Windows\SYSTEM32\dhcpcsvc.DLL
0x00007ffb72b00000 - 0x00007ffb72b10000 	C:\Program Files (x86)\sts-4.19.1.RELEASE\plugins\org.eclipse.justj.openjdk.hotspot.jre.full.win32.x86_64_17.0.7.v20230425-1502\jre\bin\verify.dll
0x00007ffb71ae0000 - 0x00007ffb71aee000 	C:\Program Files (x86)\sts-4.19.1.RELEASE\plugins\org.eclipse.justj.openjdk.hotspot.jre.full.win32.x86_64_17.0.7.v20230425-1502\jre\bin\sunmscapi.dll
0x00007ffb880c0000 - 0x00007ffb88216000 	C:\Windows\System32\CRYPT32.dll
0x00007ffb875d0000 - 0x00007ffb875f7000 	C:\Windows\SYSTEM32\ncrypt.dll
0x00007ffb87590000 - 0x00007ffb875cb000 	C:\Windows\SYSTEM32\NTASN1.dll

dbghelp: loaded successfully - version: 4.0.5 - missing functions: none
symbol engine: initialized successfully - sym options: 0x614 - pdb path: .;C:\Program Files (x86)\sts-4.19.1.RELEASE\plugins\org.eclipse.justj.openjdk.hotspot.jre.full.win32.x86_64_17.0.7.v20230425-1502\jre\bin;C:\Windows\SYSTEM32;C:\Windows\WinSxS\amd64_microsoft.windows.common-controls_6595b64144ccf1df_6.0.19041.1110_none_60b5254171f9507e;C:\Program Files (x86)\sts-4.19.1.RELEASE\plugins\org.eclipse.justj.openjdk.hotspot.jre.full.win32.x86_64_17.0.7.v20230425-1502\jre\bin\server

VM Arguments:
jvm_args: -Dcom.sun.management.jmxremote -Dcom.sun.management.jmxremote.port=55114 -Dcom.sun.management.jmxremote.authenticate=false -Dcom.sun.management.jmxremote.ssl=false -Djava.rmi.server.hostname=localhost -Dspring.jmx.enabled=true -Dmanagement.endpoints.jmx.exposure.include=* -Dspring.application.admin.enabled=true -XX:TieredStopAtLevel=1 -Dspring.boot.project.name=miniproject -Dfile.encoding=UTF-8 -Dstdout.encoding=UTF-8 -Dstderr.encoding=UTF-8 -XX:+ShowCodeDetailsInExceptionMessages 
java_command: com.teama.minpro.teama.MiniprojectApplication --spring.output.ansi.enabled=always
java_class_path (initial): D:\BELAJAR KODING\XSIS\BATCH-327\minpro-team-a\miniproject\target\classes;C:\Users\Admin\.m2\repository\org\springframework\boot\spring-boot-starter-data-jpa\2.4.1\spring-boot-starter-data-jpa-2.4.1.jar;C:\Users\Admin\.m2\repository\org\springframework\boot\spring-boot-starter-aop\2.4.1\spring-boot-starter-aop-2.4.1.jar;C:\Users\Admin\.m2\repository\org\springframework\spring-aop\5.3.2\spring-aop-5.3.2.jar;C:\Users\Admin\.m2\repository\org\aspectj\aspectjweaver\1.9.6\aspectjweaver-1.9.6.jar;C:\Users\Admin\.m2\repository\org\springframework\boot\spring-boot-starter-jdbc\2.4.1\spring-boot-starter-jdbc-2.4.1.jar;C:\Users\Admin\.m2\repository\com\zaxxer\HikariCP\3.4.5\HikariCP-3.4.5.jar;C:\Users\Admin\.m2\repository\org\springframework\spring-jdbc\5.3.2\spring-jdbc-5.3.2.jar;C:\Users\Admin\.m2\repository\jakarta\transaction\jakarta.transaction-api\1.3.3\jakarta.transaction-api-1.3.3.jar;C:\Users\Admin\.m2\repository\jakarta\persistence\jakarta.persistence-api\2.2.3\jakarta.persistence-api-2.2.3.jar;C:\Users\Admin\.m2\repository\org\hibernate\hibernate-core\5.4.25.Final\hibernate-core-5.4.25.Final.jar;C:\Users\Admin\.m2\repository\org\jboss\logging\jboss-logging\3.4.1.Final\jboss-logging-3.4.1.Final.jar;C:\Users\Admin\.m2\repository\org\javassist\javassist\3.27.0-GA\javassist-3.27.0-GA.jar;C:\Users\Admin\.m2\repository\net\bytebuddy\byte-buddy\1.10.18\byte-buddy-1.10.18.jar;C:\Users\Admin\.m2\repository\antlr\antlr\2.7.7\antlr-2.7.7.jar;C:\Users\Admin\.m2\repository\org\jboss\jandex\2.1.3.Final\jandex-2.1.3.Final.jar;C:\Users\Admin\.m2\repository\com\fasterxml\classmate\1.5.1\classmate-1.5.1.jar;C:\Users\Admin\.m2\repository\org\dom4j\dom4j\2.1.3\dom4j-2.1.3.jar;C:\Users\Admin\.m2\repository\org\hibernate\common\hibernate-commons-annotations\5.1.2.Final\hibernate-commons-annotations-5.1.2.Final.jar;C:\Users\Admin\.m2\repository\org\glassfish\jaxb\jaxb-runtime\2.3.3\jaxb-runtime-2.3.3.jar;C:\Users\Admin\.m2\repository\org\glassfish\jaxb\txw2\2
Launcher Type: SUN_STANDARD

[Global flags]
     intx CICompilerCount                          = 3                                         {product} {ergonomic}
     uint ConcGCThreads                            = 1                                         {product} {ergonomic}
     uint G1ConcRefinementThreads                  = 4                                         {product} {ergonomic}
   size_t G1HeapRegionSize                         = 1048576                                   {product} {ergonomic}
    uintx GCDrainStackTargetSize                   = 64                                        {product} {ergonomic}
   size_t InitialHeapSize                          = 100663296                                 {product} {ergonomic}
     bool ManagementServer                         = true                                      {product} {command line}
   size_t MarkStackSize                            = 4194304                                   {product} {ergonomic}
   size_t MaxHeapSize                              = 1589641216                                {product} {ergonomic}
   size_t MaxNewSize                               = 953155584                                 {product} {ergonomic}
   size_t MinHeapDeltaBytes                        = 1048576                                   {product} {ergonomic}
   size_t MinHeapSize                              = 8388608                                   {product} {ergonomic}
    uintx NonProfiledCodeHeapSize                  = 0                                      {pd product} {ergonomic}
     bool ProfileInterpreter                       = false                                  {pd product} {command line}
    uintx ProfiledCodeHeapSize                     = 0                                      {pd product} {ergonomic}
     bool ShowCodeDetailsInExceptionMessages       = true                                   {manageable} {command line}
   size_t SoftMaxHeapSize                          = 1589641216                             {manageable} {ergonomic}
     intx TieredStopAtLevel                        = 1                                         {product} {command line}
     bool UseCompressedClassPointers               = true                           {product lp64_product} {ergonomic}
     bool UseCompressedOops                        = true                           {product lp64_product} {ergonomic}
     bool UseG1GC                                  = true                                      {product} {ergonomic}
     bool UseLargePagesIndividualAllocation        = false                                  {pd product} {ergonomic}

Logging:
Log output configuration:
 #0: stdout all=warning uptime,level,tags
 #1: stderr all=off uptime,level,tags

Environment Variables:
JAVA_HOME=C:\Program Files\Java\jdk-20.0.2
PATH=C:/Program Files (x86)/sts-4.19.1.RELEASE//plugins/org.eclipse.justj.openjdk.hotspot.jre.full.win32.x86_64_17.0.7.v20230425-1502/jre/bin/server;C:/Program Files (x86)/sts-4.19.1.RELEASE//plugins/org.eclipse.justj.openjdk.hotspot.jre.full.win32.x86_64_17.0.7.v20230425-1502/jre/bin;C:\Windows\system32;C:\Windows;C:\Windows\System32\Wbem;C:\Windows\System32\WindowsPowerShell\v1.0\;C:\Windows\System32\OpenSSH\;C:\Program Files\Java\jdk-20.0.2\bin;C:\Program Files\Git\cmd;C:\Program Files\Docker\Docker\resources\bin;C:\Users\Admin\AppData\Local\Microsoft\WindowsApps;;C:\Users\Admin\AppData\Local\Programs\Microsoft VS Code\bin;C:\Program Files (x86)\sts-4.19.1.RELEASE;
USERNAME=Irfan
OS=Windows_NT
PROCESSOR_IDENTIFIER=AMD64 Family 23 Model 24 Stepping 1, AuthenticAMD
TMP=C:\Users\Admin\AppData\Local\Temp
TEMP=C:\Users\Admin\AppData\Local\Temp



---------------  S Y S T E M  ---------------

OS:
 Windows 10 , 64 bit Build 19041 (10.0.19041.2545)
OS uptime: 0 days 3:24 hours
Hyper-V role detected

CPU: total 4 (initial active 4) (4 cores per cpu, 2 threads per core) family 23 model 24 stepping 1 microcode 0x0, cx8, cmov, fxsr, ht, mmx, 3dnowpref, sse, sse2, sse3, ssse3, sse4a, sse4.1, sse4.2, popcnt, lzcnt, tsc, tscinvbit, avx, avx2, aes, clmul, bmi1, bmi2, adx, sha, fma, vzeroupper, clflush, clflushopt, hv

Memory: 4k page, system-wide physical 6058M (348M free)
TotalPageFile size 6058M (AvailPageFile size 2M)
current process WorkingSet (physical memory assigned to process): 195M, peak: 195M
current process commit charge ("private bytes"): 241M, peak: 241M

vm_info: OpenJDK 64-Bit Server VM (17.0.7+7) for windows-amd64 JRE (17.0.7+7), built on Apr 18 2023 22:10:42 by "temurin" with MS VC++ 16.7 (VS2019)

END.
