#
# There is insufficient memory for the Java Runtime Environment to continue.
# Native memory allocation (malloc) failed to allocate 32744 bytes for ChunkPool::allocate
# Possible reasons:
#   The system is out of physical RAM or swap space
#   The process is running with CompressedOops enabled, and the Java Heap may be blocking the growth of the native heap
# Possible solutions:
#   Reduce memory load on the system
#   Increase physical memory or swap space
#   Check if swap backing store is full
#   Decrease Java heap size (-Xmx/-Xms)
#   Decrease number of Java threads
#   Decrease Java thread stack sizes (-Xss)
#   Set larger code cache with -XX:ReservedCodeCacheSize=
#   JVM is running with Unscaled Compressed Oops mode in which the Java heap is
#     placed in the first 4GB address space. The Java Heap base address is the
#     maximum limit for the native heap growth. Please use -XX:HeapBaseMinAddress
#     to set the Java Heap base and to place the Java Heap above 4GB virtual address.
# This output file may be truncated or incomplete.
#
#  Out of Memory Error (arena.cpp:78), pid=3120, tid=7260
#
# JRE version: OpenJDK Runtime Environment Temurin-17.0.7+7 (17.0.7+7) (build 17.0.7+7)
# Java VM: OpenJDK 64-Bit Server VM Temurin-17.0.7+7 (17.0.7+7, mixed mode, emulated-client, tiered, compressed oops, compressed class ptrs, g1 gc, windows-amd64)
# No core dump will be written. Minidumps are not enabled by default on client versions of Windows
#

---------------  S U M M A R Y ------------

Command Line: -Dcom.sun.management.jmxremote -Dcom.sun.management.jmxremote.port=62675 -Dcom.sun.management.jmxremote.authenticate=false -Dcom.sun.management.jmxremote.ssl=false -Djava.rmi.server.hostname=localhost -Dspring.jmx.enabled=true -Dmanagement.endpoints.jmx.exposure.include=* -Dspring.application.admin.enabled=true -XX:TieredStopAtLevel=1 -Dspring.boot.project.name=miniproject -Dfile.encoding=UTF-8 -Dstdout.encoding=UTF-8 -Dstderr.encoding=UTF-8 -XX:+ShowCodeDetailsInExceptionMessages com.teama.minpro.teama.MiniprojectApplication --spring.output.ansi.enabled=always

Host: AMD Ryzen 3 3200U with Radeon Vega Mobile Gfx  , 4 cores, 5G,  Windows 10 , 64 bit Build 19041 (10.0.19041.2545)
Time: Mon Nov 27 16:14:00 2023 SE Asia Standard Time elapsed time: 1068.704195 seconds (0d 0h 17m 48s)

---------------  T H R E A D  ---------------

Current thread (0x000001fd8051ca20):  JavaThread "C1 CompilerThread0" daemon [_thread_in_native, id=7260, stack(0x000000fae8a00000,0x000000fae8b00000)]


Current CompileTask:
C1:1068704 14869       1       org.postgresql.shaded.com.ongres.stringprep.StringPrep::unassignedCodePoints (4322 bytes)

Stack: [0x000000fae8a00000,0x000000fae8b00000]
Native frames: (J=compiled Java code, j=interpreted, Vv=VM code, C=native code)
V  [jvm.dll+0x67754a]
V  [jvm.dll+0x834304]
V  [jvm.dll+0x835aae]
V  [jvm.dll+0x836113]
V  [jvm.dll+0x24696f]
V  [jvm.dll+0xac2cc]
V  [jvm.dll+0xac67c]
V  [jvm.dll+0x18f065]
V  [jvm.dll+0x1350ed]
V  [jvm.dll+0x135350]
V  [jvm.dll+0x135616]
V  [jvm.dll+0x134aaa]
V  [jvm.dll+0x136771]
V  [jvm.dll+0x2284da]
V  [jvm.dll+0x226615]
V  [jvm.dll+0x7ea90b]
V  [jvm.dll+0x7e4e7a]
V  [jvm.dll+0x676395]
C  [ucrtbase.dll+0x21bb2]
C  [KERNEL32.DLL+0x17614]
C  [ntdll.dll+0x526a1]


---------------  P R O C E S S  ---------------

Threads class SMR info:
_java_thread_list=0x000001fd86b11710, length=23, elements={
0x000001fd804c1dd0, 0x000001fd804b7a00, 0x000001fd805193a0, 0x000001fd80519f20,
0x000001fd8051b7f0, 0x000001fd8051c0b0, 0x000001fd8051ca20, 0x000001fd8051fd70,
0x000001fd806ec450, 0x000001fd807ebb40, 0x000001fd853970a0, 0x000001fd8533f480,
0x000001fd8556d460, 0x000001fd8585dfa0, 0x000001fd858bd930, 0x000001fd85eda690,
0x000001fd87974c40, 0x000001fd879720f0, 0x000001fd87970410, 0x000001fd879708e0,
0x000001fd87970db0, 0x000001fd87971280, 0x000001fd87971750
}

Java Threads: ( => current thread )
  0x000001fd804c1dd0 JavaThread "Reference Handler" daemon [_thread_blocked, id=8392, stack(0x000000fae8400000,0x000000fae8500000)]
  0x000001fd804b7a00 JavaThread "Finalizer" daemon [_thread_blocked, id=2792, stack(0x000000fae8500000,0x000000fae8600000)]
  0x000001fd805193a0 JavaThread "Signal Dispatcher" daemon [_thread_blocked, id=6380, stack(0x000000fae8600000,0x000000fae8700000)]
  0x000001fd80519f20 JavaThread "Attach Listener" daemon [_thread_blocked, id=9032, stack(0x000000fae8700000,0x000000fae8800000)]
  0x000001fd8051b7f0 JavaThread "Service Thread" daemon [_thread_blocked, id=8012, stack(0x000000fae8800000,0x000000fae8900000)]
  0x000001fd8051c0b0 JavaThread "Monitor Deflation Thread" daemon [_thread_blocked, id=9304, stack(0x000000fae8900000,0x000000fae8a00000)]
=>0x000001fd8051ca20 JavaThread "C1 CompilerThread0" daemon [_thread_in_native, id=7260, stack(0x000000fae8a00000,0x000000fae8b00000)]
  0x000001fd8051fd70 JavaThread "Sweeper thread" daemon [_thread_blocked, id=7760, stack(0x000000fae8b00000,0x000000fae8c00000)]
  0x000001fd806ec450 JavaThread "Common-Cleaner" daemon [_thread_blocked, id=9656, stack(0x000000fae8c00000,0x000000fae8d00000)]
  0x000001fd807ebb40 JavaThread "Notification Thread" daemon [_thread_blocked, id=788, stack(0x000000fae8f00000,0x000000fae9000000)]
  0x000001fd853970a0 JavaThread "RMI TCP Accept-0" daemon [_thread_in_native, id=7112, stack(0x000000fae9100000,0x000000fae9200000)]
  0x000001fd8533f480 JavaThread "RMI TCP Accept-62675" daemon [_thread_in_native, id=1524, stack(0x000000fae9200000,0x000000fae9300000)]
  0x000001fd8556d460 JavaThread "RMI TCP Accept-0" daemon [_thread_in_native, id=10052, stack(0x000000fae9300000,0x000000fae9400000)]
  0x000001fd8585dfa0 JavaThread "RMI Scheduler(0)" daemon [_thread_blocked, id=8548, stack(0x000000fae9d00000,0x000000fae9e00000)]
  0x000001fd858bd930 JavaThread "JMX server connection timeout 24" daemon [_thread_blocked, id=9280, stack(0x000000fae9f00000,0x000000faea000000)]
  0x000001fd85eda690 JavaThread "Live Reload Server" daemon [_thread_in_native, id=4304, stack(0x000000faea800000,0x000000faea900000)]
  0x000001fd87974c40 JavaThread "DestroyJavaVM" [_thread_blocked, id=9400, stack(0x000000fae7d00000,0x000000fae7e00000)]
  0x000001fd879720f0 JavaThread "RMI TCP Connection(idle)" daemon [_thread_blocked, id=8836, stack(0x000000faeaf00000,0x000000faeb000000)]
  0x000001fd87970410 JavaThread "RMI TCP Connection(idle)" daemon [_thread_blocked, id=8728, stack(0x000000faeb100000,0x000000faeb200000)]
  0x000001fd879708e0 JavaThread "RMI TCP Connection(idle)" daemon [_thread_blocked, id=10168, stack(0x000000faeb200000,0x000000faeb300000)]
  0x000001fd87970db0 JavaThread "RMI TCP Connection(idle)" daemon [_thread_blocked, id=6964, stack(0x000000fae7c00000,0x000000fae7d00000)]
  0x000001fd87971280 JavaThread "Thread-28" [_thread_blocked, id=10408, stack(0x000000fae9a00000,0x000000fae9b00000)]
  0x000001fd87971750 JavaThread "restartedMain" [_thread_in_Java, id=700, stack(0x000000fae9b00000,0x000000fae9c00000)]

Other Threads:
  0x000001fd804dca50 VMThread "VM Thread" [stack: 0x000000fae8300000,0x000000fae8400000] [id=556]
  0x000001fd8539e450 WatcherThread [stack: 0x000000fae9400000,0x000000fae9500000] [id=8380]
  0x000001fdf4266100 GCTaskThread "GC Thread#0" [stack: 0x000000fae7e00000,0x000000fae7f00000] [id=2564]
  0x000001fd8559be20 GCTaskThread "GC Thread#1" [stack: 0x000000fae9500000,0x000000fae9600000] [id=3132]
  0x000001fd85575320 GCTaskThread "GC Thread#2" [stack: 0x000000fae9600000,0x000000fae9700000] [id=7208]
  0x000001fd855755d0 GCTaskThread "GC Thread#3" [stack: 0x000000fae9700000,0x000000fae9800000] [id=4796]
  0x000001fdf4272cd0 ConcurrentGCThread "G1 Main Marker" [stack: 0x000000fae7f00000,0x000000fae8000000] [id=9484]
  0x000001fdf4273d90 ConcurrentGCThread "G1 Conc#0" [stack: 0x000000fae8000000,0x000000fae8100000] [id=652]
  0x000001fdf42d4d10 ConcurrentGCThread "G1 Refine#0" [stack: 0x000000fae8100000,0x000000fae8200000] [id=10512]
  0x000001fd8557a130 ConcurrentGCThread "G1 Refine#1" [stack: 0x000000fae9800000,0x000000fae9900000] [id=8928]
  0x000001fd855c1830 ConcurrentGCThread "G1 Refine#2" [stack: 0x000000fae9900000,0x000000fae9a00000] [id=6236]
  0x000001fdf42d5640 ConcurrentGCThread "G1 Service" [stack: 0x000000fae8200000,0x000000fae8300000] [id=228]

Threads with active compile tasks:
C1 CompilerThread0  1068739 14869       1       org.postgresql.shaded.com.ongres.stringprep.StringPrep::unassignedCodePoints (4322 bytes)

VM state: not at safepoint (normal execution)

VM Mutex/Monitor currently owned by a thread: None

Heap address: 0x00000000a1400000, size: 1516 MB, Compressed Oops mode: 32-bit

CDS archive(s) not mapped
Compressed class space mapped at: 0x0000000100000000-0x0000000140000000, reserved size: 1073741824
Narrow klass base: 0x0000000000000000, Narrow klass shift: 3, Narrow klass range: 0x140000000

GC Precious Log:
 CPUs: 4 total, 4 available
 Memory: 6058M
 Large Page Support: Disabled
 NUMA Support: Disabled
 Compressed Oops: Enabled (32-bit)
 Heap Region Size: 1M
 Heap Min Capacity: 8M
 Heap Initial Capacity: 96M
 Heap Max Capacity: 1516M
 Pre-touch: Disabled
 Parallel Workers: 4
 Concurrent Workers: 1
 Concurrent Refinement Workers: 4
 Periodic GC: Disabled

Heap:
 garbage-first heap   total 106496K, used 74736K [0x00000000a1400000, 0x0000000100000000)
  region size 1024K, 45 young (46080K), 5 survivors (5120K)
 Metaspace       used 85025K, committed 85696K, reserved 1179648K
  class space    used 11171K, committed 11520K, reserved 1048576K

Heap Regions: E=young(eden), S=young(survivor), O=old, HS=humongous(starts), HC=humongous(continues), CS=collection set, F=free, OA=open archive, CA=closed archive, TAMS=top-at-mark-start (previous, next)
|   0|0x00000000a1400000, 0x00000000a1500000, 0x00000000a1500000|100%|HS|  |TAMS 0x00000000a1500000, 0x00000000a1400000| Untracked 
|   1|0x00000000a1500000, 0x00000000a1600000, 0x00000000a1600000|100%| O|  |TAMS 0x00000000a1600000, 0x00000000a1500000| Untracked 
|   2|0x00000000a1600000, 0x00000000a16fdb70, 0x00000000a1700000| 99%| O|  |TAMS 0x00000000a16fdb70, 0x00000000a1600000| Untracked 
|   3|0x00000000a1700000, 0x00000000a1800000, 0x00000000a1800000|100%| O|  |TAMS 0x00000000a1800000, 0x00000000a1700000| Untracked 
|   4|0x00000000a1800000, 0x00000000a1900000, 0x00000000a1900000|100%| O|  |TAMS 0x00000000a1900000, 0x00000000a1800000| Untracked 
|   5|0x00000000a1900000, 0x00000000a19ffff8, 0x00000000a1a00000| 99%| O|  |TAMS 0x00000000a19ffff8, 0x00000000a1900000| Untracked 
|   6|0x00000000a1a00000, 0x00000000a1affff8, 0x00000000a1b00000| 99%| O|  |TAMS 0x00000000a1affff8, 0x00000000a1a00000| Untracked 
|   7|0x00000000a1b00000, 0x00000000a1bffff0, 0x00000000a1c00000| 99%| O|  |TAMS 0x00000000a1bffff0, 0x00000000a1b00000| Untracked 
|   8|0x00000000a1c00000, 0x00000000a1cfffd8, 0x00000000a1d00000| 99%| O|  |TAMS 0x00000000a1cfffd8, 0x00000000a1c00000| Untracked 
|   9|0x00000000a1d00000, 0x00000000a1e00000, 0x00000000a1e00000|100%| O|  |TAMS 0x00000000a1e00000, 0x00000000a1d00000| Untracked 
|  10|0x00000000a1e00000, 0x00000000a1efe648, 0x00000000a1f00000| 99%| O|  |TAMS 0x00000000a1efe648, 0x00000000a1e00000| Untracked 
|  11|0x00000000a1f00000, 0x00000000a1fffff8, 0x00000000a2000000| 99%| O|  |TAMS 0x00000000a1fffff8, 0x00000000a1f00000| Untracked 
|  12|0x00000000a2000000, 0x00000000a20fffd8, 0x00000000a2100000| 99%| O|  |TAMS 0x00000000a20fffd8, 0x00000000a2000000| Untracked 
|  13|0x00000000a2100000, 0x00000000a21fffe8, 0x00000000a2200000| 99%| O|  |TAMS 0x00000000a21fffe8, 0x00000000a2100000| Untracked 
|  14|0x00000000a2200000, 0x00000000a22fffd8, 0x00000000a2300000| 99%| O|  |TAMS 0x00000000a22fffd8, 0x00000000a2200000| Untracked 
|  15|0x00000000a2300000, 0x00000000a23fffe8, 0x00000000a2400000| 99%| O|  |TAMS 0x00000000a23fffe8, 0x00000000a2300000| Untracked 
|  16|0x00000000a2400000, 0x00000000a2500000, 0x00000000a2500000|100%| O|  |TAMS 0x00000000a2500000, 0x00000000a2400000| Untracked 
|  17|0x00000000a2500000, 0x00000000a25ffff0, 0x00000000a2600000| 99%| O|  |TAMS 0x00000000a25ffff0, 0x00000000a2500000| Untracked 
|  18|0x00000000a2600000, 0x00000000a26ffff0, 0x00000000a2700000| 99%| O|  |TAMS 0x00000000a26ffff0, 0x00000000a2600000| Untracked 
|  19|0x00000000a2700000, 0x00000000a27ff3c8, 0x00000000a2800000| 99%| O|  |TAMS 0x00000000a27ff3c8, 0x00000000a2700000| Untracked 
|  20|0x00000000a2800000, 0x00000000a28fffe8, 0x00000000a2900000| 99%| O|  |TAMS 0x00000000a28fffe8, 0x00000000a2800000| Untracked 
|  21|0x00000000a2900000, 0x00000000a29fff30, 0x00000000a2a00000| 99%| O|  |TAMS 0x00000000a29fff30, 0x00000000a2900000| Untracked 
|  22|0x00000000a2a00000, 0x00000000a2afffc8, 0x00000000a2b00000| 99%| O|  |TAMS 0x00000000a2afffc8, 0x00000000a2a00000| Untracked 
|  23|0x00000000a2b00000, 0x00000000a2bfffc8, 0x00000000a2c00000| 99%| O|  |TAMS 0x00000000a2bfffc8, 0x00000000a2b00000| Untracked 
|  24|0x00000000a2c00000, 0x00000000a2d00000, 0x00000000a2d00000|100%| O|  |TAMS 0x00000000a2d00000, 0x00000000a2c00000| Untracked 
|  25|0x00000000a2d00000, 0x00000000a2dfffe0, 0x00000000a2e00000| 99%| O|  |TAMS 0x00000000a2d00000, 0x00000000a2d00000| Untracked 
|  26|0x00000000a2e00000, 0x00000000a2efffe8, 0x00000000a2f00000| 99%| O|  |TAMS 0x00000000a2e00000, 0x00000000a2e00000| Untracked 
|  27|0x00000000a2f00000, 0x00000000a3000000, 0x00000000a3000000|100%| O|  |TAMS 0x00000000a2f00000, 0x00000000a2f00000| Untracked 
|  28|0x00000000a3000000, 0x00000000a3018970, 0x00000000a3100000|  9%| O|  |TAMS 0x00000000a3000000, 0x00000000a3000000| Untracked 
|  29|0x00000000a3100000, 0x00000000a31aa030, 0x00000000a3200000| 66%| O|  |TAMS 0x00000000a3100000, 0x00000000a3100000| Untracked 
|  30|0x00000000a3200000, 0x00000000a32e6028, 0x00000000a3300000| 89%| O|  |TAMS 0x00000000a3200000, 0x00000000a3200000| Untracked 
|  31|0x00000000a3300000, 0x00000000a3300000, 0x00000000a3400000|  0%| F|  |TAMS 0x00000000a3300000, 0x00000000a3300000| Untracked 
|  32|0x00000000a3400000, 0x00000000a3400000, 0x00000000a3500000|  0%| F|  |TAMS 0x00000000a3400000, 0x00000000a3400000| Untracked 
|  33|0x00000000a3500000, 0x00000000a3500000, 0x00000000a3600000|  0%| F|  |TAMS 0x00000000a3500000, 0x00000000a3500000| Untracked 
|  34|0x00000000a3600000, 0x00000000a3600000, 0x00000000a3700000|  0%| F|  |TAMS 0x00000000a3600000, 0x00000000a3600000| Untracked 
|  35|0x00000000a3700000, 0x00000000a3700000, 0x00000000a3800000|  0%| F|  |TAMS 0x00000000a3700000, 0x00000000a3700000| Untracked 
|  36|0x00000000a3800000, 0x00000000a3800000, 0x00000000a3900000|  0%| F|  |TAMS 0x00000000a3800000, 0x00000000a3800000| Untracked 
|  37|0x00000000a3900000, 0x00000000a3900000, 0x00000000a3a00000|  0%| F|  |TAMS 0x00000000a3900000, 0x00000000a3900000| Untracked 
|  38|0x00000000a3a00000, 0x00000000a3a00000, 0x00000000a3b00000|  0%| F|  |TAMS 0x00000000a3a00000, 0x00000000a3a00000| Untracked 
|  39|0x00000000a3b00000, 0x00000000a3b00000, 0x00000000a3c00000|  0%| F|  |TAMS 0x00000000a3b00000, 0x00000000a3b00000| Untracked 
|  40|0x00000000a3c00000, 0x00000000a3c00000, 0x00000000a3d00000|  0%| F|  |TAMS 0x00000000a3c00000, 0x00000000a3c00000| Untracked 
|  41|0x00000000a3d00000, 0x00000000a3d00000, 0x00000000a3e00000|  0%| F|  |TAMS 0x00000000a3d00000, 0x00000000a3d00000| Untracked 
|  42|0x00000000a3e00000, 0x00000000a3e00000, 0x00000000a3f00000|  0%| F|  |TAMS 0x00000000a3e00000, 0x00000000a3e00000| Untracked 
|  43|0x00000000a3f00000, 0x00000000a3f00000, 0x00000000a4000000|  0%| F|  |TAMS 0x00000000a3f00000, 0x00000000a3f00000| Untracked 
|  44|0x00000000a4000000, 0x00000000a4000000, 0x00000000a4100000|  0%| F|  |TAMS 0x00000000a4000000, 0x00000000a4000000| Untracked 
|  45|0x00000000a4100000, 0x00000000a4100000, 0x00000000a4200000|  0%| F|  |TAMS 0x00000000a4100000, 0x00000000a4100000| Untracked 
|  46|0x00000000a4200000, 0x00000000a4200000, 0x00000000a4300000|  0%| F|  |TAMS 0x00000000a4200000, 0x00000000a4200000| Untracked 
|  47|0x00000000a4300000, 0x00000000a4358470, 0x00000000a4400000| 34%| S|CS|TAMS 0x00000000a4300000, 0x00000000a4300000| Complete 
|  48|0x00000000a4400000, 0x00000000a4500000, 0x00000000a4500000|100%| S|CS|TAMS 0x00000000a4400000, 0x00000000a4400000| Complete 
|  49|0x00000000a4500000, 0x00000000a4600000, 0x00000000a4600000|100%| S|CS|TAMS 0x00000000a4500000, 0x00000000a4500000| Complete 
|  50|0x00000000a4600000, 0x00000000a4700000, 0x00000000a4700000|100%| S|CS|TAMS 0x00000000a4600000, 0x00000000a4600000| Complete 
|  51|0x00000000a4700000, 0x00000000a4800000, 0x00000000a4800000|100%| S|CS|TAMS 0x00000000a4700000, 0x00000000a4700000| Complete 
|  52|0x00000000a4800000, 0x00000000a4800000, 0x00000000a4900000|  0%| F|  |TAMS 0x00000000a4800000, 0x00000000a4800000| Untracked 
|  53|0x00000000a4900000, 0x00000000a4900000, 0x00000000a4a00000|  0%| F|  |TAMS 0x00000000a4900000, 0x00000000a4900000| Untracked 
|  54|0x00000000a4a00000, 0x00000000a4a00000, 0x00000000a4b00000|  0%| F|  |TAMS 0x00000000a4a00000, 0x00000000a4a00000| Untracked 
|  55|0x00000000a4b00000, 0x00000000a4b00000, 0x00000000a4c00000|  0%| F|  |TAMS 0x00000000a4b00000, 0x00000000a4b00000| Untracked 
|  56|0x00000000a4c00000, 0x00000000a4c00000, 0x00000000a4d00000|  0%| F|  |TAMS 0x00000000a4c00000, 0x00000000a4c00000| Untracked 
|  57|0x00000000a4d00000, 0x00000000a4d00000, 0x00000000a4e00000|  0%| F|  |TAMS 0x00000000a4d00000, 0x00000000a4d00000| Untracked 
|  58|0x00000000a4e00000, 0x00000000a4e00000, 0x00000000a4f00000|  0%| F|  |TAMS 0x00000000a4e00000, 0x00000000a4e00000| Untracked 
|  59|0x00000000a4f00000, 0x00000000a4f00000, 0x00000000a5000000|  0%| F|  |TAMS 0x00000000a4f00000, 0x00000000a4f00000| Untracked 
|  60|0x00000000a5000000, 0x00000000a5000000, 0x00000000a5100000|  0%| F|  |TAMS 0x00000000a5000000, 0x00000000a5000000| Untracked 
|  61|0x00000000a5100000, 0x00000000a5100000, 0x00000000a5200000|  0%| F|  |TAMS 0x00000000a5100000, 0x00000000a5100000| Untracked 
|  62|0x00000000a5200000, 0x00000000a5200000, 0x00000000a5300000|  0%| F|  |TAMS 0x00000000a5200000, 0x00000000a5200000| Untracked 
|  63|0x00000000a5300000, 0x00000000a5300000, 0x00000000a5400000|  0%| F|  |TAMS 0x00000000a5300000, 0x00000000a5300000| Untracked 
|  64|0x00000000a5400000, 0x00000000a5500000, 0x00000000a5500000|100%| E|  |TAMS 0x00000000a5400000, 0x00000000a5400000| Complete 
|  65|0x00000000a5500000, 0x00000000a5600000, 0x00000000a5600000|100%| E|CS|TAMS 0x00000000a5500000, 0x00000000a5500000| Complete 
|  66|0x00000000a5600000, 0x00000000a5700000, 0x00000000a5700000|100%| E|CS|TAMS 0x00000000a5600000, 0x00000000a5600000| Complete 
|  67|0x00000000a5700000, 0x00000000a5800000, 0x00000000a5800000|100%| E|CS|TAMS 0x00000000a5700000, 0x00000000a5700000| Complete 
|  68|0x00000000a5800000, 0x00000000a5900000, 0x00000000a5900000|100%| E|CS|TAMS 0x00000000a5800000, 0x00000000a5800000| Complete 
|  69|0x00000000a5900000, 0x00000000a5a00000, 0x00000000a5a00000|100%| E|CS|TAMS 0x00000000a5900000, 0x00000000a5900000| Complete 
|  70|0x00000000a5a00000, 0x00000000a5b00000, 0x00000000a5b00000|100%| E|CS|TAMS 0x00000000a5a00000, 0x00000000a5a00000| Complete 
|  71|0x00000000a5b00000, 0x00000000a5c00000, 0x00000000a5c00000|100%| E|CS|TAMS 0x00000000a5b00000, 0x00000000a5b00000| Complete 
|  72|0x00000000a5c00000, 0x00000000a5d00000, 0x00000000a5d00000|100%| E|CS|TAMS 0x00000000a5c00000, 0x00000000a5c00000| Complete 
|  73|0x00000000a5d00000, 0x00000000a5e00000, 0x00000000a5e00000|100%| E|CS|TAMS 0x00000000a5d00000, 0x00000000a5d00000| Complete 
|  74|0x00000000a5e00000, 0x00000000a5f00000, 0x00000000a5f00000|100%| E|CS|TAMS 0x00000000a5e00000, 0x00000000a5e00000| Complete 
|  75|0x00000000a5f00000, 0x00000000a6000000, 0x00000000a6000000|100%| E|CS|TAMS 0x00000000a5f00000, 0x00000000a5f00000| Complete 
|  76|0x00000000a6000000, 0x00000000a6100000, 0x00000000a6100000|100%| E|CS|TAMS 0x00000000a6000000, 0x00000000a6000000| Complete 
|  77|0x00000000a6100000, 0x00000000a6200000, 0x00000000a6200000|100%| E|CS|TAMS 0x00000000a6100000, 0x00000000a6100000| Complete 
|  78|0x00000000a6200000, 0x00000000a6300000, 0x00000000a6300000|100%| E|CS|TAMS 0x00000000a6200000, 0x00000000a6200000| Complete 
|  79|0x00000000a6300000, 0x00000000a6400000, 0x00000000a6400000|100%| E|CS|TAMS 0x00000000a6300000, 0x00000000a6300000| Complete 
|  80|0x00000000a6400000, 0x00000000a6500000, 0x00000000a6500000|100%| E|CS|TAMS 0x00000000a6400000, 0x00000000a6400000| Complete 
|  81|0x00000000a6500000, 0x00000000a6600000, 0x00000000a6600000|100%| E|CS|TAMS 0x00000000a6500000, 0x00000000a6500000| Complete 
|  82|0x00000000a6600000, 0x00000000a6700000, 0x00000000a6700000|100%| E|CS|TAMS 0x00000000a6600000, 0x00000000a6600000| Complete 
|  83|0x00000000a6700000, 0x00000000a6800000, 0x00000000a6800000|100%| E|CS|TAMS 0x00000000a6700000, 0x00000000a6700000| Complete 
|  84|0x00000000a6800000, 0x00000000a6900000, 0x00000000a6900000|100%| E|CS|TAMS 0x00000000a6800000, 0x00000000a6800000| Complete 
|  85|0x00000000a6900000, 0x00000000a6a00000, 0x00000000a6a00000|100%| E|CS|TAMS 0x00000000a6900000, 0x00000000a6900000| Complete 
|  86|0x00000000a6a00000, 0x00000000a6b00000, 0x00000000a6b00000|100%| E|CS|TAMS 0x00000000a6a00000, 0x00000000a6a00000| Complete 
|  87|0x00000000a6b00000, 0x00000000a6c00000, 0x00000000a6c00000|100%| E|CS|TAMS 0x00000000a6b00000, 0x00000000a6b00000| Complete 
|  88|0x00000000a6c00000, 0x00000000a6d00000, 0x00000000a6d00000|100%| E|CS|TAMS 0x00000000a6c00000, 0x00000000a6c00000| Complete 
|  89|0x00000000a6d00000, 0x00000000a6e00000, 0x00000000a6e00000|100%| E|CS|TAMS 0x00000000a6d00000, 0x00000000a6d00000| Complete 
|  90|0x00000000a6e00000, 0x00000000a6f00000, 0x00000000a6f00000|100%| E|CS|TAMS 0x00000000a6e00000, 0x00000000a6e00000| Complete 
|  91|0x00000000a6f00000, 0x00000000a7000000, 0x00000000a7000000|100%| E|CS|TAMS 0x00000000a6f00000, 0x00000000a6f00000| Complete 
|  92|0x00000000a7000000, 0x00000000a7100000, 0x00000000a7100000|100%| E|CS|TAMS 0x00000000a7000000, 0x00000000a7000000| Complete 
|  93|0x00000000a7100000, 0x00000000a7200000, 0x00000000a7200000|100%| E|CS|TAMS 0x00000000a7100000, 0x00000000a7100000| Complete 
|  94|0x00000000a7200000, 0x00000000a7300000, 0x00000000a7300000|100%| E|CS|TAMS 0x00000000a7200000, 0x00000000a7200000| Complete 
|  95|0x00000000a7300000, 0x00000000a7400000, 0x00000000a7400000|100%| E|CS|TAMS 0x00000000a7300000, 0x00000000a7300000| Complete 
|  96|0x00000000a7400000, 0x00000000a7500000, 0x00000000a7500000|100%| E|CS|TAMS 0x00000000a7400000, 0x00000000a7400000| Complete 
|  97|0x00000000a7500000, 0x00000000a7600000, 0x00000000a7600000|100%| E|CS|TAMS 0x00000000a7500000, 0x00000000a7500000| Complete 
|  98|0x00000000a7600000, 0x00000000a7700000, 0x00000000a7700000|100%| E|CS|TAMS 0x00000000a7600000, 0x00000000a7600000| Complete 
|  99|0x00000000a7700000, 0x00000000a7800000, 0x00000000a7800000|100%| E|CS|TAMS 0x00000000a7700000, 0x00000000a7700000| Complete 
| 100|0x00000000a7800000, 0x00000000a7900000, 0x00000000a7900000|100%| E|CS|TAMS 0x00000000a7800000, 0x00000000a7800000| Complete 
| 101|0x00000000a7900000, 0x00000000a7a00000, 0x00000000a7a00000|100%| E|CS|TAMS 0x00000000a7900000, 0x00000000a7900000| Complete 
| 102|0x00000000a7a00000, 0x00000000a7b00000, 0x00000000a7b00000|100%| E|CS|TAMS 0x00000000a7a00000, 0x00000000a7a00000| Complete 
| 103|0x00000000a7b00000, 0x00000000a7c00000, 0x00000000a7c00000|100%| E|CS|TAMS 0x00000000a7b00000, 0x00000000a7b00000| Complete 

Card table byte_map: [0x000001fdfa8d0000,0x000001fdfabd0000] _byte_map_base: 0x000001fdfa3c6000

Marking Bits (Prev, Next): (CMBitMap*) 0x000001fdf4266620, (CMBitMap*) 0x000001fdf4266660
 Prev Bits: [0x000001fdfaed0000, 0x000001fdfc680000)
 Next Bits: [0x000001fdfc680000, 0x000001fdfde30000)

Polling page: 0x000001fdf20b0000

Metaspace:

Usage:
  Non-class:     72.14 MB used.
      Class:     10.91 MB used.
       Both:     83.05 MB used.

Virtual space:
  Non-class space:      128.00 MB reserved,      72.50 MB ( 57%) committed,  2 nodes.
      Class space:        1.00 GB reserved,      11.25 MB (  1%) committed,  1 nodes.
             Both:        1.12 GB reserved,      83.75 MB (  7%) committed. 

Chunk freelists:
   Non-Class:  7.55 MB
       Class:  4.61 MB
        Both:  12.16 MB

MaxMetaspaceSize: unlimited
CompressedClassSpaceSize: 1.00 GB
Initial GC threshold: 21.00 MB
Current GC threshold: 138.25 MB
CDS: off
MetaspaceReclaimPolicy: balanced
 - commit_granule_bytes: 65536.
 - commit_granule_words: 8192.
 - virtual_space_node_default_size: 8388608.
 - enlarge_chunks_in_place: 1.
 - new_chunks_are_fully_committed: 0.
 - uncommit_free_chunks: 1.
 - use_allocation_guard: 0.
 - handle_deallocations: 1.


Internal statistics:

num_allocs_failed_limit: 9.
num_arena_births: 1450.
num_arena_deaths: 578.
num_vsnodes_births: 3.
num_vsnodes_deaths: 0.
num_space_committed: 1364.
num_space_uncommitted: 24.
num_chunks_returned_to_freelist: 1133.
num_chunks_taken_from_freelist: 5404.
num_chunk_merges: 220.
num_chunk_splits: 3066.
num_chunks_enlarged: 2055.
num_inconsistent_stats: 0.

CodeCache: size=49152Kb used=27114Kb max_used=27998Kb free=22037Kb
 bounds [0x000001fdf78d0000, 0x000001fdf9430000, 0x000001fdfa8d0000]
 total_blobs=15669 nmethods=14740 adapters=854
 compilation: enabled
              stopped_count=0, restarted_count=0
 full_count=0

Compilation events (20 events):
Event: 1068.528 Thread 0x000001fd8051ca20 nmethod 14859 0x000001fdf90ea590 code [0x000001fdf90ea8a0, 0x000001fdf90ebe48]
Event: 1068.528 Thread 0x000001fd8051ca20 14860       1       org.postgresql.core.AsciiStringInterner$$Lambda$795/0x000000010057d678::apply (24 bytes)
Event: 1068.528 Thread 0x000001fd8051ca20 nmethod 14860 0x000001fdf90ea190 code [0x000001fdf90ea340, 0x000001fdf90ea4a8]
Event: 1068.528 Thread 0x000001fd8051ca20 14861       1       org.postgresql.core.AsciiStringInterner::lambda$getString$0 (47 bytes)
Event: 1068.529 Thread 0x000001fd8051ca20 nmethod 14861 0x000001fdf90e9910 code [0x000001fdf90e9ae0, 0x000001fdf90ea078]
Event: 1068.529 Thread 0x000001fd8051ca20 14862       1       org.postgresql.core.AsciiStringInterner$StringReference::<init> (20 bytes)
Event: 1068.529 Thread 0x000001fd8051ca20 nmethod 14862 0x000001fdf90e9410 code [0x000001fdf90e95c0, 0x000001fdf90e9838]
Event: 1068.600 Thread 0x000001fd8051ca20 14863       1       java.lang.management.DefaultPlatformMBeanProvider$7::mbeanInterfaceNames (5 bytes)
Event: 1068.600 Thread 0x000001fd8051ca20 nmethod 14863 0x000001fdf90e9110 code [0x000001fdf90e92a0, 0x000001fdf90e9378]
Event: 1068.600 Thread 0x000001fd8051ca20 14864       1       java.util.Collections$SingletonMap::values (23 bytes)
Event: 1068.600 Thread 0x000001fd8051ca20 nmethod 14864 0x000001fdf90e8d10 code [0x000001fdf90e8ea0, 0x000001fdf90e9078]
Event: 1068.662 Thread 0x000001fd8051ca20 14865       1       org.postgresql.shaded.com.ongres.stringprep.StringPrep::prohibitionSurrogateCodes (20 bytes)
Event: 1068.662 Thread 0x000001fd8051ca20 nmethod 14865 0x000001fdf90e8a10 code [0x000001fdf90e8ba0, 0x000001fdf90e8c78]
Event: 1068.662 Thread 0x000001fd8051ca20 14866       1       org.postgresql.shaded.com.ongres.stringprep.StringPrep::prohibitionInappropriatePlainText (39 bytes)
Event: 1068.662 Thread 0x000001fd8051ca20 nmethod 14866 0x000001fdf90e8710 code [0x000001fdf90e88a0, 0x000001fdf90e8998]
Event: 1068.662 Thread 0x000001fd8051ca20 14867       1       org.postgresql.shaded.com.ongres.stringprep.StringPrep::prohibitionInappropriateCanonicalRepresentation (20 bytes)
Event: 1068.662 Thread 0x000001fd8051ca20 nmethod 14867 0x000001fdf90e8410 code [0x000001fdf90e85a0, 0x000001fdf90e8678]
Event: 1068.662 Thread 0x000001fd8051ca20 14868       1       org.postgresql.shaded.com.ongres.stringprep.StringPrep::prohibitionTaggingCharacters (27 bytes)
Event: 1068.662 Thread 0x000001fd8051ca20 nmethod 14868 0x000001fdf90e8110 code [0x000001fdf90e82a0, 0x000001fdf90e8398]
Event: 1068.662 Thread 0x000001fd8051ca20 14869       1       org.postgresql.shaded.com.ongres.stringprep.StringPrep::unassignedCodePoints (4322 bytes)

GC Heap History (20 events):
Event: 1021.011 GC heap before
{Heap before GC invocations=49 (full 5):
 garbage-first heap   total 99328K, used 75665K [0x00000000a1400000, 0x0000000100000000)
  region size 1024K, 47 young (48128K), 0 survivors (0K)
 Metaspace       used 82250K, committed 83136K, reserved 1179648K
  class space    used 10937K, committed 11264K, reserved 1048576K
}
Event: 1021.019 GC heap after
{Heap after GC invocations=50 (full 5):
 garbage-first heap   total 99328K, used 33394K [0x00000000a1400000, 0x0000000100000000)
  region size 1024K, 5 young (5120K), 5 survivors (5120K)
 Metaspace       used 82250K, committed 83136K, reserved 1179648K
  class space    used 10937K, committed 11264K, reserved 1048576K
}
Event: 1021.535 GC heap before
{Heap before GC invocations=50 (full 5):
 garbage-first heap   total 99328K, used 77426K [0x00000000a1400000, 0x0000000100000000)
  region size 1024K, 48 young (49152K), 5 survivors (5120K)
 Metaspace       used 82508K, committed 83136K, reserved 1179648K
  class space    used 10956K, committed 11264K, reserved 1048576K
}
Event: 1021.540 GC heap after
{Heap after GC invocations=51 (full 5):
 garbage-first heap   total 99328K, used 34367K [0x00000000a1400000, 0x0000000100000000)
  region size 1024K, 2 young (2048K), 2 survivors (2048K)
 Metaspace       used 82508K, committed 83136K, reserved 1179648K
  class space    used 10956K, committed 11264K, reserved 1048576K
}
Event: 1021.896 GC heap before
{Heap before GC invocations=51 (full 5):
 garbage-first heap   total 99328K, used 78399K [0x00000000a1400000, 0x0000000100000000)
  region size 1024K, 45 young (46080K), 2 survivors (2048K)
 Metaspace       used 82888K, committed 83456K, reserved 1179648K
  class space    used 10987K, committed 11264K, reserved 1048576K
}
Event: 1021.901 GC heap after
{Heap after GC invocations=52 (full 5):
 garbage-first heap   total 99328K, used 36318K [0x00000000a1400000, 0x0000000100000000)
  region size 1024K, 4 young (4096K), 4 survivors (4096K)
 Metaspace       used 82888K, committed 83456K, reserved 1179648K
  class space    used 10987K, committed 11264K, reserved 1048576K
}
Event: 1022.174 GC heap before
{Heap before GC invocations=52 (full 5):
 garbage-first heap   total 99328K, used 79326K [0x00000000a1400000, 0x0000000100000000)
  region size 1024K, 46 young (47104K), 4 survivors (4096K)
 Metaspace       used 83126K, committed 83776K, reserved 1179648K
  class space    used 11003K, committed 11328K, reserved 1048576K
}
Event: 1022.181 GC heap after
{Heap after GC invocations=53 (full 5):
 garbage-first heap   total 99328K, used 38541K [0x00000000a1400000, 0x0000000100000000)
  region size 1024K, 5 young (5120K), 5 survivors (5120K)
 Metaspace       used 83126K, committed 83776K, reserved 1179648K
  class space    used 11003K, committed 11328K, reserved 1048576K
}
Event: 1024.043 GC heap before
{Heap before GC invocations=53 (full 5):
 garbage-first heap   total 99328K, used 48781K [0x00000000a1400000, 0x0000000100000000)
  region size 1024K, 16 young (16384K), 5 survivors (5120K)
 Metaspace       used 83164K, committed 83840K, reserved 1179648K
  class space    used 11007K, committed 11328K, reserved 1048576K
}
Event: 1024.139 GC heap after
{Heap after GC invocations=54 (full 6):
 garbage-first heap   total 99328K, used 29518K [0x00000000a1400000, 0x0000000100000000)
  region size 1024K, 0 young (0K), 0 survivors (0K)
 Metaspace       used 83151K, committed 83840K, reserved 1179648K
  class space    used 11005K, committed 11328K, reserved 1048576K
}
Event: 1024.616 GC heap before
{Heap before GC invocations=54 (full 6):
 garbage-first heap   total 99328K, used 76622K [0x00000000a1400000, 0x0000000100000000)
  region size 1024K, 47 young (48128K), 0 survivors (0K)
 Metaspace       used 83487K, committed 84096K, reserved 1179648K
  class space    used 11038K, committed 11328K, reserved 1048576K
}
Event: 1024.621 GC heap after
{Heap after GC invocations=55 (full 6):
 garbage-first heap   total 99328K, used 34599K [0x00000000a1400000, 0x0000000100000000)
  region size 1024K, 5 young (5120K), 5 survivors (5120K)
 Metaspace       used 83487K, committed 84096K, reserved 1179648K
  class space    used 11038K, committed 11328K, reserved 1048576K
}
Event: 1024.901 GC heap before
{Heap before GC invocations=55 (full 6):
 garbage-first heap   total 99328K, used 78631K [0x00000000a1400000, 0x0000000100000000)
  region size 1024K, 48 young (49152K), 5 survivors (5120K)
 Metaspace       used 83743K, committed 84416K, reserved 1179648K
  class space    used 11056K, committed 11392K, reserved 1048576K
}
Event: 1024.909 GC heap after
{Heap after GC invocations=56 (full 6):
 garbage-first heap   total 119808K, used 35152K [0x00000000a1400000, 0x0000000100000000)
  region size 1024K, 2 young (2048K), 2 survivors (2048K)
 Metaspace       used 83743K, committed 84416K, reserved 1179648K
  class space    used 11056K, committed 11392K, reserved 1048576K
}
Event: 1025.227 GC heap before
{Heap before GC invocations=56 (full 6):
 garbage-first heap   total 119808K, used 92496K [0x00000000a1400000, 0x0000000100000000)
  region size 1024K, 58 young (59392K), 2 survivors (2048K)
 Metaspace       used 84164K, committed 84800K, reserved 1179648K
  class space    used 11084K, committed 11392K, reserved 1048576K
}
Event: 1025.232 GC heap after
{Heap after GC invocations=57 (full 6):
 garbage-first heap   total 119808K, used 37689K [0x00000000a1400000, 0x0000000100000000)
  region size 1024K, 5 young (5120K), 5 survivors (5120K)
 Metaspace       used 84164K, committed 84800K, reserved 1179648K
  class space    used 11084K, committed 11392K, reserved 1048576K
}
Event: 1067.064 GC heap before
{Heap before GC invocations=57 (full 6):
 garbage-first heap   total 119808K, used 80697K [0x00000000a1400000, 0x0000000100000000)
  region size 1024K, 48 young (49152K), 5 survivors (5120K)
 Metaspace       used 84317K, committed 84928K, reserved 1179648K
  class space    used 11094K, committed 11392K, reserved 1048576K
}
Event: 1067.181 GC heap after
{Heap after GC invocations=58 (full 7):
 garbage-first heap   total 106496K, used 30351K [0x00000000a1400000, 0x0000000100000000)
  region size 1024K, 0 young (0K), 0 survivors (0K)
 Metaspace       used 84304K, committed 84928K, reserved 1179648K
  class space    used 11092K, committed 11392K, reserved 1048576K
}
Event: 1068.153 GC heap before
{Heap before GC invocations=58 (full 7):
 garbage-first heap   total 106496K, used 82575K [0x00000000a1400000, 0x0000000100000000)
  region size 1024K, 52 young (53248K), 0 survivors (0K)
 Metaspace       used 84658K, committed 85312K, reserved 1179648K
  class space    used 11129K, committed 11456K, reserved 1048576K
}
Event: 1068.158 GC heap after
{Heap after GC invocations=59 (full 7):
 garbage-first heap   total 106496K, used 34800K [0x00000000a1400000, 0x0000000100000000)
  region size 1024K, 5 young (5120K), 5 survivors (5120K)
 Metaspace       used 84658K, committed 85312K, reserved 1179648K
  class space    used 11129K, committed 11456K, reserved 1048576K
}

Dll operation events (9 events):
Event: 0.034 Loaded shared library C:\Program Files (x86)\sts-4.19.1.RELEASE\plugins\org.eclipse.justj.openjdk.hotspot.jre.full.win32.x86_64_17.0.7.v20230425-1502\jre\bin\java.dll
Event: 0.321 Loaded shared library C:\Program Files (x86)\sts-4.19.1.RELEASE\plugins\org.eclipse.justj.openjdk.hotspot.jre.full.win32.x86_64_17.0.7.v20230425-1502\jre\bin\jimage.dll
Event: 0.337 Loaded shared library C:\Program Files (x86)\sts-4.19.1.RELEASE\plugins\org.eclipse.justj.openjdk.hotspot.jre.full.win32.x86_64_17.0.7.v20230425-1502\jre\bin\net.dll
Event: 0.339 Loaded shared library C:\Program Files (x86)\sts-4.19.1.RELEASE\plugins\org.eclipse.justj.openjdk.hotspot.jre.full.win32.x86_64_17.0.7.v20230425-1502\jre\bin\nio.dll
Event: 0.343 Loaded shared library C:\Program Files (x86)\sts-4.19.1.RELEASE\plugins\org.eclipse.justj.openjdk.hotspot.jre.full.win32.x86_64_17.0.7.v20230425-1502\jre\bin\zip.dll
Event: 0.434 Loaded shared library C:\Program Files (x86)\sts-4.19.1.RELEASE\plugins\org.eclipse.justj.openjdk.hotspot.jre.full.win32.x86_64_17.0.7.v20230425-1502\jre\bin\management.dll
Event: 0.453 Loaded shared library C:\Program Files (x86)\sts-4.19.1.RELEASE\plugins\org.eclipse.justj.openjdk.hotspot.jre.full.win32.x86_64_17.0.7.v20230425-1502\jre\bin\management_ext.dll
Event: 0.766 Loaded shared library C:\Program Files (x86)\sts-4.19.1.RELEASE\plugins\org.eclipse.justj.openjdk.hotspot.jre.full.win32.x86_64_17.0.7.v20230425-1502\jre\bin\verify.dll
Event: 4.798 Loaded shared library C:\Program Files (x86)\sts-4.19.1.RELEASE\plugins\org.eclipse.justj.openjdk.hotspot.jre.full.win32.x86_64_17.0.7.v20230425-1502\jre\bin\sunmscapi.dll

Deoptimization events (20 events):
Event: 4.744 Thread 0x000001fd857f7d80 DEOPT PACKING pc=0x000001fdf80eb77d sp=0x000000fae9bfcb90
Event: 4.744 Thread 0x000001fd857f7d80 DEOPT UNPACKING pc=0x000001fdf7927143 sp=0x000000fae9bfc0f8 mode 3
Event: 8.694 Thread 0x000001fd857f7d80 DEOPT PACKING pc=0x000001fdf8504a19 sp=0x000000fae9bfc690
Event: 8.694 Thread 0x000001fd857f7d80 DEOPT UNPACKING pc=0x000001fdf7927143 sp=0x000000fae9bfbb70 mode 3
Event: 9.051 Thread 0x000001fd857f7d80 DEOPT PACKING pc=0x000001fdf7de9852 sp=0x000000fae9bfd580
Event: 9.051 Thread 0x000001fd857f7d80 DEOPT UNPACKING pc=0x000001fdf7927143 sp=0x000000fae9bfca88 mode 3
Event: 9.052 Thread 0x000001fd857f7d80 DEOPT PACKING pc=0x000001fdf7deccc5 sp=0x000000fae9bfd540
Event: 9.052 Thread 0x000001fd857f7d80 DEOPT UNPACKING pc=0x000001fdf7927143 sp=0x000000fae9bfca88 mode 3
Event: 28.712 Thread 0x000001fd85edab60 DEOPT PACKING pc=0x000001fdf7d68b64 sp=0x000000faea7f93c0
Event: 28.712 Thread 0x000001fd85edab60 DEOPT UNPACKING pc=0x000001fdf7927143 sp=0x000000faea7f88e0 mode 0
Event: 28.712 Thread 0x000001fd85edab60 DEOPT PACKING pc=0x000001fdf7d67834 sp=0x000000faea7f94b0
Event: 28.712 Thread 0x000001fd85edab60 DEOPT UNPACKING pc=0x000001fdf7927143 sp=0x000000faea7f8970 mode 0
Event: 92.103 Thread 0x000001fd87971280 DEOPT PACKING pc=0x000001fdf89b4a19 sp=0x000000faeb0faf40
Event: 92.103 Thread 0x000001fd87971280 DEOPT UNPACKING pc=0x000001fdf7927143 sp=0x000000faeb0fa4f0 mode 3
Event: 118.452 Thread 0x000001fd8796ff40 DEOPT PACKING pc=0x000001fdf89be16c sp=0x000000faeaff91e0
Event: 118.452 Thread 0x000001fd8796ff40 DEOPT UNPACKING pc=0x000001fdf7927143 sp=0x000000faeaff8790 mode 0
Event: 120.256 Thread 0x000001fd87971280 DEOPT PACKING pc=0x000001fdf8964b33 sp=0x000000faeb0fcc90
Event: 120.256 Thread 0x000001fd87971280 DEOPT UNPACKING pc=0x000001fdf7927143 sp=0x000000faeb0fc1b8 mode 3
Event: 982.909 Thread 0x000001fd85ed9350 DEOPT PACKING pc=0x000001fdf903f95d sp=0x000000fae8ef9e70
Event: 982.909 Thread 0x000001fd85ed9350 DEOPT UNPACKING pc=0x000001fdf7927143 sp=0x000000fae8ef9378 mode 3

Classes unloaded (20 events):
Event: 1019.362 Thread 0x000001fd804dca50 Unloading class 0x0000000100a96420 'com/teama/minpro/teama/controller/ApiCariDokterController'
Event: 1019.362 Thread 0x000001fd804dca50 Unloading class 0x0000000100a96200 'com/teama/minpro/teama/controller/ApiBankController'
Event: 1019.362 Thread 0x000001fd804dca50 Unloading class 0x0000000100a96000 'com/teama/minpro/teama/MiniprojectApplication'
Event: 1019.362 Thread 0x000001fd804dca50 Unloading class 0x000000010090c000 'jdk/internal/reflect/GeneratedMethodAccessor140'
Event: 1019.362 Thread 0x000001fd804dca50 Unloading class 0x000000010090c800 'jdk/internal/reflect/GeneratedMethodAccessor139'
Event: 1019.362 Thread 0x000001fd804dca50 Unloading class 0x0000000100988400 'jdk/internal/reflect/GeneratedMethodAccessor138'
Event: 1019.362 Thread 0x000001fd804dca50 Unloading class 0x000000010098b800 'jdk/internal/reflect/GeneratedMethodAccessor137'
Event: 1019.362 Thread 0x000001fd804dca50 Unloading class 0x000000010098dc00 'jdk/internal/reflect/GeneratedMethodAccessor135'
Event: 1019.362 Thread 0x000001fd804dca50 Unloading class 0x000000010098ec00 'jdk/internal/reflect/GeneratedMethodAccessor134'
Event: 1019.362 Thread 0x000001fd804dca50 Unloading class 0x0000000100990c00 'jdk/internal/reflect/GeneratedMethodAccessor133'
Event: 1019.362 Thread 0x000001fd804dca50 Unloading class 0x0000000100991000 'jdk/internal/reflect/GeneratedMethodAccessor132'
Event: 1019.362 Thread 0x000001fd804dca50 Unloading class 0x0000000100992800 'jdk/internal/reflect/GeneratedMethodAccessor131'
Event: 1024.082 Thread 0x000001fd804dca50 Unloading class 0x0000000100992800 'jdk/internal/reflect/GeneratedSerializationConstructorAccessor56'
Event: 1024.082 Thread 0x000001fd804dca50 Unloading class 0x000000010098ec00 'jdk/internal/reflect/GeneratedSerializationConstructorAccessor55'
Event: 1024.082 Thread 0x000001fd804dca50 Unloading class 0x000000010098dc00 'jdk/internal/reflect/GeneratedSerializationConstructorAccessor54'
Event: 1024.082 Thread 0x000001fd804dca50 Unloading class 0x0000000100b2ec00 'org/apache/catalina/loader/JdbcLeakPrevention'
Event: 1067.106 Thread 0x000001fd804dca50 Unloading class 0x0000000100b45000 'jdk/internal/reflect/GeneratedSerializationConstructorAccessor59'
Event: 1067.106 Thread 0x000001fd804dca50 Unloading class 0x0000000100b44800 'jdk/internal/reflect/GeneratedSerializationConstructorAccessor58'
Event: 1067.106 Thread 0x000001fd804dca50 Unloading class 0x0000000100b44400 'jdk/internal/reflect/GeneratedSerializationConstructorAccessor57'
Event: 1067.106 Thread 0x000001fd804dca50 Unloading class 0x0000000100b34800 'org/apache/catalina/loader/JdbcLeakPrevention'

Classes redefined (0 events):
No events

Internal exceptions (20 events):
Event: 1067.906 Thread 0x000001fd87971750 Exception <a 'java/lang/ClassNotFoundException'{0x00000000a5cbe6b0}: org/springframework/aop/aspectj/annotation/AnnotationAwareAspectJAutoProxyCreatorCustomizer> (0x00000000a5cbe6b0) 
thrown [s\src\hotspot\share\classfile\systemDictionary.cpp, line 256]
Event: 1067.906 Thread 0x000001fd87971750 Exception <a 'java/lang/ClassNotFoundException'{0x00000000a5cd8ee8}: org/springframework/beans/factory/config/SmartInstantiationAwareBeanPostProcessorCustomizer> (0x00000000a5cd8ee8) 
thrown [s\src\hotspot\share\classfile\systemDictionary.cpp, line 256]
Event: 1067.907 Thread 0x000001fd87971750 Exception <a 'java/lang/ClassNotFoundException'{0x00000000a5ce35d0}: org/springframework/beans/factory/config/InstantiationAwareBeanPostProcessorCustomizer> (0x00000000a5ce35d0) 
thrown [s\src\hotspot\share\classfile\systemDictionary.cpp, line 256]
Event: 1067.907 Thread 0x000001fd87971750 Exception <a 'java/lang/ClassNotFoundException'{0x00000000a5ced2a0}: org/springframework/beans/factory/config/BeanPostProcessorCustomizer> (0x00000000a5ced2a0) 
thrown [s\src\hotspot\share\classfile\systemDictionary.cpp, line 256]
Event: 1067.907 Thread 0x000001fd87971750 Exception <a 'java/lang/ClassNotFoundException'{0x00000000a5cf4960}: org/springframework/beans/factory/BeanFactoryAwareCustomizer> (0x00000000a5cf4960) 
thrown [s\src\hotspot\share\classfile\systemDictionary.cpp, line 256]
Event: 1067.908 Thread 0x000001fd87971750 Exception <a 'java/lang/ClassNotFoundException'{0x00000000a5cfbe78}: org/springframework/beans/factory/AwareCustomizer> (0x00000000a5cfbe78) 
thrown [s\src\hotspot\share\classfile\systemDictionary.cpp, line 256]
Event: 1067.908 Thread 0x000001fd87971750 Exception <a 'java/lang/ClassNotFoundException'{0x00000000a5b018e8}: org/springframework/core/OrderedCustomizer> (0x00000000a5b018e8) 
thrown [s\src\hotspot\share\classfile\systemDictionary.cpp, line 256]
Event: 1067.908 Thread 0x000001fd87971750 Exception <a 'java/lang/ClassNotFoundException'{0x00000000a5b088d8}: org/springframework/beans/factory/BeanClassLoaderAwareCustomizer> (0x00000000a5b088d8) 
thrown [s\src\hotspot\share\classfile\systemDictionary.cpp, line 256]
Event: 1067.909 Thread 0x000001fd87971750 Exception <a 'java/lang/ClassNotFoundException'{0x00000000a5b0f750}: org/springframework/beans/factory/AwareCustomizer> (0x00000000a5b0f750) 
thrown [s\src\hotspot\share\classfile\systemDictionary.cpp, line 256]
Event: 1067.909 Thread 0x000001fd87971750 Exception <a 'java/lang/ClassNotFoundException'{0x00000000a5b158b8}: org/springframework/aop/framework/AopInfrastructureBeanCustomizer> (0x00000000a5b158b8) 
thrown [s\src\hotspot\share\classfile\systemDictionary.cpp, line 256]
Event: 1067.913 Thread 0x000001fd87971750 Exception <a 'java/lang/ClassNotFoundException'{0x00000000a5b6d048}: java/lang/ObjectCustomizer> (0x00000000a5b6d048) 
thrown [s\src\hotspot\share\classfile\systemDictionary.cpp, line 256]
Event: 1067.913 Thread 0x000001fd87971750 Exception <a 'java/lang/ClassNotFoundException'{0x00000000a5b77ab0}: org/springframework/transaction/annotation/AbstractTransactionManagementConfigurationCustomizer> (0x00000000a5b77ab0) 
thrown [s\src\hotspot\share\classfile\systemDictionary.cpp, line 256]
Event: 1067.914 Thread 0x000001fd87971750 Exception <a 'java/lang/ClassNotFoundException'{0x00000000a5b810d0}: org/springframework/transaction/annotation/ProxyTransactionManagementConfigurationCustomizer> (0x00000000a5b810d0) 
thrown [s\src\hotspot\share\classfile\systemDictionary.cpp, line 256]
Event: 1067.914 Thread 0x000001fd87971750 Exception <a 'java/lang/ClassNotFoundException'{0x00000000a5b8b6b0}: org/springframework/context/annotation/ImportAwareCustomizer> (0x00000000a5b8b6b0) 
thrown [s\src\hotspot\share\classfile\systemDictionary.cpp, line 256]
Event: 1067.914 Thread 0x000001fd87971750 Exception <a 'java/lang/ClassNotFoundException'{0x00000000a5b92d40}: org/springframework/beans/factory/AwareCustomizer> (0x00000000a5b92d40) 
thrown [s\src\hotspot\share\classfile\systemDictionary.cpp, line 256]
Event: 1067.950 Thread 0x000001fd87971750 Exception <a 'sun/nio/fs/WindowsException'{0x00000000a56b0f08}> (0x00000000a56b0f08) 
thrown [s\src\hotspot\share\prims\jni.cpp, line 516]
Event: 1067.950 Thread 0x000001fd87971750 Exception <a 'sun/nio/fs/WindowsException'{0x00000000a56b1570}> (0x00000000a56b1570) 
thrown [s\src\hotspot\share\prims\jni.cpp, line 516]
Event: 1067.950 Thread 0x000001fd87971750 Exception <a 'sun/nio/fs/WindowsException'{0x00000000a56b1c48}> (0x00000000a56b1c48) 
thrown [s\src\hotspot\share\prims\jni.cpp, line 516]
Event: 1067.964 Thread 0x000001fd87971750 Exception <a 'java/io/FileNotFoundException'{0x00000000a56effe8}> (0x00000000a56effe8) 
thrown [s\src\hotspot\share\prims\jni.cpp, line 516]
Event: 1068.072 Thread 0x000001fd87971750 Exception <a 'java/io/FileNotFoundException'{0x00000000a518a850}> (0x00000000a518a850) 
thrown [s\src\hotspot\share\prims\jni.cpp, line 516]

VM Operations (20 events):
Event: 1021.896 Executing VM operation: G1CollectForAllocation
Event: 1021.901 Executing VM operation: G1CollectForAllocation done
Event: 1022.174 Executing VM operation: G1CollectForAllocation
Event: 1022.181 Executing VM operation: G1CollectForAllocation done
Event: 1023.195 Executing VM operation: Cleanup
Event: 1023.195 Executing VM operation: Cleanup done
Event: 1024.043 Executing VM operation: G1CollectFull
Event: 1024.140 Executing VM operation: G1CollectFull done
Event: 1024.615 Executing VM operation: G1CollectForAllocation
Event: 1024.621 Executing VM operation: G1CollectForAllocation done
Event: 1024.901 Executing VM operation: G1CollectForAllocation
Event: 1024.909 Executing VM operation: G1CollectForAllocation done
Event: 1025.227 Executing VM operation: G1CollectForAllocation
Event: 1025.232 Executing VM operation: G1CollectForAllocation done
Event: 1026.246 Executing VM operation: Cleanup
Event: 1026.247 Executing VM operation: Cleanup done
Event: 1067.063 Executing VM operation: G1CollectFull
Event: 1067.181 Executing VM operation: G1CollectFull done
Event: 1068.153 Executing VM operation: G1CollectForAllocation
Event: 1068.158 Executing VM operation: G1CollectForAllocation done

Events (20 events):
Event: 1067.182 Thread 0x000001fd87971750 Thread added: 0x000001fd87971750
Event: 1067.262 loading class java/lang/ObjectCustomizer
Event: 1067.262 loading class java/lang/ObjectCustomizer done
Event: 1067.262 loading class java/lang/ObjectCustomizer
Event: 1067.262 loading class java/lang/ObjectCustomizer done
Event: 1067.331 Thread 0x000001fd879755e0 Thread added: 0x000001fd879755e0
Event: 1067.408 Thread 0x000001fd879755e0 Thread exited: 0x000001fd879755e0
Event: 1067.903 loading class java/lang/ObjectCustomizer
Event: 1067.903 loading class java/lang/ObjectCustomizer done
Event: 1067.903 loading class java/lang/ObjectCustomizer
Event: 1067.903 loading class java/lang/ObjectCustomizer done
Event: 1067.913 loading class java/lang/ObjectCustomizer
Event: 1067.913 loading class java/lang/ObjectCustomizer done
Event: 1067.913 loading class java/lang/ObjectCustomizer
Event: 1067.913 loading class java/lang/ObjectCustomizer done
Event: 1068.062 Thread 0x000001fd87974770 Thread added: 0x000001fd87974770
Event: 1068.072 Thread 0x000001fd8796f0d0 Thread added: 0x000001fd8796f0d0
Event: 1068.073 Thread 0x000001fd879755e0 Thread added: 0x000001fd879755e0
Event: 1068.073 Thread 0x000001fd8796ff40 Thread added: 0x000001fd8796ff40
Event: 1068.177 Thread 0x000001fd87971c20 Thread added: 0x000001fd87971c20


Dynamic libraries:
0x00007ff6b33d0000 - 0x00007ff6b33de000 	C:\Program Files (x86)\sts-4.19.1.RELEASE\plugins\org.eclipse.justj.openjdk.hotspot.jre.full.win32.x86_64_17.0.7.v20230425-1502\jre\bin\javaw.exe
0x00007ffaa2230000 - 0x00007ffaa2428000 	C:\Windows\SYSTEM32\ntdll.dll
0x00007ffaa0aa0000 - 0x00007ffaa0b5f000 	C:\Windows\System32\KERNEL32.DLL
0x00007ffa9fc40000 - 0x00007ffa9ff12000 	C:\Windows\System32\KERNELBASE.dll
0x00007ffa9fb40000 - 0x00007ffa9fc40000 	C:\Windows\System32\ucrtbase.dll
0x00007ffa8d340000 - 0x00007ffa8d357000 	C:\Program Files (x86)\sts-4.19.1.RELEASE\plugins\org.eclipse.justj.openjdk.hotspot.jre.full.win32.x86_64_17.0.7.v20230425-1502\jre\bin\jli.dll
0x00007ffaa0270000 - 0x00007ffaa0411000 	C:\Windows\System32\USER32.dll
0x00007ffa9f920000 - 0x00007ffa9f942000 	C:\Windows\System32\win32u.dll
0x00007ffaa0890000 - 0x00007ffaa08bb000 	C:\Windows\System32\GDI32.dll
0x00007ffa9fa30000 - 0x00007ffa9fb3f000 	C:\Windows\System32\gdi32full.dll
0x00007ffa9ffb0000 - 0x00007ffaa004d000 	C:\Windows\System32\msvcp_win.dll
0x00007ffa8cc80000 - 0x00007ffa8cc99000 	C:\Program Files (x86)\sts-4.19.1.RELEASE\plugins\org.eclipse.justj.openjdk.hotspot.jre.full.win32.x86_64_17.0.7.v20230425-1502\jre\bin\VCRUNTIME140.dll
0x00007ffa8ad80000 - 0x00007ffa8b01a000 	C:\Windows\WinSxS\amd64_microsoft.windows.common-controls_6595b64144ccf1df_6.0.19041.1110_none_60b5254171f9507e\COMCTL32.dll
0x00007ffaa1770000 - 0x00007ffaa180e000 	C:\Windows\System32\msvcrt.dll
0x00007ffaa09f0000 - 0x00007ffaa0a22000 	C:\Windows\System32\IMM32.DLL
0x00007ffa8d330000 - 0x00007ffa8d33c000 	C:\Program Files (x86)\sts-4.19.1.RELEASE\plugins\org.eclipse.justj.openjdk.hotspot.jre.full.win32.x86_64_17.0.7.v20230425-1502\jre\bin\vcruntime140_1.dll
0x00007ffa7eaa0000 - 0x00007ffa7eb31000 	C:\Program Files (x86)\sts-4.19.1.RELEASE\plugins\org.eclipse.justj.openjdk.hotspot.jre.full.win32.x86_64_17.0.7.v20230425-1502\jre\bin\msvcp140.dll
0x00007ffa60b10000 - 0x00007ffa61758000 	C:\Program Files (x86)\sts-4.19.1.RELEASE\plugins\org.eclipse.justj.openjdk.hotspot.jre.full.win32.x86_64_17.0.7.v20230425-1502\jre\bin\server\jvm.dll
0x00007ffaa1510000 - 0x00007ffaa15be000 	C:\Windows\System32\ADVAPI32.dll
0x00007ffaa1810000 - 0x00007ffaa18ac000 	C:\Windows\System32\sechost.dll
0x00007ffaa1d60000 - 0x00007ffaa1e85000 	C:\Windows\System32\RPCRT4.dll
0x00007ffa83620000 - 0x00007ffa83629000 	C:\Windows\SYSTEM32\WSOCK32.dll
0x00007ffaa1650000 - 0x00007ffaa16bb000 	C:\Windows\System32\WS2_32.dll
0x00007ffa95760000 - 0x00007ffa95787000 	C:\Windows\SYSTEM32\WINMM.dll
0x00007ffa97310000 - 0x00007ffa9731a000 	C:\Windows\SYSTEM32\VERSION.dll
0x00007ffa9d7a0000 - 0x00007ffa9d7b2000 	C:\Windows\SYSTEM32\kernel.appcore.dll
0x00007ffa99df0000 - 0x00007ffa99dfa000 	C:\Program Files (x86)\sts-4.19.1.RELEASE\plugins\org.eclipse.justj.openjdk.hotspot.jre.full.win32.x86_64_17.0.7.v20230425-1502\jre\bin\jimage.dll
0x00007ffa89560000 - 0x00007ffa89744000 	C:\Windows\SYSTEM32\DBGHELP.DLL
0x00007ffa866c0000 - 0x00007ffa866f5000 	C:\Windows\SYSTEM32\dbgcore.DLL
0x00007ffa9ff20000 - 0x00007ffa9ffa2000 	C:\Windows\System32\bcryptPrimitives.dll
0x00007ffa991d0000 - 0x00007ffa991f5000 	C:\Program Files (x86)\sts-4.19.1.RELEASE\plugins\org.eclipse.justj.openjdk.hotspot.jre.full.win32.x86_64_17.0.7.v20230425-1502\jre\bin\java.dll
0x00007ffa99dd0000 - 0x00007ffa99de8000 	C:\Program Files (x86)\sts-4.19.1.RELEASE\plugins\org.eclipse.justj.openjdk.hotspot.jre.full.win32.x86_64_17.0.7.v20230425-1502\jre\bin\zip.dll
0x00007ffaa0d10000 - 0x00007ffaa1455000 	C:\Windows\System32\SHELL32.dll
0x00007ffa9d9a0000 - 0x00007ffa9e132000 	C:\Windows\SYSTEM32\windows.storage.dll
0x00007ffaa1e90000 - 0x00007ffaa21e5000 	C:\Windows\System32\combase.dll
0x00007ffa9f1c0000 - 0x00007ffa9f1f0000 	C:\Windows\SYSTEM32\Wldp.dll
0x00007ffaa1bd0000 - 0x00007ffaa1c7d000 	C:\Windows\System32\SHCORE.dll
0x00007ffaa1b10000 - 0x00007ffaa1b65000 	C:\Windows\System32\shlwapi.dll
0x00007ffa9f860000 - 0x00007ffa9f87f000 	C:\Windows\SYSTEM32\profapi.dll
0x00007ffa99990000 - 0x00007ffa999a9000 	C:\Program Files (x86)\sts-4.19.1.RELEASE\plugins\org.eclipse.justj.openjdk.hotspot.jre.full.win32.x86_64_17.0.7.v20230425-1502\jre\bin\net.dll
0x00007ffa978d0000 - 0x00007ffa979dc000 	C:\Windows\SYSTEM32\WINHTTP.dll
0x00007ffa9efa0000 - 0x00007ffa9f00a000 	C:\Windows\system32\mswsock.dll
0x00007ffa951e0000 - 0x00007ffa951f5000 	C:\Program Files (x86)\sts-4.19.1.RELEASE\plugins\org.eclipse.justj.openjdk.hotspot.jre.full.win32.x86_64_17.0.7.v20230425-1502\jre\bin\nio.dll
0x00007ffa8cc70000 - 0x00007ffa8cc79000 	C:\Program Files (x86)\sts-4.19.1.RELEASE\plugins\org.eclipse.justj.openjdk.hotspot.jre.full.win32.x86_64_17.0.7.v20230425-1502\jre\bin\management.dll
0x00007ffa8cc30000 - 0x00007ffa8cc3b000 	C:\Program Files (x86)\sts-4.19.1.RELEASE\plugins\org.eclipse.justj.openjdk.hotspot.jre.full.win32.x86_64_17.0.7.v20230425-1502\jre\bin\management_ext.dll
0x00007ffaa19d0000 - 0x00007ffaa19d8000 	C:\Windows\System32\PSAPI.DLL
0x00007ffa8d380000 - 0x00007ffa8d397000 	C:\Windows\system32\napinsp.dll
0x00007ffa882a0000 - 0x00007ffa882bb000 	C:\Windows\system32\pnrpnsp.dll
0x00007ffa9a990000 - 0x00007ffa9a9a5000 	C:\Windows\system32\wshbth.dll
0x00007ffa9b120000 - 0x00007ffa9b13d000 	C:\Windows\system32\NLAapi.dll
0x00007ffa9ecb0000 - 0x00007ffa9eceb000 	C:\Windows\SYSTEM32\IPHLPAPI.DLL
0x00007ffa9ecf0000 - 0x00007ffa9edbb000 	C:\Windows\SYSTEM32\DNSAPI.dll
0x00007ffaa0a30000 - 0x00007ffaa0a38000 	C:\Windows\System32\NSI.dll
0x00007ffa881d0000 - 0x00007ffa881e2000 	C:\Windows\System32\winrnr.dll
0x00007ffa970b0000 - 0x00007ffa970ba000 	C:\Windows\System32\rasadhlp.dll
0x00007ffa926a0000 - 0x00007ffa92720000 	C:\Windows\System32\fwpuclnt.dll
0x00007ffa9fa00000 - 0x00007ffa9fa27000 	C:\Windows\System32\bcrypt.dll
0x00007ffa9f200000 - 0x00007ffa9f218000 	C:\Windows\SYSTEM32\CRYPTSP.dll
0x00007ffa9e8e0000 - 0x00007ffa9e914000 	C:\Windows\system32\rsaenh.dll
0x00007ffa9f820000 - 0x00007ffa9f84e000 	C:\Windows\SYSTEM32\USERENV.dll
0x00007ffa9f130000 - 0x00007ffa9f13c000 	C:\Windows\SYSTEM32\CRYPTBASE.dll
0x00007ffa96550000 - 0x00007ffa96567000 	C:\Windows\SYSTEM32\dhcpcsvc6.DLL
0x00007ffa96530000 - 0x00007ffa9654d000 	C:\Windows\SYSTEM32\dhcpcsvc.DLL
0x00007ffa970d0000 - 0x00007ffa970e0000 	C:\Program Files (x86)\sts-4.19.1.RELEASE\plugins\org.eclipse.justj.openjdk.hotspot.jre.full.win32.x86_64_17.0.7.v20230425-1502\jre\bin\verify.dll
0x00007ffa8d360000 - 0x00007ffa8d36e000 	C:\Program Files (x86)\sts-4.19.1.RELEASE\plugins\org.eclipse.justj.openjdk.hotspot.jre.full.win32.x86_64_17.0.7.v20230425-1502\jre\bin\sunmscapi.dll
0x00007ffaa00c0000 - 0x00007ffaa0216000 	C:\Windows\System32\CRYPT32.dll
0x00007ffa9f310000 - 0x00007ffa9f337000 	C:\Windows\SYSTEM32\ncrypt.dll
0x00007ffa9f2d0000 - 0x00007ffa9f30b000 	C:\Windows\SYSTEM32\NTASN1.dll
0x00007ffa8d370000 - 0x00007ffa8d377000 	C:\Windows\system32\wshunix.dll

dbghelp: loaded successfully - version: 4.0.5 - missing functions: none
symbol engine: initialized successfully - sym options: 0x614 - pdb path: .;C:\Program Files (x86)\sts-4.19.1.RELEASE\plugins\org.eclipse.justj.openjdk.hotspot.jre.full.win32.x86_64_17.0.7.v20230425-1502\jre\bin;C:\Windows\SYSTEM32;C:\Windows\WinSxS\amd64_microsoft.windows.common-controls_6595b64144ccf1df_6.0.19041.1110_none_60b5254171f9507e;C:\Program Files (x86)\sts-4.19.1.RELEASE\plugins\org.eclipse.justj.openjdk.hotspot.jre.full.win32.x86_64_17.0.7.v20230425-1502\jre\bin\server

VM Arguments:
jvm_args: -Dcom.sun.management.jmxremote -Dcom.sun.management.jmxremote.port=62675 -Dcom.sun.management.jmxremote.authenticate=false -Dcom.sun.management.jmxremote.ssl=false -Djava.rmi.server.hostname=localhost -Dspring.jmx.enabled=true -Dmanagement.endpoints.jmx.exposure.include=* -Dspring.application.admin.enabled=true -XX:TieredStopAtLevel=1 -Dspring.boot.project.name=miniproject -Dfile.encoding=UTF-8 -Dstdout.encoding=UTF-8 -Dstderr.encoding=UTF-8 -XX:+ShowCodeDetailsInExceptionMessages 
java_command: com.teama.minpro.teama.MiniprojectApplication --spring.output.ansi.enabled=always
java_class_path (initial): D:\BELAJAR KODING\XSIS\BATCH-327\minpro-team-a\miniproject\target\classes;C:\Users\Admin\.m2\repository\org\springframework\boot\spring-boot-starter-data-jpa\2.7.16\spring-boot-starter-data-jpa-2.7.16.jar;C:\Users\Admin\.m2\repository\org\springframework\boot\spring-boot-starter-aop\2.7.16\spring-boot-starter-aop-2.7.16.jar;C:\Users\Admin\.m2\repository\org\springframework\spring-aop\5.3.30\spring-aop-5.3.30.jar;C:\Users\Admin\.m2\repository\org\aspectj\aspectjweaver\1.9.7\aspectjweaver-1.9.7.jar;C:\Users\Admin\.m2\repository\org\springframework\boot\spring-boot-starter-jdbc\2.7.16\spring-boot-starter-jdbc-2.7.16.jar;C:\Users\Admin\.m2\repository\com\zaxxer\HikariCP\4.0.3\HikariCP-4.0.3.jar;C:\Users\Admin\.m2\repository\org\springframework\spring-jdbc\5.3.30\spring-jdbc-5.3.30.jar;C:\Users\Admin\.m2\repository\jakarta\transaction\jakarta.transaction-api\1.3.3\jakarta.transaction-api-1.3.3.jar;C:\Users\Admin\.m2\repository\jakarta\persistence\jakarta.persistence-api\2.2.3\jakarta.persistence-api-2.2.3.jar;C:\Users\Admin\.m2\repository\org\hibernate\hibernate-core\5.6.15.Final\hibernate-core-5.6.15.Final.jar;C:\Users\Admin\.m2\repository\org\jboss\logging\jboss-logging\3.4.3.Final\jboss-logging-3.4.3.Final.jar;C:\Users\Admin\.m2\repository\net\bytebuddy\byte-buddy\1.12.23\byte-buddy-1.12.23.jar;C:\Users\Admin\.m2\repository\antlr\antlr\2.7.7\antlr-2.7.7.jar;C:\Users\Admin\.m2\repository\org\jboss\jandex\2.4.2.Final\jandex-2.4.2.Final.jar;C:\Users\Admin\.m2\repository\com\fasterxml\classmate\1.5.1\classmate-1.5.1.jar;C:\Users\Admin\.m2\repository\org\hibernate\common\hibernate-commons-annotations\5.1.2.Final\hibernate-commons-annotations-5.1.2.Final.jar;C:\Users\Admin\.m2\repository\org\glassfish\jaxb\jaxb-runtime\2.3.8\jaxb-runtime-2.3.8.jar;C:\Users\Admin\.m2\repository\org\glassfish\jaxb\txw2\2.3.8\txw2-2.3.8.jar;C:\Users\Admin\.m2\repository\com\sun\istack\istack-commons-runtime\3.0.12\istack-commons-runtime-3.0.12.jar;C:\Users\Admin\.m
Launcher Type: SUN_STANDARD

[Global flags]
     intx CICompilerCount                          = 3                                         {product} {ergonomic}
     uint ConcGCThreads                            = 1                                         {product} {ergonomic}
     uint G1ConcRefinementThreads                  = 4                                         {product} {ergonomic}
   size_t G1HeapRegionSize                         = 1048576                                   {product} {ergonomic}
    uintx GCDrainStackTargetSize                   = 64                                        {product} {ergonomic}
   size_t InitialHeapSize                          = 100663296                                 {product} {ergonomic}
     bool ManagementServer                         = true                                      {product} {command line}
   size_t MarkStackSize                            = 4194304                                   {product} {ergonomic}
   size_t MaxHeapSize                              = 1589641216                                {product} {ergonomic}
   size_t MaxNewSize                               = 953155584                                 {product} {ergonomic}
   size_t MinHeapDeltaBytes                        = 1048576                                   {product} {ergonomic}
   size_t MinHeapSize                              = 8388608                                   {product} {ergonomic}
    uintx NonProfiledCodeHeapSize                  = 0                                      {pd product} {ergonomic}
     bool ProfileInterpreter                       = false                                  {pd product} {command line}
    uintx ProfiledCodeHeapSize                     = 0                                      {pd product} {ergonomic}
     bool ShowCodeDetailsInExceptionMessages       = true                                   {manageable} {command line}
   size_t SoftMaxHeapSize                          = 1589641216                             {manageable} {ergonomic}
     intx TieredStopAtLevel                        = 1                                         {product} {command line}
     bool UseCompressedClassPointers               = true                           {product lp64_product} {ergonomic}
     bool UseCompressedOops                        = true                           {product lp64_product} {ergonomic}
     bool UseG1GC                                  = true                                      {product} {ergonomic}
     bool UseLargePagesIndividualAllocation        = false                                  {pd product} {ergonomic}

Logging:
Log output configuration:
 #0: stdout all=warning uptime,level,tags
 #1: stderr all=off uptime,level,tags

Environment Variables:
JAVA_HOME=C:\Program Files\Java\jdk-20.0.2
PATH=C:/Program Files (x86)/sts-4.19.1.RELEASE//plugins/org.eclipse.justj.openjdk.hotspot.jre.full.win32.x86_64_17.0.7.v20230425-1502/jre/bin/server;C:/Program Files (x86)/sts-4.19.1.RELEASE//plugins/org.eclipse.justj.openjdk.hotspot.jre.full.win32.x86_64_17.0.7.v20230425-1502/jre/bin;C:\Windows\system32;C:\Windows;C:\Windows\System32\Wbem;C:\Windows\System32\WindowsPowerShell\v1.0\;C:\Windows\System32\OpenSSH\;C:\Program Files\Java\jdk-20.0.2\bin;C:\Program Files\Git\cmd;C:\Program Files\Docker\Docker\resources\bin;C:\Users\Admin\AppData\Local\Microsoft\WindowsApps;;C:\Users\Admin\AppData\Local\Programs\Microsoft VS Code\bin;C:\Program Files (x86)\sts-4.19.1.RELEASE;
USERNAME=Irfan
OS=Windows_NT
PROCESSOR_IDENTIFIER=AMD64 Family 23 Model 24 Stepping 1, AuthenticAMD
TMP=C:\Users\Admin\AppData\Local\Temp
TEMP=C:\Users\Admin\AppData\Local\Temp



---------------  S Y S T E M  ---------------

OS:
 Windows 10 , 64 bit Build 19041 (10.0.19041.2545)
OS uptime: 0 days 2:48 hours
Hyper-V role detected

CPU: total 4 (initial active 4) (4 cores per cpu, 2 threads per core) family 23 model 24 stepping 1 microcode 0x0, cx8, cmov, fxsr, ht, mmx, 3dnowpref, sse, sse2, sse3, ssse3, sse4a, sse4.1, sse4.2, popcnt, lzcnt, tsc, tscinvbit, avx, avx2, aes, clmul, bmi1, bmi2, adx, sha, fma, vzeroupper, clflush, clflushopt, hv

Memory: 4k page, system-wide physical 6058M (522M free)
TotalPageFile size 6058M (AvailPageFile size 36M)
current process WorkingSet (physical memory assigned to process): 291M, peak: 306M
current process commit charge ("private bytes"): 317M, peak: 337M

vm_info: OpenJDK 64-Bit Server VM (17.0.7+7) for windows-amd64 JRE (17.0.7+7), built on Apr 18 2023 22:10:42 by "temurin" with MS VC++ 16.7 (VS2019)

END.
