#
# There is insufficient memory for the Java Runtime Environment to continue.
# Native memory allocation (mmap) failed to map 65536 bytes for Failed to commit metaspace.
# Possible reasons:
#   The system is out of physical RAM or swap space
#   The process is running with CompressedOops enabled, and the Java Heap may be blocking the growth of the native heap
# Possible solutions:
#   Reduce memory load on the system
#   Increase physical memory or swap space
#   Check if swap backing store is full
#   Decrease Java heap size (-Xmx/-Xms)
#   Decrease number of Java threads
#   Decrease Java thread stack sizes (-Xss)
#   Set larger code cache with -XX:ReservedCodeCacheSize=
#   JVM is running with Unscaled Compressed Oops mode in which the Java heap is
#     placed in the first 4GB address space. The Java Heap base address is the
#     maximum limit for the native heap growth. Please use -XX:HeapBaseMinAddress
#     to set the Java Heap base and to place the Java Heap above 4GB virtual address.
# This output file may be truncated or incomplete.
#
#  Out of Memory Error (virtualSpaceNode.cpp:110), pid=6952, tid=2648
#
# JRE version: OpenJDK Runtime Environment Temurin-17.0.7+7 (17.0.7+7) (build 17.0.7+7)
# Java VM: OpenJDK 64-Bit Server VM Temurin-17.0.7+7 (17.0.7+7, mixed mode, emulated-client, tiered, compressed oops, compressed class ptrs, g1 gc, windows-amd64)
# No core dump will be written. Minidumps are not enabled by default on client versions of Windows
#

---------------  S U M M A R Y ------------

Command Line: -Dcom.sun.management.jmxremote -Dcom.sun.management.jmxremote.port=50434 -Dcom.sun.management.jmxremote.authenticate=false -Dcom.sun.management.jmxremote.ssl=false -Djava.rmi.server.hostname=localhost -Dspring.jmx.enabled=true -Dmanagement.endpoints.jmx.exposure.include=* -Dspring.application.admin.enabled=true -XX:TieredStopAtLevel=1 -Dspring.boot.project.name=miniproject -Dfile.encoding=UTF-8 -Dstdout.encoding=UTF-8 -Dstderr.encoding=UTF-8 -XX:+ShowCodeDetailsInExceptionMessages com.teama.minpro.teama.MiniprojectApplication --spring.output.ansi.enabled=always

Host: AMD Ryzen 3 3200U with Radeon Vega Mobile Gfx  , 4 cores, 5G,  Windows 10 , 64 bit Build 19041 (10.0.19041.2545)
Time: Mon Oct 16 20:55:01 2023 SE Asia Standard Time elapsed time: 10.005198 seconds (0d 0h 0m 10s)

---------------  T H R E A D  ---------------

Current thread (0x000001d2acd0a030):  JavaThread "restartedMain" [_thread_in_vm, id=2648, stack(0x000000c866b00000,0x000000c866c00000)]

Stack: [0x000000c866b00000,0x000000c866c00000]
Native frames: (J=compiled Java code, j=interpreted, Vv=VM code, C=native code)
V  [jvm.dll+0x67754a]
V  [jvm.dll+0x834304]
V  [jvm.dll+0x835aae]
V  [jvm.dll+0x836113]
V  [jvm.dll+0x24696f]
V  [jvm.dll+0x83039b]
V  [jvm.dll+0x61c006]
V  [jvm.dll+0x1c169e]
V  [jvm.dll+0x61e961]
V  [jvm.dll+0x61c9a6]
V  [jvm.dll+0x23c306]
V  [jvm.dll+0x1ebe5d]
V  [jvm.dll+0x1e1891]
V  [jvm.dll+0x53ea50]
V  [jvm.dll+0x7afc28]
V  [jvm.dll+0x7afd14]
V  [jvm.dll+0x40de05]
V  [jvm.dll+0x413f58]
C  [java.dll+0x17ec]

Java frames: (J=compiled Java code, j=interpreted, Vv=VM code)
J 1205  java.lang.ClassLoader.defineClass1(Ljava/lang/ClassLoader;Ljava/lang/String;[BIILjava/security/ProtectionDomain;Ljava/lang/String;)Ljava/lang/Class; java.base@17.0.7 (0 bytes) @ 0x000001d29f11dcdb [0x000001d29f11dc20+0x00000000000000bb]
j  java.lang.System$2.defineClass(Ljava/lang/ClassLoader;Ljava/lang/String;[BLjava/security/ProtectionDomain;Ljava/lang/String;)Ljava/lang/Class;+10 java.base@17.0.7
j  jdk.internal.reflect.ClassDefiner.defineClass(Ljava/lang/String;[BIILjava/lang/ClassLoader;)Ljava/lang/Class;+27 java.base@17.0.7
j  jdk.internal.reflect.MethodAccessorGenerator$1.run()Ljdk/internal/reflect/MagicAccessorImpl;+21 java.base@17.0.7
j  jdk.internal.reflect.MethodAccessorGenerator$1.run()Ljava/lang/Object;+1 java.base@17.0.7
J 840 c1 java.security.AccessController.doPrivileged(Ljava/security/PrivilegedAction;)Ljava/lang/Object; java.base@17.0.7 (9 bytes) @ 0x000001d29f07f7fc [0x000001d29f07f7c0+0x000000000000003c]
j  jdk.internal.reflect.MethodAccessorGenerator.generate(Ljava/lang/Class;Ljava/lang/String;[Ljava/lang/Class;Ljava/lang/Class;[Ljava/lang/Class;IZZLjava/lang/Class;)Ljdk/internal/reflect/MagicAccessorImpl;+755 java.base@17.0.7
j  jdk.internal.reflect.MethodAccessorGenerator.generateMethod(Ljava/lang/Class;Ljava/lang/String;[Ljava/lang/Class;Ljava/lang/Class;[Ljava/lang/Class;I)Ljdk/internal/reflect/MethodAccessor;+13 java.base@17.0.7
J 4522 c1 jdk.internal.reflect.NativeMethodAccessorImpl.invoke(Ljava/lang/Object;[Ljava/lang/Object;)Ljava/lang/Object; java.base@17.0.7 (137 bytes) @ 0x000001d29f657774 [0x000001d29f657500+0x0000000000000274]
J 4018 c1 jdk.internal.reflect.DelegatingMethodAccessorImpl.invoke(Ljava/lang/Object;[Ljava/lang/Object;)Ljava/lang/Object; java.base@17.0.7 (10 bytes) @ 0x000001d29f5a19e4 [0x000001d29f5a19a0+0x0000000000000044]
J 4408 c1 java.lang.reflect.Method.invoke(Ljava/lang/Object;[Ljava/lang/Object;)Ljava/lang/Object; java.base@17.0.7 (65 bytes) @ 0x000001d29f62eb54 [0x000001d29f62ea60+0x00000000000000f4]
j  net.bytebuddy.description.annotation.AnnotationDescription$ForLoadedAnnotation.getValue(Lnet/bytebuddy/description/method/MethodDescription$InDefinedShape;)Lnet/bytebuddy/description/annotation/AnnotationValue;+171
j  net.bytebuddy.implementation.bind.annotation.FieldValue$Binder$Delegate.declaringType(Lnet/bytebuddy/description/annotation/AnnotationDescription$Loadable;)Lnet/bytebuddy/description/type/TypeDescription;+4
j  net.bytebuddy.implementation.bind.annotation.TargetMethodAnnotationDrivenBinder$ParameterBinder$ForFieldBinding.bind(Lnet/bytebuddy/description/annotation/AnnotationDescription$Loadable;Lnet/bytebuddy/description/method/MethodDescription;Lnet/bytebuddy/description/method/ParameterDescription;Lnet/bytebuddy/implementation/Implementation$Target;Lnet/bytebuddy/implementation/bytecode/assign/Assigner;Lnet/bytebuddy/implementation/bytecode/assign/Assigner$Typing;)Lnet/bytebuddy/implementation/bind/MethodDelegationBinder$ParameterBinding;+2
j  net.bytebuddy.implementation.bind.annotation.FieldValue$Binder.bind(Lnet/bytebuddy/description/annotation/AnnotationDescription$Loadable;Lnet/bytebuddy/description/method/MethodDescription;Lnet/bytebuddy/description/method/ParameterDescription;Lnet/bytebuddy/implementation/Implementation$Target;Lnet/bytebuddy/implementation/bytecode/assign/Assigner;Lnet/bytebuddy/implementation/bytecode/assign/Assigner$Typing;)Lnet/bytebuddy/implementation/bind/MethodDelegationBinder$ParameterBinding;+13
j  net.bytebuddy.implementation.bind.annotation.TargetMethodAnnotationDrivenBinder$DelegationProcessor$Handler$Bound.bind(Lnet/bytebuddy/description/method/MethodDescription;Lnet/bytebuddy/implementation/Implementation$Target;Lnet/bytebuddy/implementation/bytecode/assign/Assigner;)Lnet/bytebuddy/implementation/bind/MethodDelegationBinder$ParameterBinding;+19
j  net.bytebuddy.implementation.bind.annotation.TargetMethodAnnotationDrivenBinder$Record.bind(Lnet/bytebuddy/implementation/Implementation$Target;Lnet/bytebuddy/description/method/MethodDescription;Lnet/bytebuddy/implementation/bind/MethodDelegationBinder$TerminationHandler;Lnet/bytebuddy/implementation/bind/MethodDelegationBinder$MethodInvoker;Lnet/bytebuddy/implementation/bytecode/assign/Assigner;)Lnet/bytebuddy/implementation/bind/MethodDelegationBinder$MethodBinding;+109
j  net.bytebuddy.implementation.bind.MethodDelegationBinder$Processor.bind(Lnet/bytebuddy/implementation/Implementation$Target;Lnet/bytebuddy/description/method/MethodDescription;Lnet/bytebuddy/implementation/bind/MethodDelegationBinder$TerminationHandler;Lnet/bytebuddy/implementation/bind/MethodDelegationBinder$MethodInvoker;Lnet/bytebuddy/implementation/bytecode/assign/Assigner;)Lnet/bytebuddy/implementation/bind/MethodDelegationBinder$MethodBinding;+51
j  net.bytebuddy.implementation.MethodDelegation$Appender.apply(Lnet/bytebuddy/jar/asm/MethodVisitor;Lnet/bytebuddy/implementation/Implementation$Context;Lnet/bytebuddy/description/method/MethodDescription;)Lnet/bytebuddy/implementation/bytecode/ByteCodeAppender$Size;+49
j  net.bytebuddy.dynamic.scaffold.TypeWriter$MethodPool$Record$ForDefinedMethod$WithBody.applyCode(Lnet/bytebuddy/jar/asm/MethodVisitor;Lnet/bytebuddy/implementation/Implementation$Context;)Lnet/bytebuddy/implementation/bytecode/ByteCodeAppender$Size;+10
j  net.bytebuddy.dynamic.scaffold.TypeWriter$MethodPool$Record$ForDefinedMethod$WithBody.applyBody(Lnet/bytebuddy/jar/asm/MethodVisitor;Lnet/bytebuddy/implementation/Implementation$Context;Lnet/bytebuddy/implementation/attribute/AnnotationValueFilter$Factory;)V+13
j  net.bytebuddy.dynamic.scaffold.TypeWriter$MethodPool$Record$ForDefinedMethod.apply(Lnet/bytebuddy/jar/asm/ClassVisitor;Lnet/bytebuddy/implementation/Implementation$Context;Lnet/bytebuddy/implementation/attribute/AnnotationValueFilter$Factory;)V+162
j  net.bytebuddy.dynamic.scaffold.TypeWriter$Default$ForCreation.create(Lnet/bytebuddy/dynamic/scaffold/TypeInitializer;Lnet/bytebuddy/dynamic/scaffold/TypeWriter$Default$ClassDumpAction$Dispatcher;)Lnet/bytebuddy/dynamic/scaffold/TypeWriter$Default$UnresolvedType;+984
j  net.bytebuddy.dynamic.scaffold.TypeWriter$Default.make(Lnet/bytebuddy/dynamic/TypeResolutionStrategy$Resolved;)Lnet/bytebuddy/dynamic/DynamicType$Unloaded;+38
j  net.bytebuddy.dynamic.DynamicType$Builder$AbstractBase$UsingTypeWriter.make(Lnet/bytebuddy/dynamic/TypeResolutionStrategy;)Lnet/bytebuddy/dynamic/DynamicType$Unloaded;+10
j  net.bytebuddy.dynamic.DynamicType$Builder$AbstractBase.make()Lnet/bytebuddy/dynamic/DynamicType$Unloaded;+4
j  net.bytebuddy.dynamic.DynamicType$Builder$AbstractBase$Delegator.make()Lnet/bytebuddy/dynamic/DynamicType$Unloaded;+4
j  org.hibernate.bytecode.internal.bytebuddy.ByteBuddyState.make(Lnet/bytebuddy/pool/TypePool;Lnet/bytebuddy/dynamic/DynamicType$Builder;)Lnet/bytebuddy/dynamic/DynamicType$Unloaded;+26
j  org.hibernate.bytecode.internal.bytebuddy.ByteBuddyState.make(Lnet/bytebuddy/dynamic/DynamicType$Builder;)Lnet/bytebuddy/dynamic/DynamicType$Unloaded;+3
j  org.hibernate.bytecode.internal.bytebuddy.ByteBuddyState.lambda$load$0(Ljava/util/function/Function;Ljava/lang/Class;)Ljava/lang/Class;+14
j  org.hibernate.bytecode.internal.bytebuddy.ByteBuddyState$$Lambda$892+0x00000001007160f8.call()Ljava/lang/Object;+12
j  net.bytebuddy.TypeCache.findOrInsert(Ljava/lang/ClassLoader;Ljava/lang/Object;Ljava/util/concurrent/Callable;)Ljava/lang/Class;+20
j  net.bytebuddy.TypeCache.findOrInsert(Ljava/lang/ClassLoader;Ljava/lang/Object;Ljava/util/concurrent/Callable;Ljava/lang/Object;)Ljava/lang/Class;+26
j  org.hibernate.bytecode.internal.bytebuddy.ByteBuddyState.load(Ljava/lang/Class;Lnet/bytebuddy/TypeCache;Lnet/bytebuddy/TypeCache$SimpleKey;Ljava/util/function/Function;)Ljava/lang/Class;+16
j  org.hibernate.bytecode.internal.bytebuddy.ByteBuddyState.loadProxy(Ljava/lang/Class;Lnet/bytebuddy/TypeCache$SimpleKey;Ljava/util/function/Function;)Ljava/lang/Class;+8
j  org.hibernate.proxy.pojo.bytebuddy.ByteBuddyProxyHelper.buildProxy(Ljava/lang/Class;[Ljava/lang/Class;)Ljava/lang/Class;+62
j  org.hibernate.proxy.pojo.bytebuddy.ByteBuddyProxyFactory.postInstantiate(Ljava/lang/String;Ljava/lang/Class;Ljava/util/Set;Ljava/lang/reflect/Method;Ljava/lang/reflect/Method;Lorg/hibernate/type/CompositeType;)V+55
j  org.hibernate.tuple.entity.PojoEntityTuplizer.buildProxyFactory(Lorg/hibernate/mapping/PersistentClass;Lorg/hibernate/property/access/spi/Getter;Lorg/hibernate/property/access/spi/Setter;)Lorg/hibernate/proxy/ProxyFactory;+104
j  org.hibernate.tuple.entity.AbstractEntityTuplizer.<init>(Lorg/hibernate/tuple/entity/EntityMetamodel;Lorg/hibernate/mapping/PersistentClass;)V+198
j  org.hibernate.tuple.entity.PojoEntityTuplizer.<init>(Lorg/hibernate/tuple/entity/EntityMetamodel;Lorg/hibernate/mapping/PersistentClass;)V+3
v  ~StubRoutines::call_stub
J 1565  jdk.internal.reflect.NativeConstructorAccessorImpl.newInstance0(Ljava/lang/reflect/Constructor;[Ljava/lang/Object;)Ljava/lang/Object; java.base@17.0.7 (0 bytes) @ 0x000001d29f1b1086 [0x000001d29f1b1020+0x0000000000000066]
J 1564 c1 jdk.internal.reflect.NativeConstructorAccessorImpl.newInstance([Ljava/lang/Object;)Ljava/lang/Object; java.base@17.0.7 (122 bytes) @ 0x000001d29f1b181c [0x000001d29f1b1580+0x000000000000029c]
J 1406 c1 jdk.internal.reflect.DelegatingConstructorAccessorImpl.newInstance([Ljava/lang/Object;)Ljava/lang/Object; java.base@17.0.7 (9 bytes) @ 0x000001d29f170be4 [0x000001d29f170ba0+0x0000000000000044]
J 1399 c1 java.lang.reflect.Constructor.newInstanceWithCaller([Ljava/lang/Object;ZLjava/lang/Class;)Ljava/lang/Object; java.base@17.0.7 (75 bytes) @ 0x000001d29f16e72c [0x000001d29f16e660+0x00000000000000cc]
J 1405 c1 java.lang.reflect.Constructor.newInstance([Ljava/lang/Object;)Ljava/lang/Object; java.base@17.0.7 (34 bytes) @ 0x000001d29f1708cc [0x000001d29f170840+0x000000000000008c]
j  org.hibernate.tuple.entity.EntityTuplizerFactory.constructTuplizer(Ljava/lang/Class;Lorg/hibernate/tuple/entity/EntityMetamodel;Lorg/hibernate/mapping/PersistentClass;)Lorg/hibernate/tuple/entity/EntityTuplizer;+70
j  org.hibernate.tuple.entity.EntityTuplizerFactory.constructDefaultTuplizer(Lorg/hibernate/EntityMode;Lorg/hibernate/tuple/entity/EntityMetamodel;Lorg/hibernate/mapping/PersistentClass;)Lorg/hibernate/tuple/entity/EntityTuplizer;+57
j  org.hibernate.tuple.entity.EntityMetamodel.<init>(Lorg/hibernate/mapping/PersistentClass;Lorg/hibernate/persister/entity/EntityPersister;Lorg/hibernate/persister/spi/PersisterCreationContext;)V+1814
j  org.hibernate.persister.entity.AbstractEntityPersister.<init>(Lorg/hibernate/mapping/PersistentClass;Lorg/hibernate/cache/spi/access/EntityDataAccess;Lorg/hibernate/cache/spi/access/NaturalIdDataAccess;Lorg/hibernate/persister/spi/PersisterCreationContext;)V+176
j  org.hibernate.persister.entity.SingleTableEntityPersister.<init>(Lorg/hibernate/mapping/PersistentClass;Lorg/hibernate/cache/spi/access/EntityDataAccess;Lorg/hibernate/cache/spi/access/NaturalIdDataAccess;Lorg/hibernate/persister/spi/PersisterCreationContext;)V+6
v  ~StubRoutines::call_stub
J 1565  jdk.internal.reflect.NativeConstructorAccessorImpl.newInstance0(Ljava/lang/reflect/Constructor;[Ljava/lang/Object;)Ljava/lang/Object; java.base@17.0.7 (0 bytes) @ 0x000001d29f1b1086 [0x000001d29f1b1020+0x0000000000000066]
J 1564 c1 jdk.internal.reflect.NativeConstructorAccessorImpl.newInstance([Ljava/lang/Object;)Ljava/lang/Object; java.base@17.0.7 (122 bytes) @ 0x000001d29f1b181c [0x000001d29f1b1580+0x000000000000029c]
J 1406 c1 jdk.internal.reflect.DelegatingConstructorAccessorImpl.newInstance([Ljava/lang/Object;)Ljava/lang/Object; java.base@17.0.7 (9 bytes) @ 0x000001d29f170be4 [0x000001d29f170ba0+0x0000000000000044]
J 1399 c1 java.lang.reflect.Constructor.newInstanceWithCaller([Ljava/lang/Object;ZLjava/lang/Class;)Ljava/lang/Object; java.base@17.0.7 (75 bytes) @ 0x000001d29f16e72c [0x000001d29f16e660+0x00000000000000cc]
J 1405 c1 java.lang.reflect.Constructor.newInstance([Ljava/lang/Object;)Ljava/lang/Object; java.base@17.0.7 (34 bytes) @ 0x000001d29f1708cc [0x000001d29f170840+0x000000000000008c]
j  org.hibernate.persister.internal.PersisterFactoryImpl.createEntityPersister(Ljava/lang/Class;Lorg/hibernate/mapping/PersistentClass;Lorg/hibernate/cache/spi/access/EntityDataAccess;Lorg/hibernate/cache/spi/access/NaturalIdDataAccess;Lorg/hibernate/persister/spi/PersisterCreationContext;)Lorg/hibernate/persister/entity/EntityPersister;+33
j  org.hibernate.persister.internal.PersisterFactoryImpl.createEntityPersister(Lorg/hibernate/mapping/PersistentClass;Lorg/hibernate/cache/spi/access/EntityDataAccess;Lorg/hibernate/cache/spi/access/NaturalIdDataAccess;Lorg/hibernate/persister/spi/PersisterCreationContext;)Lorg/hibernate/persister/entity/EntityPersister;+41
j  org.hibernate.metamodel.internal.MetamodelImpl.initialize(Lorg/hibernate/boot/spi/MetadataImplementor;Lorg/hibernate/metamodel/internal/JpaMetaModelPopulationSetting;)V+148
j  org.hibernate.internal.SessionFactoryImpl.<init>(Lorg/hibernate/boot/spi/MetadataImplementor;Lorg/hibernate/boot/spi/SessionFactoryOptions;Lorg/hibernate/engine/query/spi/QueryPlanCache$QueryPlanCreator;)V+761
j  org.hibernate.boot.internal.SessionFactoryBuilderImpl.build()Lorg/hibernate/SessionFactory;+64
j  org.hibernate.jpa.boot.internal.EntityManagerFactoryBuilderImpl.build()Ljavax/persistence/EntityManagerFactory;+22
j  org.springframework.orm.jpa.vendor.SpringHibernateJpaPersistenceProvider.createContainerEntityManagerFactory(Ljavax/persistence/spi/PersistenceUnitInfo;Ljava/util/Map;)Ljavax/persistence/EntityManagerFactory;+55
j  org.springframework.orm.jpa.LocalContainerEntityManagerFactoryBean.createNativeEntityManagerFactory()Ljavax/persistence/EntityManagerFactory;+129
j  org.springframework.orm.jpa.AbstractEntityManagerFactoryBean.buildNativeEntityManagerFactory()Ljavax/persistence/EntityManagerFactory;+1
j  org.springframework.orm.jpa.AbstractEntityManagerFactoryBean.afterPropertiesSet()V+192
j  org.springframework.orm.jpa.LocalContainerEntityManagerFactoryBean.afterPropertiesSet()V+77
j  org.springframework.beans.factory.support.AbstractAutowireCapableBeanFactory.invokeInitMethods(Ljava/lang/String;Ljava/lang/Object;Lorg/springframework/beans/factory/support/RootBeanDefinition;)V+106
j  org.springframework.beans.factory.support.AbstractAutowireCapableBeanFactory.initializeBean(Ljava/lang/String;Ljava/lang/Object;Lorg/springframework/beans/factory/support/RootBeanDefinition;)Ljava/lang/Object;+59
j  org.springframework.beans.factory.support.AbstractAutowireCapableBeanFactory.doCreateBean(Ljava/lang/String;Lorg/springframework/beans/factory/support/RootBeanDefinition;[Ljava/lang/Object;)Ljava/lang/Object;+245
j  org.springframework.beans.factory.support.AbstractAutowireCapableBeanFactory.createBean(Ljava/lang/String;Lorg/springframework/beans/factory/support/RootBeanDefinition;[Ljava/lang/Object;)Ljava/lang/Object;+169
j  org.springframework.beans.factory.support.AbstractBeanFactory.lambda$doGetBean$0(Ljava/lang/String;Lorg/springframework/beans/factory/support/RootBeanDefinition;[Ljava/lang/Object;)Ljava/lang/Object;+4
j  org.springframework.beans.factory.support.AbstractBeanFactory$$Lambda$396+0x000000010039cd90.getObject()Ljava/lang/Object;+16
j  org.springframework.beans.factory.support.DefaultSingletonBeanRegistry.getSingleton(Ljava/lang/String;Lorg/springframework/beans/factory/ObjectFactory;)Ljava/lang/Object;+132
J 3435 c1 org.springframework.beans.factory.support.AbstractBeanFactory.doGetBean(Ljava/lang/String;Ljava/lang/Class;[Ljava/lang/Object;Z)Ljava/lang/Object; (832 bytes) @ 0x000001d29f49cf34 [0x000001d29f49c980+0x00000000000005b4]
j  org.springframework.beans.factory.support.AbstractBeanFactory.getBean(Ljava/lang/String;)Ljava/lang/Object;+5
j  org.springframework.context.support.AbstractApplicationContext.getBean(Ljava/lang/String;)Ljava/lang/Object;+9
j  org.springframework.context.support.AbstractApplicationContext.finishBeanFactoryInitialization(Lorg/springframework/beans/factory/config/ConfigurableListableBeanFactory;)V+100
j  org.springframework.context.support.AbstractApplicationContext.refresh()V+86
j  org.springframework.boot.web.servlet.context.ServletWebServerApplicationContext.refresh()V+1
j  org.springframework.boot.SpringApplication.refresh(Lorg/springframework/context/ConfigurableApplicationContext;)V+1
j  org.springframework.boot.SpringApplication.refreshContext(Lorg/springframework/context/ConfigurableApplicationContext;)V+16
j  org.springframework.boot.SpringApplication.run([Ljava/lang/String;)Lorg/springframework/context/ConfigurableApplicationContext;+107
j  org.springframework.boot.SpringApplication.run([Ljava/lang/Class;[Ljava/lang/String;)Lorg/springframework/context/ConfigurableApplicationContext;+9
j  org.springframework.boot.SpringApplication.run(Ljava/lang/Class;[Ljava/lang/String;)Lorg/springframework/context/ConfigurableApplicationContext;+9
j  com.teama.minpro.teama.MiniprojectApplication.main([Ljava/lang/String;)V+3
v  ~StubRoutines::call_stub
j  jdk.internal.reflect.NativeMethodAccessorImpl.invoke0(Ljava/lang/reflect/Method;Ljava/lang/Object;[Ljava/lang/Object;)Ljava/lang/Object;+0 java.base@17.0.7
j  jdk.internal.reflect.NativeMethodAccessorImpl.invoke(Ljava/lang/Object;[Ljava/lang/Object;)Ljava/lang/Object;+133 java.base@17.0.7
j  jdk.internal.reflect.DelegatingMethodAccessorImpl.invoke(Ljava/lang/Object;[Ljava/lang/Object;)Ljava/lang/Object;+6 java.base@17.0.7
j  java.lang.reflect.Method.invoke(Ljava/lang/Object;[Ljava/lang/Object;)Ljava/lang/Object;+59 java.base@17.0.7
j  org.springframework.boot.devtools.restart.RestartLauncher.run()V+47
v  ~StubRoutines::call_stub

---------------  P R O C E S S  ---------------

Threads class SMR info:
_java_thread_list=0x000001d2adb0cdc0, length=27, elements={
0x000001d29b68b560, 0x000001d2a7864a50, 0x000001d2a7868200, 0x000001d2a79e8190,
0x000001d2a79e8d10, 0x000001d2a79ea5e0, 0x000001d2a79eaea0, 0x000001d2a79eb810,
0x000001d2a78dde40, 0x000001d2a7ab9040, 0x000001d2a7ab9510, 0x000001d2a7bb1480,
0x000001d2ac3806a0, 0x000001d2ac32eef0, 0x000001d2ac375b80, 0x000001d2ac2ea250,
0x000001d2accd6700, 0x000001d2accb8c20, 0x000001d2ac7e4820, 0x000001d2ac7e4cf0,
0x000001d2acd0a030, 0x000001d2acd11370, 0x000001d2acd11d10, 0x000001d2acd0fb60,
0x000001d2acd0f1c0, 0x000001d2acd10500, 0x000001d2acd0ecf0
}

Java Threads: ( => current thread )
  0x000001d29b68b560 JavaThread "main" [_thread_blocked, id=5588, stack(0x000000c864a00000,0x000000c864b00000)]
  0x000001d2a7864a50 JavaThread "Reference Handler" daemon [_thread_blocked, id=7764, stack(0x000000c865100000,0x000000c865200000)]
  0x000001d2a7868200 JavaThread "Finalizer" daemon [_thread_blocked, id=4804, stack(0x000000c865200000,0x000000c865300000)]
  0x000001d2a79e8190 JavaThread "Signal Dispatcher" daemon [_thread_blocked, id=3728, stack(0x000000c865300000,0x000000c865400000)]
  0x000001d2a79e8d10 JavaThread "Attach Listener" daemon [_thread_blocked, id=2868, stack(0x000000c865400000,0x000000c865500000)]
  0x000001d2a79ea5e0 JavaThread "Service Thread" daemon [_thread_blocked, id=2752, stack(0x000000c865500000,0x000000c865600000)]
  0x000001d2a79eaea0 JavaThread "Monitor Deflation Thread" daemon [_thread_blocked, id=6428, stack(0x000000c865600000,0x000000c865700000)]
  0x000001d2a79eb810 JavaThread "C1 CompilerThread0" daemon [_thread_blocked, id=2336, stack(0x000000c865700000,0x000000c865800000)]
  0x000001d2a78dde40 JavaThread "Sweeper thread" daemon [_thread_blocked, id=7992, stack(0x000000c865800000,0x000000c865900000)]
  0x000001d2a7ab9040 JavaThread "Common-Cleaner" daemon [_thread_blocked, id=1388, stack(0x000000c865900000,0x000000c865a00000)]
  0x000001d2a7ab9510 JavaThread "C1 CompilerThread1" daemon [_thread_blocked, id=2268, stack(0x000000c865a00000,0x000000c865b00000)]
  0x000001d2a7bb1480 JavaThread "Notification Thread" daemon [_thread_blocked, id=3224, stack(0x000000c865b00000,0x000000c865c00000)]
  0x000001d2ac3806a0 JavaThread "C1 CompilerThread2" daemon [_thread_blocked, id=2640, stack(0x000000c865d00000,0x000000c865e00000)]
  0x000001d2ac32eef0 JavaThread "RMI TCP Accept-0" daemon [_thread_in_native, id=7676, stack(0x000000c865e00000,0x000000c865f00000)]
  0x000001d2ac375b80 JavaThread "RMI TCP Accept-50434" daemon [_thread_in_native, id=7516, stack(0x000000c865f00000,0x000000c866000000)]
  0x000001d2ac2ea250 JavaThread "RMI TCP Accept-0" daemon [_thread_in_native, id=4384, stack(0x000000c866000000,0x000000c866100000)]
  0x000001d2accd6700 JavaThread "RMI TCP Connection(1)-127.0.0.1" daemon [_thread_in_native, id=4320, stack(0x000000c866700000,0x000000c866800000)]
  0x000001d2accb8c20 JavaThread "RMI Scheduler(0)" daemon [_thread_blocked, id=2212, stack(0x000000c866800000,0x000000c866900000)]
  0x000001d2ac7e4820 JavaThread "Thread-0" [_thread_blocked, id=5528, stack(0x000000c866900000,0x000000c866a00000)]
  0x000001d2ac7e4cf0 JavaThread "RMI TCP Connection(2)-127.0.0.1" daemon [_thread_in_native, id=4236, stack(0x000000c866a00000,0x000000c866b00000)]
=>0x000001d2acd0a030 JavaThread "restartedMain" [_thread_in_vm, id=2648, stack(0x000000c866b00000,0x000000c866c00000)]
  0x000001d2acd11370 JavaThread "JMX server connection timeout 24" daemon [_thread_blocked, id=2164, stack(0x000000c866c00000,0x000000c866d00000)]
  0x000001d2acd11d10 JavaThread "Catalina-utility-1" [_thread_blocked, id=5184, stack(0x000000c866d00000,0x000000c866e00000)]
  0x000001d2acd0fb60 JavaThread "Catalina-utility-2" [_thread_blocked, id=7692, stack(0x000000c866e00000,0x000000c866f00000)]
  0x000001d2acd0f1c0 JavaThread "container-0" [_thread_blocked, id=2756, stack(0x000000c866f00000,0x000000c867000000)]
  0x000001d2acd10500 JavaThread "HikariPool-1 housekeeper" daemon [_thread_blocked, id=7252, stack(0x000000c867100000,0x000000c867200000)]
  0x000001d2acd0ecf0 JavaThread "HikariPool-1 connection adder" daemon [_thread_blocked, id=6944, stack(0x000000c867200000,0x000000c867300000)]

Other Threads:
  0x000001d2a788ba40 VMThread "VM Thread" [stack: 0x000000c865000000,0x000000c865100000] [id=4624]
  0x000001d29b68d090 WatcherThread [stack: 0x000000c866100000,0x000000c866200000] [id=8048]
  0x000001d29b6d6960 GCTaskThread "GC Thread#0" [stack: 0x000000c864b00000,0x000000c864c00000] [id=7508]
  0x000001d2ac4c8aa0 GCTaskThread "GC Thread#1" [stack: 0x000000c866200000,0x000000c866300000] [id=5996]
  0x000001d2ac5379d0 GCTaskThread "GC Thread#2" [stack: 0x000000c866300000,0x000000c866400000] [id=6864]
  0x000001d2ac537c80 GCTaskThread "GC Thread#3" [stack: 0x000000c866400000,0x000000c866500000] [id=2504]
  0x000001d29b6e3530 ConcurrentGCThread "G1 Main Marker" [stack: 0x000000c864c00000,0x000000c864d00000] [id=6940]
  0x000001d29b6e45f0 ConcurrentGCThread "G1 Conc#0" [stack: 0x000000c864d00000,0x000000c864e00000] [id=6400]
  0x000001d29b745570 ConcurrentGCThread "G1 Refine#0" [stack: 0x000000c864e00000,0x000000c864f00000] [id=7584]
  0x000001d2ac4f5960 ConcurrentGCThread "G1 Refine#1" [stack: 0x000000c866500000,0x000000c866600000] [id=8104]
  0x000001d2ac371890 ConcurrentGCThread "G1 Refine#2" [stack: 0x000000c866600000,0x000000c866700000] [id=6936]
  0x000001d29b746640 ConcurrentGCThread "G1 Service" [stack: 0x000000c864f00000,0x000000c865000000] [id=7404]

Threads with active compile tasks:

VM state: not at safepoint (normal execution)

VM Mutex/Monitor currently owned by a thread:  ([mutex/lock_event])
[0x000001d29b6840b0] Metaspace_lock - owner thread: 0x000001d2acd0a030

Heap address: 0x00000000a1400000, size: 1516 MB, Compressed Oops mode: 32-bit

CDS archive(s) not mapped
Compressed class space mapped at: 0x0000000100000000-0x0000000140000000, reserved size: 1073741824
Narrow klass base: 0x0000000000000000, Narrow klass shift: 3, Narrow klass range: 0x140000000

GC Precious Log:
 CPUs: 4 total, 4 available
 Memory: 6058M
 Large Page Support: Disabled
 NUMA Support: Disabled
 Compressed Oops: Enabled (32-bit)
 Heap Region Size: 1M
 Heap Min Capacity: 8M
 Heap Initial Capacity: 96M
 Heap Max Capacity: 1516M
 Pre-touch: Disabled
 Parallel Workers: 4
 Concurrent Workers: 1
 Concurrent Refinement Workers: 4
 Periodic GC: Disabled

Heap:
 garbage-first heap   total 55296K, used 39736K [0x00000000a1400000, 0x0000000100000000)
  region size 1024K, 19 young (19456K), 3 survivors (3072K)
 Metaspace       used 55796K, committed 56128K, reserved 1114112K
  class space    used 7476K, committed 7616K, reserved 1048576K

Heap Regions: E=young(eden), S=young(survivor), O=old, HS=humongous(starts), HC=humongous(continues), CS=collection set, F=free, OA=open archive, CA=closed archive, TAMS=top-at-mark-start (previous, next)
|   0|0x00000000a1400000, 0x00000000a1500000, 0x00000000a1500000|100%|HS|  |TAMS 0x00000000a1500000, 0x00000000a1400000| Complete 
|   1|0x00000000a1500000, 0x00000000a1600000, 0x00000000a1600000|100%| O|  |TAMS 0x00000000a1600000, 0x00000000a1500000| Untracked 
|   2|0x00000000a1600000, 0x00000000a1700000, 0x00000000a1700000|100%| O|  |TAMS 0x00000000a1700000, 0x00000000a1600000| Untracked 
|   3|0x00000000a1700000, 0x00000000a1800000, 0x00000000a1800000|100%| O|  |TAMS 0x00000000a1800000, 0x00000000a1700000| Untracked 
|   4|0x00000000a1800000, 0x00000000a1900000, 0x00000000a1900000|100%| O|  |TAMS 0x00000000a1900000, 0x00000000a1800000| Untracked 
|   5|0x00000000a1900000, 0x00000000a1a00000, 0x00000000a1a00000|100%| O|  |TAMS 0x00000000a1a00000, 0x00000000a1900000| Untracked 
|   6|0x00000000a1a00000, 0x00000000a1ae8400, 0x00000000a1b00000| 90%| O|  |TAMS 0x00000000a1ae8400, 0x00000000a1a00000| Untracked 
|   7|0x00000000a1b00000, 0x00000000a1c00000, 0x00000000a1c00000|100%| O|  |TAMS 0x00000000a1c00000, 0x00000000a1b00000| Untracked 
|   8|0x00000000a1c00000, 0x00000000a1d00000, 0x00000000a1d00000|100%| O|  |TAMS 0x00000000a1d00000, 0x00000000a1c00000| Untracked 
|   9|0x00000000a1d00000, 0x00000000a1e00000, 0x00000000a1e00000|100%| O|  |TAMS 0x00000000a1e00000, 0x00000000a1d00000| Untracked 
|  10|0x00000000a1e00000, 0x00000000a1f00000, 0x00000000a1f00000|100%| O|  |TAMS 0x00000000a1f00000, 0x00000000a1e00000| Untracked 
|  11|0x00000000a1f00000, 0x00000000a2000000, 0x00000000a2000000|100%| O|  |TAMS 0x00000000a1f80600, 0x00000000a1f00000| Untracked 
|  12|0x00000000a2000000, 0x00000000a2100000, 0x00000000a2100000|100%| O|  |TAMS 0x00000000a2000000, 0x00000000a2000000| Untracked 
|  13|0x00000000a2100000, 0x00000000a2200000, 0x00000000a2200000|100%| O|  |TAMS 0x00000000a2100000, 0x00000000a2100000| Untracked 
|  14|0x00000000a2200000, 0x00000000a2300000, 0x00000000a2300000|100%| O|  |TAMS 0x00000000a2200000, 0x00000000a2200000| Untracked 
|  15|0x00000000a2300000, 0x00000000a2400000, 0x00000000a2400000|100%| O|  |TAMS 0x00000000a2400000, 0x00000000a2300000| Untracked 
|  16|0x00000000a2400000, 0x00000000a2500000, 0x00000000a2500000|100%| O|  |TAMS 0x00000000a2500000, 0x00000000a2400000| Untracked 
|  17|0x00000000a2500000, 0x00000000a2600000, 0x00000000a2600000|100%| O|  |TAMS 0x00000000a2500000, 0x00000000a2500000| Untracked 
|  18|0x00000000a2600000, 0x00000000a2700000, 0x00000000a2700000|100%| O|  |TAMS 0x00000000a2600000, 0x00000000a2600000| Untracked 
|  19|0x00000000a2700000, 0x00000000a2800000, 0x00000000a2800000|100%| O|  |TAMS 0x00000000a2700000, 0x00000000a2700000| Untracked 
|  20|0x00000000a2800000, 0x00000000a28e5e00, 0x00000000a2900000| 89%| O|  |TAMS 0x00000000a2800000, 0x00000000a2800000| Untracked 
|  21|0x00000000a2900000, 0x00000000a2900000, 0x00000000a2a00000|  0%| F|  |TAMS 0x00000000a2900000, 0x00000000a2900000| Untracked 
|  22|0x00000000a2a00000, 0x00000000a2a00000, 0x00000000a2b00000|  0%| F|  |TAMS 0x00000000a2a00000, 0x00000000a2a00000| Untracked 
|  23|0x00000000a2b00000, 0x00000000a2b00000, 0x00000000a2c00000|  0%| F|  |TAMS 0x00000000a2b00000, 0x00000000a2b00000| Untracked 
|  24|0x00000000a2c00000, 0x00000000a2c00000, 0x00000000a2d00000|  0%| F|  |TAMS 0x00000000a2c00000, 0x00000000a2c00000| Untracked 
|  25|0x00000000a2d00000, 0x00000000a2d00000, 0x00000000a2e00000|  0%| F|  |TAMS 0x00000000a2d00000, 0x00000000a2d00000| Untracked 
|  26|0x00000000a2e00000, 0x00000000a2e00000, 0x00000000a2f00000|  0%| F|  |TAMS 0x00000000a2e00000, 0x00000000a2e00000| Untracked 
|  27|0x00000000a2f00000, 0x00000000a2f00000, 0x00000000a3000000|  0%| F|  |TAMS 0x00000000a2f00000, 0x00000000a2f00000| Untracked 
|  28|0x00000000a3000000, 0x00000000a3100000, 0x00000000a3100000|100%| S|CS|TAMS 0x00000000a3000000, 0x00000000a3000000| Complete 
|  29|0x00000000a3100000, 0x00000000a3200000, 0x00000000a3200000|100%| S|CS|TAMS 0x00000000a3100000, 0x00000000a3100000| Complete 
|  30|0x00000000a3200000, 0x00000000a3300000, 0x00000000a3300000|100%| S|CS|TAMS 0x00000000a3200000, 0x00000000a3200000| Complete 
|  31|0x00000000a3300000, 0x00000000a3300000, 0x00000000a3400000|  0%| F|  |TAMS 0x00000000a3300000, 0x00000000a3300000| Untracked 
|  32|0x00000000a3400000, 0x00000000a3400000, 0x00000000a3500000|  0%| F|  |TAMS 0x00000000a3400000, 0x00000000a3400000| Untracked 
|  33|0x00000000a3500000, 0x00000000a3500000, 0x00000000a3600000|  0%| F|  |TAMS 0x00000000a3500000, 0x00000000a3500000| Untracked 
|  34|0x00000000a3600000, 0x00000000a3600000, 0x00000000a3700000|  0%| F|  |TAMS 0x00000000a3600000, 0x00000000a3600000| Untracked 
|  35|0x00000000a3700000, 0x00000000a3700000, 0x00000000a3800000|  0%| F|  |TAMS 0x00000000a3700000, 0x00000000a3700000| Untracked 
|  36|0x00000000a3800000, 0x00000000a3800000, 0x00000000a3900000|  0%| F|  |TAMS 0x00000000a3800000, 0x00000000a3800000| Untracked 
|  37|0x00000000a3900000, 0x00000000a3900000, 0x00000000a3a00000|  0%| F|  |TAMS 0x00000000a3900000, 0x00000000a3900000| Untracked 
|  38|0x00000000a3a00000, 0x00000000a3a67400, 0x00000000a3b00000| 40%| E|  |TAMS 0x00000000a3a00000, 0x00000000a3a00000| Complete 
|  39|0x00000000a3b00000, 0x00000000a3c00000, 0x00000000a3c00000|100%| E|CS|TAMS 0x00000000a3b00000, 0x00000000a3b00000| Complete 
|  40|0x00000000a3c00000, 0x00000000a3d00000, 0x00000000a3d00000|100%| E|CS|TAMS 0x00000000a3c00000, 0x00000000a3c00000| Complete 
|  41|0x00000000a3d00000, 0x00000000a3e00000, 0x00000000a3e00000|100%| E|CS|TAMS 0x00000000a3d00000, 0x00000000a3d00000| Complete 
|  42|0x00000000a3e00000, 0x00000000a3f00000, 0x00000000a3f00000|100%| E|CS|TAMS 0x00000000a3e00000, 0x00000000a3e00000| Complete 
|  43|0x00000000a3f00000, 0x00000000a4000000, 0x00000000a4000000|100%| E|CS|TAMS 0x00000000a3f00000, 0x00000000a3f00000| Complete 
|  44|0x00000000a4000000, 0x00000000a4100000, 0x00000000a4100000|100%| E|CS|TAMS 0x00000000a4000000, 0x00000000a4000000| Complete 
|  45|0x00000000a4100000, 0x00000000a4200000, 0x00000000a4200000|100%| E|CS|TAMS 0x00000000a4100000, 0x00000000a4100000| Complete 
|  46|0x00000000a4200000, 0x00000000a4300000, 0x00000000a4300000|100%| E|CS|TAMS 0x00000000a4200000, 0x00000000a4200000| Complete 
|  47|0x00000000a4300000, 0x00000000a4400000, 0x00000000a4400000|100%| E|CS|TAMS 0x00000000a4300000, 0x00000000a4300000| Complete 
|  48|0x00000000a4400000, 0x00000000a4500000, 0x00000000a4500000|100%| E|CS|TAMS 0x00000000a4400000, 0x00000000a4400000| Complete 
|  49|0x00000000a4500000, 0x00000000a4600000, 0x00000000a4600000|100%| E|CS|TAMS 0x00000000a4500000, 0x00000000a4500000| Complete 
|  84|0x00000000a6800000, 0x00000000a6900000, 0x00000000a6900000|100%| E|CS|TAMS 0x00000000a6800000, 0x00000000a6800000| Complete 
|  85|0x00000000a6900000, 0x00000000a6a00000, 0x00000000a6a00000|100%| E|CS|TAMS 0x00000000a6900000, 0x00000000a6900000| Complete 
|  86|0x00000000a6a00000, 0x00000000a6b00000, 0x00000000a6b00000|100%| E|CS|TAMS 0x00000000a6a00000, 0x00000000a6a00000| Complete 
|  95|0x00000000a7300000, 0x00000000a7400000, 0x00000000a7400000|100%| E|CS|TAMS 0x00000000a7300000, 0x00000000a7300000| Complete 

Card table byte_map: [0x000001d2a1d40000,0x000001d2a2040000] _byte_map_base: 0x000001d2a1836000

Marking Bits (Prev, Next): (CMBitMap*) 0x000001d29b6d6e80, (CMBitMap*) 0x000001d29b6d6ec0
 Prev Bits: [0x000001d2a2340000, 0x000001d2a3af0000)
 Next Bits: [0x000001d2a3af0000, 0x000001d2a52a0000)

Polling page: 0x000001d299530000

Metaspace:

Usage:
  Non-class:     47.19 MB used.
      Class:      7.30 MB used.
       Both:     54.49 MB used.

Virtual space:
  Non-class space:       64.00 MB reserved,      47.38 MB ( 74%) committed,  1 nodes.
      Class space:        1.00 GB reserved,       7.44 MB ( <1%) committed,  1 nodes.
             Both:        1.06 GB reserved,      54.81 MB (  5%) committed. 

Chunk freelists:
   Non-Class:  16.00 MB
       Class:  8.58 MB
        Both:  24.57 MB

MaxMetaspaceSize: unlimited
CompressedClassSpaceSize: 1.00 GB
Initial GC threshold: 21.00 MB
Current GC threshold: 59.06 MB
CDS: off
MetaspaceReclaimPolicy: balanced
 - commit_granule_bytes: 65536.
 - commit_granule_words: 8192.
 - virtual_space_node_default_size: 8388608.
 - enlarge_chunks_in_place: 1.
 - new_chunks_are_fully_committed: 0.
 - uncommit_free_chunks: 1.
 - use_allocation_guard: 0.
 - handle_deallocations: 1.


Internal statistics:

num_allocs_failed_limit: 6.
num_arena_births: 420.
num_arena_deaths: 0.
num_vsnodes_births: 2.
num_vsnodes_deaths: 0.
num_space_committed: 877.
num_space_uncommitted: 0.
num_chunks_returned_to_freelist: 6.
num_chunks_taken_from_freelist: 2127.
num_chunk_merges: 6.
num_chunk_splits: 1504.
num_chunks_enlarged: 1175.
num_inconsistent_stats: 0.

CodeCache: size=49152Kb used=9852Kb max_used=9852Kb free=39299Kb
 bounds [0x000001d29ed40000, 0x000001d29f6e0000, 0x000001d2a1d40000]
 total_blobs=5449 nmethods=4876 adapters=498
 compilation: enabled
              stopped_count=0, restarted_count=0
 full_count=0

Compilation events (20 events):
Event: 9.989 Thread 0x000001d2a7ab9510 nmethod 4865 0x000001d29f6dc710 code [0x000001d29f6dc8e0, 0x000001d29f6dcb08]
Event: 9.989 Thread 0x000001d2a79eb810 4864       1       jdk.internal.reflect.ClassFileAssembler::setMaxLocals (6 bytes)
Event: 9.989 Thread 0x000001d2a79eb810 nmethod 4864 0x000001d29f6dcd10 code [0x000001d29f6dcea0, 0x000001d29f6dcf78]
Event: 9.989 Thread 0x000001d2ac3806a0 nmethod 4868 0x000001d29f6dd010 code [0x000001d29f6dd1a0, 0x000001d29f6dd358]
Event: 9.990 Thread 0x000001d2ac3806a0 4869       1       jdk.internal.reflect.ByteVectorImpl::resize (44 bytes)
Event: 9.990 Thread 0x000001d2ac3806a0 nmethod 4869 0x000001d29f6dd410 code [0x000001d29f6dd5c0, 0x000001d29f6dd828]
Event: 9.993 Thread 0x000001d2a7ab9510 4870       1       net.bytebuddy.description.type.TypeDescription$ForLoadedType::represents (22 bytes)
Event: 9.993 Thread 0x000001d2a7ab9510 nmethod 4870 0x000001d29f6dd910 code [0x000001d29f6ddac0, 0x000001d29f6ddbf8]
Event: 9.997 Thread 0x000001d2a79eb810 4871       1       net.bytebuddy.description.type.TypeDescription$Generic$OfNonGenericType::getSort (4 bytes)
Event: 9.997 Thread 0x000001d2ac3806a0 4872       1       net.bytebuddy.description.ModifierReviewable$AbstractBase::isStatic (7 bytes)
Event: 9.998 Thread 0x000001d2a79eb810 nmethod 4871 0x000001d29f6ddd10 code [0x000001d29f6ddea0, 0x000001d29f6ddf78]
Event: 9.998 Thread 0x000001d2a7ab9510 4873       1       net.bytebuddy.description.method.ParameterDescription$ForLoadedParameter$OfMethod::getType (54 bytes)
Event: 9.998 Thread 0x000001d2ac3806a0 nmethod 4872 0x000001d29f6de010 code [0x000001d29f6de1a0, 0x000001d29f6de2a8]
Event: 9.998 Thread 0x000001d2a79eb810 4874       1       net.bytebuddy.description.type.TypeDescription$Generic$LazyProjection$OfMethodParameter::<init> (20 bytes)
Event: 9.998 Thread 0x000001d2ac3806a0 4875       1       net.bytebuddy.implementation.bytecode.StackSize::getSize (5 bytes)
Event: 9.998 Thread 0x000001d2ac3806a0 nmethod 4875 0x000001d29f6de390 code [0x000001d29f6de520, 0x000001d29f6de5f8]
Event: 9.998 Thread 0x000001d2a79eb810 nmethod 4874 0x000001d29f6de690 code [0x000001d29f6de820, 0x000001d29f6de998]
Event: 9.998 Thread 0x000001d2a7ab9510 nmethod 4873 0x000001d29f6dea10 code [0x000001d29f6debc0, 0x000001d29f6deea8]
Event: 10.001 Thread 0x000001d2ac3806a0 4876       1       net.bytebuddy.description.type.TypeDescription$Generic$AbstractBase::asGenericType (2 bytes)
Event: 10.001 Thread 0x000001d2ac3806a0 nmethod 4876 0x000001d29f6df010 code [0x000001d29f6df1a0, 0x000001d29f6df278]

GC Heap History (20 events):
Event: 3.829 GC heap before
{Heap before GC invocations=6 (full 0):
 garbage-first heap   total 37888K, used 24427K [0x00000000a1400000, 0x0000000100000000)
  region size 1024K, 18 young (18432K), 5 survivors (5120K)
 Metaspace       used 27625K, committed 27904K, reserved 1114112K
  class space    used 3369K, committed 3520K, reserved 1048576K
}
Event: 3.839 GC heap after
{Heap after GC invocations=7 (full 0):
 garbage-first heap   total 46080K, used 13071K [0x00000000a1400000, 0x0000000100000000)
  region size 1024K, 2 young (2048K), 2 survivors (2048K)
 Metaspace       used 27625K, committed 27904K, reserved 1114112K
  class space    used 3369K, committed 3520K, reserved 1048576K
}
Event: 4.602 GC heap before
{Heap before GC invocations=7 (full 0):
 garbage-first heap   total 46080K, used 31503K [0x00000000a1400000, 0x0000000100000000)
  region size 1024K, 20 young (20480K), 2 survivors (2048K)
 Metaspace       used 31283K, committed 31552K, reserved 1114112K
  class space    used 3837K, committed 3968K, reserved 1048576K
}
Event: 4.606 GC heap after
{Heap after GC invocations=8 (full 0):
 garbage-first heap   total 46080K, used 13973K [0x00000000a1400000, 0x0000000100000000)
  region size 1024K, 3 young (3072K), 3 survivors (3072K)
 Metaspace       used 31283K, committed 31552K, reserved 1114112K
  class space    used 3837K, committed 3968K, reserved 1048576K
}
Event: 5.151 GC heap before
{Heap before GC invocations=8 (full 0):
 garbage-first heap   total 46080K, used 31381K [0x00000000a1400000, 0x0000000100000000)
  region size 1024K, 21 young (21504K), 3 survivors (3072K)
 Metaspace       used 32557K, committed 32832K, reserved 1114112K
  class space    used 4012K, committed 4160K, reserved 1048576K
}
Event: 5.157 GC heap after
{Heap after GC invocations=9 (full 0):
 garbage-first heap   total 46080K, used 15393K [0x00000000a1400000, 0x0000000100000000)
  region size 1024K, 3 young (3072K), 3 survivors (3072K)
 Metaspace       used 32557K, committed 32832K, reserved 1114112K
  class space    used 4012K, committed 4160K, reserved 1048576K
}
Event: 5.812 GC heap before
{Heap before GC invocations=9 (full 0):
 garbage-first heap   total 46080K, used 33825K [0x00000000a1400000, 0x0000000100000000)
  region size 1024K, 21 young (21504K), 3 survivors (3072K)
 Metaspace       used 34666K, committed 34944K, reserved 1114112K
  class space    used 4331K, committed 4480K, reserved 1048576K
}
Event: 5.818 GC heap after
{Heap after GC invocations=10 (full 0):
 garbage-first heap   total 46080K, used 16294K [0x00000000a1400000, 0x0000000100000000)
  region size 1024K, 3 young (3072K), 3 survivors (3072K)
 Metaspace       used 34666K, committed 34944K, reserved 1114112K
  class space    used 4331K, committed 4480K, reserved 1048576K
}
Event: 6.099 GC heap before
{Heap before GC invocations=10 (full 0):
 garbage-first heap   total 46080K, used 24486K [0x00000000a1400000, 0x0000000100000000)
  region size 1024K, 12 young (12288K), 3 survivors (3072K)
 Metaspace       used 35820K, committed 36096K, reserved 1114112K
  class space    used 4499K, committed 4608K, reserved 1048576K
}
Event: 6.105 GC heap after
{Heap after GC invocations=11 (full 0):
 garbage-first heap   total 46080K, used 16924K [0x00000000a1400000, 0x0000000100000000)
  region size 1024K, 2 young (2048K), 2 survivors (2048K)
 Metaspace       used 35820K, committed 36096K, reserved 1114112K
  class space    used 4499K, committed 4608K, reserved 1048576K
}
Event: 6.688 GC heap before
{Heap before GC invocations=12 (full 0):
 garbage-first heap   total 46080K, used 35356K [0x00000000a1400000, 0x0000000100000000)
  region size 1024K, 20 young (20480K), 2 survivors (2048K)
 Metaspace       used 38214K, committed 38592K, reserved 1114112K
  class space    used 4920K, committed 5120K, reserved 1048576K
}
Event: 6.696 GC heap after
{Heap after GC invocations=13 (full 0):
 garbage-first heap   total 46080K, used 18633K [0x00000000a1400000, 0x0000000100000000)
  region size 1024K, 3 young (3072K), 3 survivors (3072K)
 Metaspace       used 38214K, committed 38592K, reserved 1114112K
  class space    used 4920K, committed 5120K, reserved 1048576K
}
Event: 7.181 GC heap before
{Heap before GC invocations=13 (full 0):
 garbage-first heap   total 46080K, used 33993K [0x00000000a1400000, 0x0000000100000000)
  region size 1024K, 19 young (19456K), 3 survivors (3072K)
 Metaspace       used 40644K, committed 41024K, reserved 1114112K
  class space    used 5178K, committed 5376K, reserved 1048576K
}
Event: 7.189 GC heap after
{Heap after GC invocations=14 (full 0):
 garbage-first heap   total 46080K, used 20265K [0x00000000a1400000, 0x0000000100000000)
  region size 1024K, 2 young (2048K), 2 survivors (2048K)
 Metaspace       used 40644K, committed 41024K, reserved 1114112K
  class space    used 5178K, committed 5376K, reserved 1048576K
}
Event: 7.641 GC heap before
{Heap before GC invocations=14 (full 0):
 garbage-first heap   total 46080K, used 33577K [0x00000000a1400000, 0x0000000100000000)
  region size 1024K, 16 young (16384K), 2 survivors (2048K)
 Metaspace       used 42835K, committed 43136K, reserved 1114112K
  class space    used 5472K, committed 5632K, reserved 1048576K
}
Event: 7.647 GC heap after
{Heap after GC invocations=15 (full 0):
 garbage-first heap   total 55296K, used 21159K [0x00000000a1400000, 0x0000000100000000)
  region size 1024K, 1 young (1024K), 1 survivors (1024K)
 Metaspace       used 42835K, committed 43136K, reserved 1114112K
  class space    used 5472K, committed 5632K, reserved 1048576K
}
Event: 8.605 GC heap before
{Heap before GC invocations=15 (full 0):
 garbage-first heap   total 55296K, used 42663K [0x00000000a1400000, 0x0000000100000000)
  region size 1024K, 22 young (22528K), 1 survivors (1024K)
 Metaspace       used 49100K, committed 49408K, reserved 1114112K
  class space    used 6447K, committed 6592K, reserved 1048576K
}
Event: 8.611 GC heap after
{Heap after GC invocations=16 (full 0):
 garbage-first heap   total 55296K, used 22311K [0x00000000a1400000, 0x0000000100000000)
  region size 1024K, 2 young (2048K), 2 survivors (2048K)
 Metaspace       used 49100K, committed 49408K, reserved 1114112K
  class space    used 6447K, committed 6592K, reserved 1048576K
}
Event: 9.509 GC heap before
{Heap before GC invocations=16 (full 0):
 garbage-first heap   total 55296K, used 42791K [0x00000000a1400000, 0x0000000100000000)
  region size 1024K, 23 young (23552K), 2 survivors (2048K)
 Metaspace       used 53143K, committed 53568K, reserved 1114112K
  class space    used 7004K, committed 7168K, reserved 1048576K
}
Event: 9.517 GC heap after
{Heap after GC invocations=17 (full 0):
 garbage-first heap   total 55296K, used 24376K [0x00000000a1400000, 0x0000000100000000)
  region size 1024K, 3 young (3072K), 3 survivors (3072K)
 Metaspace       used 53143K, committed 53568K, reserved 1114112K
  class space    used 7004K, committed 7168K, reserved 1048576K
}

Dll operation events (9 events):
Event: 0.014 Loaded shared library C:\Program Files (x86)\sts-4.19.1.RELEASE\plugins\org.eclipse.justj.openjdk.hotspot.jre.full.win32.x86_64_17.0.7.v20230425-1502\jre\bin\java.dll
Event: 0.690 Loaded shared library C:\Program Files (x86)\sts-4.19.1.RELEASE\plugins\org.eclipse.justj.openjdk.hotspot.jre.full.win32.x86_64_17.0.7.v20230425-1502\jre\bin\jimage.dll
Event: 0.726 Loaded shared library C:\Program Files (x86)\sts-4.19.1.RELEASE\plugins\org.eclipse.justj.openjdk.hotspot.jre.full.win32.x86_64_17.0.7.v20230425-1502\jre\bin\net.dll
Event: 0.730 Loaded shared library C:\Program Files (x86)\sts-4.19.1.RELEASE\plugins\org.eclipse.justj.openjdk.hotspot.jre.full.win32.x86_64_17.0.7.v20230425-1502\jre\bin\nio.dll
Event: 0.739 Loaded shared library C:\Program Files (x86)\sts-4.19.1.RELEASE\plugins\org.eclipse.justj.openjdk.hotspot.jre.full.win32.x86_64_17.0.7.v20230425-1502\jre\bin\zip.dll
Event: 0.869 Loaded shared library C:\Program Files (x86)\sts-4.19.1.RELEASE\plugins\org.eclipse.justj.openjdk.hotspot.jre.full.win32.x86_64_17.0.7.v20230425-1502\jre\bin\management.dll
Event: 0.905 Loaded shared library C:\Program Files (x86)\sts-4.19.1.RELEASE\plugins\org.eclipse.justj.openjdk.hotspot.jre.full.win32.x86_64_17.0.7.v20230425-1502\jre\bin\management_ext.dll
Event: 1.426 Loaded shared library C:\Program Files (x86)\sts-4.19.1.RELEASE\plugins\org.eclipse.justj.openjdk.hotspot.jre.full.win32.x86_64_17.0.7.v20230425-1502\jre\bin\verify.dll
Event: 6.948 Loaded shared library C:\Program Files (x86)\sts-4.19.1.RELEASE\plugins\org.eclipse.justj.openjdk.hotspot.jre.full.win32.x86_64_17.0.7.v20230425-1502\jre\bin\sunmscapi.dll

Deoptimization events (6 events):
Event: 3.754 Thread 0x000001d2acd0a030 DEOPT PACKING pc=0x000001d29f30b199 sp=0x000000c866bfccb0
Event: 3.754 Thread 0x000001d2acd0a030 DEOPT UNPACKING pc=0x000001d29ed97143 sp=0x000000c866bfc190 mode 3
Event: 5.654 Thread 0x000001d2acd0a030 DEOPT PACKING pc=0x000001d29f323b94 sp=0x000000c866bfd1e0
Event: 5.654 Thread 0x000001d2acd0a030 DEOPT UNPACKING pc=0x000001d29ed97143 sp=0x000000c866bfc738 mode 0
Event: 6.828 Thread 0x000001d2acd0a030 DEOPT PACKING pc=0x000001d29f5467fd sp=0x000000c866bfce20
Event: 6.828 Thread 0x000001d2acd0a030 DEOPT UNPACKING pc=0x000001d29ed97143 sp=0x000000c866bfc388 mode 3

Classes unloaded (0 events):
No events

Classes redefined (0 events):
No events

Internal exceptions (20 events):
Event: 6.607 Thread 0x000001d2acd0a030 Exception <a 'java/lang/IncompatibleClassChangeError'{0x00000000a2f03a78}: Found class java.lang.Object, but interface was expected> (0x00000000a2f03a78) 
thrown [s\src\hotspot\share\interpreter\linkResolver.cpp, line 826]
Event: 6.608 Thread 0x000001d2acd0a030 Exception <a 'java/lang/NoSuchMethodError'{0x00000000a2f08c30}: 'void java.lang.invoke.DirectMethodHandle$Holder.invokeStatic(java.lang.Object, int, java.lang.Object)'> (0x00000000a2f08c30) 
thrown [s\src\hotspot\share\interpreter\linkResolver.cpp, line 759]
Event: 6.612 Thread 0x000001d2acd0a030 Exception <a 'java/lang/NoSuchMethodError'{0x00000000a2f382c0}: 'int java.lang.invoke.DirectMethodHandle$Holder.invokeSpecial(java.lang.Object, java.lang.Object, int)'> (0x00000000a2f382c0) 
thrown [s\src\hotspot\share\interpreter\linkResolver.cpp, line 759]
Event: 6.881 Thread 0x000001d2ac7e4cf0 Exception <a 'java/lang/reflect/InvocationTargetException'{0x00000000a3b94690}> (0x00000000a3b94690) 
thrown [s\src\hotspot\share\runtime\reflection.cpp, line 1121]
Event: 6.991 Thread 0x000001d2acd0a030 Exception <a 'sun/nio/fs/WindowsException'{0x00000000a368f0a0}> (0x00000000a368f0a0) 
thrown [s\src\hotspot\share\prims\jni.cpp, line 516]
Event: 6.992 Thread 0x000001d2acd0a030 Exception <a 'sun/nio/fs/WindowsException'{0x00000000a3694ce0}> (0x00000000a3694ce0) 
thrown [s\src\hotspot\share\prims\jni.cpp, line 516]
Event: 6.992 Thread 0x000001d2acd0a030 Exception <a 'sun/nio/fs/WindowsException'{0x00000000a36953b8}> (0x00000000a36953b8) 
thrown [s\src\hotspot\share\prims\jni.cpp, line 516]
Event: 7.177 Thread 0x000001d2acd0a030 Exception <a 'java/io/FileNotFoundException'{0x00000000a31c20f8}> (0x00000000a31c20f8) 
thrown [s\src\hotspot\share\prims\jni.cpp, line 516]
Event: 7.216 Thread 0x000001d2acd0a030 Exception <a 'java/lang/NoSuchMethodError'{0x00000000a6a26f78}: 'int java.lang.invoke.DirectMethodHandle$Holder.invokeInterface(java.lang.Object, java.lang.Object, java.lang.Object, java.lang.Object)'> (0x00000000a6a26f78) 
thrown [s\src\hotspot\share\interpreter\linkResolver.cpp, line 759]
Event: 7.302 Thread 0x000001d2acd0a030 Exception <a 'java/lang/NoSuchMethodError'{0x00000000a68445c0}: 'long java.lang.invoke.DirectMethodHandle$Holder.invokeVirtual(java.lang.Object, java.lang.Object)'> (0x00000000a68445c0) 
thrown [s\src\hotspot\share\interpreter\linkResolver.cpp, line 759]
Event: 7.310 Thread 0x000001d2acd0a030 Exception <a 'java/io/FileNotFoundException'{0x00000000a68760d8}> (0x00000000a68760d8) 
thrown [s\src\hotspot\share\prims\jni.cpp, line 516]
Event: 7.417 Thread 0x000001d2ac7e4cf0 Exception <a 'java/lang/reflect/InvocationTargetException'{0x00000000a3885dc0}> (0x00000000a3885dc0) 
thrown [s\src\hotspot\share\runtime\reflection.cpp, line 1121]
Event: 7.921 Thread 0x000001d2ac7e4cf0 Exception <a 'java/lang/reflect/InvocationTargetException'{0x00000000a43d7d78}> (0x00000000a43d7d78) 
thrown [s\src\hotspot\share\runtime\reflection.cpp, line 1121]
Event: 8.402 Thread 0x000001d2acd0a030 Exception <a 'sun/nio/fs/WindowsException'{0x00000000a38541c8}> (0x00000000a38541c8) 
thrown [s\src\hotspot\share\prims\jni.cpp, line 516]
Event: 8.475 Thread 0x000001d2ac7e4cf0 Exception <a 'java/lang/reflect/InvocationTargetException'{0x00000000a3767738}> (0x00000000a3767738) 
thrown [s\src\hotspot\share\runtime\reflection.cpp, line 1121]
Event: 8.682 Thread 0x000001d2acd0a030 Exception <a 'java/lang/NoSuchMethodError'{0x00000000a6a25c30}: 'java.lang.Object java.lang.invoke.DirectMethodHandle$Holder.invokeStaticInit(java.lang.Object, java.lang.Object, java.lang.Object, java.lang.Object)'> (0x00000000a6a25c30) 
thrown [s\src\hotspot\share\interpreter\linkResolver.cpp, line 759]
Event: 8.979 Thread 0x000001d2ac7e4cf0 Exception <a 'java/lang/reflect/InvocationTargetException'{0x00000000a4199178}> (0x00000000a4199178) 
thrown [s\src\hotspot\share\runtime\reflection.cpp, line 1121]
Event: 9.210 Thread 0x000001d2acd0a030 Exception <a 'java/lang/NoSuchMethodError'{0x00000000a3c5e5d0}: 'java.lang.Object java.lang.invoke.DirectMethodHandle$Holder.newInvokeSpecial(java.lang.Object, java.lang.Object, int, java.lang.Object, java.lang.Object)'> (0x00000000a3c5e5d0) 
thrown [s\src\hotspot\share\interpreter\linkResolver.cpp, line 759]
Event: 9.484 Thread 0x000001d2ac7e4cf0 Exception <a 'java/lang/reflect/InvocationTargetException'{0x00000000a356c6d0}> (0x00000000a356c6d0) 
thrown [s\src\hotspot\share\runtime\reflection.cpp, line 1121]
Event: 9.990 Thread 0x000001d2ac7e4cf0 Exception <a 'java/lang/reflect/InvocationTargetException'{0x00000000a3a06c60}> (0x00000000a3a06c60) 
thrown [s\src\hotspot\share\runtime\reflection.cpp, line 1121]

VM Operations (20 events):
Event: 7.405 Executing VM operation: HandshakeAllThreads
Event: 7.405 Executing VM operation: HandshakeAllThreads done
Event: 7.613 Executing VM operation: HandshakeAllThreads
Event: 7.613 Executing VM operation: HandshakeAllThreads done
Event: 7.640 Executing VM operation: G1CollectForAllocation
Event: 7.647 Executing VM operation: G1CollectForAllocation done
Event: 8.398 Executing VM operation: HandshakeAllThreads
Event: 8.398 Executing VM operation: HandshakeAllThreads done
Event: 8.404 Executing VM operation: HandshakeAllThreads
Event: 8.404 Executing VM operation: HandshakeAllThreads done
Event: 8.410 Executing VM operation: HandshakeAllThreads
Event: 8.410 Executing VM operation: HandshakeAllThreads done
Event: 8.605 Executing VM operation: G1CollectForAllocation
Event: 8.611 Executing VM operation: G1CollectForAllocation done
Event: 8.897 Executing VM operation: HandshakeAllThreads
Event: 8.897 Executing VM operation: HandshakeAllThreads done
Event: 8.918 Executing VM operation: HandshakeAllThreads
Event: 8.919 Executing VM operation: HandshakeAllThreads done
Event: 9.508 Executing VM operation: G1CollectForAllocation
Event: 9.517 Executing VM operation: G1CollectForAllocation done

Events (20 events):
Event: 9.125 loading class java/math/MutableBigInteger
Event: 9.126 loading class java/math/MutableBigInteger done
Event: 9.194 loading class javax/naming/RefAddr
Event: 9.194 loading class javax/naming/RefAddr done
Event: 9.194 loading class javax/naming/StringRefAddr
Event: 9.194 loading class javax/naming/StringRefAddr done
Event: 9.196 loading class java/io/InvalidObjectException
Event: 9.196 loading class java/io/InvalidObjectException done
Event: 9.254 loading class java/util/concurrent/CompletableFuture$AltResult
Event: 9.254 loading class java/util/concurrent/CompletableFuture$AltResult done
Event: 9.254 loading class java/util/concurrent/CompletableFuture$Completion
Event: 9.255 loading class java/util/concurrent/CompletableFuture$AsynchronousCompletionTask
Event: 9.255 loading class java/util/concurrent/CompletableFuture$AsynchronousCompletionTask done
Event: 9.255 loading class java/util/concurrent/ForkJoinTask
Event: 9.257 loading class java/util/concurrent/ForkJoinTask done
Event: 9.257 loading class java/util/concurrent/CompletableFuture$Completion done
Event: 9.486 loading class sun/reflect/annotation/TypeAnnotation$TypeAnnotationTargetInfo
Event: 9.487 loading class sun/reflect/annotation/TypeAnnotation$TypeAnnotationTargetInfo done
Event: 9.948 loading class java/util/AbstractList$SubList
Event: 9.948 loading class java/util/AbstractList$SubList done


Dynamic libraries:
0x00007ff762a70000 - 0x00007ff762a7e000 	C:\Program Files (x86)\sts-4.19.1.RELEASE\plugins\org.eclipse.justj.openjdk.hotspot.jre.full.win32.x86_64_17.0.7.v20230425-1502\jre\bin\javaw.exe
0x00007ffcfcf30000 - 0x00007ffcfd128000 	C:\Windows\SYSTEM32\ntdll.dll
0x00007ffcfb410000 - 0x00007ffcfb4cf000 	C:\Windows\System32\KERNEL32.DLL
0x00007ffcfa840000 - 0x00007ffcfab12000 	C:\Windows\System32\KERNELBASE.dll
0x00007ffcfa6d0000 - 0x00007ffcfa7d0000 	C:\Windows\System32\ucrtbase.dll
0x00007ffce9e70000 - 0x00007ffce9e87000 	C:\Program Files (x86)\sts-4.19.1.RELEASE\plugins\org.eclipse.justj.openjdk.hotspot.jre.full.win32.x86_64_17.0.7.v20230425-1502\jre\bin\jli.dll
0x00007ffcfba80000 - 0x00007ffcfbc21000 	C:\Windows\System32\USER32.dll
0x00007ffcfaf40000 - 0x00007ffcfaf62000 	C:\Windows\System32\win32u.dll
0x00007ffcfc7a0000 - 0x00007ffcfc7cb000 	C:\Windows\System32\GDI32.dll
0x00007ffcfabf0000 - 0x00007ffcfacff000 	C:\Windows\System32\gdi32full.dll
0x00007ffcfab20000 - 0x00007ffcfabbd000 	C:\Windows\System32\msvcp_win.dll
0x00007ffce9e50000 - 0x00007ffce9e69000 	C:\Program Files (x86)\sts-4.19.1.RELEASE\plugins\org.eclipse.justj.openjdk.hotspot.jre.full.win32.x86_64_17.0.7.v20230425-1502\jre\bin\VCRUNTIME140.dll
0x00007ffce6410000 - 0x00007ffce66aa000 	C:\Windows\WinSxS\amd64_microsoft.windows.common-controls_6595b64144ccf1df_6.0.19041.1110_none_60b5254171f9507e\COMCTL32.dll
0x00007ffcfb940000 - 0x00007ffcfb9de000 	C:\Windows\System32\msvcrt.dll
0x00007ffcfb4d0000 - 0x00007ffcfb502000 	C:\Windows\System32\IMM32.DLL
0x00007ffcf55a0000 - 0x00007ffcf55ac000 	C:\Program Files (x86)\sts-4.19.1.RELEASE\plugins\org.eclipse.justj.openjdk.hotspot.jre.full.win32.x86_64_17.0.7.v20230425-1502\jre\bin\vcruntime140_1.dll
0x00007ffce9560000 - 0x00007ffce95f1000 	C:\Program Files (x86)\sts-4.19.1.RELEASE\plugins\org.eclipse.justj.openjdk.hotspot.jre.full.win32.x86_64_17.0.7.v20230425-1502\jre\bin\msvcp140.dll
0x00007ffcdb0f0000 - 0x00007ffcdbd38000 	C:\Program Files (x86)\sts-4.19.1.RELEASE\plugins\org.eclipse.justj.openjdk.hotspot.jre.full.win32.x86_64_17.0.7.v20230425-1502\jre\bin\server\jvm.dll
0x00007ffcfce40000 - 0x00007ffcfceee000 	C:\Windows\System32\ADVAPI32.dll
0x00007ffcfbd50000 - 0x00007ffcfbdec000 	C:\Windows\System32\sechost.dll
0x00007ffcfbdf0000 - 0x00007ffcfbf15000 	C:\Windows\System32\RPCRT4.dll
0x00007ffce1090000 - 0x00007ffce1099000 	C:\Windows\SYSTEM32\WSOCK32.dll
0x00007ffcfb510000 - 0x00007ffcfb57b000 	C:\Windows\System32\WS2_32.dll
0x00007ffcf0910000 - 0x00007ffcf0937000 	C:\Windows\SYSTEM32\WINMM.dll
0x00007ffcf3f20000 - 0x00007ffcf3f2a000 	C:\Windows\SYSTEM32\VERSION.dll
0x00007ffcf84a0000 - 0x00007ffcf84b2000 	C:\Windows\SYSTEM32\kernel.appcore.dll
0x00007ffcf60c0000 - 0x00007ffcf60ca000 	C:\Program Files (x86)\sts-4.19.1.RELEASE\plugins\org.eclipse.justj.openjdk.hotspot.jre.full.win32.x86_64_17.0.7.v20230425-1502\jre\bin\jimage.dll
0x00007ffce6220000 - 0x00007ffce6404000 	C:\Windows\SYSTEM32\DBGHELP.DLL
0x00007ffce3620000 - 0x00007ffce3655000 	C:\Windows\SYSTEM32\dbgcore.DLL
0x00007ffcfaeb0000 - 0x00007ffcfaf32000 	C:\Windows\System32\bcryptPrimitives.dll
0x00007ffcf2a20000 - 0x00007ffcf2a45000 	C:\Program Files (x86)\sts-4.19.1.RELEASE\plugins\org.eclipse.justj.openjdk.hotspot.jre.full.win32.x86_64_17.0.7.v20230425-1502\jre\bin\java.dll
0x00007ffcf2a00000 - 0x00007ffcf2a18000 	C:\Program Files (x86)\sts-4.19.1.RELEASE\plugins\org.eclipse.justj.openjdk.hotspot.jre.full.win32.x86_64_17.0.7.v20230425-1502\jre\bin\zip.dll
0x00007ffcfc050000 - 0x00007ffcfc795000 	C:\Windows\System32\SHELL32.dll
0x00007ffcf86a0000 - 0x00007ffcf8e32000 	C:\Windows\SYSTEM32\windows.storage.dll
0x00007ffcfc7d0000 - 0x00007ffcfcb25000 	C:\Windows\System32\combase.dll
0x00007ffcf9ec0000 - 0x00007ffcf9ef0000 	C:\Windows\SYSTEM32\Wldp.dll
0x00007ffcfcd10000 - 0x00007ffcfcdbd000 	C:\Windows\System32\SHCORE.dll
0x00007ffcfbf20000 - 0x00007ffcfbf75000 	C:\Windows\System32\shlwapi.dll
0x00007ffcfa560000 - 0x00007ffcfa57f000 	C:\Windows\SYSTEM32\profapi.dll
0x00007ffcf29e0000 - 0x00007ffcf29f9000 	C:\Program Files (x86)\sts-4.19.1.RELEASE\plugins\org.eclipse.justj.openjdk.hotspot.jre.full.win32.x86_64_17.0.7.v20230425-1502\jre\bin\net.dll
0x00007ffcf2140000 - 0x00007ffcf224c000 	C:\Windows\SYSTEM32\WINHTTP.dll
0x00007ffcf9ca0000 - 0x00007ffcf9d0a000 	C:\Windows\system32\mswsock.dll
0x00007ffcf29c0000 - 0x00007ffcf29d5000 	C:\Program Files (x86)\sts-4.19.1.RELEASE\plugins\org.eclipse.justj.openjdk.hotspot.jre.full.win32.x86_64_17.0.7.v20230425-1502\jre\bin\nio.dll
0x00007ffcf2640000 - 0x00007ffcf2649000 	C:\Program Files (x86)\sts-4.19.1.RELEASE\plugins\org.eclipse.justj.openjdk.hotspot.jre.full.win32.x86_64_17.0.7.v20230425-1502\jre\bin\management.dll
0x00007ffcea100000 - 0x00007ffcea10b000 	C:\Program Files (x86)\sts-4.19.1.RELEASE\plugins\org.eclipse.justj.openjdk.hotspot.jre.full.win32.x86_64_17.0.7.v20230425-1502\jre\bin\management_ext.dll
0x00007ffcfaf90000 - 0x00007ffcfaf98000 	C:\Windows\System32\PSAPI.DLL
0x00007ffcf2380000 - 0x00007ffcf2397000 	C:\Windows\system32\napinsp.dll
0x00007ffcec420000 - 0x00007ffcec43b000 	C:\Windows\system32\pnrpnsp.dll
0x00007ffcd7640000 - 0x00007ffcd7655000 	C:\Windows\system32\wshbth.dll
0x00007ffcf5e00000 - 0x00007ffcf5e1d000 	C:\Windows\system32\NLAapi.dll
0x00007ffcf99b0000 - 0x00007ffcf99eb000 	C:\Windows\SYSTEM32\IPHLPAPI.DLL
0x00007ffcf99f0000 - 0x00007ffcf9abb000 	C:\Windows\SYSTEM32\DNSAPI.dll
0x00007ffcfb580000 - 0x00007ffcfb588000 	C:\Windows\System32\NSI.dll
0x00007ffce9e30000 - 0x00007ffce9e42000 	C:\Windows\System32\winrnr.dll
0x00007ffcee8b0000 - 0x00007ffcee8ba000 	C:\Windows\System32\rasadhlp.dll
0x00007ffcf1480000 - 0x00007ffcf1500000 	C:\Windows\System32\fwpuclnt.dll
0x00007ffcfabc0000 - 0x00007ffcfabe7000 	C:\Windows\System32\bcrypt.dll
0x00007ffcf9f00000 - 0x00007ffcf9f18000 	C:\Windows\SYSTEM32\CRYPTSP.dll
0x00007ffcf95e0000 - 0x00007ffcf9614000 	C:\Windows\system32\rsaenh.dll
0x00007ffcfa4e0000 - 0x00007ffcfa50e000 	C:\Windows\SYSTEM32\USERENV.dll
0x00007ffcf9e30000 - 0x00007ffcf9e3c000 	C:\Windows\SYSTEM32\CRYPTBASE.dll
0x00007ffcf0ac0000 - 0x00007ffcf0ad7000 	C:\Windows\SYSTEM32\dhcpcsvc6.DLL
0x00007ffcf0a80000 - 0x00007ffcf0a9d000 	C:\Windows\SYSTEM32\dhcpcsvc.DLL
0x00007ffcf5630000 - 0x00007ffcf5640000 	C:\Program Files (x86)\sts-4.19.1.RELEASE\plugins\org.eclipse.justj.openjdk.hotspot.jre.full.win32.x86_64_17.0.7.v20230425-1502\jre\bin\verify.dll
0x00007ffcf62f0000 - 0x00007ffcf62fe000 	C:\Program Files (x86)\sts-4.19.1.RELEASE\plugins\org.eclipse.justj.openjdk.hotspot.jre.full.win32.x86_64_17.0.7.v20230425-1502\jre\bin\sunmscapi.dll
0x00007ffcfad00000 - 0x00007ffcfae56000 	C:\Windows\System32\CRYPT32.dll
0x00007ffcfa010000 - 0x00007ffcfa037000 	C:\Windows\SYSTEM32\ncrypt.dll
0x00007ffcf9fd0000 - 0x00007ffcfa00b000 	C:\Windows\SYSTEM32\NTASN1.dll

dbghelp: loaded successfully - version: 4.0.5 - missing functions: none
symbol engine: initialized successfully - sym options: 0x614 - pdb path: .;C:\Program Files (x86)\sts-4.19.1.RELEASE\plugins\org.eclipse.justj.openjdk.hotspot.jre.full.win32.x86_64_17.0.7.v20230425-1502\jre\bin;C:\Windows\SYSTEM32;C:\Windows\WinSxS\amd64_microsoft.windows.common-controls_6595b64144ccf1df_6.0.19041.1110_none_60b5254171f9507e;C:\Program Files (x86)\sts-4.19.1.RELEASE\plugins\org.eclipse.justj.openjdk.hotspot.jre.full.win32.x86_64_17.0.7.v20230425-1502\jre\bin\server

VM Arguments:
jvm_args: -Dcom.sun.management.jmxremote -Dcom.sun.management.jmxremote.port=50434 -Dcom.sun.management.jmxremote.authenticate=false -Dcom.sun.management.jmxremote.ssl=false -Djava.rmi.server.hostname=localhost -Dspring.jmx.enabled=true -Dmanagement.endpoints.jmx.exposure.include=* -Dspring.application.admin.enabled=true -XX:TieredStopAtLevel=1 -Dspring.boot.project.name=miniproject -Dfile.encoding=UTF-8 -Dstdout.encoding=UTF-8 -Dstderr.encoding=UTF-8 -XX:+ShowCodeDetailsInExceptionMessages 
java_command: com.teama.minpro.teama.MiniprojectApplication --spring.output.ansi.enabled=always
java_class_path (initial): D:\BELAJAR KODING\XSIS\BATCH-327\minpro-team-a\miniproject\target\classes;C:\Users\Admin\.m2\repository\org\springframework\boot\spring-boot-starter-data-jpa\2.7.16\spring-boot-starter-data-jpa-2.7.16.jar;C:\Users\Admin\.m2\repository\org\springframework\boot\spring-boot-starter-aop\2.7.16\spring-boot-starter-aop-2.7.16.jar;C:\Users\Admin\.m2\repository\org\springframework\spring-aop\5.3.30\spring-aop-5.3.30.jar;C:\Users\Admin\.m2\repository\org\aspectj\aspectjweaver\1.9.7\aspectjweaver-1.9.7.jar;C:\Users\Admin\.m2\repository\org\springframework\boot\spring-boot-starter-jdbc\2.7.16\spring-boot-starter-jdbc-2.7.16.jar;C:\Users\Admin\.m2\repository\com\zaxxer\HikariCP\4.0.3\HikariCP-4.0.3.jar;C:\Users\Admin\.m2\repository\org\springframework\spring-jdbc\5.3.30\spring-jdbc-5.3.30.jar;C:\Users\Admin\.m2\repository\jakarta\transaction\jakarta.transaction-api\1.3.3\jakarta.transaction-api-1.3.3.jar;C:\Users\Admin\.m2\repository\jakarta\persistence\jakarta.persistence-api\2.2.3\jakarta.persistence-api-2.2.3.jar;C:\Users\Admin\.m2\repository\org\hibernate\hibernate-core\5.6.15.Final\hibernate-core-5.6.15.Final.jar;C:\Users\Admin\.m2\repository\org\jboss\logging\jboss-logging\3.4.3.Final\jboss-logging-3.4.3.Final.jar;C:\Users\Admin\.m2\repository\net\bytebuddy\byte-buddy\1.12.23\byte-buddy-1.12.23.jar;C:\Users\Admin\.m2\repository\antlr\antlr\2.7.7\antlr-2.7.7.jar;C:\Users\Admin\.m2\repository\org\jboss\jandex\2.4.2.Final\jandex-2.4.2.Final.jar;C:\Users\Admin\.m2\repository\com\fasterxml\classmate\1.5.1\classmate-1.5.1.jar;C:\Users\Admin\.m2\repository\org\hibernate\common\hibernate-commons-annotations\5.1.2.Final\hibernate-commons-annotations-5.1.2.Final.jar;C:\Users\Admin\.m2\repository\org\glassfish\jaxb\jaxb-runtime\2.3.8\jaxb-runtime-2.3.8.jar;C:\Users\Admin\.m2\repository\org\glassfish\jaxb\txw2\2.3.8\txw2-2.3.8.jar;C:\Users\Admin\.m2\repository\com\sun\istack\istack-commons-runtime\3.0.12\istack-commons-runtime-3.0.12.jar;C:\Users\Admin\.m
Launcher Type: SUN_STANDARD

[Global flags]
     intx CICompilerCount                          = 3                                         {product} {ergonomic}
     uint ConcGCThreads                            = 1                                         {product} {ergonomic}
     uint G1ConcRefinementThreads                  = 4                                         {product} {ergonomic}
   size_t G1HeapRegionSize                         = 1048576                                   {product} {ergonomic}
    uintx GCDrainStackTargetSize                   = 64                                        {product} {ergonomic}
   size_t InitialHeapSize                          = 100663296                                 {product} {ergonomic}
     bool ManagementServer                         = true                                      {product} {command line}
   size_t MarkStackSize                            = 4194304                                   {product} {ergonomic}
   size_t MaxHeapSize                              = 1589641216                                {product} {ergonomic}
   size_t MaxNewSize                               = 953155584                                 {product} {ergonomic}
   size_t MinHeapDeltaBytes                        = 1048576                                   {product} {ergonomic}
   size_t MinHeapSize                              = 8388608                                   {product} {ergonomic}
    uintx NonProfiledCodeHeapSize                  = 0                                      {pd product} {ergonomic}
     bool ProfileInterpreter                       = false                                  {pd product} {command line}
    uintx ProfiledCodeHeapSize                     = 0                                      {pd product} {ergonomic}
     bool ShowCodeDetailsInExceptionMessages       = true                                   {manageable} {command line}
   size_t SoftMaxHeapSize                          = 1589641216                             {manageable} {ergonomic}
     intx TieredStopAtLevel                        = 1                                         {product} {command line}
     bool UseCompressedClassPointers               = true                           {product lp64_product} {ergonomic}
     bool UseCompressedOops                        = true                           {product lp64_product} {ergonomic}
     bool UseG1GC                                  = true                                      {product} {ergonomic}
     bool UseLargePagesIndividualAllocation        = false                                  {pd product} {ergonomic}

Logging:
Log output configuration:
 #0: stdout all=warning uptime,level,tags
 #1: stderr all=off uptime,level,tags

Environment Variables:
JAVA_HOME=C:\Program Files\Java\jdk-20.0.2
PATH=C:/Program Files (x86)/sts-4.19.1.RELEASE//plugins/org.eclipse.justj.openjdk.hotspot.jre.full.win32.x86_64_17.0.7.v20230425-1502/jre/bin/server;C:/Program Files (x86)/sts-4.19.1.RELEASE//plugins/org.eclipse.justj.openjdk.hotspot.jre.full.win32.x86_64_17.0.7.v20230425-1502/jre/bin;C:\Windows\system32;C:\Windows;C:\Windows\System32\Wbem;C:\Windows\System32\WindowsPowerShell\v1.0\;C:\Windows\System32\OpenSSH\;C:\Program Files\Java\jdk-20.0.2\bin;C:\Program Files\Git\cmd;C:\Program Files\Docker\Docker\resources\bin;C:\Users\Admin\AppData\Local\Microsoft\WindowsApps;;C:\Users\Admin\AppData\Local\Programs\Microsoft VS Code\bin;C:\Program Files (x86)\sts-4.19.1.RELEASE;
USERNAME=Irfan
OS=Windows_NT
PROCESSOR_IDENTIFIER=AMD64 Family 23 Model 24 Stepping 1, AuthenticAMD
TMP=C:\Users\Admin\AppData\Local\Temp
TEMP=C:\Users\Admin\AppData\Local\Temp



---------------  S Y S T E M  ---------------

OS:
 Windows 10 , 64 bit Build 19041 (10.0.19041.2545)
OS uptime: 0 days 0:44 hours
Hyper-V role detected

CPU: total 4 (initial active 4) (4 cores per cpu, 2 threads per core) family 23 model 24 stepping 1 microcode 0x0, cx8, cmov, fxsr, ht, mmx, 3dnowpref, sse, sse2, sse3, ssse3, sse4a, sse4.1, sse4.2, popcnt, lzcnt, tsc, tscinvbit, avx, avx2, aes, clmul, bmi1, bmi2, adx, sha, fma, vzeroupper, clflush, clflushopt, hv

Memory: 4k page, system-wide physical 6058M (550M free)
TotalPageFile size 6058M (AvailPageFile size 3M)
current process WorkingSet (physical memory assigned to process): 176M, peak: 176M
current process commit charge ("private bytes"): 203M, peak: 203M

vm_info: OpenJDK 64-Bit Server VM (17.0.7+7) for windows-amd64 JRE (17.0.7+7), built on Apr 18 2023 22:10:42 by "temurin" with MS VC++ 16.7 (VS2019)

END.
