#
# There is insufficient memory for the Java Runtime Environment to continue.
# Native memory allocation (mmap) failed to map 28311552 bytes for G1 virtual space
# Possible reasons:
#   The system is out of physical RAM or swap space
#   The process is running with CompressedOops enabled, and the Java Heap may be blocking the growth of the native heap
# Possible solutions:
#   Reduce memory load on the system
#   Increase physical memory or swap space
#   Check if swap backing store is full
#   Decrease Java heap size (-Xmx/-Xms)
#   Decrease number of Java threads
#   Decrease Java thread stack sizes (-Xss)
#   Set larger code cache with -XX:ReservedCodeCacheSize=
#   JVM is running with Unscaled Compressed Oops mode in which the Java heap is
#     placed in the first 4GB address space. The Java Heap base address is the
#     maximum limit for the native heap growth. Please use -XX:HeapBaseMinAddress
#     to set the Java Heap base and to place the Java Heap above 4GB virtual address.
# This output file may be truncated or incomplete.
#
#  Out of Memory Error (os_windows.cpp:3559), pid=2972, tid=6056
#
# JRE version: OpenJDK Runtime Environment Temurin-17.0.7+7 (17.0.7+7) (build 17.0.7+7)
# Java VM: OpenJDK 64-Bit Server VM Temurin-17.0.7+7 (17.0.7+7, mixed mode, emulated-client, tiered, compressed oops, compressed class ptrs, g1 gc, windows-amd64)
# No core dump will be written. Minidumps are not enabled by default on client versions of Windows
#

---------------  S U M M A R Y ------------

Command Line: -Dcom.sun.management.jmxremote -Dcom.sun.management.jmxremote.port=60027 -Dcom.sun.management.jmxremote.authenticate=false -Dcom.sun.management.jmxremote.ssl=false -Djava.rmi.server.hostname=localhost -Dspring.jmx.enabled=true -Dmanagement.endpoints.jmx.exposure.include=* -Dspring.application.admin.enabled=true -XX:TieredStopAtLevel=1 -Dspring.boot.project.name=miniproject -Dfile.encoding=UTF-8 -Dstdout.encoding=UTF-8 -Dstderr.encoding=UTF-8 -XX:+ShowCodeDetailsInExceptionMessages com.teama.minpro.teama.MiniprojectApplication --spring.output.ansi.enabled=always

Host: AMD Ryzen 3 3200U with Radeon Vega Mobile Gfx  , 4 cores, 5G,  Windows 10 , 64 bit Build 19041 (10.0.19041.2545)
Time: Sun Oct 15 12:03:35 2023 SE Asia Standard Time elapsed time: 7.579527 seconds (0d 0h 0m 7s)

---------------  T H R E A D  ---------------

Current thread (0x000001f55db7e9c0):  VMThread "VM Thread" [stack: 0x0000006d5eb00000,0x0000006d5ec00000] [id=6056]

Stack: [0x0000006d5eb00000,0x0000006d5ec00000]
Native frames: (J=compiled Java code, j=interpreted, Vv=VM code, C=native code)
V  [jvm.dll+0x67754a]
V  [jvm.dll+0x834304]
V  [jvm.dll+0x835aae]
V  [jvm.dll+0x836113]
V  [jvm.dll+0x24696f]
V  [jvm.dll+0x6743f9]
V  [jvm.dll+0x668c8a]
V  [jvm.dll+0x3061bb]
V  [jvm.dll+0x30d6a6]
V  [jvm.dll+0x35cece]
V  [jvm.dll+0x35d0ff]
V  [jvm.dll+0x2dd048]
V  [jvm.dll+0x2db20c]
V  [jvm.dll+0x2da7dc]
V  [jvm.dll+0x31e6db]
V  [jvm.dll+0x83a5bb]
V  [jvm.dll+0x83b2f4]
V  [jvm.dll+0x83b80c]
V  [jvm.dll+0x83bbe4]
V  [jvm.dll+0x83bcb0]
V  [jvm.dll+0x7e4e7a]
V  [jvm.dll+0x676395]
C  [ucrtbase.dll+0x21bb2]
C  [KERNEL32.DLL+0x17614]
C  [ntdll.dll+0x526a1]

VM_Operation (0x0000006d607fb630): G1CollectForAllocation, mode: safepoint, requested by thread 0x000001f562bdfc50


---------------  P R O C E S S  ---------------

Threads class SMR info:
_java_thread_list=0x000001f5640ef620, length=27, elements={
0x000001f54f8ce000, 0x000001f55db805d0, 0x000001f55db83360, 0x000001f55dba4040,
0x000001f55dbda000, 0x000001f55dbdb8d0, 0x000001f55dbdc590, 0x000001f55dbde8d0,
0x000001f562009f00, 0x000001f55db1cad0, 0x000001f5620bd040, 0x000001f5621c1c40,
0x000001f562700ff0, 0x000001f562791ca0, 0x000001f562782320, 0x000001f56279da40,
0x000001f562b71aa0, 0x000001f562b708d0, 0x000001f562bb2030, 0x000001f562bc4cb0,
0x000001f562bdf780, 0x000001f562bdfc50, 0x000001f562be0120, 0x000001f562be05f0,
0x000001f562be0ac0, 0x000001f562bdf2b0, 0x000001f5640d3a30
}

Java Threads: ( => current thread )
  0x000001f54f8ce000 JavaThread "main" [_thread_blocked, id=8996, stack(0x0000006d5e500000,0x0000006d5e600000)]
  0x000001f55db805d0 JavaThread "Reference Handler" daemon [_thread_blocked, id=7504, stack(0x0000006d5ec00000,0x0000006d5ed00000)]
  0x000001f55db83360 JavaThread "Finalizer" daemon [_thread_blocked, id=6064, stack(0x0000006d5ed00000,0x0000006d5ee00000)]
  0x000001f55dba4040 JavaThread "Signal Dispatcher" daemon [_thread_blocked, id=8344, stack(0x0000006d5ef00000,0x0000006d5f000000)]
  0x000001f55dbda000 JavaThread "Attach Listener" daemon [_thread_blocked, id=240, stack(0x0000006d5f000000,0x0000006d5f100000)]
  0x000001f55dbdb8d0 JavaThread "Service Thread" daemon [_thread_blocked, id=1928, stack(0x0000006d5f100000,0x0000006d5f200000)]
  0x000001f55dbdc590 JavaThread "Monitor Deflation Thread" daemon [_thread_blocked, id=9156, stack(0x0000006d5f200000,0x0000006d5f300000)]
  0x000001f55dbde8d0 JavaThread "C1 CompilerThread0" daemon [_thread_blocked, id=2320, stack(0x0000006d5f300000,0x0000006d5f400000)]
  0x000001f562009f00 JavaThread "Sweeper thread" daemon [_thread_blocked, id=8924, stack(0x0000006d5f400000,0x0000006d5f500000)]
  0x000001f55db1cad0 JavaThread "Common-Cleaner" daemon [_thread_blocked, id=7920, stack(0x0000006d5f500000,0x0000006d5f600000)]
  0x000001f5620bd040 JavaThread "C1 CompilerThread1" daemon [_thread_blocked, id=4092, stack(0x0000006d5f600000,0x0000006d5f700000)]
  0x000001f5621c1c40 JavaThread "Notification Thread" daemon [_thread_blocked, id=8260, stack(0x0000006d5f700000,0x0000006d5f800000)]
  0x000001f562700ff0 JavaThread "C1 CompilerThread2" daemon [_thread_blocked, id=744, stack(0x0000006d5f800000,0x0000006d5f900000)]
  0x000001f562791ca0 JavaThread "RMI TCP Accept-0" daemon [_thread_in_native, id=1996, stack(0x0000006d5f900000,0x0000006d5fa00000)]
  0x000001f562782320 JavaThread "RMI TCP Accept-60027" daemon [_thread_in_native, id=8380, stack(0x0000006d5fa00000,0x0000006d5fb00000)]
  0x000001f56279da40 JavaThread "RMI TCP Accept-0" daemon [_thread_in_native, id=3328, stack(0x0000006d5fb00000,0x0000006d5fc00000)]
  0x000001f562b71aa0 JavaThread "RMI TCP Connection(1)-127.0.0.1" daemon [_thread_in_native, id=2708, stack(0x0000006d60200000,0x0000006d60300000)]
  0x000001f562b708d0 JavaThread "RMI Scheduler(0)" daemon [_thread_blocked, id=6280, stack(0x0000006d60300000,0x0000006d60400000)]
  0x000001f562bb2030 JavaThread "RMI TCP Connection(2)-127.0.0.1" daemon [_thread_blocked, id=2212, stack(0x0000006d60400000,0x0000006d60500000)]
  0x000001f562bc4cb0 JavaThread "JMX server connection timeout 21" daemon [_thread_blocked, id=8092, stack(0x0000006d60500000,0x0000006d60600000)]
  0x000001f562bdf780 JavaThread "Thread-0" [_thread_blocked, id=4148, stack(0x0000006d60600000,0x0000006d60700000)]
  0x000001f562bdfc50 JavaThread "restartedMain" [_thread_blocked, id=8100, stack(0x0000006d60700000,0x0000006d60800000)]
  0x000001f562be0120 JavaThread "Catalina-utility-1" [_thread_blocked, id=704, stack(0x0000006d60800000,0x0000006d60900000)]
  0x000001f562be05f0 JavaThread "Catalina-utility-2" [_thread_blocked, id=5824, stack(0x0000006d60900000,0x0000006d60a00000)]
  0x000001f562be0ac0 JavaThread "container-0" [_thread_blocked, id=8288, stack(0x0000006d60a00000,0x0000006d60b00000)]
  0x000001f562bdf2b0 JavaThread "HikariPool-1 housekeeper" daemon [_thread_blocked, id=2716, stack(0x0000006d60c00000,0x0000006d60d00000)]
  0x000001f5640d3a30 JavaThread "HikariPool-1 connection adder" daemon [_thread_blocked, id=4672, stack(0x0000006d60d00000,0x0000006d60e00000)]

Other Threads:
=>0x000001f55db7e9c0 VMThread "VM Thread" [stack: 0x0000006d5eb00000,0x0000006d5ec00000] [id=6056]
  0x000001f5627e7a70 WatcherThread [stack: 0x0000006d5fc00000,0x0000006d5fd00000] [id=5208]
  0x000001f5519e6040 GCTaskThread "GC Thread#0" [stack: 0x0000006d5e600000,0x0000006d5e700000] [id=9108]
  0x000001f562816550 GCTaskThread "GC Thread#1" [stack: 0x0000006d5fd00000,0x0000006d5fe00000] [id=8096]
  0x000001f5627f89f0 GCTaskThread "GC Thread#2" [stack: 0x0000006d5fe00000,0x0000006d5ff00000] [id=5848]
  0x000001f56283a560 GCTaskThread "GC Thread#3" [stack: 0x0000006d5ff00000,0x0000006d60000000] [id=7796]
  0x000001f5519f43d0 ConcurrentGCThread "G1 Main Marker" [stack: 0x0000006d5e700000,0x0000006d5e800000] [id=8700]
  0x000001f5519f4cf0 ConcurrentGCThread "G1 Conc#0" [stack: 0x0000006d5e800000,0x0000006d5e900000] [id=4244]
  0x000001f551a59c80 ConcurrentGCThread "G1 Refine#0" [stack: 0x0000006d5e900000,0x0000006d5ea00000] [id=7776]
  0x000001f56283a810 ConcurrentGCThread "G1 Refine#1" [stack: 0x0000006d60000000,0x0000006d60100000] [id=1124]
  0x000001f56283ca30 ConcurrentGCThread "G1 Refine#2" [stack: 0x0000006d60100000,0x0000006d60200000] [id=4040]
  0x000001f551a5a5b0 ConcurrentGCThread "G1 Service" [stack: 0x0000006d5ea00000,0x0000006d5eb00000] [id=8240]

Threads with active compile tasks:
C1 CompilerThread0     7610 5844       1       java.lang.reflect.ProxyGenerator::generateStaticInitializer (342 bytes)

VM state: at safepoint (normal execution)

VM Mutex/Monitor currently owned by a thread:  ([mutex/lock_event])
[0x000001f55199bea0] Threads_lock - owner thread: 0x000001f55db7e9c0
[0x000001f55199be10] Heap_lock - owner thread: 0x000001f562bdfc50

Heap address: 0x00000000a1400000, size: 1516 MB, Compressed Oops mode: 32-bit

CDS archive(s) not mapped
Compressed class space mapped at: 0x0000000100000000-0x0000000140000000, reserved size: 1073741824
Narrow klass base: 0x0000000000000000, Narrow klass shift: 3, Narrow klass range: 0x140000000

GC Precious Log:
 CPUs: 4 total, 4 available
 Memory: 6058M
 Large Page Support: Disabled
 NUMA Support: Disabled
 Compressed Oops: Enabled (32-bit)
 Heap Region Size: 1M
 Heap Min Capacity: 8M
 Heap Initial Capacity: 96M
 Heap Max Capacity: 1516M
 Pre-touch: Disabled
 Parallel Workers: 4
 Concurrent Workers: 1
 Concurrent Refinement Workers: 4
 Periodic GC: Disabled

Heap:
 garbage-first heap   total 98304K, used 25690K [0x00000000a1400000, 0x0000000100000000)
  region size 1024K, 3 young (3072K), 3 survivors (3072K)
 Metaspace       used 58150K, committed 58560K, reserved 1114112K
  class space    used 7807K, committed 8000K, reserved 1048576K

Heap Regions: E=young(eden), S=young(survivor), O=old, HS=humongous(starts), HC=humongous(continues), CS=collection set, F=free, OA=open archive, CA=closed archive, TAMS=top-at-mark-start (previous, next)
|   0|0x00000000a1400000, 0x00000000a1500000, 0x00000000a1500000|100%|HS|  |TAMS 0x00000000a1500000, 0x00000000a1400000| Complete 
|   1|0x00000000a1500000, 0x00000000a1600000, 0x00000000a1600000|100%| O|  |TAMS 0x00000000a1600000, 0x00000000a1500000| Untracked 
|   2|0x00000000a1600000, 0x00000000a1700000, 0x00000000a1700000|100%| O|  |TAMS 0x00000000a1700000, 0x00000000a1600000| Untracked 
|   3|0x00000000a1700000, 0x00000000a1800000, 0x00000000a1800000|100%| O|  |TAMS 0x00000000a1800000, 0x00000000a1700000| Untracked 
|   4|0x00000000a1800000, 0x00000000a1900000, 0x00000000a1900000|100%| O|  |TAMS 0x00000000a1900000, 0x00000000a1800000| Untracked 
|   5|0x00000000a1900000, 0x00000000a1a00000, 0x00000000a1a00000|100%| O|  |TAMS 0x00000000a1a00000, 0x00000000a1900000| Untracked 
|   6|0x00000000a1a00000, 0x00000000a1b00000, 0x00000000a1b00000|100%| O|  |TAMS 0x00000000a1b00000, 0x00000000a1a00000| Untracked 
|   7|0x00000000a1b00000, 0x00000000a1c00000, 0x00000000a1c00000|100%| O|  |TAMS 0x00000000a1c00000, 0x00000000a1b00000| Untracked 
|   8|0x00000000a1c00000, 0x00000000a1d00000, 0x00000000a1d00000|100%| O|  |TAMS 0x00000000a1c00000, 0x00000000a1c00000| Untracked 
|   9|0x00000000a1d00000, 0x00000000a1e00000, 0x00000000a1e00000|100%| O|  |TAMS 0x00000000a1e00000, 0x00000000a1d00000| Untracked 
|  10|0x00000000a1e00000, 0x00000000a1f00000, 0x00000000a1f00000|100%| O|  |TAMS 0x00000000a1f00000, 0x00000000a1e00000| Untracked 
|  11|0x00000000a1f00000, 0x00000000a2000000, 0x00000000a2000000|100%| O|  |TAMS 0x00000000a2000000, 0x00000000a1f00000| Untracked 
|  12|0x00000000a2000000, 0x00000000a2100000, 0x00000000a2100000|100%| O|  |TAMS 0x00000000a2000000, 0x00000000a2000000| Untracked 
|  13|0x00000000a2100000, 0x00000000a2200000, 0x00000000a2200000|100%| O|  |TAMS 0x00000000a2100000, 0x00000000a2100000| Untracked 
|  14|0x00000000a2200000, 0x00000000a2300000, 0x00000000a2300000|100%| O|  |TAMS 0x00000000a2200000, 0x00000000a2200000| Untracked 
|  15|0x00000000a2300000, 0x00000000a2400000, 0x00000000a2400000|100%| O|  |TAMS 0x00000000a2300000, 0x00000000a2300000| Untracked 
|  16|0x00000000a2400000, 0x00000000a2500000, 0x00000000a2500000|100%| O|  |TAMS 0x00000000a2400000, 0x00000000a2400000| Untracked 
|  17|0x00000000a2500000, 0x00000000a2600000, 0x00000000a2600000|100%| O|  |TAMS 0x00000000a2500000, 0x00000000a2500000| Untracked 
|  18|0x00000000a2600000, 0x00000000a2700000, 0x00000000a2700000|100%| O|  |TAMS 0x00000000a2600000, 0x00000000a2600000| Untracked 
|  19|0x00000000a2700000, 0x00000000a2800000, 0x00000000a2800000|100%| O|  |TAMS 0x00000000a2700000, 0x00000000a2700000| Untracked 
|  20|0x00000000a2800000, 0x00000000a2900000, 0x00000000a2900000|100%| O|  |TAMS 0x00000000a2800000, 0x00000000a2800000| Untracked 
|  21|0x00000000a2900000, 0x00000000a2a00000, 0x00000000a2a00000|100%| O|  |TAMS 0x00000000a2900000, 0x00000000a2900000| Untracked 
|  22|0x00000000a2a00000, 0x00000000a2a83400, 0x00000000a2b00000| 51%| O|  |TAMS 0x00000000a2a00000, 0x00000000a2a00000| Untracked 
|  23|0x00000000a2b00000, 0x00000000a2b00000, 0x00000000a2c00000|  0%| F|  |TAMS 0x00000000a2b00000, 0x00000000a2b00000| Untracked 
|  24|0x00000000a2c00000, 0x00000000a2c00000, 0x00000000a2d00000|  0%| F|  |TAMS 0x00000000a2c00000, 0x00000000a2c00000| Untracked 
|  25|0x00000000a2d00000, 0x00000000a2d00000, 0x00000000a2e00000|  0%| F|  |TAMS 0x00000000a2d00000, 0x00000000a2d00000| Untracked 
|  26|0x00000000a2e00000, 0x00000000a2e00000, 0x00000000a2f00000|  0%| F|  |TAMS 0x00000000a2e00000, 0x00000000a2e00000| Untracked 
|  27|0x00000000a2f00000, 0x00000000a2f00000, 0x00000000a3000000|  0%| F|  |TAMS 0x00000000a2f00000, 0x00000000a2f00000| Untracked 
|  28|0x00000000a3000000, 0x00000000a3000000, 0x00000000a3100000|  0%| F|  |TAMS 0x00000000a3000000, 0x00000000a3000000| Untracked 
|  29|0x00000000a3100000, 0x00000000a3100000, 0x00000000a3200000|  0%| F|  |TAMS 0x00000000a3100000, 0x00000000a3100000| Untracked 
|  30|0x00000000a3200000, 0x00000000a3200000, 0x00000000a3300000|  0%| F|  |TAMS 0x00000000a3200000, 0x00000000a3200000| Untracked 
|  31|0x00000000a3300000, 0x00000000a3300000, 0x00000000a3400000|  0%| F|  |TAMS 0x00000000a3300000, 0x00000000a3300000| Untracked 
|  32|0x00000000a3400000, 0x00000000a3400000, 0x00000000a3500000|  0%| F|  |TAMS 0x00000000a3400000, 0x00000000a3400000| Untracked 
|  33|0x00000000a3500000, 0x00000000a3593650, 0x00000000a3600000| 57%| S|CS|TAMS 0x00000000a3500000, 0x00000000a3500000| Complete 
|  34|0x00000000a3600000, 0x00000000a3600000, 0x00000000a3700000|  0%| F|  |TAMS 0x00000000a3600000, 0x00000000a3600000| Untracked 
|  35|0x00000000a3700000, 0x00000000a3800000, 0x00000000a3800000|100%| S|CS|TAMS 0x00000000a3700000, 0x00000000a3700000| Complete 
|  36|0x00000000a3800000, 0x00000000a3800000, 0x00000000a3900000|  0%| F|  |TAMS 0x00000000a3800000, 0x00000000a3800000| Untracked 
|  37|0x00000000a3900000, 0x00000000a3a00000, 0x00000000a3a00000|100%| S|CS|TAMS 0x00000000a3900000, 0x00000000a3900000| Complete 
|  38|0x00000000a3a00000, 0x00000000a3a00000, 0x00000000a3b00000|  0%| F|  |TAMS 0x00000000a3a00000, 0x00000000a3a00000| Untracked 
|  39|0x00000000a3b00000, 0x00000000a3b00000, 0x00000000a3c00000|  0%| F|  |TAMS 0x00000000a3b00000, 0x00000000a3b00000| Untracked 
|  40|0x00000000a3c00000, 0x00000000a3c00000, 0x00000000a3d00000|  0%| F|  |TAMS 0x00000000a3c00000, 0x00000000a3c00000| Untracked 
|  41|0x00000000a3d00000, 0x00000000a3d00000, 0x00000000a3e00000|  0%| F|  |TAMS 0x00000000a3d00000, 0x00000000a3d00000| Untracked 
|  42|0x00000000a3e00000, 0x00000000a3e00000, 0x00000000a3f00000|  0%| F|  |TAMS 0x00000000a3e00000, 0x00000000a3e00000| Untracked 
|  43|0x00000000a3f00000, 0x00000000a3f00000, 0x00000000a4000000|  0%| F|  |TAMS 0x00000000a3f00000, 0x00000000a3f00000| Untracked 
|  44|0x00000000a4000000, 0x00000000a4000000, 0x00000000a4100000|  0%| F|  |TAMS 0x00000000a4000000, 0x00000000a4000000| Untracked 
|  45|0x00000000a4100000, 0x00000000a4100000, 0x00000000a4200000|  0%| F|  |TAMS 0x00000000a4100000, 0x00000000a4100000| Untracked 
|  46|0x00000000a4200000, 0x00000000a4200000, 0x00000000a4300000|  0%| F|  |TAMS 0x00000000a4200000, 0x00000000a4200000| Untracked 
|  47|0x00000000a4300000, 0x00000000a4300000, 0x00000000a4400000|  0%| F|  |TAMS 0x00000000a4300000, 0x00000000a4300000| Untracked 
|  48|0x00000000a4400000, 0x00000000a4400000, 0x00000000a4500000|  0%| F|  |TAMS 0x00000000a4400000, 0x00000000a4400000| Untracked 
|  49|0x00000000a4500000, 0x00000000a4500000, 0x00000000a4600000|  0%| F|  |TAMS 0x00000000a4500000, 0x00000000a4500000| Untracked 
|  50|0x00000000a4600000, 0x00000000a4600000, 0x00000000a4700000|  0%| F|  |TAMS 0x00000000a4600000, 0x00000000a4600000| Untracked 
|  51|0x00000000a4700000, 0x00000000a4700000, 0x00000000a4800000|  0%| F|  |TAMS 0x00000000a4700000, 0x00000000a4700000| Untracked 
|  52|0x00000000a4800000, 0x00000000a4800000, 0x00000000a4900000|  0%| F|  |TAMS 0x00000000a4800000, 0x00000000a4800000| Untracked 
|  53|0x00000000a4900000, 0x00000000a4900000, 0x00000000a4a00000|  0%| F|  |TAMS 0x00000000a4900000, 0x00000000a4900000| Untracked 
|  54|0x00000000a4a00000, 0x00000000a4a00000, 0x00000000a4b00000|  0%| F|  |TAMS 0x00000000a4a00000, 0x00000000a4a00000| Untracked 
|  55|0x00000000a4b00000, 0x00000000a4b00000, 0x00000000a4c00000|  0%| F|  |TAMS 0x00000000a4b00000, 0x00000000a4b00000| Untracked 
|  56|0x00000000a4c00000, 0x00000000a4c00000, 0x00000000a4d00000|  0%| F|  |TAMS 0x00000000a4c00000, 0x00000000a4c00000| Untracked 
|  57|0x00000000a4d00000, 0x00000000a4d00000, 0x00000000a4e00000|  0%| F|  |TAMS 0x00000000a4d00000, 0x00000000a4d00000| Untracked 
|  58|0x00000000a4e00000, 0x00000000a4e00000, 0x00000000a4f00000|  0%| F|  |TAMS 0x00000000a4e00000, 0x00000000a4e00000| Untracked 
|  59|0x00000000a4f00000, 0x00000000a4f00000, 0x00000000a5000000|  0%| F|  |TAMS 0x00000000a4f00000, 0x00000000a4f00000| Untracked 
|  60|0x00000000a5000000, 0x00000000a5000000, 0x00000000a5100000|  0%| F|  |TAMS 0x00000000a5000000, 0x00000000a5000000| Untracked 
|  61|0x00000000a5100000, 0x00000000a5100000, 0x00000000a5200000|  0%| F|  |TAMS 0x00000000a5100000, 0x00000000a5100000| Untracked 
|  62|0x00000000a5200000, 0x00000000a5200000, 0x00000000a5300000|  0%| F|  |TAMS 0x00000000a5200000, 0x00000000a5200000| Untracked 
|  63|0x00000000a5300000, 0x00000000a5300000, 0x00000000a5400000|  0%| F|  |TAMS 0x00000000a5300000, 0x00000000a5300000| Untracked 
|  64|0x00000000a5400000, 0x00000000a5400000, 0x00000000a5500000|  0%| F|  |TAMS 0x00000000a5400000, 0x00000000a5400000| Untracked 
|  65|0x00000000a5500000, 0x00000000a5500000, 0x00000000a5600000|  0%| F|  |TAMS 0x00000000a5500000, 0x00000000a5500000| Untracked 
|  66|0x00000000a5600000, 0x00000000a5600000, 0x00000000a5700000|  0%| F|  |TAMS 0x00000000a5600000, 0x00000000a5600000| Untracked 
|  67|0x00000000a5700000, 0x00000000a5700000, 0x00000000a5800000|  0%| F|  |TAMS 0x00000000a5700000, 0x00000000a5700000| Untracked 
|  68|0x00000000a5800000, 0x00000000a5800000, 0x00000000a5900000|  0%| F|  |TAMS 0x00000000a5800000, 0x00000000a5800000| Untracked 
|  69|0x00000000a5900000, 0x00000000a5900000, 0x00000000a5a00000|  0%| F|  |TAMS 0x00000000a5900000, 0x00000000a5900000| Untracked 
|  70|0x00000000a5a00000, 0x00000000a5a00000, 0x00000000a5b00000|  0%| F|  |TAMS 0x00000000a5a00000, 0x00000000a5a00000| Untracked 
|  71|0x00000000a5b00000, 0x00000000a5b00000, 0x00000000a5c00000|  0%| F|  |TAMS 0x00000000a5b00000, 0x00000000a5b00000| Untracked 
|  72|0x00000000a5c00000, 0x00000000a5c00000, 0x00000000a5d00000|  0%| F|  |TAMS 0x00000000a5c00000, 0x00000000a5c00000| Untracked 
|  73|0x00000000a5d00000, 0x00000000a5d00000, 0x00000000a5e00000|  0%| F|  |TAMS 0x00000000a5d00000, 0x00000000a5d00000| Untracked 
|  74|0x00000000a5e00000, 0x00000000a5e00000, 0x00000000a5f00000|  0%| F|  |TAMS 0x00000000a5e00000, 0x00000000a5e00000| Untracked 
|  75|0x00000000a5f00000, 0x00000000a5f00000, 0x00000000a6000000|  0%| F|  |TAMS 0x00000000a5f00000, 0x00000000a5f00000| Untracked 
|  76|0x00000000a6000000, 0x00000000a6000000, 0x00000000a6100000|  0%| F|  |TAMS 0x00000000a6000000, 0x00000000a6000000| Untracked 
|  77|0x00000000a6100000, 0x00000000a6100000, 0x00000000a6200000|  0%| F|  |TAMS 0x00000000a6100000, 0x00000000a6100000| Untracked 
|  78|0x00000000a6200000, 0x00000000a6200000, 0x00000000a6300000|  0%| F|  |TAMS 0x00000000a6200000, 0x00000000a6200000| Untracked 
|  79|0x00000000a6300000, 0x00000000a6300000, 0x00000000a6400000|  0%| F|  |TAMS 0x00000000a6300000, 0x00000000a6300000| Untracked 
|  80|0x00000000a6400000, 0x00000000a6400000, 0x00000000a6500000|  0%| F|  |TAMS 0x00000000a6400000, 0x00000000a6400000| Untracked 
|  81|0x00000000a6500000, 0x00000000a6500000, 0x00000000a6600000|  0%| F|  |TAMS 0x00000000a6500000, 0x00000000a6500000| Untracked 
|  82|0x00000000a6600000, 0x00000000a6600000, 0x00000000a6700000|  0%| F|  |TAMS 0x00000000a6600000, 0x00000000a6600000| Untracked 
|  83|0x00000000a6700000, 0x00000000a6700000, 0x00000000a6800000|  0%| F|  |TAMS 0x00000000a6700000, 0x00000000a6700000| Untracked 
|  84|0x00000000a6800000, 0x00000000a6800000, 0x00000000a6900000|  0%| F|  |TAMS 0x00000000a6800000, 0x00000000a6800000| Untracked 
|  85|0x00000000a6900000, 0x00000000a6900000, 0x00000000a6a00000|  0%| F|  |TAMS 0x00000000a6900000, 0x00000000a6900000| Untracked 
|  86|0x00000000a6a00000, 0x00000000a6a00000, 0x00000000a6b00000|  0%| F|  |TAMS 0x00000000a6a00000, 0x00000000a6a00000| Untracked 
|  87|0x00000000a6b00000, 0x00000000a6b00000, 0x00000000a6c00000|  0%| F|  |TAMS 0x00000000a6b00000, 0x00000000a6b00000| Untracked 
|  88|0x00000000a6c00000, 0x00000000a6c00000, 0x00000000a6d00000|  0%| F|  |TAMS 0x00000000a6c00000, 0x00000000a6c00000| Untracked 
|  89|0x00000000a6d00000, 0x00000000a6d00000, 0x00000000a6e00000|  0%| F|  |TAMS 0x00000000a6d00000, 0x00000000a6d00000| Untracked 
|  90|0x00000000a6e00000, 0x00000000a6e00000, 0x00000000a6f00000|  0%| F|  |TAMS 0x00000000a6e00000, 0x00000000a6e00000| Untracked 
|  91|0x00000000a6f00000, 0x00000000a6f00000, 0x00000000a7000000|  0%| F|  |TAMS 0x00000000a6f00000, 0x00000000a6f00000| Untracked 
|  92|0x00000000a7000000, 0x00000000a7000000, 0x00000000a7100000|  0%| F|  |TAMS 0x00000000a7000000, 0x00000000a7000000| Untracked 
|  93|0x00000000a7100000, 0x00000000a7100000, 0x00000000a7200000|  0%| F|  |TAMS 0x00000000a7100000, 0x00000000a7100000| Untracked 
|  94|0x00000000a7200000, 0x00000000a7200000, 0x00000000a7300000|  0%| F|  |TAMS 0x00000000a7200000, 0x00000000a7200000| Untracked 
|  95|0x00000000a7300000, 0x00000000a7300000, 0x00000000a7400000|  0%| F|  |TAMS 0x00000000a7300000, 0x00000000a7300000| Untracked 

Card table byte_map: [0x000001f558050000,0x000001f558350000] _byte_map_base: 0x000001f557b46000

Marking Bits (Prev, Next): (CMBitMap*) 0x000001f5519e6560, (CMBitMap*) 0x000001f5519e65a0
 Prev Bits: [0x000001f558650000, 0x000001f559e00000)
 Next Bits: [0x000001f559e00000, 0x000001f55b5b0000)

Polling page: 0x000001f54f940000

Metaspace:

Usage:
  Non-class:     49.16 MB used.
      Class:      7.62 MB used.
       Both:     56.79 MB used.

Virtual space:
  Non-class space:       64.00 MB reserved,      49.38 MB ( 77%) committed,  1 nodes.
      Class space:        1.00 GB reserved,       7.81 MB ( <1%) committed,  1 nodes.
             Both:        1.06 GB reserved,      57.19 MB (  5%) committed. 

Chunk freelists:
   Non-Class:  14.36 MB
       Class:  8.23 MB
        Both:  22.59 MB

MaxMetaspaceSize: unlimited
CompressedClassSpaceSize: 1.00 GB
Initial GC threshold: 21.00 MB
Current GC threshold: 59.31 MB
CDS: off
MetaspaceReclaimPolicy: balanced
 - commit_granule_bytes: 65536.
 - commit_granule_words: 8192.
 - virtual_space_node_default_size: 8388608.
 - enlarge_chunks_in_place: 1.
 - new_chunks_are_fully_committed: 0.
 - uncommit_free_chunks: 1.
 - use_allocation_guard: 0.
 - handle_deallocations: 1.


Internal statistics:

num_allocs_failed_limit: 8.
num_arena_births: 454.
num_arena_deaths: 0.
num_vsnodes_births: 2.
num_vsnodes_deaths: 0.
num_space_committed: 915.
num_space_uncommitted: 0.
num_chunks_returned_to_freelist: 8.
num_chunks_taken_from_freelist: 2287.
num_chunk_merges: 8.
num_chunk_splits: 1610.
num_chunks_enlarged: 1237.
num_inconsistent_stats: 0.

CodeCache: size=49152Kb used=11216Kb max_used=11216Kb free=37935Kb
 bounds [0x000001f555050000, 0x000001f555b50000, 0x000001f558050000]
 total_blobs=6421 nmethods=5843 adapters=502
 compilation: enabled
              stopped_count=0, restarted_count=0
 full_count=0

Compilation events (20 events):
Event: 7.194 Thread 0x000001f562700ff0 nmethod 5832 0x000001f555b3d810 code [0x000001f555b3db20, 0x000001f555b3e568]
Event: 7.195 Thread 0x000001f55dbde8d0 5835       1       com.sun.beans.util.Cache$CacheEntry::matches (53 bytes)
Event: 7.195 Thread 0x000001f55dbde8d0 nmethod 5835 0x000001f555b3e990 code [0x000001f555b3eb40, 0x000001f555b3ed48]
Event: 7.197 Thread 0x000001f5620bd040 5836   !   1       com.sun.beans.introspect.ClassInfo::get (28 bytes)
Event: 7.197 Thread 0x000001f55dbde8d0 5837   !   1       com.sun.beans.util.Cache::get (256 bytes)
Event: 7.198 Thread 0x000001f5620bd040 nmethod 5836 0x000001f555b3ee90 code [0x000001f555b3f0c0, 0x000001f555b3f628]
Event: 7.198 Thread 0x000001f55dbde8d0 nmethod 5837 0x000001f555b3fa90 code [0x000001f555b3fd20, 0x000001f555b40898]
Event: 7.200 Thread 0x000001f5620bd040 5838       1       java.beans.PropertyDescriptor::setPropertyType (9 bytes)
Event: 7.200 Thread 0x000001f5620bd040 nmethod 5838 0x000001f555b41310 code [0x000001f555b414c0, 0x000001f555b41688]
Event: 7.201 Thread 0x000001f562700ff0 5839       1       java.util.HashMap::valuesToArray (81 bytes)
Event: 7.201 Thread 0x000001f562700ff0 nmethod 5839 0x000001f555b41790 code [0x000001f555b41940, 0x000001f555b41b78]
Event: 7.217 Thread 0x000001f5620bd040 5840       1       org.springframework.core.convert.support.GenericConversionService$Converters::addInterfacesToClassHierarchy (51 bytes)
Event: 7.218 Thread 0x000001f5620bd040 nmethod 5840 0x000001f555b41d10 code [0x000001f555b41ee0, 0x000001f555b42168]
Event: 7.220 Thread 0x000001f562700ff0 5841       1       org.springframework.core.convert.support.GenericConversionService$ConverterCacheKey::hashCode (19 bytes)
Event: 7.220 Thread 0x000001f562700ff0 nmethod 5841 0x000001f555b42390 code [0x000001f555b42540, 0x000001f555b42678]
Event: 7.230 Thread 0x000001f5620bd040 5842       1       org.springframework.core.convert.TypeDescriptor$AnnotatedElementAdapter::<init> (15 bytes)
Event: 7.231 Thread 0x000001f5620bd040 nmethod 5842 0x000001f555b42810 code [0x000001f555b429a0, 0x000001f555b42af8]
Event: 7.256 Thread 0x000001f562700ff0 5843       1       java.lang.reflect.ProxyGenerator::generateClassFile (281 bytes)
Event: 7.257 Thread 0x000001f562700ff0 nmethod 5843 0x000001f555b42b90 code [0x000001f555b42f40, 0x000001f555b43a08]
Event: 7.259 Thread 0x000001f55dbde8d0 5844       1       java.lang.reflect.ProxyGenerator::generateStaticInitializer (342 bytes)

GC Heap History (20 events):
Event: 2.048 GC heap after
{Heap after GC invocations=6 (full 0):
 garbage-first heap   total 40960K, used 11758K [0x00000000a1400000, 0x0000000100000000)
  region size 1024K, 4 young (4096K), 4 survivors (4096K)
 Metaspace       used 25447K, committed 25728K, reserved 1114112K
  class space    used 3111K, committed 3264K, reserved 1048576K
}
Event: 2.062 GC heap before
{Heap before GC invocations=6 (full 0):
 garbage-first heap   total 40960K, used 12782K [0x00000000a1400000, 0x0000000100000000)
  region size 1024K, 5 young (5120K), 4 survivors (4096K)
 Metaspace       used 25689K, committed 25984K, reserved 1114112K
  class space    used 3131K, committed 3264K, reserved 1048576K
}
Event: 2.067 GC heap after
{Heap after GC invocations=7 (full 0):
 garbage-first heap   total 40960K, used 12217K [0x00000000a1400000, 0x0000000100000000)
  region size 1024K, 1 young (1024K), 1 survivors (1024K)
 Metaspace       used 25689K, committed 25984K, reserved 1114112K
  class space    used 3131K, committed 3264K, reserved 1048576K
}
Event: 2.268 GC heap before
{Heap before GC invocations=7 (full 0):
 garbage-first heap   total 40960K, used 26553K [0x00000000a1400000, 0x0000000100000000)
  region size 1024K, 16 young (16384K), 1 survivors (1024K)
 Metaspace       used 29294K, committed 29568K, reserved 1114112K
  class space    used 3557K, committed 3712K, reserved 1048576K
}
Event: 2.270 GC heap after
{Heap after GC invocations=8 (full 0):
 garbage-first heap   total 40960K, used 12886K [0x00000000a1400000, 0x0000000100000000)
  region size 1024K, 2 young (2048K), 2 survivors (2048K)
 Metaspace       used 29294K, committed 29568K, reserved 1114112K
  class space    used 3557K, committed 3712K, reserved 1048576K
}
Event: 2.482 GC heap before
{Heap before GC invocations=8 (full 0):
 garbage-first heap   total 40960K, used 28246K [0x00000000a1400000, 0x0000000100000000)
  region size 1024K, 17 young (17408K), 2 survivors (2048K)
 Metaspace       used 31813K, committed 32128K, reserved 1114112K
  class space    used 3892K, committed 4032K, reserved 1048576K
}
Event: 2.485 GC heap after
{Heap after GC invocations=9 (full 0):
 garbage-first heap   total 79872K, used 13786K [0x00000000a1400000, 0x0000000100000000)
  region size 1024K, 3 young (3072K), 3 survivors (3072K)
 Metaspace       used 31813K, committed 32128K, reserved 1114112K
  class space    used 3892K, committed 4032K, reserved 1048576K
}
Event: 3.508 GC heap before
{Heap before GC invocations=9 (full 0):
 garbage-first heap   total 79872K, used 55770K [0x00000000a1400000, 0x0000000100000000)
  region size 1024K, 45 young (46080K), 3 survivors (3072K)
 Metaspace       used 36006K, committed 36288K, reserved 1114112K
  class space    used 4522K, committed 4672K, reserved 1048576K
}
Event: 3.516 GC heap after
{Heap after GC invocations=10 (full 0):
 garbage-first heap   total 79872K, used 15983K [0x00000000a1400000, 0x0000000100000000)
  region size 1024K, 5 young (5120K), 5 survivors (5120K)
 Metaspace       used 36006K, committed 36288K, reserved 1114112K
  class space    used 4522K, committed 4672K, reserved 1048576K
}
Event: 4.201 GC heap before
{Heap before GC invocations=11 (full 0):
 garbage-first heap   total 65536K, used 49775K [0x00000000a1400000, 0x0000000100000000)
  region size 1024K, 38 young (38912K), 5 survivors (5120K)
 Metaspace       used 40602K, committed 40960K, reserved 1114112K
  class space    used 5173K, committed 5376K, reserved 1048576K
}
Event: 4.215 GC heap after
{Heap after GC invocations=12 (full 0):
 garbage-first heap   total 65536K, used 19171K [0x00000000a1400000, 0x0000000100000000)
  region size 1024K, 5 young (5120K), 5 survivors (5120K)
 Metaspace       used 40602K, committed 40960K, reserved 1114112K
  class space    used 5173K, committed 5376K, reserved 1048576K
}
Event: 4.240 GC heap before
{Heap before GC invocations=12 (full 0):
 garbage-first heap   total 65536K, used 20195K [0x00000000a1400000, 0x0000000100000000)
  region size 1024K, 6 young (6144K), 5 survivors (5120K)
 Metaspace       used 40691K, committed 41088K, reserved 1114112K
  class space    used 5191K, committed 5376K, reserved 1048576K
}
Event: 4.249 GC heap after
{Heap after GC invocations=13 (full 0):
 garbage-first heap   total 65536K, used 19949K [0x00000000a1400000, 0x0000000100000000)
  region size 1024K, 1 young (1024K), 1 survivors (1024K)
 Metaspace       used 40691K, committed 41088K, reserved 1114112K
  class space    used 5191K, committed 5376K, reserved 1048576K
}
Event: 4.940 GC heap before
{Heap before GC invocations=13 (full 0):
 garbage-first heap   total 65536K, used 47597K [0x00000000a1400000, 0x0000000100000000)
  region size 1024K, 29 young (29696K), 1 survivors (1024K)
 Metaspace       used 47019K, committed 47360K, reserved 1114112K
  class space    used 6195K, committed 6336K, reserved 1048576K
}
Event: 4.945 GC heap after
{Heap after GC invocations=14 (full 0):
 garbage-first heap   total 65536K, used 20923K [0x00000000a1400000, 0x0000000100000000)
  region size 1024K, 2 young (2048K), 2 survivors (2048K)
 Metaspace       used 47019K, committed 47360K, reserved 1114112K
  class space    used 6195K, committed 6336K, reserved 1048576K
}
Event: 5.798 GC heap before
{Heap before GC invocations=14 (full 0):
 garbage-first heap   total 65536K, used 49595K [0x00000000a1400000, 0x0000000100000000)
  region size 1024K, 30 young (30720K), 2 survivors (2048K)
 Metaspace       used 52962K, committed 53312K, reserved 1114112K
  class space    used 6977K, committed 7104K, reserved 1048576K
}
Event: 5.805 GC heap after
{Heap after GC invocations=15 (full 0):
 garbage-first heap   total 65536K, used 23220K [0x00000000a1400000, 0x0000000100000000)
  region size 1024K, 4 young (4096K), 4 survivors (4096K)
 Metaspace       used 52962K, committed 53312K, reserved 1114112K
  class space    used 6977K, committed 7104K, reserved 1048576K
}
Event: 6.374 GC heap before
{Heap before GC invocations=15 (full 0):
 garbage-first heap   total 65536K, used 50868K [0x00000000a1400000, 0x0000000100000000)
  region size 1024K, 31 young (31744K), 4 survivors (4096K)
 Metaspace       used 56000K, committed 56384K, reserved 1114112K
  class space    used 7511K, committed 7680K, reserved 1048576K
}
Event: 6.382 GC heap after
{Heap after GC invocations=16 (full 0):
 garbage-first heap   total 65536K, used 24232K [0x00000000a1400000, 0x0000000100000000)
  region size 1024K, 2 young (2048K), 2 survivors (2048K)
 Metaspace       used 56000K, committed 56384K, reserved 1114112K
  class space    used 7511K, committed 7680K, reserved 1048576K
}
Event: 7.259 GC heap before
{Heap before GC invocations=16 (full 0):
 garbage-first heap   total 65536K, used 49832K [0x00000000a1400000, 0x0000000100000000)
  region size 1024K, 28 young (28672K), 2 survivors (2048K)
 Metaspace       used 58150K, committed 58560K, reserved 1114112K
  class space    used 7807K, committed 8000K, reserved 1048576K
}

Dll operation events (9 events):
Event: 0.009 Loaded shared library C:\Program Files (x86)\sts-4.19.1.RELEASE\plugins\org.eclipse.justj.openjdk.hotspot.jre.full.win32.x86_64_17.0.7.v20230425-1502\jre\bin\java.dll
Event: 0.268 Loaded shared library C:\Program Files (x86)\sts-4.19.1.RELEASE\plugins\org.eclipse.justj.openjdk.hotspot.jre.full.win32.x86_64_17.0.7.v20230425-1502\jre\bin\jimage.dll
Event: 0.292 Loaded shared library C:\Program Files (x86)\sts-4.19.1.RELEASE\plugins\org.eclipse.justj.openjdk.hotspot.jre.full.win32.x86_64_17.0.7.v20230425-1502\jre\bin\net.dll
Event: 0.294 Loaded shared library C:\Program Files (x86)\sts-4.19.1.RELEASE\plugins\org.eclipse.justj.openjdk.hotspot.jre.full.win32.x86_64_17.0.7.v20230425-1502\jre\bin\nio.dll
Event: 0.300 Loaded shared library C:\Program Files (x86)\sts-4.19.1.RELEASE\plugins\org.eclipse.justj.openjdk.hotspot.jre.full.win32.x86_64_17.0.7.v20230425-1502\jre\bin\zip.dll
Event: 0.383 Loaded shared library C:\Program Files (x86)\sts-4.19.1.RELEASE\plugins\org.eclipse.justj.openjdk.hotspot.jre.full.win32.x86_64_17.0.7.v20230425-1502\jre\bin\management.dll
Event: 0.402 Loaded shared library C:\Program Files (x86)\sts-4.19.1.RELEASE\plugins\org.eclipse.justj.openjdk.hotspot.jre.full.win32.x86_64_17.0.7.v20230425-1502\jre\bin\management_ext.dll
Event: 0.803 Loaded shared library C:\Program Files (x86)\sts-4.19.1.RELEASE\plugins\org.eclipse.justj.openjdk.hotspot.jre.full.win32.x86_64_17.0.7.v20230425-1502\jre\bin\verify.dll
Event: 4.045 Loaded shared library C:\Program Files (x86)\sts-4.19.1.RELEASE\plugins\org.eclipse.justj.openjdk.hotspot.jre.full.win32.x86_64_17.0.7.v20230425-1502\jre\bin\sunmscapi.dll

Deoptimization events (6 events):
Event: 2.141 Thread 0x000001f562bdfc50 DEOPT PACKING pc=0x000001f5555fa119 sp=0x0000006d607fccf0
Event: 2.141 Thread 0x000001f562bdfc50 DEOPT UNPACKING pc=0x000001f5550a7143 sp=0x0000006d607fc1d0 mode 3
Event: 3.169 Thread 0x000001f562bdfc50 DEOPT PACKING pc=0x000001f555627294 sp=0x0000006d607fd220
Event: 3.169 Thread 0x000001f562bdfc50 DEOPT UNPACKING pc=0x000001f5550a7143 sp=0x0000006d607fc778 mode 0
Event: 3.977 Thread 0x000001f562bdfc50 DEOPT PACKING pc=0x000001f5558473fd sp=0x0000006d607fce60
Event: 3.977 Thread 0x000001f562bdfc50 DEOPT UNPACKING pc=0x000001f5550a7143 sp=0x0000006d607fc3c8 mode 3

Classes unloaded (0 events):
No events

Classes redefined (0 events):
No events

Internal exceptions (20 events):
Event: 7.180 Thread 0x000001f562bdfc50 Exception <a 'java/lang/ClassNotFoundException'{0x00000000a3dac448}: java/lang/ObjectCustomizer> (0x00000000a3dac448) 
thrown [s\src\hotspot\share\classfile\systemDictionary.cpp, line 256]
Event: 7.181 Thread 0x000001f562bdfc50 Exception <a 'java/lang/ClassNotFoundException'{0x00000000a3db5dd8}: org/springframework/data/repository/core/support/RepositoryFactoryBeanSupportCustomizer> (0x00000000a3db5dd8) 
thrown [s\src\hotspot\share\classfile\systemDictionary.cpp, line 256]
Event: 7.188 Thread 0x000001f562bdfc50 Exception <a 'java/lang/ClassNotFoundException'{0x00000000a3ddeeb8}: org/springframework/data/repository/core/support/TransactionalRepositoryFactoryBeanSupportCustomizer> (0x00000000a3ddeeb8) 
thrown [s\src\hotspot\share\classfile\systemDictionary.cpp, line 256]
Event: 7.190 Thread 0x000001f562bdfc50 Exception <a 'java/lang/ClassNotFoundException'{0x00000000a3deedd0}: org/springframework/data/jpa/repository/support/JpaRepositoryFactoryBeanCustomizer> (0x00000000a3deedd0) 
thrown [s\src\hotspot\share\classfile\systemDictionary.cpp, line 256]
Event: 7.195 Thread 0x000001f562bdfc50 Exception <a 'java/lang/ClassNotFoundException'{0x00000000a3c22558}: org/springframework/beans/factory/BeanFactoryAwareCustomizer> (0x00000000a3c22558) 
thrown [s\src\hotspot\share\classfile\systemDictionary.cpp, line 256]
Event: 7.196 Thread 0x000001f562bdfc50 Exception <a 'java/lang/ClassNotFoundException'{0x00000000a3c29550}: org/springframework/beans/factory/AwareCustomizer> (0x00000000a3c29550) 
thrown [s\src\hotspot\share\classfile\systemDictionary.cpp, line 256]
Event: 7.196 Thread 0x000001f562bdfc50 Exception <a 'java/lang/ClassNotFoundException'{0x00000000a3c2efb8}: org/springframework/beans/factory/InitializingBeanCustomizer> (0x00000000a3c2efb8) 
thrown [s\src\hotspot\share\classfile\systemDictionary.cpp, line 256]
Event: 7.199 Thread 0x000001f562bdfc50 Exception <a 'java/lang/ClassNotFoundException'{0x00000000a3c35ee0}: org/springframework/data/repository/core/support/RepositoryFactoryInformationCustomizer> (0x00000000a3c35ee0) 
thrown [s\src\hotspot\share\classfile\systemDictionary.cpp, line 256]
Event: 7.200 Thread 0x000001f562bdfc50 Exception <a 'java/lang/ClassNotFoundException'{0x00000000a3c41eb0}: org/springframework/beans/factory/FactoryBeanCustomizer> (0x00000000a3c41eb0) 
thrown [s\src\hotspot\share\classfile\systemDictionary.cpp, line 256]
Event: 7.201 Thread 0x000001f562bdfc50 Exception <a 'java/lang/ClassNotFoundException'{0x00000000a3c4bc08}: org/springframework/beans/factory/BeanClassLoaderAwareCustomizer> (0x00000000a3c4bc08) 
thrown [s\src\hotspot\share\classfile\systemDictionary.cpp, line 256]
Event: 7.202 Thread 0x000001f562bdfc50 Exception <a 'java/lang/ClassNotFoundException'{0x00000000a3c52560}: org/springframework/beans/factory/AwareCustomizer> (0x00000000a3c52560) 
thrown [s\src\hotspot\share\classfile\systemDictionary.cpp, line 256]
Event: 7.203 Thread 0x000001f562bdfc50 Exception <a 'java/lang/ClassNotFoundException'{0x00000000a3c57f60}: org/springframework/beans/factory/BeanFactoryAwareCustomizer> (0x00000000a3c57f60) 
thrown [s\src\hotspot\share\classfile\systemDictionary.cpp, line 256]
Event: 7.204 Thread 0x000001f562bdfc50 Exception <a 'java/lang/ClassNotFoundException'{0x00000000a3c5ef58}: org/springframework/beans/factory/AwareCustomizer> (0x00000000a3c5ef58) 
thrown [s\src\hotspot\share\classfile\systemDictionary.cpp, line 256]
Event: 7.204 Thread 0x000001f562bdfc50 Exception <a 'java/lang/ClassNotFoundException'{0x00000000a3c64bb0}: org/springframework/context/ApplicationEventPublisherAwareCustomizer> (0x00000000a3c64bb0) 
thrown [s\src\hotspot\share\classfile\systemDictionary.cpp, line 256]
Event: 7.205 Thread 0x000001f562bdfc50 Exception <a 'java/lang/ClassNotFoundException'{0x00000000a3c6b870}: org/springframework/beans/factory/AwareCustomizer> (0x00000000a3c6b870) 
thrown [s\src\hotspot\share\classfile\systemDictionary.cpp, line 256]
Event: 7.213 Thread 0x000001f562bdfc50 Exception <a 'java/lang/ClassNotFoundException'{0x00000000a3ca5c60}: java/lang/ObjectCustomizer> (0x00000000a3ca5c60) 
thrown [s\src\hotspot\share\classfile\systemDictionary.cpp, line 256]
Event: 7.214 Thread 0x000001f562bdfc50 Exception <a 'java/lang/ClassNotFoundException'{0x00000000a3caf720}: org/springframework/core/io/support/PropertiesLoaderSupportCustomizer> (0x00000000a3caf720) 
thrown [s\src\hotspot\share\classfile\systemDictionary.cpp, line 256]
Event: 7.215 Thread 0x000001f562bdfc50 Exception <a 'java/lang/ClassNotFoundException'{0x00000000a3cbecd0}: org/springframework/beans/factory/config/PropertiesFactoryBeanCustomizer> (0x00000000a3cbecd0) 
thrown [s\src\hotspot\share\classfile\systemDictionary.cpp, line 256]
Event: 7.216 Thread 0x000001f562bdfc50 Exception <a 'java/lang/ClassNotFoundException'{0x00000000a3cd5cc0}: org/springframework/beans/factory/FactoryBeanCustomizer> (0x00000000a3cd5cc0) 
thrown [s\src\hotspot\share\classfile\systemDictionary.cpp, line 256]
Event: 7.217 Thread 0x000001f562bdfc50 Exception <a 'java/lang/ClassNotFoundException'{0x00000000a3cdf878}: org/springframework/beans/factory/InitializingBeanCustomizer> (0x00000000a3cdf878) 
thrown [s\src\hotspot\share\classfile\systemDictionary.cpp, line 256]

VM Operations (20 events):
Event: 5.049 Executing VM operation: HandshakeAllThreads done
Event: 5.344 Executing VM operation: HandshakeAllThreads
Event: 5.344 Executing VM operation: HandshakeAllThreads done
Event: 5.356 Executing VM operation: HandshakeAllThreads
Event: 5.357 Executing VM operation: HandshakeAllThreads done
Event: 5.797 Executing VM operation: ICBufferFull
Event: 5.797 Executing VM operation: ICBufferFull done
Event: 5.798 Executing VM operation: G1CollectForAllocation
Event: 5.805 Executing VM operation: G1CollectForAllocation done
Event: 6.161 Executing VM operation: HandshakeAllThreads
Event: 6.161 Executing VM operation: HandshakeAllThreads done
Event: 6.227 Executing VM operation: ICBufferFull
Event: 6.228 Executing VM operation: ICBufferFull done
Event: 6.374 Executing VM operation: G1CollectForAllocation
Event: 6.382 Executing VM operation: G1CollectForAllocation done
Event: 6.628 Executing VM operation: HandshakeAllThreads
Event: 6.628 Executing VM operation: HandshakeAllThreads done
Event: 6.628 Executing VM operation: HandshakeAllThreads
Event: 6.628 Executing VM operation: HandshakeAllThreads done
Event: 7.259 Executing VM operation: G1CollectForAllocation

Events (20 events):
Event: 6.495 loading class java/io/StreamCorruptedException
Event: 6.495 loading class java/io/StreamCorruptedException done
Event: 6.496 loading class java/io/ObjectInputValidation
Event: 6.496 loading class java/io/ObjectInputValidation done
Event: 6.496 loading class java/io/NotActiveException
Event: 6.496 loading class java/io/NotActiveException done
Event: 7.071 loading class sun/reflect/Reflection
Event: 7.071 loading class sun/reflect/Reflection done
Event: 7.158 loading class javax/naming/Reference
Event: 7.158 loading class javax/naming/Reference done
Event: 7.180 loading class java/lang/ObjectCustomizer
Event: 7.180 loading class java/lang/ObjectCustomizer done
Event: 7.180 loading class java/lang/ObjectCustomizer
Event: 7.180 loading class java/lang/ObjectCustomizer done
Event: 7.213 loading class java/lang/ObjectCustomizer
Event: 7.213 loading class java/lang/ObjectCustomizer done
Event: 7.213 loading class java/lang/ObjectCustomizer
Event: 7.213 loading class java/lang/ObjectCustomizer done
Event: 7.225 loading class java/lang/SafeVarargs
Event: 7.226 loading class java/lang/SafeVarargs done


Dynamic libraries:
0x00007ff784ca0000 - 0x00007ff784cae000 	C:\Program Files (x86)\sts-4.19.1.RELEASE\plugins\org.eclipse.justj.openjdk.hotspot.jre.full.win32.x86_64_17.0.7.v20230425-1502\jre\bin\javaw.exe
0x00007ffd7f570000 - 0x00007ffd7f768000 	C:\Windows\SYSTEM32\ntdll.dll
0x00007ffd7e330000 - 0x00007ffd7e3ef000 	C:\Windows\System32\KERNEL32.DLL
0x00007ffd7cd10000 - 0x00007ffd7cfe2000 	C:\Windows\System32\KERNELBASE.dll
0x00007ffd7d240000 - 0x00007ffd7d340000 	C:\Windows\System32\ucrtbase.dll
0x00007ffd782f0000 - 0x00007ffd78307000 	C:\Program Files (x86)\sts-4.19.1.RELEASE\plugins\org.eclipse.justj.openjdk.hotspot.jre.full.win32.x86_64_17.0.7.v20230425-1502\jre\bin\jli.dll
0x00007ffd7f380000 - 0x00007ffd7f521000 	C:\Windows\System32\USER32.dll
0x00007ffd7d340000 - 0x00007ffd7d362000 	C:\Windows\System32\win32u.dll
0x00007ffd7ecc0000 - 0x00007ffd7eceb000 	C:\Windows\System32\GDI32.dll
0x00007ffd7d400000 - 0x00007ffd7d50f000 	C:\Windows\System32\gdi32full.dll
0x00007ffd7d510000 - 0x00007ffd7d5ad000 	C:\Windows\System32\msvcp_win.dll
0x00007ffd782b0000 - 0x00007ffd782c9000 	C:\Program Files (x86)\sts-4.19.1.RELEASE\plugins\org.eclipse.justj.openjdk.hotspot.jre.full.win32.x86_64_17.0.7.v20230425-1502\jre\bin\VCRUNTIME140.dll
0x00007ffd688a0000 - 0x00007ffd68b3a000 	C:\Windows\WinSxS\amd64_microsoft.windows.common-controls_6595b64144ccf1df_6.0.19041.1110_none_60b5254171f9507e\COMCTL32.dll
0x00007ffd7e9c0000 - 0x00007ffd7ea5e000 	C:\Windows\System32\msvcrt.dll
0x00007ffd7f230000 - 0x00007ffd7f262000 	C:\Windows\System32\IMM32.DLL
0x00007ffd782a0000 - 0x00007ffd782ac000 	C:\Program Files (x86)\sts-4.19.1.RELEASE\plugins\org.eclipse.justj.openjdk.hotspot.jre.full.win32.x86_64_17.0.7.v20230425-1502\jre\bin\vcruntime140_1.dll
0x00007ffd5eb40000 - 0x00007ffd5ebd1000 	C:\Program Files (x86)\sts-4.19.1.RELEASE\plugins\org.eclipse.justj.openjdk.hotspot.jre.full.win32.x86_64_17.0.7.v20230425-1502\jre\bin\msvcp140.dll
0x00007ffd3d320000 - 0x00007ffd3df68000 	C:\Program Files (x86)\sts-4.19.1.RELEASE\plugins\org.eclipse.justj.openjdk.hotspot.jre.full.win32.x86_64_17.0.7.v20230425-1502\jre\bin\server\jvm.dll
0x00007ffd7e400000 - 0x00007ffd7e4ae000 	C:\Windows\System32\ADVAPI32.dll
0x00007ffd7f190000 - 0x00007ffd7f22c000 	C:\Windows\System32\sechost.dll
0x00007ffd7ea60000 - 0x00007ffd7eb85000 	C:\Windows\System32\RPCRT4.dll
0x00007ffd67a10000 - 0x00007ffd67a19000 	C:\Windows\SYSTEM32\WSOCK32.dll
0x00007ffd7e830000 - 0x00007ffd7e89b000 	C:\Windows\System32\WS2_32.dll
0x00007ffd70c20000 - 0x00007ffd70c47000 	C:\Windows\SYSTEM32\WINMM.dll
0x00007ffd767d0000 - 0x00007ffd767da000 	C:\Windows\SYSTEM32\VERSION.dll
0x00007ffd7aae0000 - 0x00007ffd7aaf2000 	C:\Windows\SYSTEM32\kernel.appcore.dll
0x00007ffd7a220000 - 0x00007ffd7a22a000 	C:\Program Files (x86)\sts-4.19.1.RELEASE\plugins\org.eclipse.justj.openjdk.hotspot.jre.full.win32.x86_64_17.0.7.v20230425-1502\jre\bin\jimage.dll
0x00007ffd69170000 - 0x00007ffd69354000 	C:\Windows\SYSTEM32\DBGHELP.DLL
0x00007ffd659e0000 - 0x00007ffd65a15000 	C:\Windows\SYSTEM32\dbgcore.DLL
0x00007ffd7d370000 - 0x00007ffd7d3f2000 	C:\Windows\System32\bcryptPrimitives.dll
0x00007ffd74700000 - 0x00007ffd74725000 	C:\Program Files (x86)\sts-4.19.1.RELEASE\plugins\org.eclipse.justj.openjdk.hotspot.jre.full.win32.x86_64_17.0.7.v20230425-1502\jre\bin\java.dll
0x00007ffd6c0c0000 - 0x00007ffd6c0d8000 	C:\Program Files (x86)\sts-4.19.1.RELEASE\plugins\org.eclipse.justj.openjdk.hotspot.jre.full.win32.x86_64_17.0.7.v20230425-1502\jre\bin\zip.dll
0x00007ffd7dbe0000 - 0x00007ffd7e325000 	C:\Windows\System32\SHELL32.dll
0x00007ffd7ace0000 - 0x00007ffd7b472000 	C:\Windows\SYSTEM32\windows.storage.dll
0x00007ffd7ecf0000 - 0x00007ffd7f045000 	C:\Windows\System32\combase.dll
0x00007ffd7c500000 - 0x00007ffd7c530000 	C:\Windows\SYSTEM32\Wldp.dll
0x00007ffd7e780000 - 0x00007ffd7e82d000 	C:\Windows\System32\SHCORE.dll
0x00007ffd7f270000 - 0x00007ffd7f2c5000 	C:\Windows\System32\shlwapi.dll
0x00007ffd7cba0000 - 0x00007ffd7cbbf000 	C:\Windows\SYSTEM32\profapi.dll
0x00007ffd6bde0000 - 0x00007ffd6bdf9000 	C:\Program Files (x86)\sts-4.19.1.RELEASE\plugins\org.eclipse.justj.openjdk.hotspot.jre.full.win32.x86_64_17.0.7.v20230425-1502\jre\bin\net.dll
0x00007ffd748c0000 - 0x00007ffd749cc000 	C:\Windows\SYSTEM32\WINHTTP.dll
0x00007ffd7c2e0000 - 0x00007ffd7c34a000 	C:\Windows\system32\mswsock.dll
0x00007ffd6bdc0000 - 0x00007ffd6bdd5000 	C:\Program Files (x86)\sts-4.19.1.RELEASE\plugins\org.eclipse.justj.openjdk.hotspot.jre.full.win32.x86_64_17.0.7.v20230425-1502\jre\bin\nio.dll
0x00007ffd77bd0000 - 0x00007ffd77bd9000 	C:\Program Files (x86)\sts-4.19.1.RELEASE\plugins\org.eclipse.justj.openjdk.hotspot.jre.full.win32.x86_64_17.0.7.v20230425-1502\jre\bin\management.dll
0x00007ffd77bb0000 - 0x00007ffd77bbb000 	C:\Program Files (x86)\sts-4.19.1.RELEASE\plugins\org.eclipse.justj.openjdk.hotspot.jre.full.win32.x86_64_17.0.7.v20230425-1502\jre\bin\management_ext.dll
0x00007ffd7e770000 - 0x00007ffd7e778000 	C:\Windows\System32\PSAPI.DLL
0x00007ffd701f0000 - 0x00007ffd70207000 	C:\Windows\system32\napinsp.dll
0x00007ffd6c500000 - 0x00007ffd6c51b000 	C:\Windows\system32\pnrpnsp.dll
0x00007ffd595c0000 - 0x00007ffd595d5000 	C:\Windows\system32\wshbth.dll
0x00007ffd78460000 - 0x00007ffd7847d000 	C:\Windows\system32\NLAapi.dll
0x00007ffd7bff0000 - 0x00007ffd7c02b000 	C:\Windows\SYSTEM32\IPHLPAPI.DLL
0x00007ffd7c030000 - 0x00007ffd7c0fb000 	C:\Windows\SYSTEM32\DNSAPI.dll
0x00007ffd7d5b0000 - 0x00007ffd7d5b8000 	C:\Windows\System32\NSI.dll
0x00007ffd6c4e0000 - 0x00007ffd6c4f2000 	C:\Windows\System32\winrnr.dll
0x00007ffd6f780000 - 0x00007ffd6f78a000 	C:\Windows\System32\rasadhlp.dll
0x00007ffd74380000 - 0x00007ffd74400000 	C:\Windows\System32\fwpuclnt.dll
0x00007ffd7d210000 - 0x00007ffd7d237000 	C:\Windows\System32\bcrypt.dll
0x00007ffd7c540000 - 0x00007ffd7c558000 	C:\Windows\SYSTEM32\CRYPTSP.dll
0x00007ffd7bc20000 - 0x00007ffd7bc54000 	C:\Windows\system32\rsaenh.dll
0x00007ffd7cb20000 - 0x00007ffd7cb4e000 	C:\Windows\SYSTEM32\USERENV.dll
0x00007ffd7c470000 - 0x00007ffd7c47c000 	C:\Windows\SYSTEM32\CRYPTBASE.dll
0x00007ffd718d0000 - 0x00007ffd718e7000 	C:\Windows\SYSTEM32\dhcpcsvc6.DLL
0x00007ffd718b0000 - 0x00007ffd718cd000 	C:\Windows\SYSTEM32\dhcpcsvc.DLL
0x00007ffd70c10000 - 0x00007ffd70c20000 	C:\Program Files (x86)\sts-4.19.1.RELEASE\plugins\org.eclipse.justj.openjdk.hotspot.jre.full.win32.x86_64_17.0.7.v20230425-1502\jre\bin\verify.dll
0x00007ffd70210000 - 0x00007ffd7021e000 	C:\Program Files (x86)\sts-4.19.1.RELEASE\plugins\org.eclipse.justj.openjdk.hotspot.jre.full.win32.x86_64_17.0.7.v20230425-1502\jre\bin\sunmscapi.dll
0x00007ffd7cff0000 - 0x00007ffd7d146000 	C:\Windows\System32\CRYPT32.dll
0x00007ffd7c650000 - 0x00007ffd7c677000 	C:\Windows\SYSTEM32\ncrypt.dll
0x00007ffd7c610000 - 0x00007ffd7c64b000 	C:\Windows\SYSTEM32\NTASN1.dll

dbghelp: loaded successfully - version: 4.0.5 - missing functions: none
symbol engine: initialized successfully - sym options: 0x614 - pdb path: .;C:\Program Files (x86)\sts-4.19.1.RELEASE\plugins\org.eclipse.justj.openjdk.hotspot.jre.full.win32.x86_64_17.0.7.v20230425-1502\jre\bin;C:\Windows\SYSTEM32;C:\Windows\WinSxS\amd64_microsoft.windows.common-controls_6595b64144ccf1df_6.0.19041.1110_none_60b5254171f9507e;C:\Program Files (x86)\sts-4.19.1.RELEASE\plugins\org.eclipse.justj.openjdk.hotspot.jre.full.win32.x86_64_17.0.7.v20230425-1502\jre\bin\server

VM Arguments:
jvm_args: -Dcom.sun.management.jmxremote -Dcom.sun.management.jmxremote.port=60027 -Dcom.sun.management.jmxremote.authenticate=false -Dcom.sun.management.jmxremote.ssl=false -Djava.rmi.server.hostname=localhost -Dspring.jmx.enabled=true -Dmanagement.endpoints.jmx.exposure.include=* -Dspring.application.admin.enabled=true -XX:TieredStopAtLevel=1 -Dspring.boot.project.name=miniproject -Dfile.encoding=UTF-8 -Dstdout.encoding=UTF-8 -Dstderr.encoding=UTF-8 -XX:+ShowCodeDetailsInExceptionMessages 
java_command: com.teama.minpro.teama.MiniprojectApplication --spring.output.ansi.enabled=always
java_class_path (initial): D:\BELAJAR KODING\XSIS\BATCH-327\minpro-team-a\miniproject\target\classes;C:\Users\Admin\.m2\repository\org\springframework\boot\spring-boot-starter-data-jpa\2.7.16\spring-boot-starter-data-jpa-2.7.16.jar;C:\Users\Admin\.m2\repository\org\springframework\boot\spring-boot-starter-aop\2.7.16\spring-boot-starter-aop-2.7.16.jar;C:\Users\Admin\.m2\repository\org\springframework\spring-aop\5.3.30\spring-aop-5.3.30.jar;C:\Users\Admin\.m2\repository\org\aspectj\aspectjweaver\1.9.7\aspectjweaver-1.9.7.jar;C:\Users\Admin\.m2\repository\org\springframework\boot\spring-boot-starter-jdbc\2.7.16\spring-boot-starter-jdbc-2.7.16.jar;C:\Users\Admin\.m2\repository\com\zaxxer\HikariCP\4.0.3\HikariCP-4.0.3.jar;C:\Users\Admin\.m2\repository\org\springframework\spring-jdbc\5.3.30\spring-jdbc-5.3.30.jar;C:\Users\Admin\.m2\repository\jakarta\transaction\jakarta.transaction-api\1.3.3\jakarta.transaction-api-1.3.3.jar;C:\Users\Admin\.m2\repository\jakarta\persistence\jakarta.persistence-api\2.2.3\jakarta.persistence-api-2.2.3.jar;C:\Users\Admin\.m2\repository\org\hibernate\hibernate-core\5.6.15.Final\hibernate-core-5.6.15.Final.jar;C:\Users\Admin\.m2\repository\org\jboss\logging\jboss-logging\3.4.3.Final\jboss-logging-3.4.3.Final.jar;C:\Users\Admin\.m2\repository\net\bytebuddy\byte-buddy\1.12.23\byte-buddy-1.12.23.jar;C:\Users\Admin\.m2\repository\antlr\antlr\2.7.7\antlr-2.7.7.jar;C:\Users\Admin\.m2\repository\org\jboss\jandex\2.4.2.Final\jandex-2.4.2.Final.jar;C:\Users\Admin\.m2\repository\com\fasterxml\classmate\1.5.1\classmate-1.5.1.jar;C:\Users\Admin\.m2\repository\org\hibernate\common\hibernate-commons-annotations\5.1.2.Final\hibernate-commons-annotations-5.1.2.Final.jar;C:\Users\Admin\.m2\repository\org\glassfish\jaxb\jaxb-runtime\2.3.8\jaxb-runtime-2.3.8.jar;C:\Users\Admin\.m2\repository\org\glassfish\jaxb\txw2\2.3.8\txw2-2.3.8.jar;C:\Users\Admin\.m2\repository\com\sun\istack\istack-commons-runtime\3.0.12\istack-commons-runtime-3.0.12.jar;C:\Users\Admin\.m
Launcher Type: SUN_STANDARD

[Global flags]
     intx CICompilerCount                          = 3                                         {product} {ergonomic}
     uint ConcGCThreads                            = 1                                         {product} {ergonomic}
     uint G1ConcRefinementThreads                  = 4                                         {product} {ergonomic}
   size_t G1HeapRegionSize                         = 1048576                                   {product} {ergonomic}
    uintx GCDrainStackTargetSize                   = 64                                        {product} {ergonomic}
   size_t InitialHeapSize                          = 100663296                                 {product} {ergonomic}
     bool ManagementServer                         = true                                      {product} {command line}
   size_t MarkStackSize                            = 4194304                                   {product} {ergonomic}
   size_t MaxHeapSize                              = 1589641216                                {product} {ergonomic}
   size_t MaxNewSize                               = 953155584                                 {product} {ergonomic}
   size_t MinHeapDeltaBytes                        = 1048576                                   {product} {ergonomic}
   size_t MinHeapSize                              = 8388608                                   {product} {ergonomic}
    uintx NonProfiledCodeHeapSize                  = 0                                      {pd product} {ergonomic}
     bool ProfileInterpreter                       = false                                  {pd product} {command line}
    uintx ProfiledCodeHeapSize                     = 0                                      {pd product} {ergonomic}
     bool ShowCodeDetailsInExceptionMessages       = true                                   {manageable} {command line}
   size_t SoftMaxHeapSize                          = 1589641216                             {manageable} {ergonomic}
     intx TieredStopAtLevel                        = 1                                         {product} {command line}
     bool UseCompressedClassPointers               = true                           {product lp64_product} {ergonomic}
     bool UseCompressedOops                        = true                           {product lp64_product} {ergonomic}
     bool UseG1GC                                  = true                                      {product} {ergonomic}
     bool UseLargePagesIndividualAllocation        = false                                  {pd product} {ergonomic}

Logging:
Log output configuration:
 #0: stdout all=warning uptime,level,tags
 #1: stderr all=off uptime,level,tags

Environment Variables:
JAVA_HOME=C:\Program Files\Java\jdk-20.0.2
PATH=C:/Program Files (x86)/sts-4.19.1.RELEASE//plugins/org.eclipse.justj.openjdk.hotspot.jre.full.win32.x86_64_17.0.7.v20230425-1502/jre/bin/server;C:/Program Files (x86)/sts-4.19.1.RELEASE//plugins/org.eclipse.justj.openjdk.hotspot.jre.full.win32.x86_64_17.0.7.v20230425-1502/jre/bin;C:\Windows\system32;C:\Windows;C:\Windows\System32\Wbem;C:\Windows\System32\WindowsPowerShell\v1.0\;C:\Windows\System32\OpenSSH\;C:\Program Files\Java\jdk-20.0.2\bin;C:\Program Files\Git\cmd;C:\Program Files\Docker\Docker\resources\bin;C:\Users\Admin\AppData\Local\Microsoft\WindowsApps;;C:\Users\Admin\AppData\Local\Programs\Microsoft VS Code\bin;C:\Program Files (x86)\sts-4.19.1.RELEASE;
USERNAME=Irfan
OS=Windows_NT
PROCESSOR_IDENTIFIER=AMD64 Family 23 Model 24 Stepping 1, AuthenticAMD
TMP=C:\Users\Admin\AppData\Local\Temp
TEMP=C:\Users\Admin\AppData\Local\Temp



---------------  S Y S T E M  ---------------

OS:
 Windows 10 , 64 bit Build 19041 (10.0.19041.2545)
OS uptime: 0 days 3:12 hours
Hyper-V role detected

CPU: total 4 (initial active 4) (4 cores per cpu, 2 threads per core) family 23 model 24 stepping 1 microcode 0x0, cx8, cmov, fxsr, ht, mmx, 3dnowpref, sse, sse2, sse3, ssse3, sse4a, sse4.1, sse4.2, popcnt, lzcnt, tsc, tscinvbit, avx, avx2, aes, clmul, bmi1, bmi2, adx, sha, fma, vzeroupper, clflush, clflushopt, hv

Memory: 4k page, system-wide physical 6058M (324M free)
TotalPageFile size 6058M (AvailPageFile size 12M)
current process WorkingSet (physical memory assigned to process): 191M, peak: 191M
current process commit charge ("private bytes"): 250M, peak: 277M

vm_info: OpenJDK 64-Bit Server VM (17.0.7+7) for windows-amd64 JRE (17.0.7+7), built on Apr 18 2023 22:10:42 by "temurin" with MS VC++ 16.7 (VS2019)

END.
