#
# There is insufficient memory for the Java Runtime Environment to continue.
# Native memory allocation (mmap) failed to map 65536 bytes for Failed to commit metaspace.
# Possible reasons:
#   The system is out of physical RAM or swap space
#   The process is running with CompressedOops enabled, and the Java Heap may be blocking the growth of the native heap
# Possible solutions:
#   Reduce memory load on the system
#   Increase physical memory or swap space
#   Check if swap backing store is full
#   Decrease Java heap size (-Xmx/-Xms)
#   Decrease number of Java threads
#   Decrease Java thread stack sizes (-Xss)
#   Set larger code cache with -XX:ReservedCodeCacheSize=
#   JVM is running with Unscaled Compressed Oops mode in which the Java heap is
#     placed in the first 4GB address space. The Java Heap base address is the
#     maximum limit for the native heap growth. Please use -XX:HeapBaseMinAddress
#     to set the Java Heap base and to place the Java Heap above 4GB virtual address.
# This output file may be truncated or incomplete.
#
#  Out of Memory Error (virtualSpaceNode.cpp:110), pid=12528, tid=12712
#
# JRE version: OpenJDK Runtime Environment Temurin-17.0.7+7 (17.0.7+7) (build 17.0.7+7)
# Java VM: OpenJDK 64-Bit Server VM Temurin-17.0.7+7 (17.0.7+7, mixed mode, emulated-client, tiered, compressed oops, compressed class ptrs, g1 gc, windows-amd64)
# No core dump will be written. Minidumps are not enabled by default on client versions of Windows
#

---------------  S U M M A R Y ------------

Command Line: -XX:+ShowCodeDetailsInExceptionMessages -agentlib:jdwp=transport=dt_socket,suspend=y,address=localhost:49787 -Dcom.sun.management.jmxremote -Dcom.sun.management.jmxremote.port=49786 -Dcom.sun.management.jmxremote.authenticate=false -Dcom.sun.management.jmxremote.ssl=false -Djava.rmi.server.hostname=localhost -Dspring.jmx.enabled=true -Dmanagement.endpoints.jmx.exposure.include=* -Dspring.application.admin.enabled=true -XX:TieredStopAtLevel=1 -Dspring.boot.project.name=miniproject -javaagent:C:\Program Files (x86)\sts-4.19.1.RELEASE\configuration\org.eclipse.osgi\740\0\.cp\lib\javaagent-shaded.jar -Dfile.encoding=UTF-8 -Dstdout.encoding=UTF-8 -Dstderr.encoding=UTF-8 com.teama.minpro.teama.MiniprojectApplication --spring.output.ansi.enabled=always

Host: AMD Ryzen 3 3200U with Radeon Vega Mobile Gfx  , 4 cores, 5G,  Windows 10 , 64 bit Build 19041 (10.0.19041.2545)
Time: Thu Jan 11 16:45:23 2024 SE Asia Standard Time elapsed time: 24.753711 seconds (0d 0h 0m 24s)

---------------  T H R E A D  ---------------

Current thread (0x000001f16ede44c0):  JavaThread "http-nio-8080-exec-1" daemon [_thread_in_vm, id=12712, stack(0x000000c77d200000,0x000000c77d300000)]

Stack: [0x000000c77d200000,0x000000c77d300000]
Native frames: (J=compiled Java code, j=interpreted, Vv=VM code, C=native code)
V  [jvm.dll+0x67754a]
V  [jvm.dll+0x834304]
V  [jvm.dll+0x835aae]
V  [jvm.dll+0x836113]
V  [jvm.dll+0x24696f]
V  [jvm.dll+0x83039b]
V  [jvm.dll+0x61c006]
V  [jvm.dll+0x1c169e]
V  [jvm.dll+0x61e961]
V  [jvm.dll+0x61c9a6]
V  [jvm.dll+0x2442bc]
V  [jvm.dll+0x6cdf4d]
V  [jvm.dll+0x6ce97f]
V  [jvm.dll+0x371b23]
V  [jvm.dll+0x371996]
V  [jvm.dll+0x370bc4]
V  [jvm.dll+0x370b68]
V  [jvm.dll+0x560055]
V  [jvm.dll+0x55ef74]
V  [jvm.dll+0x384a64]
V  [jvm.dll+0x3840cf]
C  0x000001f15f994b59

Java frames: (J=compiled Java code, j=interpreted, Vv=VM code)
j  com.fasterxml.jackson.databind.type.TypeFactory._mapType(Ljava/lang/Class;Lcom/fasterxml/jackson/databind/type/TypeBindings;Lcom/fasterxml/jackson/databind/JavaType;[Lcom/fasterxml/jackson/databind/JavaType;)Lcom/fasterxml/jackson/databind/JavaType;+162
j  com.fasterxml.jackson.databind.type.TypeFactory._fromWellKnownClass(Lcom/fasterxml/jackson/databind/type/ClassStack;Ljava/lang/Class;Lcom/fasterxml/jackson/databind/type/TypeBindings;Lcom/fasterxml/jackson/databind/JavaType;[Lcom/fasterxml/jackson/databind/JavaType;)Lcom/fasterxml/jackson/databind/JavaType;+21
j  com.fasterxml.jackson.databind.type.TypeFactory._fromClass(Lcom/fasterxml/jackson/databind/type/ClassStack;Ljava/lang/Class;Lcom/fasterxml/jackson/databind/type/TypeBindings;)Lcom/fasterxml/jackson/databind/JavaType;+243
j  com.fasterxml.jackson.databind.type.TypeFactory._fromParamType(Lcom/fasterxml/jackson/databind/type/ClassStack;Ljava/lang/reflect/ParameterizedType;Lcom/fasterxml/jackson/databind/type/TypeBindings;)Lcom/fasterxml/jackson/databind/JavaType;+136
j  com.fasterxml.jackson.databind.type.TypeFactory._fromAny(Lcom/fasterxml/jackson/databind/type/ClassStack;Ljava/lang/reflect/Type;Lcom/fasterxml/jackson/databind/type/TypeBindings;)Lcom/fasterxml/jackson/databind/JavaType;+38
j  com.fasterxml.jackson.databind.type.TypeFactory._resolveSuperInterfaces(Lcom/fasterxml/jackson/databind/type/ClassStack;Ljava/lang/Class;Lcom/fasterxml/jackson/databind/type/TypeBindings;)[Lcom/fasterxml/jackson/databind/JavaType;+59
j  com.fasterxml.jackson.databind.type.TypeFactory._fromClass(Lcom/fasterxml/jackson/databind/type/ClassStack;Ljava/lang/Class;Lcom/fasterxml/jackson/databind/type/TypeBindings;)Lcom/fasterxml/jackson/databind/JavaType;+181
j  com.fasterxml.jackson.databind.type.TypeFactory._fromParamType(Lcom/fasterxml/jackson/databind/type/ClassStack;Ljava/lang/reflect/ParameterizedType;Lcom/fasterxml/jackson/databind/type/TypeBindings;)Lcom/fasterxml/jackson/databind/JavaType;+136
j  com.fasterxml.jackson.databind.type.TypeFactory._fromAny(Lcom/fasterxml/jackson/databind/type/ClassStack;Ljava/lang/reflect/Type;Lcom/fasterxml/jackson/databind/type/TypeBindings;)Lcom/fasterxml/jackson/databind/JavaType;+38
j  com.fasterxml.jackson.databind.type.TypeFactory._resolveSuperClass(Lcom/fasterxml/jackson/databind/type/ClassStack;Ljava/lang/Class;Lcom/fasterxml/jackson/databind/type/TypeBindings;)Lcom/fasterxml/jackson/databind/JavaType;+18
j  com.fasterxml.jackson.databind.type.TypeFactory._fromClass(Lcom/fasterxml/jackson/databind/type/ClassStack;Ljava/lang/Class;Lcom/fasterxml/jackson/databind/type/TypeBindings;)Lcom/fasterxml/jackson/databind/JavaType;+172
j  com.fasterxml.jackson.databind.type.TypeFactory._fromParamType(Lcom/fasterxml/jackson/databind/type/ClassStack;Ljava/lang/reflect/ParameterizedType;Lcom/fasterxml/jackson/databind/type/TypeBindings;)Lcom/fasterxml/jackson/databind/JavaType;+136
j  com.fasterxml.jackson.databind.type.TypeFactory._fromAny(Lcom/fasterxml/jackson/databind/type/ClassStack;Ljava/lang/reflect/Type;Lcom/fasterxml/jackson/databind/type/TypeBindings;)Lcom/fasterxml/jackson/databind/JavaType;+38
j  com.fasterxml.jackson.databind.type.TypeFactory._resolveSuperClass(Lcom/fasterxml/jackson/databind/type/ClassStack;Ljava/lang/Class;Lcom/fasterxml/jackson/databind/type/TypeBindings;)Lcom/fasterxml/jackson/databind/JavaType;+18
j  com.fasterxml.jackson.databind.type.TypeFactory._fromClass(Lcom/fasterxml/jackson/databind/type/ClassStack;Ljava/lang/Class;Lcom/fasterxml/jackson/databind/type/TypeBindings;)Lcom/fasterxml/jackson/databind/JavaType;+172
j  com.fasterxml.jackson.databind.type.TypeFactory._fromAny(Lcom/fasterxml/jackson/databind/type/ClassStack;Ljava/lang/reflect/Type;Lcom/fasterxml/jackson/databind/type/TypeBindings;)Lcom/fasterxml/jackson/databind/JavaType;+16
j  com.fasterxml.jackson.databind.type.TypeFactory.constructType(Ljava/lang/reflect/Type;)Lcom/fasterxml/jackson/databind/JavaType;+6
j  com.fasterxml.jackson.databind.cfg.MapperConfig.constructType(Ljava/lang/Class;)Lcom/fasterxml/jackson/databind/JavaType;+5
j  com.fasterxml.jackson.databind.SerializerProvider._createAndCacheUntypedSerializer(Ljava/lang/Class;)Lcom/fasterxml/jackson/databind/JsonSerializer;+5
j  com.fasterxml.jackson.databind.SerializerProvider._findExplicitUntypedSerializer(Ljava/lang/Class;)Lcom/fasterxml/jackson/databind/JsonSerializer;+28
j  com.fasterxml.jackson.databind.ser.DefaultSerializerProvider.hasSerializerFor(Ljava/lang/Class;Ljava/util/concurrent/atomic/AtomicReference;)Z+23
j  com.fasterxml.jackson.databind.ObjectMapper.canSerialize(Ljava/lang/Class;Ljava/util/concurrent/atomic/AtomicReference;)Z+10
j  org.springframework.http.converter.json.AbstractJackson2HttpMessageConverter.canWrite(Ljava/lang/Class;Lorg/springframework/http/MediaType;)Z+69
j  org.springframework.http.converter.AbstractGenericHttpMessageConverter.canWrite(Ljava/lang/reflect/Type;Ljava/lang/Class;Lorg/springframework/http/MediaType;)Z+3
j  org.springframework.web.servlet.mvc.method.annotation.AbstractMessageConverterMethodProcessor.getProducibleMediaTypes(Ljavax/servlet/http/HttpServletRequest;Ljava/lang/Class;Ljava/lang/reflect/Type;)Ljava/util/List;+94
j  org.springframework.web.servlet.mvc.method.annotation.AbstractMessageConverterMethodProcessor.writeWithMessageConverters(Ljava/lang/Object;Lorg/springframework/core/MethodParameter;Lorg/springframework/http/server/ServletServerHttpRequest;Lorg/springframework/http/server/ServletServerHttpResponse;)V+407
j  org.springframework.web.servlet.mvc.method.annotation.HttpEntityMethodProcessor.handleReturnValue(Ljava/lang/Object;Lorg/springframework/core/MethodParameter;Lorg/springframework/web/method/support/ModelAndViewContainer;Lorg/springframework/web/context/request/NativeWebRequest;)V+205
j  org.springframework.web.method.support.HandlerMethodReturnValueHandlerComposite.handleReturnValue(Ljava/lang/Object;Lorg/springframework/core/MethodParameter;Lorg/springframework/web/method/support/ModelAndViewContainer;Lorg/springframework/web/context/request/NativeWebRequest;)V+53
j  org.springframework.web.servlet.mvc.method.annotation.ServletInvocableHandlerMethod.invokeAndHandle(Lorg/springframework/web/context/request/ServletWebRequest;Lorg/springframework/web/method/support/ModelAndViewContainer;[Ljava/lang/Object;)V+104
j  org.springframework.web.servlet.mvc.method.annotation.RequestMappingHandlerAdapter.invokeHandlerMethod(Ljavax/servlet/http/HttpServletRequest;Ljavax/servlet/http/HttpServletResponse;Lorg/springframework/web/method/HandlerMethod;)Lorg/springframework/web/servlet/ModelAndView;+244
j  org.springframework.web.servlet.mvc.method.annotation.RequestMappingHandlerAdapter.handleInternal(Ljavax/servlet/http/HttpServletRequest;Ljavax/servlet/http/HttpServletResponse;Lorg/springframework/web/method/HandlerMethod;)Lorg/springframework/web/servlet/ModelAndView;+81
j  org.springframework.web.servlet.mvc.method.AbstractHandlerMethodAdapter.handle(Ljavax/servlet/http/HttpServletRequest;Ljavax/servlet/http/HttpServletResponse;Ljava/lang/Object;)Lorg/springframework/web/servlet/ModelAndView;+7
j  org.springframework.web.servlet.DispatcherServlet.doDispatch(Ljavax/servlet/http/HttpServletRequest;Ljavax/servlet/http/HttpServletResponse;)V+259
j  org.springframework.web.servlet.DispatcherServlet.doService(Ljavax/servlet/http/HttpServletRequest;Ljavax/servlet/http/HttpServletResponse;)V+241
j  org.springframework.web.servlet.FrameworkServlet.processRequest(Ljavax/servlet/http/HttpServletRequest;Ljavax/servlet/http/HttpServletResponse;)V+71
j  org.springframework.web.servlet.FrameworkServlet.doGet(Ljavax/servlet/http/HttpServletRequest;Ljavax/servlet/http/HttpServletResponse;)V+3
j  javax.servlet.http.HttpServlet.service(Ljavax/servlet/http/HttpServletRequest;Ljavax/servlet/http/HttpServletResponse;)V+35
j  org.springframework.web.servlet.FrameworkServlet.service(Ljavax/servlet/http/HttpServletRequest;Ljavax/servlet/http/HttpServletResponse;)V+33
j  javax.servlet.http.HttpServlet.service(Ljavax/servlet/ServletRequest;Ljavax/servlet/ServletResponse;)V+37
j  org.apache.catalina.core.ApplicationFilterChain.internalDoFilter(Ljavax/servlet/ServletRequest;Ljavax/servlet/ServletResponse;)V+304
j  org.apache.catalina.core.ApplicationFilterChain.doFilter(Ljavax/servlet/ServletRequest;Ljavax/servlet/ServletResponse;)V+99
j  org.springframework.web.filter.RequestContextFilter.doFilterInternal(Ljavax/servlet/http/HttpServletRequest;Ljavax/servlet/http/HttpServletResponse;Ljavax/servlet/FilterChain;)V+21
j  org.springframework.web.filter.OncePerRequestFilter.doFilter(Ljavax/servlet/ServletRequest;Ljavax/servlet/ServletResponse;Ljavax/servlet/FilterChain;)V+147
j  org.apache.catalina.core.ApplicationFilterChain.internalDoFilter(Ljavax/servlet/ServletRequest;Ljavax/servlet/ServletResponse;)V+135
j  org.apache.catalina.core.ApplicationFilterChain.doFilter(Ljavax/servlet/ServletRequest;Ljavax/servlet/ServletResponse;)V+99
j  org.springframework.web.filter.OncePerRequestFilter.doFilter(Ljavax/servlet/ServletRequest;Ljavax/servlet/ServletResponse;Ljavax/servlet/FilterChain;)V+81
j  org.apache.catalina.core.ApplicationFilterChain.internalDoFilter(Ljavax/servlet/ServletRequest;Ljavax/servlet/ServletResponse;)V+135
j  org.apache.catalina.core.ApplicationFilterChain.doFilter(Ljavax/servlet/ServletRequest;Ljavax/servlet/ServletResponse;)V+99
j  org.springframework.web.filter.OncePerRequestFilter.doFilter(Ljavax/servlet/ServletRequest;Ljavax/servlet/ServletResponse;Ljavax/servlet/FilterChain;)V+81
j  org.apache.catalina.core.ApplicationFilterChain.internalDoFilter(Ljavax/servlet/ServletRequest;Ljavax/servlet/ServletResponse;)V+135
j  org.apache.catalina.core.ApplicationFilterChain.doFilter(Ljavax/servlet/ServletRequest;Ljavax/servlet/ServletResponse;)V+99
j  org.apache.catalina.core.ApplicationDispatcher.invoke(Ljavax/servlet/ServletRequest;Ljavax/servlet/ServletResponse;Lorg/apache/catalina/core/ApplicationDispatcher$State;)V+347
j  org.apache.catalina.core.ApplicationDispatcher.processRequest(Ljavax/servlet/ServletRequest;Ljavax/servlet/ServletResponse;Lorg/apache/catalina/core/ApplicationDispatcher$State;)V+114
j  org.apache.catalina.core.ApplicationDispatcher.doForward(Ljavax/servlet/ServletRequest;Ljavax/servlet/ServletResponse;)V+357
j  org.apache.catalina.core.ApplicationDispatcher.forward(Ljavax/servlet/ServletRequest;Ljavax/servlet/ServletResponse;)V+55
j  org.apache.catalina.core.StandardHostValve.custom(Lorg/apache/catalina/connector/Request;Lorg/apache/catalina/connector/Response;Lorg/apache/tomcat/util/descriptor/web/ErrorPage;)Z+191
j  org.apache.catalina.core.StandardHostValve.status(Lorg/apache/catalina/connector/Request;Lorg/apache/catalina/connector/Response;)V+159
j  org.apache.catalina.core.StandardHostValve.invoke(Lorg/apache/catalina/connector/Request;Lorg/apache/catalina/connector/Response;)V+313
j  org.apache.catalina.valves.ErrorReportValve.invoke(Lorg/apache/catalina/connector/Request;Lorg/apache/catalina/connector/Response;)V+6
j  org.apache.catalina.core.StandardEngineValve.invoke(Lorg/apache/catalina/connector/Request;Lorg/apache/catalina/connector/Response;)V+59
j  org.apache.catalina.connector.CoyoteAdapter.service(Lorg/apache/coyote/Request;Lorg/apache/coyote/Response;)V+188
j  org.apache.coyote.http11.Http11Processor.service(Lorg/apache/tomcat/util/net/SocketWrapperBase;)Lorg/apache/tomcat/util/net/AbstractEndpoint$Handler$SocketState;+806
j  org.apache.coyote.AbstractProcessorLight.process(Lorg/apache/tomcat/util/net/SocketWrapperBase;Lorg/apache/tomcat/util/net/SocketEvent;)Lorg/apache/tomcat/util/net/AbstractEndpoint$Handler$SocketState;+170
j  org.apache.coyote.AbstractProtocol$ConnectionHandler.process(Lorg/apache/tomcat/util/net/SocketWrapperBase;Lorg/apache/tomcat/util/net/SocketEvent;)Lorg/apache/tomcat/util/net/AbstractEndpoint$Handler$SocketState;+489
j  org.apache.tomcat.util.net.NioEndpoint$SocketProcessor.doRun()V+249
j  org.apache.tomcat.util.net.SocketProcessorBase.run()V+32
j  org.apache.tomcat.util.threads.ThreadPoolExecutor.runWorker(Lorg/apache/tomcat/util/threads/ThreadPoolExecutor$Worker;)V+92
j  org.apache.tomcat.util.threads.ThreadPoolExecutor$Worker.run()V+5
j  org.apache.tomcat.util.threads.TaskThread$WrappingRunnable.run()V+4
j  java.lang.Thread.run()V+11 java.base@17.0.7
v  ~StubRoutines::call_stub

---------------  P R O C E S S  ---------------

Threads class SMR info:
_java_thread_list=0x000001f16f9c50e0, length=41, elements={
0x000001f168c5b940, 0x000001f168c5c740, 0x000001f168ca44e0, 0x000001f16d00c1e0,
0x000001f16d00d500, 0x000001f16d00f970, 0x000001f16d017740, 0x000001f16d018040,
0x000001f168be4740, 0x000001f16d1fca30, 0x000001f16d1fd8d0, 0x000001f16d20a3e0,
0x000001f16dae1060, 0x000001f16dc1cc20, 0x000001f16dc1e850, 0x000001f16dc16e10,
0x000001f16dc0c1d0, 0x000001f16dd64170, 0x000001f16dca8200, 0x000001f16ddac760,
0x000001f16ede27e0, 0x000001f16ede4e60, 0x000001f16ede1970, 0x000001f16ede1e40,
0x000001f16ede3650, 0x000001f16e1203e0, 0x000001f16ede44c0, 0x000001f1700cfd80,
0x000001f1700d2da0, 0x000001f1700d3270, 0x000001f1700d0250, 0x000001f1700d3740,
0x000001f1700d1590, 0x000001f1700d0720, 0x000001f1700d1a60, 0x000001f1700d1f30,
0x000001f1700d0bf0, 0x000001f1700d10c0, 0x000001f1700d2400, 0x000001f16fb2aa00,
0x000001f16fd17780
}

Java Threads: ( => current thread )
  0x000001f168c5b940 JavaThread "Reference Handler" daemon [_thread_blocked, id=10764, stack(0x000000c77ae00000,0x000000c77af00000)]
  0x000001f168c5c740 JavaThread "Finalizer" daemon [_thread_blocked, id=12012, stack(0x000000c77af00000,0x000000c77b000000)]
  0x000001f168ca44e0 JavaThread "Signal Dispatcher" daemon [_thread_blocked, id=12556, stack(0x000000c77b100000,0x000000c77b200000)]
  0x000001f16d00c1e0 JavaThread "Attach Listener" daemon [_thread_blocked, id=11116, stack(0x000000c77b200000,0x000000c77b300000)]
  0x000001f16d00d500 JavaThread "Service Thread" daemon [_thread_blocked, id=10512, stack(0x000000c77b300000,0x000000c77b400000)]
  0x000001f16d00f970 JavaThread "Monitor Deflation Thread" daemon [_thread_blocked, id=11600, stack(0x000000c77b400000,0x000000c77b500000)]
  0x000001f16d017740 JavaThread "C1 CompilerThread0" daemon [_thread_blocked, id=12560, stack(0x000000c77b500000,0x000000c77b600000)]
  0x000001f16d018040 JavaThread "Sweeper thread" daemon [_thread_blocked, id=10332, stack(0x000000c77b600000,0x000000c77b700000)]
  0x000001f168be4740 JavaThread "Common-Cleaner" daemon [_thread_blocked, id=11120, stack(0x000000c77b700000,0x000000c77b800000)]
  0x000001f16d1fca30 JavaThread "JDWP Transport Listener: dt_socket" daemon [_thread_blocked, id=10772, stack(0x000000c77ba00000,0x000000c77bb00000)]
  0x000001f16d1fd8d0 JavaThread "JDWP Event Helper Thread" daemon [_thread_blocked, id=12584, stack(0x000000c77bb00000,0x000000c77bc00000)]
  0x000001f16d20a3e0 JavaThread "JDWP Command Reader" daemon [_thread_in_native, id=228, stack(0x000000c77bc00000,0x000000c77bd00000)]
  0x000001f16dae1060 JavaThread "Notification Thread" daemon [_thread_blocked, id=12484, stack(0x000000c77bd00000,0x000000c77be00000)]
  0x000001f16dc1cc20 JavaThread "RMI TCP Accept-0" daemon [_thread_in_native, id=12048, stack(0x000000c77c100000,0x000000c77c200000)]
  0x000001f16dc1e850 JavaThread "RMI TCP Accept-49786" daemon [_thread_in_native, id=11620, stack(0x000000c77c200000,0x000000c77c300000)]
  0x000001f16dc16e10 JavaThread "RMI TCP Accept-0" daemon [_thread_in_native, id=7368, stack(0x000000c77c300000,0x000000c77c400000)]
  0x000001f16dc0c1d0 JavaThread "RMI TCP Connection(1)-127.0.0.1" daemon [_thread_in_native, id=10208, stack(0x000000c77c500000,0x000000c77c600000)]
  0x000001f16dd64170 JavaThread "RMI Scheduler(0)" daemon [_thread_blocked, id=12604, stack(0x000000c77c600000,0x000000c77c700000)]
  0x000001f16dca8200 JavaThread "RMI TCP Connection(2)-127.0.0.1" daemon [_thread_in_native, id=12056, stack(0x000000c77c700000,0x000000c77c800000)]
  0x000001f16ddac760 JavaThread "JMX server connection timeout 24" daemon [_thread_blocked, id=11164, stack(0x000000c77c800000,0x000000c77c900000)]
  0x000001f16ede27e0 JavaThread "HikariPool-1 housekeeper" daemon [_thread_blocked, id=10304, stack(0x000000c77cc00000,0x000000c77cd00000)]
  0x000001f16ede4e60 JavaThread "Catalina-utility-1" [_thread_blocked, id=10476, stack(0x000000c77cd00000,0x000000c77ce00000)]
  0x000001f16ede1970 JavaThread "Catalina-utility-2" [_thread_blocked, id=10344, stack(0x000000c77ce00000,0x000000c77cf00000)]
  0x000001f16ede1e40 JavaThread "container-0" [_thread_blocked, id=12616, stack(0x000000c77cf00000,0x000000c77d000000)]
  0x000001f16ede3650 JavaThread "File Watcher" daemon [_thread_blocked, id=10372, stack(0x000000c77d100000,0x000000c77d200000)]
  0x000001f16e1203e0 JavaThread "Live Reload Server" daemon [_thread_in_native, id=11688, stack(0x000000c77d300000,0x000000c77d400000)]
=>0x000001f16ede44c0 JavaThread "http-nio-8080-exec-1" daemon [_thread_in_vm, id=12712, stack(0x000000c77d200000,0x000000c77d300000)]
  0x000001f1700cfd80 JavaThread "http-nio-8080-exec-2" daemon [_thread_blocked, id=6428, stack(0x000000c77d400000,0x000000c77d500000)]
  0x000001f1700d2da0 JavaThread "http-nio-8080-exec-3" daemon [_thread_in_native, id=12144, stack(0x000000c77d500000,0x000000c77d600000)]
  0x000001f1700d3270 JavaThread "http-nio-8080-exec-4" daemon [_thread_blocked, id=11684, stack(0x000000c77d600000,0x000000c77d700000)]
  0x000001f1700d0250 JavaThread "http-nio-8080-exec-5" daemon [_thread_blocked, id=12140, stack(0x000000c77d700000,0x000000c77d800000)]
  0x000001f1700d3740 JavaThread "http-nio-8080-exec-6" daemon [_thread_in_native, id=11232, stack(0x000000c77d800000,0x000000c77d900000)]
  0x000001f1700d1590 JavaThread "http-nio-8080-exec-7" daemon [_thread_blocked, id=7380, stack(0x000000c77d900000,0x000000c77da00000)]
  0x000001f1700d0720 JavaThread "http-nio-8080-exec-8" daemon [_thread_blocked, id=12700, stack(0x000000c77da00000,0x000000c77db00000)]
  0x000001f1700d1a60 JavaThread "http-nio-8080-exec-9" daemon [_thread_blocked, id=10556, stack(0x000000c77db00000,0x000000c77dc00000)]
  0x000001f1700d1f30 JavaThread "http-nio-8080-exec-10" daemon [_thread_blocked, id=10832, stack(0x000000c77dc00000,0x000000c77dd00000)]
  0x000001f1700d0bf0 JavaThread "http-nio-8080-Poller" daemon [_thread_in_native, id=11236, stack(0x000000c77dd00000,0x000000c77de00000)]
  0x000001f1700d10c0 JavaThread "http-nio-8080-Acceptor" daemon [_thread_in_native, id=11680, stack(0x000000c77de00000,0x000000c77df00000)]
  0x000001f1700d2400 JavaThread "DestroyJavaVM" [_thread_blocked, id=11136, stack(0x000000c77a700000,0x000000c77a800000)]
  0x000001f16fb2aa00 JavaThread "C1 CompilerThread1" daemon [_thread_blocked, id=13216, stack(0x000000c77b800000,0x000000c77b900000)]
  0x000001f16fd17780 JavaThread "C1 CompilerThread2" daemon [_thread_blocked, id=6576, stack(0x000000c77b900000,0x000000c77ba00000)]

Other Threads:
  0x000001f168bfe840 VMThread "VM Thread" [stack: 0x000000c77ad00000,0x000000c77ae00000] [id=11132]
  0x000001f16dc1f0f0 WatcherThread [stack: 0x000000c77c400000,0x000000c77c500000] [id=12044]
  0x000001f15ab1cbf0 GCTaskThread "GC Thread#0" [stack: 0x000000c77a800000,0x000000c77a900000] [id=12572]
  0x000001f16dbccd30 GCTaskThread "GC Thread#1" [stack: 0x000000c77be00000,0x000000c77bf00000] [id=11596]
  0x000001f16dbdcbe0 GCTaskThread "GC Thread#2" [stack: 0x000000c77bf00000,0x000000c77c000000] [id=11940]
  0x000001f16dbdce90 GCTaskThread "GC Thread#3" [stack: 0x000000c77c000000,0x000000c77c100000] [id=10760]
  0x000001f15ab2a7d0 ConcurrentGCThread "G1 Main Marker" [stack: 0x000000c77a900000,0x000000c77aa00000] [id=10768]
  0x000001f15ab2b0f0 ConcurrentGCThread "G1 Conc#0" [stack: 0x000000c77aa00000,0x000000c77ab00000] [id=12568]
  0x000001f15ab8b780 ConcurrentGCThread "G1 Refine#0" [stack: 0x000000c77ab00000,0x000000c77ac00000] [id=12016]
  0x000001f15ab8dfc0 ConcurrentGCThread "G1 Service" [stack: 0x000000c77ac00000,0x000000c77ad00000] [id=11128]

Threads with active compile tasks:

VM state: not at safepoint (normal execution)

VM Mutex/Monitor currently owned by a thread:  ([mutex/lock_event])
[0x000001f15aaca6a0] Metaspace_lock - owner thread: 0x000001f16ede44c0

Heap address: 0x00000000a1400000, size: 1516 MB, Compressed Oops mode: 32-bit

CDS archive(s) not mapped
Compressed class space mapped at: 0x0000000100000000-0x0000000140000000, reserved size: 1073741824
Narrow klass base: 0x0000000000000000, Narrow klass shift: 3, Narrow klass range: 0x140000000

GC Precious Log:
 CPUs: 4 total, 4 available
 Memory: 6058M
 Large Page Support: Disabled
 NUMA Support: Disabled
 Compressed Oops: Enabled (32-bit)
 Heap Region Size: 1M
 Heap Min Capacity: 8M
 Heap Initial Capacity: 96M
 Heap Max Capacity: 1516M
 Pre-touch: Disabled
 Parallel Workers: 4
 Concurrent Workers: 1
 Concurrent Refinement Workers: 4
 Periodic GC: Disabled

Heap:
 garbage-first heap   total 110592K, used 62761K [0x00000000a1400000, 0x0000000100000000)
  region size 1024K, 28 young (28672K), 7 survivors (7168K)
 Metaspace       used 75928K, committed 76544K, reserved 1179648K
  class space    used 10017K, committed 10304K, reserved 1048576K

Heap Regions: E=young(eden), S=young(survivor), O=old, HS=humongous(starts), HC=humongous(continues), CS=collection set, F=free, OA=open archive, CA=closed archive, TAMS=top-at-mark-start (previous, next)
|   0|0x00000000a1400000, 0x00000000a1500000, 0x00000000a1500000|100%|HS|  |TAMS 0x00000000a1500000, 0x00000000a1400000| Complete 
|   1|0x00000000a1500000, 0x00000000a1600000, 0x00000000a1600000|100%| O|  |TAMS 0x00000000a1600000, 0x00000000a1500000| Untracked 
|   2|0x00000000a1600000, 0x00000000a1700000, 0x00000000a1700000|100%| O|  |TAMS 0x00000000a1700000, 0x00000000a1600000| Untracked 
|   3|0x00000000a1700000, 0x00000000a1800000, 0x00000000a1800000|100%| O|  |TAMS 0x00000000a1800000, 0x00000000a1700000| Untracked 
|   4|0x00000000a1800000, 0x00000000a1900000, 0x00000000a1900000|100%| O|  |TAMS 0x00000000a1900000, 0x00000000a1800000| Untracked 
|   5|0x00000000a1900000, 0x00000000a1a00000, 0x00000000a1a00000|100%| O|  |TAMS 0x00000000a1a00000, 0x00000000a1900000| Untracked 
|   6|0x00000000a1a00000, 0x00000000a1ad6800, 0x00000000a1b00000| 83%| O|  |TAMS 0x00000000a1ad6800, 0x00000000a1a00000| Untracked 
|   7|0x00000000a1b00000, 0x00000000a1c00000, 0x00000000a1c00000|100%| O|  |TAMS 0x00000000a1c00000, 0x00000000a1b00000| Untracked 
|   8|0x00000000a1c00000, 0x00000000a1d00000, 0x00000000a1d00000|100%| O|  |TAMS 0x00000000a1d00000, 0x00000000a1c00000| Untracked 
|   9|0x00000000a1d00000, 0x00000000a1e00000, 0x00000000a1e00000|100%| O|  |TAMS 0x00000000a1e00000, 0x00000000a1d00000| Untracked 
|  10|0x00000000a1e00000, 0x00000000a1f00000, 0x00000000a1f00000|100%| O|  |TAMS 0x00000000a1f00000, 0x00000000a1e00000| Untracked 
|  11|0x00000000a1f00000, 0x00000000a2000000, 0x00000000a2000000|100%| O|  |TAMS 0x00000000a2000000, 0x00000000a1f00000| Untracked 
|  12|0x00000000a2000000, 0x00000000a2100000, 0x00000000a2100000|100%| O|  |TAMS 0x00000000a2100000, 0x00000000a2000000| Untracked 
|  13|0x00000000a2100000, 0x00000000a2200000, 0x00000000a2200000|100%| O|  |TAMS 0x00000000a2200000, 0x00000000a2100000| Untracked 
|  14|0x00000000a2200000, 0x00000000a2300000, 0x00000000a2300000|100%| O|  |TAMS 0x00000000a2300000, 0x00000000a2200000| Untracked 
|  15|0x00000000a2300000, 0x00000000a2400000, 0x00000000a2400000|100%| O|  |TAMS 0x00000000a2400000, 0x00000000a2300000| Untracked 
|  16|0x00000000a2400000, 0x00000000a2500000, 0x00000000a2500000|100%| O|  |TAMS 0x00000000a2500000, 0x00000000a2400000| Untracked 
|  17|0x00000000a2500000, 0x00000000a2600000, 0x00000000a2600000|100%| O|  |TAMS 0x00000000a2600000, 0x00000000a2500000| Untracked 
|  18|0x00000000a2600000, 0x00000000a2700000, 0x00000000a2700000|100%| O|  |TAMS 0x00000000a2700000, 0x00000000a2600000| Untracked 
|  19|0x00000000a2700000, 0x00000000a2800000, 0x00000000a2800000|100%| O|  |TAMS 0x00000000a2800000, 0x00000000a2700000| Untracked 
|  20|0x00000000a2800000, 0x00000000a2900000, 0x00000000a2900000|100%| O|  |TAMS 0x00000000a2900000, 0x00000000a2800000| Untracked 
|  21|0x00000000a2900000, 0x00000000a2a00000, 0x00000000a2a00000|100%| O|  |TAMS 0x00000000a2a00000, 0x00000000a2900000| Untracked 
|  22|0x00000000a2a00000, 0x00000000a2b00000, 0x00000000a2b00000|100%| O|  |TAMS 0x00000000a2af3200, 0x00000000a2a00000| Untracked 
|  23|0x00000000a2b00000, 0x00000000a2c00000, 0x00000000a2c00000|100%| O|  |TAMS 0x00000000a2b00000, 0x00000000a2b00000| Untracked 
|  24|0x00000000a2c00000, 0x00000000a2d00000, 0x00000000a2d00000|100%| O|  |TAMS 0x00000000a2c00000, 0x00000000a2c00000| Untracked 
|  25|0x00000000a2d00000, 0x00000000a2e00000, 0x00000000a2e00000|100%| O|  |TAMS 0x00000000a2d00000, 0x00000000a2d00000| Untracked 
|  26|0x00000000a2e00000, 0x00000000a2f00000, 0x00000000a2f00000|100%| O|  |TAMS 0x00000000a2e00000, 0x00000000a2e00000| Untracked 
|  27|0x00000000a2f00000, 0x00000000a3000000, 0x00000000a3000000|100%| O|  |TAMS 0x00000000a2f00000, 0x00000000a2f00000| Untracked 
|  28|0x00000000a3000000, 0x00000000a3100000, 0x00000000a3100000|100%| O|  |TAMS 0x00000000a3000000, 0x00000000a3000000| Untracked 
|  29|0x00000000a3100000, 0x00000000a3200000, 0x00000000a3200000|100%| O|  |TAMS 0x00000000a3100000, 0x00000000a3100000| Untracked 
|  30|0x00000000a3200000, 0x00000000a3300000, 0x00000000a3300000|100%| O|  |TAMS 0x00000000a3200000, 0x00000000a3200000| Untracked 
|  31|0x00000000a3300000, 0x00000000a3400000, 0x00000000a3400000|100%| O|  |TAMS 0x00000000a3300000, 0x00000000a3300000| Untracked 
|  32|0x00000000a3400000, 0x00000000a3400000, 0x00000000a3500000|  0%| F|  |TAMS 0x00000000a3400000, 0x00000000a3400000| Untracked 
|  33|0x00000000a3500000, 0x00000000a3500000, 0x00000000a3600000|  0%| F|  |TAMS 0x00000000a3500000, 0x00000000a3500000| Untracked 
|  34|0x00000000a3600000, 0x00000000a3600000, 0x00000000a3700000|  0%| F|  |TAMS 0x00000000a3600000, 0x00000000a3600000| Untracked 
|  35|0x00000000a3700000, 0x00000000a3700000, 0x00000000a3800000|  0%| F|  |TAMS 0x00000000a3700000, 0x00000000a3700000| Untracked 
|  36|0x00000000a3800000, 0x00000000a3800000, 0x00000000a3900000|  0%| F|  |TAMS 0x00000000a3800000, 0x00000000a3800000| Untracked 
|  37|0x00000000a3900000, 0x00000000a3a00000, 0x00000000a3a00000|100%| O|  |TAMS 0x00000000a3900000, 0x00000000a3900000| Untracked 
|  38|0x00000000a3a00000, 0x00000000a3b00000, 0x00000000a3b00000|100%| O|  |TAMS 0x00000000a3a00000, 0x00000000a3a00000| Untracked 
|  39|0x00000000a3b00000, 0x00000000a3b00000, 0x00000000a3c00000|  0%| F|  |TAMS 0x00000000a3b00000, 0x00000000a3b00000| Untracked 
|  40|0x00000000a3c00000, 0x00000000a3c00000, 0x00000000a3d00000|  0%| F|  |TAMS 0x00000000a3c00000, 0x00000000a3c00000| Untracked 
|  41|0x00000000a3d00000, 0x00000000a3d00000, 0x00000000a3e00000|  0%| F|  |TAMS 0x00000000a3d00000, 0x00000000a3d00000| Untracked 
|  42|0x00000000a3e00000, 0x00000000a3e00000, 0x00000000a3f00000|  0%| F|  |TAMS 0x00000000a3e00000, 0x00000000a3e00000| Untracked 
|  43|0x00000000a3f00000, 0x00000000a4000000, 0x00000000a4000000|100%| O|  |TAMS 0x00000000a3f00000, 0x00000000a3f00000| Untracked 
|  44|0x00000000a4000000, 0x00000000a4000000, 0x00000000a4100000|  0%| F|  |TAMS 0x00000000a4000000, 0x00000000a4000000| Untracked 
|  45|0x00000000a4100000, 0x00000000a4100000, 0x00000000a4200000|  0%| F|  |TAMS 0x00000000a4100000, 0x00000000a4100000| Untracked 
|  46|0x00000000a4200000, 0x00000000a4200000, 0x00000000a4300000|  0%| F|  |TAMS 0x00000000a4200000, 0x00000000a4200000| Untracked 
|  47|0x00000000a4300000, 0x00000000a4300000, 0x00000000a4400000|  0%| F|  |TAMS 0x00000000a4300000, 0x00000000a4300000| Untracked 
|  48|0x00000000a4400000, 0x00000000a4400000, 0x00000000a4500000|  0%| F|  |TAMS 0x00000000a4400000, 0x00000000a4400000| Untracked 
|  49|0x00000000a4500000, 0x00000000a4573f40, 0x00000000a4600000| 45%| S|CS|TAMS 0x00000000a4500000, 0x00000000a4500000| Complete 
|  50|0x00000000a4600000, 0x00000000a4700000, 0x00000000a4700000|100%| S|CS|TAMS 0x00000000a4600000, 0x00000000a4600000| Complete 
|  51|0x00000000a4700000, 0x00000000a4700000, 0x00000000a4800000|  0%| F|  |TAMS 0x00000000a4700000, 0x00000000a4700000| Untracked 
|  52|0x00000000a4800000, 0x00000000a4800000, 0x00000000a4900000|  0%| F|  |TAMS 0x00000000a4800000, 0x00000000a4800000| Untracked 
|  53|0x00000000a4900000, 0x00000000a4900000, 0x00000000a4a00000|  0%| F|  |TAMS 0x00000000a4900000, 0x00000000a4900000| Untracked 
|  54|0x00000000a4a00000, 0x00000000a4a00000, 0x00000000a4b00000|  0%| F|  |TAMS 0x00000000a4a00000, 0x00000000a4a00000| Untracked 
|  55|0x00000000a4b00000, 0x00000000a4b00000, 0x00000000a4c00000|  0%| F|  |TAMS 0x00000000a4b00000, 0x00000000a4b00000| Untracked 
|  56|0x00000000a4c00000, 0x00000000a4d00000, 0x00000000a4d00000|100%| S|CS|TAMS 0x00000000a4c00000, 0x00000000a4c00000| Complete 
|  57|0x00000000a4d00000, 0x00000000a4e00000, 0x00000000a4e00000|100%| S|CS|TAMS 0x00000000a4d00000, 0x00000000a4d00000| Complete 
|  58|0x00000000a4e00000, 0x00000000a4f00000, 0x00000000a4f00000|100%| S|CS|TAMS 0x00000000a4e00000, 0x00000000a4e00000| Complete 
|  59|0x00000000a4f00000, 0x00000000a5000000, 0x00000000a5000000|100%| S|CS|TAMS 0x00000000a4f00000, 0x00000000a4f00000| Complete 
|  60|0x00000000a5000000, 0x00000000a5100000, 0x00000000a5100000|100%| S|CS|TAMS 0x00000000a5000000, 0x00000000a5000000| Complete 
|  61|0x00000000a5100000, 0x00000000a5100000, 0x00000000a5200000|  0%| F|  |TAMS 0x00000000a5100000, 0x00000000a5100000| Untracked 
|  62|0x00000000a5200000, 0x00000000a5200000, 0x00000000a5300000|  0%| F|  |TAMS 0x00000000a5200000, 0x00000000a5200000| Untracked 
|  63|0x00000000a5300000, 0x00000000a5300000, 0x00000000a5400000|  0%| F|  |TAMS 0x00000000a5300000, 0x00000000a5300000| Untracked 
|  64|0x00000000a5400000, 0x00000000a5400000, 0x00000000a5500000|  0%| F|  |TAMS 0x00000000a5400000, 0x00000000a5400000| Untracked 
|  65|0x00000000a5500000, 0x00000000a5500000, 0x00000000a5600000|  0%| F|  |TAMS 0x00000000a5500000, 0x00000000a5500000| Untracked 
|  66|0x00000000a5600000, 0x00000000a5600000, 0x00000000a5700000|  0%| F|  |TAMS 0x00000000a5600000, 0x00000000a5600000| Untracked 
|  67|0x00000000a5700000, 0x00000000a5700000, 0x00000000a5800000|  0%| F|  |TAMS 0x00000000a5700000, 0x00000000a5700000| Untracked 
|  68|0x00000000a5800000, 0x00000000a5800000, 0x00000000a5900000|  0%| F|  |TAMS 0x00000000a5800000, 0x00000000a5800000| Untracked 
|  69|0x00000000a5900000, 0x00000000a5900000, 0x00000000a5a00000|  0%| F|  |TAMS 0x00000000a5900000, 0x00000000a5900000| Untracked 
|  70|0x00000000a5a00000, 0x00000000a5a00000, 0x00000000a5b00000|  0%| F|  |TAMS 0x00000000a5a00000, 0x00000000a5a00000| Untracked 
|  71|0x00000000a5b00000, 0x00000000a5b00000, 0x00000000a5c00000|  0%| F|  |TAMS 0x00000000a5b00000, 0x00000000a5b00000| Untracked 
|  72|0x00000000a5c00000, 0x00000000a5c00000, 0x00000000a5d00000|  0%| F|  |TAMS 0x00000000a5c00000, 0x00000000a5c00000| Untracked 
|  73|0x00000000a5d00000, 0x00000000a5d00000, 0x00000000a5e00000|  0%| F|  |TAMS 0x00000000a5d00000, 0x00000000a5d00000| Untracked 
|  74|0x00000000a5e00000, 0x00000000a5e00000, 0x00000000a5f00000|  0%| F|  |TAMS 0x00000000a5e00000, 0x00000000a5e00000| Untracked 
|  75|0x00000000a5f00000, 0x00000000a5f00000, 0x00000000a6000000|  0%| F|  |TAMS 0x00000000a5f00000, 0x00000000a5f00000| Untracked 
|  76|0x00000000a6000000, 0x00000000a6000000, 0x00000000a6100000|  0%| F|  |TAMS 0x00000000a6000000, 0x00000000a6000000| Untracked 
|  77|0x00000000a6100000, 0x00000000a6100000, 0x00000000a6200000|  0%| F|  |TAMS 0x00000000a6100000, 0x00000000a6100000| Untracked 
|  78|0x00000000a6200000, 0x00000000a6200000, 0x00000000a6300000|  0%| F|  |TAMS 0x00000000a6200000, 0x00000000a6200000| Untracked 
|  79|0x00000000a6300000, 0x00000000a6300000, 0x00000000a6400000|  0%| F|  |TAMS 0x00000000a6300000, 0x00000000a6300000| Untracked 
|  80|0x00000000a6400000, 0x00000000a6400000, 0x00000000a6500000|  0%| F|  |TAMS 0x00000000a6400000, 0x00000000a6400000| Untracked 
|  81|0x00000000a6500000, 0x00000000a6500000, 0x00000000a6600000|  0%| F|  |TAMS 0x00000000a6500000, 0x00000000a6500000| Untracked 
|  82|0x00000000a6600000, 0x00000000a6600000, 0x00000000a6700000|  0%| F|  |TAMS 0x00000000a6600000, 0x00000000a6600000| Untracked 
|  83|0x00000000a6700000, 0x00000000a6700000, 0x00000000a6800000|  0%| F|  |TAMS 0x00000000a6700000, 0x00000000a6700000| Untracked 
|  84|0x00000000a6800000, 0x00000000a6800000, 0x00000000a6900000|  0%| F|  |TAMS 0x00000000a6800000, 0x00000000a6800000| Untracked 
|  85|0x00000000a6900000, 0x00000000a6900000, 0x00000000a6a00000|  0%| F|  |TAMS 0x00000000a6900000, 0x00000000a6900000| Untracked 
|  86|0x00000000a6a00000, 0x00000000a6a00000, 0x00000000a6b00000|  0%| F|  |TAMS 0x00000000a6a00000, 0x00000000a6a00000| Untracked 
|  87|0x00000000a6b00000, 0x00000000a6b35940, 0x00000000a6c00000| 20%| E|  |TAMS 0x00000000a6b00000, 0x00000000a6b00000| Complete 
|  88|0x00000000a6c00000, 0x00000000a6d00000, 0x00000000a6d00000|100%| E|CS|TAMS 0x00000000a6c00000, 0x00000000a6c00000| Complete 
|  89|0x00000000a6d00000, 0x00000000a6e00000, 0x00000000a6e00000|100%| E|CS|TAMS 0x00000000a6d00000, 0x00000000a6d00000| Complete 
|  90|0x00000000a6e00000, 0x00000000a6f00000, 0x00000000a6f00000|100%| E|CS|TAMS 0x00000000a6e00000, 0x00000000a6e00000| Complete 
|  91|0x00000000a6f00000, 0x00000000a7000000, 0x00000000a7000000|100%| E|CS|TAMS 0x00000000a6f00000, 0x00000000a6f00000| Complete 
|  92|0x00000000a7000000, 0x00000000a7100000, 0x00000000a7100000|100%| E|CS|TAMS 0x00000000a7000000, 0x00000000a7000000| Complete 
|  93|0x00000000a7100000, 0x00000000a7200000, 0x00000000a7200000|100%| E|CS|TAMS 0x00000000a7100000, 0x00000000a7100000| Complete 
|  94|0x00000000a7200000, 0x00000000a7300000, 0x00000000a7300000|100%| E|CS|TAMS 0x00000000a7200000, 0x00000000a7200000| Complete 
|  95|0x00000000a7300000, 0x00000000a7400000, 0x00000000a7400000|100%| E|CS|TAMS 0x00000000a7300000, 0x00000000a7300000| Complete 
|  96|0x00000000a7400000, 0x00000000a7500000, 0x00000000a7500000|100%| E|CS|TAMS 0x00000000a7400000, 0x00000000a7400000| Complete 
|  97|0x00000000a7500000, 0x00000000a7600000, 0x00000000a7600000|100%| E|CS|TAMS 0x00000000a7500000, 0x00000000a7500000| Complete 
|  98|0x00000000a7600000, 0x00000000a7700000, 0x00000000a7700000|100%| E|CS|TAMS 0x00000000a7600000, 0x00000000a7600000| Complete 
|  99|0x00000000a7700000, 0x00000000a7800000, 0x00000000a7800000|100%| E|CS|TAMS 0x00000000a7700000, 0x00000000a7700000| Complete 
| 100|0x00000000a7800000, 0x00000000a7900000, 0x00000000a7900000|100%| E|CS|TAMS 0x00000000a7800000, 0x00000000a7800000| Complete 
| 101|0x00000000a7900000, 0x00000000a7a00000, 0x00000000a7a00000|100%| E|CS|TAMS 0x00000000a7900000, 0x00000000a7900000| Complete 
| 102|0x00000000a7a00000, 0x00000000a7b00000, 0x00000000a7b00000|100%| E|CS|TAMS 0x00000000a7a00000, 0x00000000a7a00000| Complete 
| 103|0x00000000a7b00000, 0x00000000a7c00000, 0x00000000a7c00000|100%| E|CS|TAMS 0x00000000a7b00000, 0x00000000a7b00000| Complete 
| 104|0x00000000a7c00000, 0x00000000a7d00000, 0x00000000a7d00000|100%| E|CS|TAMS 0x00000000a7c00000, 0x00000000a7c00000| Complete 
| 105|0x00000000a7d00000, 0x00000000a7e00000, 0x00000000a7e00000|100%| E|CS|TAMS 0x00000000a7d00000, 0x00000000a7d00000| Complete 
| 106|0x00000000a7e00000, 0x00000000a7f00000, 0x00000000a7f00000|100%| E|CS|TAMS 0x00000000a7e00000, 0x00000000a7e00000| Complete 
| 107|0x00000000a7f00000, 0x00000000a8000000, 0x00000000a8000000|100%| E|CS|TAMS 0x00000000a7f00000, 0x00000000a7f00000| Complete 

Card table byte_map: [0x000001f163110000,0x000001f163410000] _byte_map_base: 0x000001f162c06000

Marking Bits (Prev, Next): (CMBitMap*) 0x000001f15ab1e160, (CMBitMap*) 0x000001f15ab1e120
 Prev Bits: [0x000001f164ec0000, 0x000001f166670000)
 Next Bits: [0x000001f163710000, 0x000001f164ec0000)

Polling page: 0x000001f15a930000

Metaspace:

Usage:
  Non-class:     64.37 MB used.
      Class:      9.78 MB used.
       Both:     74.15 MB used.

Virtual space:
  Non-class space:      128.00 MB reserved,      64.69 MB ( 51%) committed,  2 nodes.
      Class space:        1.00 GB reserved,      10.06 MB ( <1%) committed,  1 nodes.
             Both:        1.12 GB reserved,      74.75 MB (  6%) committed. 

Chunk freelists:
   Non-Class:  14.73 MB
       Class:  5.95 MB
        Both:  20.69 MB

MaxMetaspaceSize: unlimited
CompressedClassSpaceSize: 1.00 GB
Initial GC threshold: 21.00 MB
Current GC threshold: 98.69 MB
CDS: off
MetaspaceReclaimPolicy: balanced
 - commit_granule_bytes: 65536.
 - commit_granule_words: 8192.
 - virtual_space_node_default_size: 8388608.
 - enlarge_chunks_in_place: 1.
 - new_chunks_are_fully_committed: 0.
 - uncommit_free_chunks: 1.
 - use_allocation_guard: 0.
 - handle_deallocations: 1.


Internal statistics:

num_allocs_failed_limit: 9.
num_arena_births: 912.
num_arena_deaths: 0.
num_vsnodes_births: 3.
num_vsnodes_deaths: 0.
num_space_committed: 1196.
num_space_uncommitted: 0.
num_chunks_returned_to_freelist: 9.
num_chunks_taken_from_freelist: 3457.
num_chunk_merges: 9.
num_chunk_splits: 2414.
num_chunks_enlarged: 1766.
num_inconsistent_stats: 0.

CodeCache: size=49152Kb used=17705Kb max_used=17705Kb free=31446Kb
 bounds [0x000001f15f970000, 0x000001f160ac0000, 0x000001f162970000]
 total_blobs=9464 nmethods=8585 adapters=803
 compilation: enabled
              stopped_count=0, restarted_count=0
 full_count=0

Compilation events (20 events):
Event: 24.722 Thread 0x000001f16fb2aa00 8642       1       org.apache.tomcat.util.buf.MessageBytes::toBytes (145 bytes)
Event: 24.722 Thread 0x000001f16fd17780 8643       1       org.apache.tomcat.util.buf.MessageBytes::getCharset (8 bytes)
Event: 24.723 Thread 0x000001f16fd17780 nmethod 8643 0x000001f160aacf10 code [0x000001f160aad0a0, 0x000001f160aad1d8]
Event: 24.723 Thread 0x000001f16d017740 8644       1       org.apache.tomcat.util.buf.ByteChunk::getCharset (19 bytes)
Event: 24.723 Thread 0x000001f16d017740 nmethod 8644 0x000001f160aad290 code [0x000001f160aad420, 0x000001f160aad558]
Event: 24.723 Thread 0x000001f16d017740 8645   !   1       java.text.SimpleDateFormat::zeroPaddingNumber (270 bytes)
Event: 24.724 Thread 0x000001f16fb2aa00 nmethod 8642 0x000001f160aad610 code [0x000001f160aad9a0, 0x000001f160aaea78]
Event: 24.724 Thread 0x000001f16fb2aa00 8646       1       org.springframework.util.MimeType::getParameters (5 bytes)
Event: 24.724 Thread 0x000001f16fb2aa00 nmethod 8646 0x000001f160aaf690 code [0x000001f160aaf820, 0x000001f160aaf8f8]
Event: 24.725 Thread 0x000001f16d017740 nmethod 8645 0x000001f160aaf990 code [0x000001f160aafca0, 0x000001f160ab0fd8]
Event: 24.726 Thread 0x000001f16d017740 8647       1       org.apache.tomcat.util.net.SocketBufferHandler::setWriteBufferConfiguredForWrite (84 bytes)
Event: 24.726 Thread 0x000001f16d017740 nmethod 8647 0x000001f160ab1c90 code [0x000001f160ab1e60, 0x000001f160ab2088]
Event: 24.728 Thread 0x000001f16fd17780 8648       1       org.apache.tomcat.util.http.MimeHeaderField::recycle (15 bytes)
Event: 24.728 Thread 0x000001f16fd17780 nmethod 8648 0x000001f160ab2210 code [0x000001f160ab23a0, 0x000001f160ab25d8]
Event: 24.730 Thread 0x000001f16fb2aa00 8649       1       java.nio.HeapByteBuffer::put (12 bytes)
Event: 24.731 Thread 0x000001f16fb2aa00 nmethod 8649 0x000001f160ab2710 code [0x000001f160ab28c0, 0x000001f160ab2a48]
Event: 24.732 Thread 0x000001f16fb2aa00 8650       1       java.nio.MappedByteBuffer::flip (5 bytes)
Event: 24.732 Thread 0x000001f16fb2aa00 nmethod 8650 0x000001f160ab2b10 code [0x000001f160ab2ca0, 0x000001f160ab2d78]
Event: 24.732 Thread 0x000001f16fd17780 8651       1       java.nio.MappedByteBuffer::flip (7 bytes)
Event: 24.732 Thread 0x000001f16fd17780 nmethod 8651 0x000001f160ab2e10 code [0x000001f160ab2fa0, 0x000001f160ab3078]

GC Heap History (20 events):
Event: 5.758 GC heap before
{Heap before GC invocations=19 (full 0):
 garbage-first heap   total 76800K, used 63116K [0x00000000a1400000, 0x0000000100000000)
  region size 1024K, 43 young (44032K), 4 survivors (4096K)
 Metaspace       used 54171K, committed 54528K, reserved 1114112K
  class space    used 6993K, committed 7168K, reserved 1048576K
}
Event: 5.764 GC heap after
{Heap after GC invocations=20 (full 0):
 garbage-first heap   total 76800K, used 24844K [0x00000000a1400000, 0x0000000100000000)
  region size 1024K, 4 young (4096K), 4 survivors (4096K)
 Metaspace       used 54171K, committed 54528K, reserved 1114112K
  class space    used 6993K, committed 7168K, reserved 1048576K
}
Event: 6.173 GC heap before
{Heap before GC invocations=20 (full 0):
 garbage-first heap   total 76800K, used 61708K [0x00000000a1400000, 0x0000000100000000)
  region size 1024K, 41 young (41984K), 4 survivors (4096K)
 Metaspace       used 57205K, committed 57536K, reserved 1114112K
  class space    used 7483K, committed 7616K, reserved 1048576K
}
Event: 6.180 GC heap after
{Heap after GC invocations=21 (full 0):
 garbage-first heap   total 76800K, used 25543K [0x00000000a1400000, 0x0000000100000000)
  region size 1024K, 4 young (4096K), 4 survivors (4096K)
 Metaspace       used 57205K, committed 57536K, reserved 1114112K
  class space    used 7483K, committed 7616K, reserved 1048576K
}
Event: 6.536 GC heap before
{Heap before GC invocations=21 (full 0):
 garbage-first heap   total 76800K, used 63431K [0x00000000a1400000, 0x0000000100000000)
  region size 1024K, 41 young (41984K), 4 survivors (4096K)
 Metaspace       used 58427K, committed 58816K, reserved 1114112K
  class space    used 7688K, committed 7872K, reserved 1048576K
}
Event: 6.541 GC heap after
{Heap after GC invocations=22 (full 0):
 garbage-first heap   total 92160K, used 26406K [0x00000000a1400000, 0x0000000100000000)
  region size 1024K, 3 young (3072K), 3 survivors (3072K)
 Metaspace       used 58427K, committed 58816K, reserved 1114112K
  class space    used 7688K, committed 7872K, reserved 1048576K
}
Event: 7.134 GC heap before
{Heap before GC invocations=22 (full 0):
 garbage-first heap   total 92160K, used 54054K [0x00000000a1400000, 0x0000000100000000)
  region size 1024K, 31 young (31744K), 3 survivors (3072K)
 Metaspace       used 60097K, committed 60416K, reserved 1114112K
  class space    used 7932K, committed 8064K, reserved 1048576K
}
Event: 7.140 GC heap after
{Heap after GC invocations=23 (full 0):
 garbage-first heap   total 92160K, used 27288K [0x00000000a1400000, 0x0000000100000000)
  region size 1024K, 4 young (4096K), 4 survivors (4096K)
 Metaspace       used 60097K, committed 60416K, reserved 1114112K
  class space    used 7932K, committed 8064K, reserved 1048576K
}
Event: 7.784 GC heap before
{Heap before GC invocations=24 (full 0):
 garbage-first heap   total 92160K, used 78488K [0x00000000a1400000, 0x0000000100000000)
  region size 1024K, 54 young (55296K), 4 survivors (4096K)
 Metaspace       used 64289K, committed 64640K, reserved 1114112K
  class space    used 8506K, committed 8640K, reserved 1048576K
}
Event: 7.791 GC heap after
{Heap after GC invocations=25 (full 0):
 garbage-first heap   total 92160K, used 28624K [0x00000000a1400000, 0x0000000100000000)
  region size 1024K, 6 young (6144K), 6 survivors (6144K)
 Metaspace       used 64289K, committed 64640K, reserved 1114112K
  class space    used 8506K, committed 8640K, reserved 1048576K
}
Event: 8.215 GC heap before
{Heap before GC invocations=25 (full 0):
 garbage-first heap   total 92160K, used 75728K [0x00000000a1400000, 0x0000000100000000)
  region size 1024K, 52 young (53248K), 6 survivors (6144K)
 Metaspace       used 64860K, committed 65344K, reserved 1114112K
  class space    used 8579K, committed 8832K, reserved 1048576K
}
Event: 8.224 GC heap after
{Heap after GC invocations=26 (full 0):
 garbage-first heap   total 92160K, used 31117K [0x00000000a1400000, 0x0000000100000000)
  region size 1024K, 6 young (6144K), 6 survivors (6144K)
 Metaspace       used 64860K, committed 65344K, reserved 1114112K
  class space    used 8579K, committed 8832K, reserved 1048576K
}
Event: 8.666 GC heap before
{Heap before GC invocations=26 (full 0):
 garbage-first heap   total 92160K, used 76173K [0x00000000a1400000, 0x0000000100000000)
  region size 1024K, 50 young (51200K), 6 survivors (6144K)
 Metaspace       used 66561K, committed 66944K, reserved 1114112K
  class space    used 8813K, committed 9024K, reserved 1048576K
}
Event: 8.675 GC heap after
{Heap after GC invocations=27 (full 0):
 garbage-first heap   total 92160K, used 33356K [0x00000000a1400000, 0x0000000100000000)
  region size 1024K, 5 young (5120K), 5 survivors (5120K)
 Metaspace       used 66561K, committed 66944K, reserved 1114112K
  class space    used 8813K, committed 9024K, reserved 1048576K
}
Event: 9.053 GC heap before
{Heap before GC invocations=27 (full 0):
 garbage-first heap   total 92160K, used 75340K [0x00000000a1400000, 0x0000000100000000)
  region size 1024K, 47 young (48128K), 5 survivors (5120K)
 Metaspace       used 68770K, committed 69184K, reserved 1114112K
  class space    used 9075K, committed 9280K, reserved 1048576K
}
Event: 9.061 GC heap after
{Heap after GC invocations=28 (full 0):
 garbage-first heap   total 110592K, used 36538K [0x00000000a1400000, 0x0000000100000000)
  region size 1024K, 6 young (6144K), 6 survivors (6144K)
 Metaspace       used 68770K, committed 69184K, reserved 1114112K
  class space    used 9075K, committed 9280K, reserved 1048576K
}
Event: 21.696 GC heap before
{Heap before GC invocations=28 (full 0):
 garbage-first heap   total 110592K, used 94906K [0x00000000a1400000, 0x0000000100000000)
  region size 1024K, 58 young (59392K), 6 survivors (6144K)
 Metaspace       used 71600K, committed 72064K, reserved 1114112K
  class space    used 9451K, committed 9664K, reserved 1048576K
}
Event: 21.716 GC heap after
{Heap after GC invocations=29 (full 0):
 garbage-first heap   total 110592K, used 43394K [0x00000000a1400000, 0x0000000100000000)
  region size 1024K, 5 young (5120K), 5 survivors (5120K)
 Metaspace       used 71600K, committed 72064K, reserved 1114112K
  class space    used 9451K, committed 9664K, reserved 1048576K
}
Event: 23.199 GC heap before
{Heap before GC invocations=29 (full 0):
 garbage-first heap   total 110592K, used 95618K [0x00000000a1400000, 0x0000000100000000)
  region size 1024K, 52 young (53248K), 5 survivors (5120K)
 Metaspace       used 75318K, committed 75904K, reserved 1179648K
  class space    used 9905K, committed 10176K, reserved 1048576K
}
Event: 23.208 GC heap after
{Heap after GC invocations=30 (full 0):
 garbage-first heap   total 110592K, used 42281K [0x00000000a1400000, 0x0000000100000000)
  region size 1024K, 7 young (7168K), 7 survivors (7168K)
 Metaspace       used 75318K, committed 75904K, reserved 1179648K
  class space    used 9905K, committed 10176K, reserved 1048576K
}

Dll operation events (11 events):
Event: 0.014 Loaded shared library C:\Program Files (x86)\sts-4.19.1.RELEASE\plugins\org.eclipse.justj.openjdk.hotspot.jre.full.win32.x86_64_17.0.7.v20230425-1502\jre\bin\java.dll
Event: 0.369 Loaded shared library C:\Program Files (x86)\sts-4.19.1.RELEASE\plugins\org.eclipse.justj.openjdk.hotspot.jre.full.win32.x86_64_17.0.7.v20230425-1502\jre\bin\zip.dll
Event: 0.373 Loaded shared library C:\Program Files (x86)\sts-4.19.1.RELEASE\plugins\org.eclipse.justj.openjdk.hotspot.jre.full.win32.x86_64_17.0.7.v20230425-1502\jre\bin\instrument.dll
Event: 0.390 Loaded shared library C:\Program Files (x86)\sts-4.19.1.RELEASE\plugins\org.eclipse.justj.openjdk.hotspot.jre.full.win32.x86_64_17.0.7.v20230425-1502\jre\bin\net.dll
Event: 0.392 Loaded shared library C:\Program Files (x86)\sts-4.19.1.RELEASE\plugins\org.eclipse.justj.openjdk.hotspot.jre.full.win32.x86_64_17.0.7.v20230425-1502\jre\bin\nio.dll
Event: 0.399 Loaded shared library C:\Program Files (x86)\sts-4.19.1.RELEASE\plugins\org.eclipse.justj.openjdk.hotspot.jre.full.win32.x86_64_17.0.7.v20230425-1502\jre\bin\zip.dll
Event: 0.572 Loaded shared library C:\Program Files (x86)\sts-4.19.1.RELEASE\plugins\org.eclipse.justj.openjdk.hotspot.jre.full.win32.x86_64_17.0.7.v20230425-1502\jre\bin\jimage.dll
Event: 0.635 Loaded shared library C:\Program Files (x86)\sts-4.19.1.RELEASE\plugins\org.eclipse.justj.openjdk.hotspot.jre.full.win32.x86_64_17.0.7.v20230425-1502\jre\bin\management.dll
Event: 0.648 Loaded shared library C:\Program Files (x86)\sts-4.19.1.RELEASE\plugins\org.eclipse.justj.openjdk.hotspot.jre.full.win32.x86_64_17.0.7.v20230425-1502\jre\bin\management_ext.dll
Event: 0.938 Loaded shared library C:\Program Files (x86)\sts-4.19.1.RELEASE\plugins\org.eclipse.justj.openjdk.hotspot.jre.full.win32.x86_64_17.0.7.v20230425-1502\jre\bin\verify.dll
Event: 4.120 Loaded shared library C:\Program Files (x86)\sts-4.19.1.RELEASE\plugins\org.eclipse.justj.openjdk.hotspot.jre.full.win32.x86_64_17.0.7.v20230425-1502\jre\bin\sunmscapi.dll

Deoptimization events (20 events):
Event: 24.456 Thread 0x000001f1700d3270 DEOPT PACKING pc=0x000001f15fdc5f7c sp=0x000000c77d6fcb60
Event: 24.456 Thread 0x000001f1700d3270 DEOPT UNPACKING pc=0x000001f15f9c7143 sp=0x000000c77d6fc018 mode 1
Event: 24.457 Thread 0x000001f1700d3270 DEOPT PACKING pc=0x000001f15fddabd4 sp=0x000000c77d6fcb60
Event: 24.457 Thread 0x000001f1700d3270 DEOPT UNPACKING pc=0x000001f15f9c7143 sp=0x000000c77d6fbff8 mode 1
Event: 24.457 Thread 0x000001f1700d3270 DEOPT PACKING pc=0x000001f15fdc5f7c sp=0x000000c77d6fcc30
Event: 24.457 Thread 0x000001f1700d3270 DEOPT UNPACKING pc=0x000001f15f9c7143 sp=0x000000c77d6fc0e8 mode 1
Event: 24.639 Thread 0x000001f1700d0250 DEOPT PACKING pc=0x000001f160a9f4f4 sp=0x000000c77d7fe1a0
Event: 24.639 Thread 0x000001f1700d0250 DEOPT UNPACKING pc=0x000001f15f9c7143 sp=0x000000c77d7fd668 mode 1
Event: 24.641 Thread 0x000001f16ede44c0 DEOPT PACKING pc=0x000001f160a9f4f4 sp=0x000000c77d2fd1b0
Event: 24.641 Thread 0x000001f16ede44c0 DEOPT UNPACKING pc=0x000001f15f9c7143 sp=0x000000c77d2fc678 mode 1
Event: 24.643 Thread 0x000001f16ede44c0 DEOPT PACKING pc=0x000001f160a9f4f4 sp=0x000000c77d2fe810
Event: 24.643 Thread 0x000001f16ede44c0 DEOPT UNPACKING pc=0x000001f15f9c7143 sp=0x000000c77d2fdcd8 mode 1
Event: 24.655 Thread 0x000001f1700d3270 DEOPT PACKING pc=0x000001f160a9f4f4 sp=0x000000c77d6fd150
Event: 24.655 Thread 0x000001f1700d3270 DEOPT UNPACKING pc=0x000001f15f9c7143 sp=0x000000c77d6fc618 mode 1
Event: 24.662 Thread 0x000001f1700d3270 DEOPT PACKING pc=0x000001f160a9f4f4 sp=0x000000c77d6fe7b0
Event: 24.662 Thread 0x000001f1700d3270 DEOPT UNPACKING pc=0x000001f15f9c7143 sp=0x000000c77d6fdc78 mode 1
Event: 24.726 Thread 0x000001f1700d0720 DEOPT PACKING pc=0x000001f160a9f4f4 sp=0x000000c77dafcd10
Event: 24.726 Thread 0x000001f1700d0720 DEOPT UNPACKING pc=0x000001f15f9c7143 sp=0x000000c77dafc1d8 mode 1
Event: 24.727 Thread 0x000001f1700d0720 DEOPT PACKING pc=0x000001f160a9f4f4 sp=0x000000c77dafe370
Event: 24.727 Thread 0x000001f1700d0720 DEOPT UNPACKING pc=0x000001f15f9c7143 sp=0x000000c77dafd838 mode 1

Classes unloaded (0 events):
No events

Classes redefined (0 events):
No events

Internal exceptions (20 events):
Event: 23.540 Thread 0x000001f16ede44c0 Exception <a 'java/lang/ClassNotFoundException'{0x00000000a760d3f0}: org/thymeleaf/engine/AttributeBeanInfo> (0x00000000a760d3f0) 
thrown [s\src\hotspot\share\classfile\systemDictionary.cpp, line 256]
Event: 23.546 Thread 0x000001f16ede44c0 Exception <a 'java/lang/ClassNotFoundException'{0x00000000a76164a0}: org/thymeleaf/engine/AttributeCustomizer> (0x00000000a76164a0) 
thrown [s\src\hotspot\share\classfile\systemDictionary.cpp, line 256]
Event: 23.571 Thread 0x000001f16ede44c0 Exception <a 'java/lang/ClassNotFoundException'{0x00000000a76ba498}: groovy/lang/GString$1BeanInfo> (0x00000000a76ba498) 
thrown [s\src\hotspot\share\classfile\systemDictionary.cpp, line 256]
Event: 23.609 Thread 0x000001f16ede44c0 Exception <a 'java/lang/ClassNotFoundException'{0x00000000a76cfda8}: groovy/lang/GStringBeanInfo> (0x00000000a76cfda8) 
thrown [s\src\hotspot\share\classfile\systemDictionary.cpp, line 256]
Event: 23.829 Thread 0x000001f16ede44c0 Exception <a 'java/lang/ClassNotFoundException'{0x00000000a76e56a0}: groovy/lang/GStringCustomizer> (0x00000000a76e56a0) 
thrown [s\src\hotspot\share\classfile\systemDictionary.cpp, line 256]
Event: 23.912 Thread 0x000001f16ede44c0 Exception <a 'java/lang/ClassNotFoundException'{0x00000000a7516878}: groovy/lang/GString$1Customizer> (0x00000000a7516878) 
thrown [s\src\hotspot\share\classfile\systemDictionary.cpp, line 256]
Event: 24.089 Thread 0x000001f16ede44c0 Exception <a 'java/lang/ClassNotFoundException'{0x00000000a7390510}: org/codehaus/groovy/runtime/GStringImplBeanInfo> (0x00000000a7390510) 
thrown [s\src\hotspot\share\classfile\systemDictionary.cpp, line 256]
Event: 24.127 Thread 0x000001f16ede44c0 Exception <a 'java/lang/ClassNotFoundException'{0x00000000a7110e78}: org/codehaus/groovy/runtime/GStringImplCustomizer> (0x00000000a7110e78) 
thrown [s\src\hotspot\share\classfile\systemDictionary.cpp, line 256]
Event: 24.154 Thread 0x000001f16ede44c0 Exception <a 'java/lang/ClassNotFoundException'{0x00000000a713d2a8}: org/thymeleaf/engine/ElementTagStructureHandlerBeanInfo> (0x00000000a713d2a8) 
thrown [s\src\hotspot\share\classfile\systemDictionary.cpp, line 256]
Event: 24.166 Thread 0x000001f16ede44c0 Exception <a 'java/lang/ClassNotFoundException'{0x00000000a7146580}: org/thymeleaf/engine/ElementTagStructureHandlerCustomizer> (0x00000000a7146580) 
thrown [s\src\hotspot\share\classfile\systemDictionary.cpp, line 256]
Event: 24.418 Thread 0x000001f1700d3270 Exception <a 'java/lang/NoSuchMethodError'{0x00000000a71f5048}: 'java.lang.Object java.lang.invoke.DirectMethodHandle$Holder.invokeStatic(java.lang.Object, int, int)'> (0x00000000a71f5048) 
thrown [s\src\hotspot\share\interpreter\linkResolver.cpp, line 759]
Event: 24.422 Thread 0x000001f1700d2da0 Exception <a 'java/lang/NoSuchMethodError'{0x00000000a71f8dd8}: 'java.lang.Object java.lang.invoke.DirectMethodHandle$Holder.invokeStatic(java.lang.Object, int, int)'> (0x00000000a71f8dd8) 
thrown [s\src\hotspot\share\interpreter\linkResolver.cpp, line 759]
Event: 24.631 Thread 0x000001f1700d0250 Exception <a 'java/io/IOException'{0x00000000a6f961d8}> (0x00000000a6f961d8) 
thrown [s\src\hotspot\share\prims\jni.cpp, line 516]
Event: 24.639 Thread 0x000001f1700d0250 Exception <a 'java/io/IOException'{0x00000000a6ee9450}> (0x00000000a6ee9450) 
thrown [s\src\hotspot\share\prims\jni.cpp, line 516]
Event: 24.641 Thread 0x000001f16ede44c0 Exception <a 'java/io/IOException'{0x00000000a6e47ae8}> (0x00000000a6e47ae8) 
thrown [s\src\hotspot\share\prims\jni.cpp, line 516]
Event: 24.643 Thread 0x000001f16ede44c0 Exception <a 'java/io/IOException'{0x00000000a6e49378}> (0x00000000a6e49378) 
thrown [s\src\hotspot\share\prims\jni.cpp, line 516]
Event: 24.655 Thread 0x000001f1700d3270 Exception <a 'java/io/IOException'{0x00000000a6f8bee0}> (0x00000000a6f8bee0) 
thrown [s\src\hotspot\share\prims\jni.cpp, line 516]
Event: 24.660 Thread 0x000001f1700d3270 Exception <a 'java/io/IOException'{0x00000000a6f8d788}> (0x00000000a6f8d788) 
thrown [s\src\hotspot\share\prims\jni.cpp, line 516]
Event: 24.726 Thread 0x000001f1700d0720 Exception <a 'java/io/IOException'{0x00000000a6c14d40}> (0x00000000a6c14d40) 
thrown [s\src\hotspot\share\prims\jni.cpp, line 516]
Event: 24.727 Thread 0x000001f1700d0720 Exception <a 'java/io/IOException'{0x00000000a6c167f0}> (0x00000000a6c167f0) 
thrown [s\src\hotspot\share\prims\jni.cpp, line 516]

VM Operations (20 events):
Event: 21.422 Executing VM operation: Cleanup
Event: 21.422 Executing VM operation: Cleanup done
Event: 21.451 Executing VM operation: HandshakeAllThreads
Event: 21.451 Executing VM operation: HandshakeAllThreads done
Event: 21.457 Executing VM operation: HandshakeAllThreads
Event: 21.457 Executing VM operation: HandshakeAllThreads done
Event: 21.465 Executing VM operation: HandshakeAllThreads
Event: 21.465 Executing VM operation: HandshakeAllThreads done
Event: 21.474 Executing VM operation: HandshakeAllThreads
Event: 21.474 Executing VM operation: HandshakeAllThreads done
Event: 21.696 Executing VM operation: G1CollectForAllocation
Event: 21.716 Executing VM operation: G1CollectForAllocation done
Event: 22.501 Executing VM operation: HandshakeAllThreads
Event: 22.501 Executing VM operation: HandshakeAllThreads done
Event: 22.625 Executing VM operation: HandshakeAllThreads
Event: 22.626 Executing VM operation: HandshakeAllThreads done
Event: 23.199 Executing VM operation: G1CollectForAllocation
Event: 23.208 Executing VM operation: G1CollectForAllocation done
Event: 24.223 Executing VM operation: Cleanup
Event: 24.250 Executing VM operation: Cleanup done

Events (20 events):
Event: 23.471 loading class java/util/Collections$UnmodifiableListBeanInfo
Event: 23.471 loading class java/util/Collections$UnmodifiableListBeanInfo done
Event: 23.473 loading class java/util/Collections$UnmodifiableListBeanInfo
Event: 23.473 loading class java/util/Collections$UnmodifiableListBeanInfo done
Event: 23.474 loading class java/util/Collections$UnmodifiableListCustomizer
Event: 23.474 loading class java/util/Collections$UnmodifiableListCustomizer done
Event: 23.476 loading class java/util/Collections$UnmodifiableListCustomizer
Event: 23.476 loading class java/util/Collections$UnmodifiableListCustomizer done
Event: 23.479 loading class java/util/Collections$UnmodifiableRandomAccessListCustomizer
Event: 23.479 loading class java/util/Collections$UnmodifiableRandomAccessListCustomizer done
Event: 23.482 loading class java/util/Collections$UnmodifiableRandomAccessListCustomizer
Event: 23.482 loading class java/util/Collections$UnmodifiableRandomAccessListCustomizer done
Event: 24.422 loading class java/util/ArrayList$SubList$2
Event: 24.423 loading class java/util/ArrayList$SubList$2 done
Event: 24.441 loading class java/time/format/DateTimeFormatterBuilder$ZoneTextPrinterParser
Event: 24.442 loading class java/time/format/DateTimeFormatterBuilder$ZoneTextPrinterParser done
Event: 24.442 loading class java/time/format/DateTimeFormatterBuilder$ReducedPrinterParser
Event: 24.443 loading class java/time/format/DateTimeFormatterBuilder$ReducedPrinterParser done
Event: 24.443 loading class java/util/concurrent/locks/ReentrantReadWriteLock$Sync$HoldCounter
Event: 24.443 loading class java/util/concurrent/locks/ReentrantReadWriteLock$Sync$HoldCounter done


Dynamic libraries:
0x00007ff7dd5a0000 - 0x00007ff7dd5ae000 	C:\Program Files (x86)\sts-4.19.1.RELEASE\plugins\org.eclipse.justj.openjdk.hotspot.jre.full.win32.x86_64_17.0.7.v20230425-1502\jre\bin\javaw.exe
0x00007ffa553f0000 - 0x00007ffa555e8000 	C:\Windows\SYSTEM32\ntdll.dll
0x00007ffa4ba80000 - 0x00007ffa4ba99000 	C:\Program Files\Avast Software\Avast\aswhook.dll
0x00007ffa54470000 - 0x00007ffa5452f000 	C:\Windows\System32\KERNEL32.DLL
0x00007ffa52f10000 - 0x00007ffa531e2000 	C:\Windows\System32\KERNELBASE.dll
0x00007ffa53280000 - 0x00007ffa53380000 	C:\Windows\System32\ucrtbase.dll
0x00007ffa4d630000 - 0x00007ffa4d647000 	C:\Program Files (x86)\sts-4.19.1.RELEASE\plugins\org.eclipse.justj.openjdk.hotspot.jre.full.win32.x86_64_17.0.7.v20230425-1502\jre\bin\jli.dll
0x00007ffa53df0000 - 0x00007ffa53f91000 	C:\Windows\System32\USER32.dll
0x00007ffa52df0000 - 0x00007ffa52e12000 	C:\Windows\System32\win32u.dll
0x00007ffa549a0000 - 0x00007ffa549cb000 	C:\Windows\System32\GDI32.dll
0x00007ffa52cb0000 - 0x00007ffa52dbf000 	C:\Windows\System32\gdi32full.dll
0x00007ffa52e70000 - 0x00007ffa52f0d000 	C:\Windows\System32\msvcp_win.dll
0x00007ffa3dd10000 - 0x00007ffa3dd29000 	C:\Program Files (x86)\sts-4.19.1.RELEASE\plugins\org.eclipse.justj.openjdk.hotspot.jre.full.win32.x86_64_17.0.7.v20230425-1502\jre\bin\VCRUNTIME140.dll
0x00007ffa3de40000 - 0x00007ffa3e0da000 	C:\Windows\WinSxS\amd64_microsoft.windows.common-controls_6595b64144ccf1df_6.0.19041.1110_none_60b5254171f9507e\COMCTL32.dll
0x00007ffa53cb0000 - 0x00007ffa53d4e000 	C:\Windows\System32\msvcrt.dll
0x00007ffa541d0000 - 0x00007ffa54202000 	C:\Windows\System32\IMM32.DLL
0x00007ffa4d980000 - 0x00007ffa4d98c000 	C:\Program Files (x86)\sts-4.19.1.RELEASE\plugins\org.eclipse.justj.openjdk.hotspot.jre.full.win32.x86_64_17.0.7.v20230425-1502\jre\bin\vcruntime140_1.dll
0x00007ffa17d40000 - 0x00007ffa17dd1000 	C:\Program Files (x86)\sts-4.19.1.RELEASE\plugins\org.eclipse.justj.openjdk.hotspot.jre.full.win32.x86_64_17.0.7.v20230425-1502\jre\bin\msvcp140.dll
0x00007ffa13df0000 - 0x00007ffa14a38000 	C:\Program Files (x86)\sts-4.19.1.RELEASE\plugins\org.eclipse.justj.openjdk.hotspot.jre.full.win32.x86_64_17.0.7.v20230425-1502\jre\bin\server\jvm.dll
0x00007ffa54d70000 - 0x00007ffa54e1e000 	C:\Windows\System32\ADVAPI32.dll
0x00007ffa54130000 - 0x00007ffa541cc000 	C:\Windows\System32\sechost.dll
0x00007ffa54340000 - 0x00007ffa54465000 	C:\Windows\System32\RPCRT4.dll
0x00007ffa3c280000 - 0x00007ffa3c289000 	C:\Windows\SYSTEM32\WSOCK32.dll
0x00007ffa55220000 - 0x00007ffa5528b000 	C:\Windows\System32\WS2_32.dll
0x00007ffa46120000 - 0x00007ffa46147000 	C:\Windows\SYSTEM32\WINMM.dll
0x00007ffa4caa0000 - 0x00007ffa4caaa000 	C:\Windows\SYSTEM32\VERSION.dll
0x00007ffa50960000 - 0x00007ffa50972000 	C:\Windows\SYSTEM32\kernel.appcore.dll
0x00007ffa50170000 - 0x00007ffa5017a000 	C:\Program Files (x86)\sts-4.19.1.RELEASE\plugins\org.eclipse.justj.openjdk.hotspot.jre.full.win32.x86_64_17.0.7.v20230425-1502\jre\bin\jimage.dll
0x00007ffa3e9b0000 - 0x00007ffa3eb94000 	C:\Windows\SYSTEM32\DBGHELP.DLL
0x00007ffa3e2d0000 - 0x00007ffa3e305000 	C:\Windows\SYSTEM32\dbgcore.DLL
0x00007ffa531f0000 - 0x00007ffa53272000 	C:\Windows\System32\bcryptPrimitives.dll
0x00007ffa41170000 - 0x00007ffa411ab000 	C:\Program Files (x86)\sts-4.19.1.RELEASE\plugins\org.eclipse.justj.openjdk.hotspot.jre.full.win32.x86_64_17.0.7.v20230425-1502\jre\bin\jdwp.dll
0x00007ffa4d7d0000 - 0x00007ffa4d7de000 	C:\Program Files (x86)\sts-4.19.1.RELEASE\plugins\org.eclipse.justj.openjdk.hotspot.jre.full.win32.x86_64_17.0.7.v20230425-1502\jre\bin\instrument.dll
0x00007ffa4d790000 - 0x00007ffa4d7b5000 	C:\Program Files (x86)\sts-4.19.1.RELEASE\plugins\org.eclipse.justj.openjdk.hotspot.jre.full.win32.x86_64_17.0.7.v20230425-1502\jre\bin\java.dll
0x00007ffa4d770000 - 0x00007ffa4d788000 	C:\Program Files (x86)\sts-4.19.1.RELEASE\plugins\org.eclipse.justj.openjdk.hotspot.jre.full.win32.x86_64_17.0.7.v20230425-1502\jre\bin\zip.dll
0x00007ffa53430000 - 0x00007ffa53b75000 	C:\Windows\System32\SHELL32.dll
0x00007ffa50b60000 - 0x00007ffa512f2000 	C:\Windows\SYSTEM32\windows.storage.dll
0x00007ffa54ec0000 - 0x00007ffa55215000 	C:\Windows\System32\combase.dll
0x00007ffa52380000 - 0x00007ffa523b0000 	C:\Windows\SYSTEM32\Wldp.dll
0x00007ffa54080000 - 0x00007ffa5412d000 	C:\Windows\System32\SHCORE.dll
0x00007ffa53fa0000 - 0x00007ffa53ff5000 	C:\Windows\System32\shlwapi.dll
0x00007ffa52a20000 - 0x00007ffa52a3f000 	C:\Windows\SYSTEM32\profapi.dll
0x00007ffa4d670000 - 0x00007ffa4d67c000 	C:\Program Files (x86)\sts-4.19.1.RELEASE\plugins\org.eclipse.justj.openjdk.hotspot.jre.full.win32.x86_64_17.0.7.v20230425-1502\jre\bin\dt_socket.dll
0x00007ffa51e70000 - 0x00007ffa51eab000 	C:\Windows\SYSTEM32\IPHLPAPI.DLL
0x00007ffa52160000 - 0x00007ffa521ca000 	C:\Windows\system32\mswsock.dll
0x00007ffa51eb0000 - 0x00007ffa51f7b000 	C:\Windows\SYSTEM32\DNSAPI.dll
0x00007ffa54eb0000 - 0x00007ffa54eb8000 	C:\Windows\System32\NSI.dll
0x00007ffa464a0000 - 0x00007ffa464aa000 	C:\Windows\System32\rasadhlp.dll
0x00007ffa4aaa0000 - 0x00007ffa4ab20000 	C:\Windows\System32\fwpuclnt.dll
0x00007ffa52dc0000 - 0x00007ffa52de7000 	C:\Windows\System32\bcrypt.dll
0x00007ffa4d750000 - 0x00007ffa4d769000 	C:\Program Files (x86)\sts-4.19.1.RELEASE\plugins\org.eclipse.justj.openjdk.hotspot.jre.full.win32.x86_64_17.0.7.v20230425-1502\jre\bin\net.dll
0x00007ffa4c360000 - 0x00007ffa4c46c000 	C:\Windows\SYSTEM32\WINHTTP.dll
0x00007ffa4d730000 - 0x00007ffa4d745000 	C:\Program Files (x86)\sts-4.19.1.RELEASE\plugins\org.eclipse.justj.openjdk.hotspot.jre.full.win32.x86_64_17.0.7.v20230425-1502\jre\bin\nio.dll
0x00007ffa4a370000 - 0x00007ffa4a379000 	C:\Program Files (x86)\sts-4.19.1.RELEASE\plugins\org.eclipse.justj.openjdk.hotspot.jre.full.win32.x86_64_17.0.7.v20230425-1502\jre\bin\management.dll
0x00007ffa44010000 - 0x00007ffa4401b000 	C:\Program Files (x86)\sts-4.19.1.RELEASE\plugins\org.eclipse.justj.openjdk.hotspot.jre.full.win32.x86_64_17.0.7.v20230425-1502\jre\bin\management_ext.dll
0x00007ffa54ea0000 - 0x00007ffa54ea8000 	C:\Windows\System32\PSAPI.DLL
0x00007ffa2c770000 - 0x00007ffa2c787000 	C:\Windows\system32\napinsp.dll
0x00007ffa2c570000 - 0x00007ffa2c58b000 	C:\Windows\system32\pnrpnsp.dll
0x00007ffa2c4f0000 - 0x00007ffa2c505000 	C:\Windows\system32\wshbth.dll
0x00007ffa4f420000 - 0x00007ffa4f43d000 	C:\Windows\system32\NLAapi.dll
0x00007ffa2c4a0000 - 0x00007ffa2c4b2000 	C:\Windows\System32\winrnr.dll
0x00007ffa523c0000 - 0x00007ffa523d8000 	C:\Windows\SYSTEM32\CRYPTSP.dll
0x00007ffa51aa0000 - 0x00007ffa51ad4000 	C:\Windows\system32\rsaenh.dll
0x00007ffa529a0000 - 0x00007ffa529ce000 	C:\Windows\SYSTEM32\USERENV.dll
0x00007ffa522f0000 - 0x00007ffa522fc000 	C:\Windows\SYSTEM32\CRYPTBASE.dll
0x00007ffa4cbc0000 - 0x00007ffa4cbd7000 	C:\Windows\SYSTEM32\dhcpcsvc6.DLL
0x00007ffa4ca60000 - 0x00007ffa4ca7d000 	C:\Windows\SYSTEM32\dhcpcsvc.DLL
0x00007ffa4db00000 - 0x00007ffa4db10000 	C:\Program Files (x86)\sts-4.19.1.RELEASE\plugins\org.eclipse.justj.openjdk.hotspot.jre.full.win32.x86_64_17.0.7.v20230425-1502\jre\bin\verify.dll
0x00007ffa4d990000 - 0x00007ffa4d99e000 	C:\Program Files (x86)\sts-4.19.1.RELEASE\plugins\org.eclipse.justj.openjdk.hotspot.jre.full.win32.x86_64_17.0.7.v20230425-1502\jre\bin\sunmscapi.dll
0x00007ffa52ae0000 - 0x00007ffa52c36000 	C:\Windows\System32\CRYPT32.dll
0x00007ffa524d0000 - 0x00007ffa524f7000 	C:\Windows\SYSTEM32\ncrypt.dll
0x00007ffa52490000 - 0x00007ffa524cb000 	C:\Windows\SYSTEM32\NTASN1.dll
0x00007ffa4d660000 - 0x00007ffa4d667000 	C:\Windows\system32\wshunix.dll

dbghelp: loaded successfully - version: 4.0.5 - missing functions: none
symbol engine: initialized successfully - sym options: 0x614 - pdb path: .;C:\Program Files (x86)\sts-4.19.1.RELEASE\plugins\org.eclipse.justj.openjdk.hotspot.jre.full.win32.x86_64_17.0.7.v20230425-1502\jre\bin;C:\Windows\SYSTEM32;C:\Program Files\Avast Software\Avast;C:\Windows\WinSxS\amd64_microsoft.windows.common-controls_6595b64144ccf1df_6.0.19041.1110_none_60b5254171f9507e;C:\Program Files (x86)\sts-4.19.1.RELEASE\plugins\org.eclipse.justj.openjdk.hotspot.jre.full.win32.x86_64_17.0.7.v20230425-1502\jre\bin\server

VM Arguments:
jvm_args: -XX:+ShowCodeDetailsInExceptionMessages -agentlib:jdwp=transport=dt_socket,suspend=y,address=localhost:49787 -Dcom.sun.management.jmxremote -Dcom.sun.management.jmxremote.port=49786 -Dcom.sun.management.jmxremote.authenticate=false -Dcom.sun.management.jmxremote.ssl=false -Djava.rmi.server.hostname=localhost -Dspring.jmx.enabled=true -Dmanagement.endpoints.jmx.exposure.include=* -Dspring.application.admin.enabled=true -XX:TieredStopAtLevel=1 -Dspring.boot.project.name=miniproject -javaagent:C:\Program Files (x86)\sts-4.19.1.RELEASE\configuration\org.eclipse.osgi\740\0\.cp\lib\javaagent-shaded.jar -Dfile.encoding=UTF-8 -Dstdout.encoding=UTF-8 -Dstderr.encoding=UTF-8 
java_command: com.teama.minpro.teama.MiniprojectApplication --spring.output.ansi.enabled=always
java_class_path (initial): D:\BELAJAR KODING\XSIS\BATCH-327\minpro-team-a\miniproject\target\classes;C:\Users\Admin\.m2\repository\org\springframework\boot\spring-boot-starter-data-jpa\2.7.18\spring-boot-starter-data-jpa-2.7.18.jar;C:\Users\Admin\.m2\repository\org\springframework\boot\spring-boot-starter-aop\2.7.18\spring-boot-starter-aop-2.7.18.jar;C:\Users\Admin\.m2\repository\org\springframework\spring-aop\5.3.31\spring-aop-5.3.31.jar;C:\Users\Admin\.m2\repository\org\aspectj\aspectjweaver\1.9.7\aspectjweaver-1.9.7.jar;C:\Users\Admin\.m2\repository\org\springframework\boot\spring-boot-starter-jdbc\2.7.18\spring-boot-starter-jdbc-2.7.18.jar;C:\Users\Admin\.m2\repository\com\zaxxer\HikariCP\4.0.3\HikariCP-4.0.3.jar;C:\Users\Admin\.m2\repository\org\springframework\spring-jdbc\5.3.31\spring-jdbc-5.3.31.jar;C:\Users\Admin\.m2\repository\jakarta\transaction\jakarta.transaction-api\1.3.3\jakarta.transaction-api-1.3.3.jar;C:\Users\Admin\.m2\repository\jakarta\persistence\jakarta.persistence-api\2.2.3\jakarta.persistence-api-2.2.3.jar;C:\Users\Admin\.m2\repository\org\hibernate\hibernate-core\5.6.15.Final\hibernate-core-5.6.15.Final.jar;C:\Users\Admin\.m2\repository\org\jboss\logging\jboss-logging\3.4.3.Final\jboss-logging-3.4.3.Final.jar;C:\Users\Admin\.m2\repository\net\bytebuddy\byte-buddy\1.12.23\byte-buddy-1.12.23.jar;C:\Users\Admin\.m2\repository\antlr\antlr\2.7.7\antlr-2.7.7.jar;C:\Users\Admin\.m2\repository\org\jboss\jandex\2.4.2.Final\jandex-2.4.2.Final.jar;C:\Users\Admin\.m2\repository\com\fasterxml\classmate\1.5.1\classmate-1.5.1.jar;C:\Users\Admin\.m2\repository\org\hibernate\common\hibernate-commons-annotations\5.1.2.Final\hibernate-commons-annotations-5.1.2.Final.jar;C:\Users\Admin\.m2\repository\org\glassfish\jaxb\jaxb-runtime\2.3.9\jaxb-runtime-2.3.9.jar;C:\Users\Admin\.m2\repository\org\glassfish\jaxb\txw2\2.3.9\txw2-2.3.9.jar;C:\Users\Admin\.m2\repository\com\sun\istack\istack-commons-runtime\3.0.12\istack-commons-runtime-3.0.12.jar;C:\Users\Admin\.m
Launcher Type: SUN_STANDARD

[Global flags]
     intx CICompilerCount                          = 3                                         {product} {ergonomic}
     uint ConcGCThreads                            = 1                                         {product} {ergonomic}
     uint G1ConcRefinementThreads                  = 4                                         {product} {ergonomic}
   size_t G1HeapRegionSize                         = 1048576                                   {product} {ergonomic}
    uintx GCDrainStackTargetSize                   = 64                                        {product} {ergonomic}
   size_t InitialHeapSize                          = 100663296                                 {product} {ergonomic}
     bool ManagementServer                         = true                                      {product} {command line}
   size_t MarkStackSize                            = 4194304                                   {product} {ergonomic}
   size_t MaxHeapSize                              = 1589641216                                {product} {ergonomic}
   size_t MaxNewSize                               = 953155584                                 {product} {ergonomic}
   size_t MinHeapDeltaBytes                        = 1048576                                   {product} {ergonomic}
   size_t MinHeapSize                              = 8388608                                   {product} {ergonomic}
    uintx NonProfiledCodeHeapSize                  = 0                                      {pd product} {ergonomic}
     bool ProfileInterpreter                       = false                                  {pd product} {command line}
    uintx ProfiledCodeHeapSize                     = 0                                      {pd product} {ergonomic}
     bool ShowCodeDetailsInExceptionMessages       = true                                   {manageable} {command line}
   size_t SoftMaxHeapSize                          = 1589641216                             {manageable} {ergonomic}
     intx TieredStopAtLevel                        = 1                                         {product} {command line}
     bool UseCompressedClassPointers               = true                           {product lp64_product} {ergonomic}
     bool UseCompressedOops                        = true                           {product lp64_product} {ergonomic}
     bool UseG1GC                                  = true                                      {product} {ergonomic}
     bool UseLargePagesIndividualAllocation        = false                                  {pd product} {ergonomic}

Logging:
Log output configuration:
 #0: stdout all=warning uptime,level,tags
 #1: stderr all=off uptime,level,tags

Environment Variables:
JAVA_HOME=C:\Program Files\Java\jdk-20.0.2
PATH=C:\Program Files (x86)\sts-4.19.1.RELEASE\plugins\org.eclipse.justj.openjdk.hotspot.jre.full.win32.x86_64_17.0.7.v20230425-1502\jre\bin;C:/Program Files (x86)/sts-4.19.1.RELEASE//plugins/org.eclipse.justj.openjdk.hotspot.jre.full.win32.x86_64_17.0.7.v20230425-1502/jre/bin/server;C:/Program Files (x86)/sts-4.19.1.RELEASE//plugins/org.eclipse.justj.openjdk.hotspot.jre.full.win32.x86_64_17.0.7.v20230425-1502/jre/bin;C:\Windows\system32;C:\Windows;C:\Windows\System32\Wbem;C:\Windows\System32\WindowsPowerShell\v1.0\;C:\Windows\System32\OpenSSH\;C:\Program Files\Java\jdk-20.0.2\bin;C:\Program Files\Git\cmd;C:\Program Files\Docker\Docker\resources\bin;C:\Users\Admin\AppData\Local\Microsoft\WindowsApps;;C:\Users\Admin\AppData\Local\Programs\Microsoft VS Code\bin;C:\Program Files (x86)\sts-4.19.1.RELEASE;
USERNAME=Irfan
OS=Windows_NT
PROCESSOR_IDENTIFIER=AMD64 Family 23 Model 24 Stepping 1, AuthenticAMD
TMP=C:\Users\Admin\AppData\Local\Temp
TEMP=C:\Users\Admin\AppData\Local\Temp



---------------  S Y S T E M  ---------------

OS:
 Windows 10 , 64 bit Build 19041 (10.0.19041.2545)
OS uptime: 0 days 2:18 hours
Hyper-V role detected

CPU: total 4 (initial active 4) (4 cores per cpu, 2 threads per core) family 23 model 24 stepping 1 microcode 0x0, cx8, cmov, fxsr, ht, mmx, 3dnowpref, sse, sse2, sse3, ssse3, sse4a, sse4.1, sse4.2, popcnt, lzcnt, tsc, tscinvbit, avx, avx2, aes, clmul, bmi1, bmi2, adx, sha, fma, vzeroupper, clflush, clflushopt, hv

Memory: 4k page, system-wide physical 6058M (284M free)
TotalPageFile size 6058M (AvailPageFile size 5M)
current process WorkingSet (physical memory assigned to process): 273M, peak: 273M
current process commit charge ("private bytes"): 301M, peak: 301M

vm_info: OpenJDK 64-Bit Server VM (17.0.7+7) for windows-amd64 JRE (17.0.7+7), built on Apr 18 2023 22:10:42 by "temurin" with MS VC++ 16.7 (VS2019)

END.
