#
# There is insufficient memory for the Java Runtime Environment to continue.
# Native memory allocation (mmap) failed to map 65536 bytes for Failed to commit metaspace.
# Possible reasons:
#   The system is out of physical RAM or swap space
#   The process is running with CompressedOops enabled, and the Java Heap may be blocking the growth of the native heap
# Possible solutions:
#   Reduce memory load on the system
#   Increase physical memory or swap space
#   Check if swap backing store is full
#   Decrease Java heap size (-Xmx/-Xms)
#   Decrease number of Java threads
#   Decrease Java thread stack sizes (-Xss)
#   Set larger code cache with -XX:ReservedCodeCacheSize=
#   JVM is running with Unscaled Compressed Oops mode in which the Java heap is
#     placed in the first 4GB address space. The Java Heap base address is the
#     maximum limit for the native heap growth. Please use -XX:HeapBaseMinAddress
#     to set the Java Heap base and to place the Java Heap above 4GB virtual address.
# This output file may be truncated or incomplete.
#
#  Out of Memory Error (virtualSpaceNode.cpp:110), pid=12320, tid=12236
#
# JRE version: OpenJDK Runtime Environment Temurin-17.0.7+7 (17.0.7+7) (build 17.0.7+7)
# Java VM: OpenJDK 64-Bit Server VM Temurin-17.0.7+7 (17.0.7+7, mixed mode, emulated-client, tiered, compressed oops, compressed class ptrs, g1 gc, windows-amd64)
# No core dump will be written. Minidumps are not enabled by default on client versions of Windows
#

---------------  S U M M A R Y ------------

Command Line: -XX:+ShowCodeDetailsInExceptionMessages -agentlib:jdwp=transport=dt_socket,suspend=y,address=localhost:55870 -Dcom.sun.management.jmxremote -Dcom.sun.management.jmxremote.port=55868 -Dcom.sun.management.jmxremote.authenticate=false -Dcom.sun.management.jmxremote.ssl=false -Djava.rmi.server.hostname=localhost -Dspring.jmx.enabled=true -Dmanagement.endpoints.jmx.exposure.include=* -Dspring.application.admin.enabled=true -XX:TieredStopAtLevel=1 -Dspring.boot.project.name=miniproject -javaagent:C:\Program Files (x86)\sts-4.19.1.RELEASE\configuration\org.eclipse.osgi\740\0\.cp\lib\javaagent-shaded.jar -Dfile.encoding=UTF-8 -Dstdout.encoding=UTF-8 -Dstderr.encoding=UTF-8 com.teama.minpro.teama.MiniprojectApplication --spring.output.ansi.enabled=always

Host: AMD Ryzen 3 3200U with Radeon Vega Mobile Gfx  , 4 cores, 5G,  Windows 10 , 64 bit Build 19041 (10.0.19041.2545)
Time: Thu Dec 21 14:35:19 2023 SE Asia Standard Time elapsed time: 13.489062 seconds (0d 0h 0m 13s)

---------------  T H R E A D  ---------------

Current thread (0x000002ce44149890):  JavaThread "restartedMain" [_thread_in_vm, id=12236, stack(0x000000e9fb100000,0x000000e9fb200000)]

Stack: [0x000000e9fb100000,0x000000e9fb200000]
Native frames: (J=compiled Java code, j=interpreted, Vv=VM code, C=native code)
V  [jvm.dll+0x67754a]
V  [jvm.dll+0x834304]
V  [jvm.dll+0x835aae]
V  [jvm.dll+0x836113]
V  [jvm.dll+0x24696f]
V  [jvm.dll+0x83039b]
V  [jvm.dll+0x61c006]
V  [jvm.dll+0x1c169e]
V  [jvm.dll+0x61e961]
V  [jvm.dll+0x61c9a6]
V  [jvm.dll+0x626887]
V  [jvm.dll+0x1eb47b]
V  [jvm.dll+0x1eb9b5]
V  [jvm.dll+0x1ec3ef]
V  [jvm.dll+0x1e1891]
V  [jvm.dll+0x53ea50]
V  [jvm.dll+0x7afc28]
V  [jvm.dll+0x7afd14]
V  [jvm.dll+0x40de05]
V  [jvm.dll+0x413f58]
C  [java.dll+0x17ec]

Java frames: (J=compiled Java code, j=interpreted, Vv=VM code)
J 1457  java.lang.ClassLoader.defineClass1(Ljava/lang/ClassLoader;Ljava/lang/String;[BIILjava/security/ProtectionDomain;Ljava/lang/String;)Ljava/lang/Class; java.base@17.0.7 (0 bytes) @ 0x000002ce36587b5b [0x000002ce36587aa0+0x00000000000000bb]
J 1487 c1 java.lang.ClassLoader.defineClass(Ljava/lang/String;[BIILjava/security/ProtectionDomain;)Ljava/lang/Class; java.base@17.0.7 (43 bytes) @ 0x000002ce36596514 [0x000002ce365963e0+0x0000000000000134]
J 1490 c1 jdk.internal.loader.BuiltinClassLoader.defineClass(Ljava/lang/String;Ljdk/internal/loader/Resource;)Ljava/lang/Class; java.base@17.0.7 (121 bytes) @ 0x000002ce3659a17c [0x000002ce36599ca0+0x00000000000004dc]
J 1473 c1 jdk.internal.loader.BuiltinClassLoader.findClassOnClassPathOrNull(Ljava/lang/String;)Ljava/lang/Class; java.base@17.0.7 (64 bytes) @ 0x000002ce3658fd8c [0x000002ce3658faa0+0x00000000000002ec]
J 1132 c1 jdk.internal.loader.BuiltinClassLoader.loadClassOrNull(Ljava/lang/String;Z)Ljava/lang/Class; java.base@17.0.7 (143 bytes) @ 0x000002ce364df01c [0x000002ce364deb80+0x000000000000049c]
J 1396 c1 jdk.internal.loader.ClassLoaders$AppClassLoader.loadClass(Ljava/lang/String;Z)Ljava/lang/Class; java.base@17.0.7 (40 bytes) @ 0x000002ce3656aab4 [0x000002ce3656a980+0x0000000000000134]
J 1378 c1 java.lang.ClassLoader.loadClass(Ljava/lang/String;)Ljava/lang/Class; java.base@17.0.7 (7 bytes) @ 0x000002ce365556fc [0x000002ce365556a0+0x000000000000005c]
v  ~StubRoutines::call_stub
j  org.springframework.data.type.classreading.DefaultMethodsMetadataReader.<init>(Lorg/springframework/core/io/Resource;Ljava/lang/ClassLoader;)V+4
j  org.springframework.data.type.classreading.MethodsMetadataReaderFactory.getMetadataReader(Lorg/springframework/core/io/Resource;)Lorg/springframework/data/type/classreading/MethodsMetadataReader;+14
j  org.springframework.data.type.classreading.MethodsMetadataReaderFactory.getMetadataReader(Lorg/springframework/core/io/Resource;)Lorg/springframework/core/type/classreading/MetadataReader;+2
J 3137 c1 org.springframework.core.type.classreading.SimpleMetadataReaderFactory.getMetadataReader(Ljava/lang/String;)Lorg/springframework/core/type/classreading/MetadataReader; (156 bytes) @ 0x000002ce36870e7c [0x000002ce36870c00+0x000000000000027c]
j  org.springframework.data.type.classreading.MethodsMetadataReaderFactory.getMetadataReader(Ljava/lang/String;)Lorg/springframework/data/type/classreading/MethodsMetadataReader;+2
j  org.springframework.data.projection.DefaultProjectionInformation$PropertyDescriptorSource.getMetadata(Ljava/lang/Class;)Ljava/util/Optional;+17
j  org.springframework.data.projection.DefaultProjectionInformation$PropertyDescriptorSource.<init>(Ljava/lang/Class;)V+17
j  org.springframework.data.projection.DefaultProjectionInformation.<init>(Ljava/lang/Class;)V+21
j  org.springframework.data.projection.SpelAwareProxyProjectionFactory$SpelAwareProjectionInformation.<init>(Ljava/lang/Class;)V+2
j  org.springframework.data.jpa.projection.CollectionAwareProjectionFactory$CollectionAwareProjectionInformation.<init>(Ljava/lang/Class;)V+2
j  org.springframework.data.jpa.projection.CollectionAwareProjectionFactory.createProjectionInformation(Ljava/lang/Class;)Lorg/springframework/data/projection/ProjectionInformation;+5
j  org.springframework.data.projection.ProxyProjectionFactory.lambda$getProjectionMetadata$0(Ljava/lang/Class;)Lorg/springframework/data/projection/ProxyProjectionFactory$ProjectionMetadata;+3
j  org.springframework.data.projection.ProxyProjectionFactory$$Lambda$1126+0x00000001008a6f78.apply(Ljava/lang/Object;)Ljava/lang/Object;+8
J 2802 c1 java.util.concurrent.ConcurrentMap.computeIfAbsent(Ljava/lang/Object;Ljava/util/function/Function;)Ljava/lang/Object; java.base@17.0.7 (51 bytes) @ 0x000002ce367d0eec [0x000002ce367d0e60+0x000000000000008c]
j  org.springframework.data.projection.ProxyProjectionFactory.getProjectionMetadata(Ljava/lang/Class;)Lorg/springframework/data/projection/ProxyProjectionFactory$ProjectionMetadata;+11
j  org.springframework.data.projection.ProxyProjectionFactory.getProjectionInformation(Ljava/lang/Class;)Lorg/springframework/data/projection/ProjectionInformation;+2
j  org.springframework.data.repository.query.ReturnedType.lambda$of$0(Ljava/lang/Class;Lorg/springframework/data/projection/ProjectionFactory;Ljava/lang/Class;Lorg/springframework/data/repository/query/ReturnedType$CacheKey;)Lorg/springframework/data/repository/query/ReturnedType;+13
j  org.springframework.data.repository.query.ReturnedType$$Lambda$1095+0x0000000100871790.apply(Ljava/lang/Object;)Ljava/lang/Object;+16
J 2802 c1 java.util.concurrent.ConcurrentMap.computeIfAbsent(Ljava/lang/Object;Ljava/util/function/Function;)Ljava/lang/Object; java.base@17.0.7 (51 bytes) @ 0x000002ce367d0eec [0x000002ce367d0e60+0x000000000000008c]
j  org.springframework.data.repository.query.ReturnedType.of(Ljava/lang/Class;Ljava/lang/Class;Lorg/springframework/data/projection/ProjectionFactory;)Lorg/springframework/data/repository/query/ReturnedType;+38
j  org.springframework.data.repository.query.ResultProcessor.<init>(Lorg/springframework/data/repository/query/QueryMethod;Lorg/springframework/data/projection/ProjectionFactory;Ljava/lang/Class;)V+34
j  org.springframework.data.repository.query.ResultProcessor.<init>(Lorg/springframework/data/repository/query/QueryMethod;Lorg/springframework/data/projection/ProjectionFactory;)V+7
j  org.springframework.data.repository.query.QueryMethod.<init>(Ljava/lang/reflect/Method;Lorg/springframework/data/repository/core/RepositoryMetadata;Lorg/springframework/data/projection/ProjectionFactory;)V+200
j  org.springframework.data.jpa.repository.query.JpaQueryMethod.<init>(Ljava/lang/reflect/Method;Lorg/springframework/data/repository/core/RepositoryMetadata;Lorg/springframework/data/projection/ProjectionFactory;Lorg/springframework/data/jpa/provider/QueryExtractor;)V+4
j  org.springframework.data.jpa.repository.query.DefaultJpaQueryMethodFactory.build(Ljava/lang/reflect/Method;Lorg/springframework/data/repository/core/RepositoryMetadata;Lorg/springframework/data/projection/ProjectionFactory;)Lorg/springframework/data/jpa/repository/query/JpaQueryMethod;+11
j  org.springframework.data.jpa.repository.query.JpaQueryLookupStrategy$AbstractQueryLookupStrategy.resolveQuery(Ljava/lang/reflect/Method;Lorg/springframework/data/repository/core/RepositoryMetadata;Lorg/springframework/data/projection/ProjectionFactory;Lorg/springframework/data/repository/core/NamedQueries;)Lorg/springframework/data/repository/query/RepositoryQuery;+8
j  org.springframework.data.repository.core.support.QueryExecutorMethodInterceptor.lookupQuery(Ljava/lang/reflect/Method;Lorg/springframework/data/repository/core/RepositoryInformation;Lorg/springframework/data/repository/query/QueryLookupStrategy;Lorg/springframework/data/projection/ProjectionFactory;)Lorg/springframework/data/util/Pair;+10
j  org.springframework.data.repository.core.support.QueryExecutorMethodInterceptor.lambda$mapMethodsToQuery$1(Lorg/springframework/data/repository/core/RepositoryInformation;Lorg/springframework/data/repository/query/QueryLookupStrategy;Lorg/springframework/data/projection/ProjectionFactory;Ljava/lang/reflect/Method;)Lorg/springframework/data/util/Pair;+6
j  org.springframework.data.repository.core.support.QueryExecutorMethodInterceptor$$Lambda$1081+0x000000010086d070.apply(Ljava/lang/Object;)Ljava/lang/Object;+20
J 1851 c1 java.util.stream.ReferencePipeline$3$1.accept(Ljava/lang/Object;)V java.base@17.0.7 (23 bytes) @ 0x000002ce3663101c [0x000002ce36630fc0+0x000000000000005c]
j  java.util.Iterator.forEachRemaining(Ljava/util/function/Consumer;)V+21 java.base@17.0.7
j  java.util.Collections$UnmodifiableCollection$1.forEachRemaining(Ljava/util/function/Consumer;)V+5 java.base@17.0.7
j  java.util.Spliterators$IteratorSpliterator.forEachRemaining(Ljava/util/function/Consumer;)V+52 java.base@17.0.7
J 1961 c1 java.util.stream.AbstractPipeline.copyInto(Ljava/util/stream/Sink;Ljava/util/Spliterator;)V java.base@17.0.7 (54 bytes) @ 0x000002ce3665e844 [0x000002ce3665e780+0x00000000000000c4]
J 1960 c1 java.util.stream.AbstractPipeline.wrapAndCopyInto(Ljava/util/stream/Sink;Ljava/util/Spliterator;)Ljava/util/stream/Sink; java.base@17.0.7 (18 bytes) @ 0x000002ce3665d514 [0x000002ce3665d460+0x00000000000000b4]
J 2911 c1 java.util.stream.ReduceOps$ReduceOp.evaluateSequential(Ljava/util/stream/PipelineHelper;Ljava/util/Spliterator;)Ljava/lang/Object; java.base@17.0.7 (18 bytes) @ 0x000002ce368074b4 [0x000002ce36807440+0x0000000000000074]
J 1963 c1 java.util.stream.AbstractPipeline.evaluate(Ljava/util/stream/TerminalOp;)Ljava/lang/Object; java.base@17.0.7 (94 bytes) @ 0x000002ce3665ee94 [0x000002ce3665eda0+0x00000000000000f4]
J 2918 c1 java.util.stream.ReferencePipeline.collect(Ljava/util/stream/Collector;)Ljava/lang/Object; java.base@17.0.7 (124 bytes) @ 0x000002ce3680b9a4 [0x000002ce3680b840+0x0000000000000164]
j  org.springframework.data.repository.core.support.QueryExecutorMethodInterceptor.mapMethodsToQuery(Lorg/springframework/data/repository/core/RepositoryInformation;Lorg/springframework/data/repository/query/QueryLookupStrategy;Lorg/springframework/data/projection/ProjectionFactory;)Ljava/util/Map;+39
j  org.springframework.data.repository.core.support.QueryExecutorMethodInterceptor.lambda$new$0(Lorg/springframework/data/repository/core/RepositoryInformation;Lorg/springframework/data/projection/ProjectionFactory;Lorg/springframework/data/repository/query/QueryLookupStrategy;)Ljava/util/Map;+4
j  org.springframework.data.repository.core.support.QueryExecutorMethodInterceptor$$Lambda$1080+0x000000010086ce30.apply(Ljava/lang/Object;)Ljava/lang/Object;+16
J 6343 c1 java.util.Optional.map(Ljava/util/function/Function;)Ljava/util/Optional; java.base@17.0.7 (30 bytes) @ 0x000002ce36dcfe64 [0x000002ce36dcfde0+0x0000000000000084]
j  org.springframework.data.repository.core.support.QueryExecutorMethodInterceptor.<init>(Lorg/springframework/data/repository/core/RepositoryInformation;Lorg/springframework/data/projection/ProjectionFactory;Ljava/util/Optional;Lorg/springframework/data/repository/core/NamedQueries;Ljava/util/List;Ljava/util/List;)V+111
j  org.springframework.data.repository.core.support.RepositoryFactorySupport.getRepository(Ljava/lang/Class;Lorg/springframework/data/repository/core/support/RepositoryComposition$RepositoryFragments;)Ljava/lang/Object;+411
j  org.springframework.data.repository.core.support.RepositoryFactoryBeanSupport.lambda$afterPropertiesSet$5(Lorg/springframework/data/repository/core/support/RepositoryComposition$RepositoryFragments;)Lorg/springframework/data/repository/Repository;+9
j  org.springframework.data.repository.core.support.RepositoryFactoryBeanSupport$$Lambda$957+0x000000010084aeb0.get()Ljava/lang/Object;+8
J 6337 c1 org.springframework.data.util.Lazy.get()Ljava/lang/Object; (21 bytes) @ 0x000002ce36dcc31c [0x000002ce36dcc2c0+0x000000000000005c]
j  org.springframework.data.repository.core.support.RepositoryFactoryBeanSupport.afterPropertiesSet()V+232
j  org.springframework.data.jpa.repository.support.JpaRepositoryFactoryBean.afterPropertiesSet()V+18
j  org.springframework.beans.factory.support.AbstractAutowireCapableBeanFactory.invokeInitMethods(Ljava/lang/String;Ljava/lang/Object;Lorg/springframework/beans/factory/support/RootBeanDefinition;)V+106
j  org.springframework.beans.factory.support.AbstractAutowireCapableBeanFactory.initializeBean(Ljava/lang/String;Ljava/lang/Object;Lorg/springframework/beans/factory/support/RootBeanDefinition;)Ljava/lang/Object;+59
j  org.springframework.beans.factory.support.AbstractAutowireCapableBeanFactory.doCreateBean(Ljava/lang/String;Lorg/springframework/beans/factory/support/RootBeanDefinition;[Ljava/lang/Object;)Ljava/lang/Object;+245
j  org.springframework.beans.factory.support.AbstractAutowireCapableBeanFactory.createBean(Ljava/lang/String;Lorg/springframework/beans/factory/support/RootBeanDefinition;[Ljava/lang/Object;)Ljava/lang/Object;+169
j  org.springframework.beans.factory.support.AbstractBeanFactory.lambda$doGetBean$0(Ljava/lang/String;Lorg/springframework/beans/factory/support/RootBeanDefinition;[Ljava/lang/Object;)Ljava/lang/Object;+4
j  org.springframework.beans.factory.support.AbstractBeanFactory$$Lambda$400+0x00000001003af728.getObject()Ljava/lang/Object;+16
j  org.springframework.beans.factory.support.DefaultSingletonBeanRegistry.getSingleton(Ljava/lang/String;Lorg/springframework/beans/factory/ObjectFactory;)Ljava/lang/Object;+132
J 3707 c1 org.springframework.beans.factory.support.AbstractBeanFactory.doGetBean(Ljava/lang/String;Ljava/lang/Class;[Ljava/lang/Object;Z)Ljava/lang/Object; (832 bytes) @ 0x000002ce369688dc [0x000002ce36968320+0x00000000000005bc]
j  org.springframework.beans.factory.support.AbstractBeanFactory.getBean(Ljava/lang/String;)Ljava/lang/Object;+5
j  org.springframework.beans.factory.config.DependencyDescriptor.resolveCandidate(Ljava/lang/String;Ljava/lang/Class;Lorg/springframework/beans/factory/BeanFactory;)Ljava/lang/Object;+2
j  org.springframework.beans.factory.support.DefaultListableBeanFactory.doResolveDependency(Lorg/springframework/beans/factory/config/DependencyDescriptor;Ljava/lang/String;Ljava/util/Set;Lorg/springframework/beans/TypeConverter;)Ljava/lang/Object;+440
j  org.springframework.beans.factory.support.DefaultListableBeanFactory.resolveDependency(Lorg/springframework/beans/factory/config/DependencyDescriptor;Ljava/lang/String;Ljava/util/Set;Lorg/springframework/beans/TypeConverter;)Ljava/lang/Object;+108
j  org.springframework.beans.factory.annotation.AutowiredAnnotationBeanPostProcessor$AutowiredFieldElement.resolveFieldValue(Ljava/lang/reflect/Field;Ljava/lang/Object;Ljava/lang/String;)Ljava/lang/Object;+81
j  org.springframework.beans.factory.annotation.AutowiredAnnotationBeanPostProcessor$AutowiredFieldElement.inject(Ljava/lang/Object;Ljava/lang/String;Lorg/springframework/beans/PropertyValues;)V+74
j  org.springframework.beans.factory.annotation.InjectionMetadata.inject(Ljava/lang/Object;Ljava/lang/String;Lorg/springframework/beans/PropertyValues;)V+68
j  org.springframework.beans.factory.annotation.AutowiredAnnotationBeanPostProcessor.postProcessProperties(Lorg/springframework/beans/PropertyValues;Ljava/lang/Object;Ljava/lang/String;)Lorg/springframework/beans/PropertyValues;+17
j  org.springframework.beans.factory.support.AbstractAutowireCapableBeanFactory.populateBean(Ljava/lang/String;Lorg/springframework/beans/factory/support/RootBeanDefinition;Lorg/springframework/beans/BeanWrapper;)V+265
j  org.springframework.beans.factory.support.AbstractAutowireCapableBeanFactory.doCreateBean(Ljava/lang/String;Lorg/springframework/beans/factory/support/RootBeanDefinition;[Ljava/lang/Object;)Ljava/lang/Object;+237
j  org.springframework.beans.factory.support.AbstractAutowireCapableBeanFactory.createBean(Ljava/lang/String;Lorg/springframework/beans/factory/support/RootBeanDefinition;[Ljava/lang/Object;)Ljava/lang/Object;+169
j  org.springframework.beans.factory.support.AbstractBeanFactory.lambda$doGetBean$0(Ljava/lang/String;Lorg/springframework/beans/factory/support/RootBeanDefinition;[Ljava/lang/Object;)Ljava/lang/Object;+4
j  org.springframework.beans.factory.support.AbstractBeanFactory$$Lambda$400+0x00000001003af728.getObject()Ljava/lang/Object;+16
j  org.springframework.beans.factory.support.DefaultSingletonBeanRegistry.getSingleton(Ljava/lang/String;Lorg/springframework/beans/factory/ObjectFactory;)Ljava/lang/Object;+132
J 3707 c1 org.springframework.beans.factory.support.AbstractBeanFactory.doGetBean(Ljava/lang/String;Ljava/lang/Class;[Ljava/lang/Object;Z)Ljava/lang/Object; (832 bytes) @ 0x000002ce369688dc [0x000002ce36968320+0x00000000000005bc]
j  org.springframework.beans.factory.support.AbstractBeanFactory.getBean(Ljava/lang/String;)Ljava/lang/Object;+5
j  org.springframework.beans.factory.config.DependencyDescriptor.resolveCandidate(Ljava/lang/String;Ljava/lang/Class;Lorg/springframework/beans/factory/BeanFactory;)Ljava/lang/Object;+2
j  org.springframework.beans.factory.support.DefaultListableBeanFactory.doResolveDependency(Lorg/springframework/beans/factory/config/DependencyDescriptor;Ljava/lang/String;Ljava/util/Set;Lorg/springframework/beans/TypeConverter;)Ljava/lang/Object;+440
j  org.springframework.beans.factory.support.DefaultListableBeanFactory.resolveDependency(Lorg/springframework/beans/factory/config/DependencyDescriptor;Ljava/lang/String;Ljava/util/Set;Lorg/springframework/beans/TypeConverter;)Ljava/lang/Object;+108
j  org.springframework.beans.factory.annotation.AutowiredAnnotationBeanPostProcessor$AutowiredFieldElement.resolveFieldValue(Ljava/lang/reflect/Field;Ljava/lang/Object;Ljava/lang/String;)Ljava/lang/Object;+81
j  org.springframework.beans.factory.annotation.AutowiredAnnotationBeanPostProcessor$AutowiredFieldElement.inject(Ljava/lang/Object;Ljava/lang/String;Lorg/springframework/beans/PropertyValues;)V+74
j  org.springframework.beans.factory.annotation.InjectionMetadata.inject(Ljava/lang/Object;Ljava/lang/String;Lorg/springframework/beans/PropertyValues;)V+68
j  org.springframework.beans.factory.annotation.AutowiredAnnotationBeanPostProcessor.postProcessProperties(Lorg/springframework/beans/PropertyValues;Ljava/lang/Object;Ljava/lang/String;)Lorg/springframework/beans/PropertyValues;+17
j  org.springframework.beans.factory.support.AbstractAutowireCapableBeanFactory.populateBean(Ljava/lang/String;Lorg/springframework/beans/factory/support/RootBeanDefinition;Lorg/springframework/beans/BeanWrapper;)V+265
j  org.springframework.beans.factory.support.AbstractAutowireCapableBeanFactory.doCreateBean(Ljava/lang/String;Lorg/springframework/beans/factory/support/RootBeanDefinition;[Ljava/lang/Object;)Ljava/lang/Object;+237
j  org.springframework.beans.factory.support.AbstractAutowireCapableBeanFactory.createBean(Ljava/lang/String;Lorg/springframework/beans/factory/support/RootBeanDefinition;[Ljava/lang/Object;)Ljava/lang/Object;+169
j  org.springframework.beans.factory.support.AbstractBeanFactory.lambda$doGetBean$0(Ljava/lang/String;Lorg/springframework/beans/factory/support/RootBeanDefinition;[Ljava/lang/Object;)Ljava/lang/Object;+4
j  org.springframework.beans.factory.support.AbstractBeanFactory$$Lambda$400+0x00000001003af728.getObject()Ljava/lang/Object;+16
j  org.springframework.beans.factory.support.DefaultSingletonBeanRegistry.getSingleton(Ljava/lang/String;Lorg/springframework/beans/factory/ObjectFactory;)Ljava/lang/Object;+132
J 3707 c1 org.springframework.beans.factory.support.AbstractBeanFactory.doGetBean(Ljava/lang/String;Ljava/lang/Class;[Ljava/lang/Object;Z)Ljava/lang/Object; (832 bytes) @ 0x000002ce369688dc [0x000002ce36968320+0x00000000000005bc]
j  org.springframework.beans.factory.support.AbstractBeanFactory.getBean(Ljava/lang/String;)Ljava/lang/Object;+5
j  org.springframework.beans.factory.support.DefaultListableBeanFactory.preInstantiateSingletons()V+248
j  org.springframework.context.support.AbstractApplicationContext.finishBeanFactoryInitialization(Lorg/springframework/beans/factory/config/ConfigurableListableBeanFactory;)V+124
j  org.springframework.context.support.AbstractApplicationContext.refresh()V+86
j  org.springframework.boot.web.servlet.context.ServletWebServerApplicationContext.refresh()V+1
j  org.springframework.boot.SpringApplication.refresh(Lorg/springframework/context/ConfigurableApplicationContext;)V+1
j  org.springframework.boot.SpringApplication.refreshContext(Lorg/springframework/context/ConfigurableApplicationContext;)V+16
j  org.springframework.boot.SpringApplication.run([Ljava/lang/String;)Lorg/springframework/context/ConfigurableApplicationContext;+107
j  org.springframework.boot.SpringApplication.run([Ljava/lang/Class;[Ljava/lang/String;)Lorg/springframework/context/ConfigurableApplicationContext;+9
j  org.springframework.boot.SpringApplication.run(Ljava/lang/Class;[Ljava/lang/String;)Lorg/springframework/context/ConfigurableApplicationContext;+9
j  com.teama.minpro.teama.MiniprojectApplication.main([Ljava/lang/String;)V+3
v  ~StubRoutines::call_stub
j  jdk.internal.reflect.NativeMethodAccessorImpl.invoke0(Ljava/lang/reflect/Method;Ljava/lang/Object;[Ljava/lang/Object;)Ljava/lang/Object;+0 java.base@17.0.7
j  jdk.internal.reflect.NativeMethodAccessorImpl.invoke(Ljava/lang/Object;[Ljava/lang/Object;)Ljava/lang/Object;+133 java.base@17.0.7
j  jdk.internal.reflect.DelegatingMethodAccessorImpl.invoke(Ljava/lang/Object;[Ljava/lang/Object;)Ljava/lang/Object;+6 java.base@17.0.7
j  java.lang.reflect.Method.invoke(Ljava/lang/Object;[Ljava/lang/Object;)Ljava/lang/Object;+59 java.base@17.0.7
j  org.springframework.boot.devtools.restart.RestartLauncher.run()V+47
v  ~StubRoutines::call_stub

---------------  P R O C E S S  ---------------

Threads class SMR info:
_java_thread_list=0x000002ce43a98760, length=30, elements={
0x000002ce32a50200, 0x000002ce3ec4c920, 0x000002ce3ec4de40, 0x000002ce3ec933b0,
0x000002ce3ec93f30, 0x000002ce3ec95250, 0x000002ce3ec976c0, 0x000002ce43003dd0,
0x000002ce43005610, 0x000002ce430ec030, 0x000002ce43146e10, 0x000002ce431473d0,
0x000002ce432015d0, 0x000002ce43204610, 0x000002ce43206e10, 0x000002ce43b4fb60,
0x000002ce43200e70, 0x000002ce43c97270, 0x000002ce43c8c470, 0x000002ce43c9d3b0,
0x000002ce43cddfb0, 0x000002ce43cde480, 0x000002ce43e59850, 0x000002ce4414a230,
0x000002ce44149890, 0x000002ce4414a700, 0x000002ce44148a20, 0x000002ce4414b0a0,
0x000002ce4414abd0, 0x000002ce44148ef0
}

Java Threads: ( => current thread )
  0x000002ce32a50200 JavaThread "main" [_thread_blocked, id=8804, stack(0x000000e9f8e00000,0x000000e9f8f00000)]
  0x000002ce3ec4c920 JavaThread "Reference Handler" daemon [_thread_blocked, id=13132, stack(0x000000e9f9500000,0x000000e9f9600000)]
  0x000002ce3ec4de40 JavaThread "Finalizer" daemon [_thread_blocked, id=9200, stack(0x000000e9f9600000,0x000000e9f9700000)]
  0x000002ce3ec933b0 JavaThread "Signal Dispatcher" daemon [_thread_blocked, id=10788, stack(0x000000e9f9800000,0x000000e9f9900000)]
  0x000002ce3ec93f30 JavaThread "Attach Listener" daemon [_thread_blocked, id=13000, stack(0x000000e9f9900000,0x000000e9f9a00000)]
  0x000002ce3ec95250 JavaThread "Service Thread" daemon [_thread_blocked, id=5284, stack(0x000000e9f9a00000,0x000000e9f9b00000)]
  0x000002ce3ec976c0 JavaThread "Monitor Deflation Thread" daemon [_thread_blocked, id=3096, stack(0x000000e9f9b00000,0x000000e9f9c00000)]
  0x000002ce43003dd0 JavaThread "C1 CompilerThread0" daemon [_thread_blocked, id=8624, stack(0x000000e9f9c00000,0x000000e9f9d00000)]
  0x000002ce43005610 JavaThread "Sweeper thread" daemon [_thread_blocked, id=12172, stack(0x000000e9f9d00000,0x000000e9f9e00000)]
  0x000002ce430ec030 JavaThread "Common-Cleaner" daemon [_thread_blocked, id=8616, stack(0x000000e9f9e00000,0x000000e9f9f00000)]
  0x000002ce43146e10 JavaThread "C1 CompilerThread1" daemon [_thread_blocked, id=8292, stack(0x000000e9f9f00000,0x000000e9fa000000)]
  0x000002ce431473d0 JavaThread "C1 CompilerThread2" daemon [_thread_blocked, id=12372, stack(0x000000e9fa000000,0x000000e9fa100000)]
  0x000002ce432015d0 JavaThread "JDWP Transport Listener: dt_socket" daemon [_thread_blocked, id=9592, stack(0x000000e9fa100000,0x000000e9fa200000)]
  0x000002ce43204610 JavaThread "JDWP Event Helper Thread" daemon [_thread_blocked, id=12344, stack(0x000000e9fa200000,0x000000e9fa300000)]
  0x000002ce43206e10 JavaThread "JDWP Command Reader" daemon [_thread_in_native, id=6276, stack(0x000000e9fa300000,0x000000e9fa400000)]
  0x000002ce43b4fb60 JavaThread "Notification Thread" daemon [_thread_blocked, id=12664, stack(0x000000e9fa400000,0x000000e9fa500000)]
  0x000002ce43200e70 JavaThread "RMI TCP Accept-0" daemon [_thread_in_native, id=11452, stack(0x000000e9fa800000,0x000000e9fa900000)]
  0x000002ce43c97270 JavaThread "RMI TCP Accept-55868" daemon [_thread_in_native, id=8812, stack(0x000000e9fa900000,0x000000e9faa00000)]
  0x000002ce43c8c470 JavaThread "RMI TCP Accept-0" daemon [_thread_in_native, id=11680, stack(0x000000e9faa00000,0x000000e9fab00000)]
  0x000002ce43c9d3b0 JavaThread "RMI TCP Connection(1)-127.0.0.1" daemon [_thread_in_native, id=8096, stack(0x000000e9fac00000,0x000000e9fad00000)]
  0x000002ce43cddfb0 JavaThread "RMI TCP Connection(2)-127.0.0.1" daemon [_thread_in_native, id=3904, stack(0x000000e9fad00000,0x000000e9fae00000)]
  0x000002ce43cde480 JavaThread "RMI Scheduler(0)" daemon [_thread_blocked, id=13220, stack(0x000000e9fae00000,0x000000e9faf00000)]
  0x000002ce43e59850 JavaThread "JMX server connection timeout 24" daemon [_thread_blocked, id=496, stack(0x000000e9faf00000,0x000000e9fb000000)]
  0x000002ce4414a230 JavaThread "Thread-0" [_thread_blocked, id=11216, stack(0x000000e9fb000000,0x000000e9fb100000)]
=>0x000002ce44149890 JavaThread "restartedMain" [_thread_in_vm, id=12236, stack(0x000000e9fb100000,0x000000e9fb200000)]
  0x000002ce4414a700 JavaThread "HikariPool-1 housekeeper" daemon [_thread_blocked, id=8792, stack(0x000000e9fb300000,0x000000e9fb400000)]
  0x000002ce44148a20 JavaThread "HikariPool-1 connection adder" daemon [_thread_blocked, id=9756, stack(0x000000e9fb400000,0x000000e9fb500000)]
  0x000002ce4414b0a0 JavaThread "Catalina-utility-1" [_thread_blocked, id=11640, stack(0x000000e9fb500000,0x000000e9fb600000)]
  0x000002ce4414abd0 JavaThread "Catalina-utility-2" [_thread_blocked, id=6800, stack(0x000000e9fb600000,0x000000e9fb700000)]
  0x000002ce44148ef0 JavaThread "container-0" [_thread_blocked, id=10172, stack(0x000000e9fb700000,0x000000e9fb800000)]

Other Threads:
  0x000002ce3ec45640 VMThread "VM Thread" [stack: 0x000000e9f9400000,0x000000e9f9500000] [id=12908]
  0x000002ce32a521a0 WatcherThread [stack: 0x000000e9fab00000,0x000000e9fac00000] [id=12476]
  0x000002ce32a9c580 GCTaskThread "GC Thread#0" [stack: 0x000000e9f8f00000,0x000000e9f9000000] [id=10720]
  0x000002ce43bfa560 GCTaskThread "GC Thread#1" [stack: 0x000000e9fa500000,0x000000e9fa600000] [id=10416]
  0x000002ce43c25800 GCTaskThread "GC Thread#2" [stack: 0x000000e9fa600000,0x000000e9fa700000] [id=11340]
  0x000002ce43c25ab0 GCTaskThread "GC Thread#3" [stack: 0x000000e9fa700000,0x000000e9fa800000] [id=12444]
  0x000002ce32aaa160 ConcurrentGCThread "G1 Main Marker" [stack: 0x000000e9f9000000,0x000000e9f9100000] [id=2616]
  0x000002ce32aaaa80 ConcurrentGCThread "G1 Conc#0" [stack: 0x000000e9f9100000,0x000000e9f9200000] [id=3964]
  0x000002ce32b0a970 ConcurrentGCThread "G1 Refine#0" [stack: 0x000000e9f9200000,0x000000e9f9300000] [id=9056]
  0x000002ce32b0b2a0 ConcurrentGCThread "G1 Service" [stack: 0x000000e9f9300000,0x000000e9f9400000] [id=9604]

Threads with active compile tasks:

VM state: not at safepoint (normal execution)

VM Mutex/Monitor currently owned by a thread:  ([mutex/lock_event])
[0x000002ce32a4b040] Metaspace_lock - owner thread: 0x000002ce44149890

Heap address: 0x00000000a1400000, size: 1516 MB, Compressed Oops mode: 32-bit

CDS archive(s) not mapped
Compressed class space mapped at: 0x0000000100000000-0x0000000140000000, reserved size: 1073741824
Narrow klass base: 0x0000000000000000, Narrow klass shift: 3, Narrow klass range: 0x140000000

GC Precious Log:
 CPUs: 4 total, 4 available
 Memory: 6058M
 Large Page Support: Disabled
 NUMA Support: Disabled
 Compressed Oops: Enabled (32-bit)
 Heap Region Size: 1M
 Heap Min Capacity: 8M
 Heap Initial Capacity: 96M
 Heap Max Capacity: 1516M
 Pre-touch: Disabled
 Parallel Workers: 4
 Concurrent Workers: 1
 Concurrent Refinement Workers: 4
 Periodic GC: Disabled

Heap:
 garbage-first heap   total 99328K, used 36189K [0x00000000a1400000, 0x0000000100000000)
  region size 1024K, 14 young (14336K), 5 survivors (5120K)
 Metaspace       used 64404K, committed 64768K, reserved 1114112K
  class space    used 8528K, committed 8704K, reserved 1048576K

Heap Regions: E=young(eden), S=young(survivor), O=old, HS=humongous(starts), HC=humongous(continues), CS=collection set, F=free, OA=open archive, CA=closed archive, TAMS=top-at-mark-start (previous, next)
|   0|0x00000000a1400000, 0x00000000a1500000, 0x00000000a1500000|100%|HS|  |TAMS 0x00000000a1500000, 0x00000000a1400000| Complete 
|   1|0x00000000a1500000, 0x00000000a1600000, 0x00000000a1600000|100%| O|  |TAMS 0x00000000a1600000, 0x00000000a1500000| Untracked 
|   2|0x00000000a1600000, 0x00000000a1700000, 0x00000000a1700000|100%| O|  |TAMS 0x00000000a1700000, 0x00000000a1600000| Untracked 
|   3|0x00000000a1700000, 0x00000000a1800000, 0x00000000a1800000|100%| O|  |TAMS 0x00000000a1800000, 0x00000000a1700000| Untracked 
|   4|0x00000000a1800000, 0x00000000a1900000, 0x00000000a1900000|100%| O|  |TAMS 0x00000000a1900000, 0x00000000a1800000| Untracked 
|   5|0x00000000a1900000, 0x00000000a1a00000, 0x00000000a1a00000|100%| O|  |TAMS 0x00000000a1a00000, 0x00000000a1900000| Untracked 
|   6|0x00000000a1a00000, 0x00000000a1b00000, 0x00000000a1b00000|100%| O|  |TAMS 0x00000000a1b00000, 0x00000000a1a00000| Untracked 
|   7|0x00000000a1b00000, 0x00000000a1c00000, 0x00000000a1c00000|100%| O|  |TAMS 0x00000000a1c00000, 0x00000000a1b00000| Untracked 
|   8|0x00000000a1c00000, 0x00000000a1d00000, 0x00000000a1d00000|100%| O|  |TAMS 0x00000000a1d00000, 0x00000000a1c00000| Untracked 
|   9|0x00000000a1d00000, 0x00000000a1e00000, 0x00000000a1e00000|100%| O|  |TAMS 0x00000000a1e00000, 0x00000000a1d00000| Untracked 
|  10|0x00000000a1e00000, 0x00000000a1f00000, 0x00000000a1f00000|100%| O|  |TAMS 0x00000000a1f00000, 0x00000000a1e00000| Untracked 
|  11|0x00000000a1f00000, 0x00000000a2000000, 0x00000000a2000000|100%| O|  |TAMS 0x00000000a2000000, 0x00000000a1f00000| Untracked 
|  12|0x00000000a2000000, 0x00000000a2100000, 0x00000000a2100000|100%| O|  |TAMS 0x00000000a2100000, 0x00000000a2000000| Untracked 
|  13|0x00000000a2100000, 0x00000000a2200000, 0x00000000a2200000|100%| O|  |TAMS 0x00000000a2200000, 0x00000000a2100000| Untracked 
|  14|0x00000000a2200000, 0x00000000a2300000, 0x00000000a2300000|100%| O|  |TAMS 0x00000000a2300000, 0x00000000a2200000| Untracked 
|  15|0x00000000a2300000, 0x00000000a2400000, 0x00000000a2400000|100%| O|  |TAMS 0x00000000a2400000, 0x00000000a2300000| Untracked 
|  16|0x00000000a2400000, 0x00000000a2500000, 0x00000000a2500000|100%| O|  |TAMS 0x00000000a2500000, 0x00000000a2400000| Untracked 
|  17|0x00000000a2500000, 0x00000000a2600000, 0x00000000a2600000|100%| O|  |TAMS 0x00000000a2600000, 0x00000000a2500000| Untracked 
|  18|0x00000000a2600000, 0x00000000a2700000, 0x00000000a2700000|100%| O|  |TAMS 0x00000000a2700000, 0x00000000a2600000| Untracked 
|  19|0x00000000a2700000, 0x00000000a2800000, 0x00000000a2800000|100%| O|  |TAMS 0x00000000a2800000, 0x00000000a2700000| Untracked 
|  20|0x00000000a2800000, 0x00000000a2900000, 0x00000000a2900000|100%| O|  |TAMS 0x00000000a28d7e00, 0x00000000a2800000| Untracked 
|  21|0x00000000a2900000, 0x00000000a2a00000, 0x00000000a2a00000|100%| O|  |TAMS 0x00000000a2900000, 0x00000000a2900000| Untracked 
|  22|0x00000000a2a00000, 0x00000000a2a57600, 0x00000000a2b00000| 34%| O|  |TAMS 0x00000000a2a00000, 0x00000000a2a00000| Untracked 
|  23|0x00000000a2b00000, 0x00000000a2b00000, 0x00000000a2c00000|  0%| F|  |TAMS 0x00000000a2b00000, 0x00000000a2b00000| Untracked 
|  24|0x00000000a2c00000, 0x00000000a2c00000, 0x00000000a2d00000|  0%| F|  |TAMS 0x00000000a2c00000, 0x00000000a2c00000| Untracked 
|  25|0x00000000a2d00000, 0x00000000a2d00000, 0x00000000a2e00000|  0%| F|  |TAMS 0x00000000a2d00000, 0x00000000a2d00000| Untracked 
|  26|0x00000000a2e00000, 0x00000000a2e00000, 0x00000000a2f00000|  0%| F|  |TAMS 0x00000000a2e00000, 0x00000000a2e00000| Untracked 
|  27|0x00000000a2f00000, 0x00000000a2f00000, 0x00000000a3000000|  0%| F|  |TAMS 0x00000000a2f00000, 0x00000000a2f00000| Untracked 
|  28|0x00000000a3000000, 0x00000000a3000000, 0x00000000a3100000|  0%| F|  |TAMS 0x00000000a3000000, 0x00000000a3000000| Untracked 
|  29|0x00000000a3100000, 0x00000000a3100000, 0x00000000a3200000|  0%| F|  |TAMS 0x00000000a3100000, 0x00000000a3100000| Untracked 
|  30|0x00000000a3200000, 0x00000000a3200000, 0x00000000a3300000|  0%| F|  |TAMS 0x00000000a3200000, 0x00000000a3200000| Untracked 
|  31|0x00000000a3300000, 0x00000000a3300000, 0x00000000a3400000|  0%| F|  |TAMS 0x00000000a3300000, 0x00000000a3300000| Untracked 
|  32|0x00000000a3400000, 0x00000000a3400000, 0x00000000a3500000|  0%| F|  |TAMS 0x00000000a3400000, 0x00000000a3400000| Untracked 
|  33|0x00000000a3500000, 0x00000000a3500000, 0x00000000a3600000|  0%| F|  |TAMS 0x00000000a3500000, 0x00000000a3500000| Untracked 
|  34|0x00000000a3600000, 0x00000000a3700000, 0x00000000a3700000|100%| S|CS|TAMS 0x00000000a3600000, 0x00000000a3600000| Complete 
|  35|0x00000000a3700000, 0x00000000a3800000, 0x00000000a3800000|100%| S|CS|TAMS 0x00000000a3700000, 0x00000000a3700000| Complete 
|  36|0x00000000a3800000, 0x00000000a3900000, 0x00000000a3900000|100%| S|CS|TAMS 0x00000000a3800000, 0x00000000a3800000| Complete 
|  37|0x00000000a3900000, 0x00000000a3a00000, 0x00000000a3a00000|100%| S|CS|TAMS 0x00000000a3900000, 0x00000000a3900000| Complete 
|  38|0x00000000a3a00000, 0x00000000a3b00000, 0x00000000a3b00000|100%| S|CS|TAMS 0x00000000a3a00000, 0x00000000a3a00000| Complete 
|  39|0x00000000a3b00000, 0x00000000a3b00000, 0x00000000a3c00000|  0%| F|  |TAMS 0x00000000a3b00000, 0x00000000a3b00000| Untracked 
|  40|0x00000000a3c00000, 0x00000000a3c00000, 0x00000000a3d00000|  0%| F|  |TAMS 0x00000000a3c00000, 0x00000000a3c00000| Untracked 
|  41|0x00000000a3d00000, 0x00000000a3d00000, 0x00000000a3e00000|  0%| F|  |TAMS 0x00000000a3d00000, 0x00000000a3d00000| Untracked 
|  42|0x00000000a3e00000, 0x00000000a3e00000, 0x00000000a3f00000|  0%| F|  |TAMS 0x00000000a3e00000, 0x00000000a3e00000| Untracked 
|  43|0x00000000a3f00000, 0x00000000a3f00000, 0x00000000a4000000|  0%| F|  |TAMS 0x00000000a3f00000, 0x00000000a3f00000| Untracked 
|  44|0x00000000a4000000, 0x00000000a4000000, 0x00000000a4100000|  0%| F|  |TAMS 0x00000000a4000000, 0x00000000a4000000| Untracked 
|  45|0x00000000a4100000, 0x00000000a4100000, 0x00000000a4200000|  0%| F|  |TAMS 0x00000000a4100000, 0x00000000a4100000| Untracked 
|  46|0x00000000a4200000, 0x00000000a4200000, 0x00000000a4300000|  0%| F|  |TAMS 0x00000000a4200000, 0x00000000a4200000| Untracked 
|  47|0x00000000a4300000, 0x00000000a4300000, 0x00000000a4400000|  0%| F|  |TAMS 0x00000000a4300000, 0x00000000a4300000| Untracked 
|  48|0x00000000a4400000, 0x00000000a4400000, 0x00000000a4500000|  0%| F|  |TAMS 0x00000000a4400000, 0x00000000a4400000| Untracked 
|  49|0x00000000a4500000, 0x00000000a4500000, 0x00000000a4600000|  0%| F|  |TAMS 0x00000000a4500000, 0x00000000a4500000| Untracked 
|  50|0x00000000a4600000, 0x00000000a4600000, 0x00000000a4700000|  0%| F|  |TAMS 0x00000000a4600000, 0x00000000a4600000| Untracked 
|  51|0x00000000a4700000, 0x00000000a4700000, 0x00000000a4800000|  0%| F|  |TAMS 0x00000000a4700000, 0x00000000a4700000| Untracked 
|  52|0x00000000a4800000, 0x00000000a4800000, 0x00000000a4900000|  0%| F|  |TAMS 0x00000000a4800000, 0x00000000a4800000| Untracked 
|  53|0x00000000a4900000, 0x00000000a4900000, 0x00000000a4a00000|  0%| F|  |TAMS 0x00000000a4900000, 0x00000000a4900000| Untracked 
|  54|0x00000000a4a00000, 0x00000000a4a00000, 0x00000000a4b00000|  0%| F|  |TAMS 0x00000000a4a00000, 0x00000000a4a00000| Untracked 
|  55|0x00000000a4b00000, 0x00000000a4b00000, 0x00000000a4c00000|  0%| F|  |TAMS 0x00000000a4b00000, 0x00000000a4b00000| Untracked 
|  56|0x00000000a4c00000, 0x00000000a4c00000, 0x00000000a4d00000|  0%| F|  |TAMS 0x00000000a4c00000, 0x00000000a4c00000| Untracked 
|  57|0x00000000a4d00000, 0x00000000a4d00000, 0x00000000a4e00000|  0%| F|  |TAMS 0x00000000a4d00000, 0x00000000a4d00000| Untracked 
|  58|0x00000000a4e00000, 0x00000000a4e00000, 0x00000000a4f00000|  0%| F|  |TAMS 0x00000000a4e00000, 0x00000000a4e00000| Untracked 
|  59|0x00000000a4f00000, 0x00000000a4f00000, 0x00000000a5000000|  0%| F|  |TAMS 0x00000000a4f00000, 0x00000000a4f00000| Untracked 
|  60|0x00000000a5000000, 0x00000000a5000000, 0x00000000a5100000|  0%| F|  |TAMS 0x00000000a5000000, 0x00000000a5000000| Untracked 
|  61|0x00000000a5100000, 0x00000000a5100000, 0x00000000a5200000|  0%| F|  |TAMS 0x00000000a5100000, 0x00000000a5100000| Untracked 
|  62|0x00000000a5200000, 0x00000000a5200000, 0x00000000a5300000|  0%| F|  |TAMS 0x00000000a5200000, 0x00000000a5200000| Untracked 
|  63|0x00000000a5300000, 0x00000000a5300000, 0x00000000a5400000|  0%| F|  |TAMS 0x00000000a5300000, 0x00000000a5300000| Untracked 
|  64|0x00000000a5400000, 0x00000000a5400000, 0x00000000a5500000|  0%| F|  |TAMS 0x00000000a5400000, 0x00000000a5400000| Untracked 
|  65|0x00000000a5500000, 0x00000000a5500000, 0x00000000a5600000|  0%| F|  |TAMS 0x00000000a5500000, 0x00000000a5500000| Untracked 
|  66|0x00000000a5600000, 0x00000000a5600000, 0x00000000a5700000|  0%| F|  |TAMS 0x00000000a5600000, 0x00000000a5600000| Untracked 
|  67|0x00000000a5700000, 0x00000000a5700000, 0x00000000a5800000|  0%| F|  |TAMS 0x00000000a5700000, 0x00000000a5700000| Untracked 
|  68|0x00000000a5800000, 0x00000000a5800000, 0x00000000a5900000|  0%| F|  |TAMS 0x00000000a5800000, 0x00000000a5800000| Untracked 
|  69|0x00000000a5900000, 0x00000000a5900000, 0x00000000a5a00000|  0%| F|  |TAMS 0x00000000a5900000, 0x00000000a5900000| Untracked 
|  70|0x00000000a5a00000, 0x00000000a5a00000, 0x00000000a5b00000|  0%| F|  |TAMS 0x00000000a5a00000, 0x00000000a5a00000| Untracked 
|  71|0x00000000a5b00000, 0x00000000a5b00000, 0x00000000a5c00000|  0%| F|  |TAMS 0x00000000a5b00000, 0x00000000a5b00000| Untracked 
|  72|0x00000000a5c00000, 0x00000000a5c00000, 0x00000000a5d00000|  0%| F|  |TAMS 0x00000000a5c00000, 0x00000000a5c00000| Untracked 
|  73|0x00000000a5d00000, 0x00000000a5d00000, 0x00000000a5e00000|  0%| F|  |TAMS 0x00000000a5d00000, 0x00000000a5d00000| Untracked 
|  74|0x00000000a5e00000, 0x00000000a5e00000, 0x00000000a5f00000|  0%| F|  |TAMS 0x00000000a5e00000, 0x00000000a5e00000| Untracked 
|  75|0x00000000a5f00000, 0x00000000a5f00000, 0x00000000a6000000|  0%| F|  |TAMS 0x00000000a5f00000, 0x00000000a5f00000| Untracked 
|  76|0x00000000a6000000, 0x00000000a6000000, 0x00000000a6100000|  0%| F|  |TAMS 0x00000000a6000000, 0x00000000a6000000| Untracked 
|  77|0x00000000a6100000, 0x00000000a6100000, 0x00000000a6200000|  0%| F|  |TAMS 0x00000000a6100000, 0x00000000a6100000| Untracked 
|  78|0x00000000a6200000, 0x00000000a6200000, 0x00000000a6300000|  0%| F|  |TAMS 0x00000000a6200000, 0x00000000a6200000| Untracked 
|  79|0x00000000a6300000, 0x00000000a6300000, 0x00000000a6400000|  0%| F|  |TAMS 0x00000000a6300000, 0x00000000a6300000| Untracked 
|  80|0x00000000a6400000, 0x00000000a6400000, 0x00000000a6500000|  0%| F|  |TAMS 0x00000000a6400000, 0x00000000a6400000| Untracked 
|  81|0x00000000a6500000, 0x00000000a6500000, 0x00000000a6600000|  0%| F|  |TAMS 0x00000000a6500000, 0x00000000a6500000| Untracked 
|  82|0x00000000a6600000, 0x00000000a6600000, 0x00000000a6700000|  0%| F|  |TAMS 0x00000000a6600000, 0x00000000a6600000| Untracked 
|  83|0x00000000a6700000, 0x00000000a6700000, 0x00000000a6800000|  0%| F|  |TAMS 0x00000000a6700000, 0x00000000a6700000| Untracked 
|  84|0x00000000a6800000, 0x00000000a6800000, 0x00000000a6900000|  0%| F|  |TAMS 0x00000000a6800000, 0x00000000a6800000| Untracked 
|  85|0x00000000a6900000, 0x00000000a6900000, 0x00000000a6a00000|  0%| F|  |TAMS 0x00000000a6900000, 0x00000000a6900000| Untracked 
|  86|0x00000000a6a00000, 0x00000000a6a00000, 0x00000000a6b00000|  0%| F|  |TAMS 0x00000000a6a00000, 0x00000000a6a00000| Untracked 
|  87|0x00000000a6b00000, 0x00000000a6b00000, 0x00000000a6c00000|  0%| F|  |TAMS 0x00000000a6b00000, 0x00000000a6b00000| Untracked 
|  88|0x00000000a6c00000, 0x00000000a6c81ff0, 0x00000000a6d00000| 50%| E|  |TAMS 0x00000000a6c00000, 0x00000000a6c00000| Complete 
|  89|0x00000000a6d00000, 0x00000000a6e00000, 0x00000000a6e00000|100%| E|CS|TAMS 0x00000000a6d00000, 0x00000000a6d00000| Complete 
|  90|0x00000000a6e00000, 0x00000000a6f00000, 0x00000000a6f00000|100%| E|CS|TAMS 0x00000000a6e00000, 0x00000000a6e00000| Complete 
|  91|0x00000000a6f00000, 0x00000000a7000000, 0x00000000a7000000|100%| E|CS|TAMS 0x00000000a6f00000, 0x00000000a6f00000| Complete 
|  92|0x00000000a7000000, 0x00000000a7100000, 0x00000000a7100000|100%| E|CS|TAMS 0x00000000a7000000, 0x00000000a7000000| Complete 
|  93|0x00000000a7100000, 0x00000000a7200000, 0x00000000a7200000|100%| E|CS|TAMS 0x00000000a7100000, 0x00000000a7100000| Complete 
|  94|0x00000000a7200000, 0x00000000a7300000, 0x00000000a7300000|100%| E|CS|TAMS 0x00000000a7200000, 0x00000000a7200000| Complete 
| 100|0x00000000a7800000, 0x00000000a7900000, 0x00000000a7900000|100%| E|CS|TAMS 0x00000000a7800000, 0x00000000a7800000| Complete 
| 101|0x00000000a7900000, 0x00000000a7a00000, 0x00000000a7a00000|100%| E|CS|TAMS 0x00000000a7900000, 0x00000000a7900000| Complete 

Card table byte_map: [0x000002ce39100000,0x000002ce39400000] _byte_map_base: 0x000002ce38bf6000

Marking Bits (Prev, Next): (CMBitMap*) 0x000002ce32a9daf0, (CMBitMap*) 0x000002ce32a9dab0
 Prev Bits: [0x000002ce3aeb0000, 0x000002ce3c660000)
 Next Bits: [0x000002ce39700000, 0x000002ce3aeb0000)

Polling page: 0x000002ce309c0000

Metaspace:

Usage:
  Non-class:     54.57 MB used.
      Class:      8.33 MB used.
       Both:     62.89 MB used.

Virtual space:
  Non-class space:       64.00 MB reserved,      54.75 MB ( 86%) committed,  1 nodes.
      Class space:        1.00 GB reserved,       8.50 MB ( <1%) committed,  1 nodes.
             Both:        1.06 GB reserved,      63.25 MB (  6%) committed. 

Chunk freelists:
   Non-Class:  8.92 MB
       Class:  7.33 MB
        Both:  16.25 MB

MaxMetaspaceSize: unlimited
CompressedClassSpaceSize: 1.00 GB
Initial GC threshold: 21.00 MB
Current GC threshold: 98.38 MB
CDS: off
MetaspaceReclaimPolicy: balanced
 - commit_granule_bytes: 65536.
 - commit_granule_words: 8192.
 - virtual_space_node_default_size: 8388608.
 - enlarge_chunks_in_place: 1.
 - new_chunks_are_fully_committed: 0.
 - uncommit_free_chunks: 1.
 - use_allocation_guard: 0.
 - handle_deallocations: 1.


Internal statistics:

num_allocs_failed_limit: 9.
num_arena_births: 480.
num_arena_deaths: 0.
num_vsnodes_births: 2.
num_vsnodes_deaths: 0.
num_space_committed: 1012.
num_space_uncommitted: 0.
num_chunks_returned_to_freelist: 9.
num_chunks_taken_from_freelist: 2488.
num_chunk_merges: 9.
num_chunk_splits: 1791.
num_chunks_enlarged: 1394.
num_inconsistent_stats: 0.

CodeCache: size=49152Kb used=12911Kb max_used=13223Kb free=36240Kb
 bounds [0x000002ce36100000, 0x000002ce36df0000, 0x000002ce39100000]
 total_blobs=7062 nmethods=6469 adapters=517
 compilation: enabled
              stopped_count=0, restarted_count=0
 full_count=0

Compilation events (20 events):
Event: 13.356 Thread 0x000002ce43003dd0 6557       1       org.springframework.data.mapping.model.Property::getField (5 bytes)
Event: 13.356 Thread 0x000002ce43003dd0 nmethod 6557 0x000002ce36880090 code [0x000002ce36880220, 0x000002ce368802f8]
Event: 13.358 Thread 0x000002ce431473d0 6558       1       java.util.regex.Pattern::compile (10 bytes)
Event: 13.358 Thread 0x000002ce431473d0 nmethod 6558 0x000002ce3687fd10 code [0x000002ce3687fea0, 0x000002ce3687ffe8]
Event: 13.359 Thread 0x000002ce43146e10 6559       1       java.util.regex.Matcher::matches (10 bytes)
Event: 13.359 Thread 0x000002ce43146e10 nmethod 6559 0x000002ce3687fa10 code [0x000002ce3687fba0, 0x000002ce3687fca8]
Event: 13.361 Thread 0x000002ce43146e10 6560       1       org.springframework.data.jpa.mapping.JpaPersistentPropertyImpl$$Lambda$1023/0x00000001008599d8::test (12 bytes)
Event: 13.362 Thread 0x000002ce43146e10 nmethod 6560 0x000002ce3649a990 code [0x000002ce3649ab20, 0x000002ce3649ac88]
Event: 13.432 Thread 0x000002ce43146e10 6561       1       org.springframework.data.repository.core.support.DefaultRepositoryInformation$$Lambda$1075/0x00000001008684c0::test (12 bytes)
Event: 13.432 Thread 0x000002ce43146e10 nmethod 6561 0x000002ce3649a590 code [0x000002ce3649a720, 0x000002ce3649a868]
Event: 13.433 Thread 0x000002ce43003dd0 6562       1       org.springframework.data.repository.core.support.DefaultRepositoryInformation::lambda$isQueryMethod$0 (6 bytes)
Event: 13.433 Thread 0x000002ce43003dd0 nmethod 6562 0x000002ce3649a210 code [0x000002ce3649a3a0, 0x000002ce3649a488]
Event: 13.434 Thread 0x000002ce431473d0 6563       1       org.springframework.data.util.Streamable::of (18 bytes)
Event: 13.434 Thread 0x000002ce431473d0 nmethod 6563 0x000002ce36499c10 code [0x000002ce36499dc0, 0x000002ce36499fd8]
Event: 13.435 Thread 0x000002ce43146e10 6564       1       org.springframework.data.util.Streamable$$Lambda$527/0x000000010047f2c0::<init> (10 bytes)
Event: 13.435 Thread 0x000002ce43146e10 nmethod 6564 0x000002ce3687f710 code [0x000002ce3687f8a0, 0x000002ce3687f9b8]
Event: 13.435 Thread 0x000002ce43003dd0 6565       1       org.springframework.data.repository.core.support.DefaultRepositoryInformation::getQueryMethods (77 bytes)
Event: 13.436 Thread 0x000002ce43003dd0 nmethod 6565 0x000002ce365f0610 code [0x000002ce365f0860, 0x000002ce365f0ec8]
Event: 13.454 Thread 0x000002ce43003dd0 6566       1       java.util.logging.Logger::log (25 bytes)
Event: 13.457 Thread 0x000002ce43003dd0 nmethod 6566 0x000002ce36499710 code [0x000002ce364998c0, 0x000002ce36499ab8]

GC Heap History (20 events):
Event: 5.324 GC heap before
{Heap before GC invocations=11 (full 0):
 garbage-first heap   total 81920K, used 24939K [0x00000000a1400000, 0x0000000100000000)
  region size 1024K, 15 young (15360K), 5 survivors (5120K)
 Metaspace       used 35797K, committed 36096K, reserved 1114112K
  class space    used 4339K, committed 4480K, reserved 1048576K
}
Event: 5.331 GC heap after
{Heap after GC invocations=12 (full 0):
 garbage-first heap   total 81920K, used 16245K [0x00000000a1400000, 0x0000000100000000)
  region size 1024K, 4 young (4096K), 4 survivors (4096K)
 Metaspace       used 35797K, committed 36096K, reserved 1114112K
  class space    used 4339K, committed 4480K, reserved 1048576K
}
Event: 6.091 GC heap before
{Heap before GC invocations=13 (full 0):
 garbage-first heap   total 65536K, used 51061K [0x00000000a1400000, 0x0000000100000000)
  region size 1024K, 38 young (38912K), 4 survivors (4096K)
 Metaspace       used 37976K, committed 38272K, reserved 1114112K
  class space    used 4667K, committed 4800K, reserved 1048576K
}
Event: 6.098 GC heap after
{Heap after GC invocations=14 (full 0):
 garbage-first heap   total 65536K, used 17141K [0x00000000a1400000, 0x0000000100000000)
  region size 1024K, 4 young (4096K), 4 survivors (4096K)
 Metaspace       used 37976K, committed 38272K, reserved 1114112K
  class space    used 4667K, committed 4800K, reserved 1048576K
}
Event: 6.126 GC heap before
{Heap before GC invocations=14 (full 0):
 garbage-first heap   total 65536K, used 18165K [0x00000000a1400000, 0x0000000100000000)
  region size 1024K, 5 young (5120K), 4 survivors (4096K)
 Metaspace       used 38102K, committed 38464K, reserved 1114112K
  class space    used 4684K, committed 4864K, reserved 1048576K
}
Event: 6.131 GC heap after
{Heap after GC invocations=15 (full 0):
 garbage-first heap   total 65536K, used 17484K [0x00000000a1400000, 0x0000000100000000)
  region size 1024K, 1 young (1024K), 1 survivors (1024K)
 Metaspace       used 38102K, committed 38464K, reserved 1114112K
  class space    used 4684K, committed 4864K, reserved 1048576K
}
Event: 6.839 GC heap before
{Heap before GC invocations=15 (full 0):
 garbage-first heap   total 65536K, used 52300K [0x00000000a1400000, 0x0000000100000000)
  region size 1024K, 35 young (35840K), 1 survivors (1024K)
 Metaspace       used 40879K, committed 41216K, reserved 1114112K
  class space    used 5139K, committed 5248K, reserved 1048576K
}
Event: 6.845 GC heap after
{Heap after GC invocations=16 (full 0):
 garbage-first heap   total 104448K, used 19274K [0x00000000a1400000, 0x0000000100000000)
  region size 1024K, 3 young (3072K), 3 survivors (3072K)
 Metaspace       used 40879K, committed 41216K, reserved 1114112K
  class space    used 5139K, committed 5248K, reserved 1048576K
}
Event: 8.153 GC heap before
{Heap before GC invocations=16 (full 0):
 garbage-first heap   total 104448K, used 78666K [0x00000000a1400000, 0x0000000100000000)
  region size 1024K, 61 young (62464K), 3 survivors (3072K)
 Metaspace       used 46154K, committed 46528K, reserved 1114112K
  class space    used 5740K, committed 5952K, reserved 1048576K
}
Event: 8.162 GC heap after
{Heap after GC invocations=17 (full 0):
 garbage-first heap   total 104448K, used 21566K [0x00000000a1400000, 0x0000000100000000)
  region size 1024K, 5 young (5120K), 5 survivors (5120K)
 Metaspace       used 46154K, committed 46528K, reserved 1114112K
  class space    used 5740K, committed 5952K, reserved 1048576K
}
Event: 9.175 GC heap before
{Heap before GC invocations=17 (full 0):
 garbage-first heap   total 104448K, used 78910K [0x00000000a1400000, 0x0000000100000000)
  region size 1024K, 61 young (62464K), 5 survivors (5120K)
 Metaspace       used 51418K, committed 51776K, reserved 1114112K
  class space    used 6621K, committed 6784K, reserved 1048576K
}
Event: 9.186 GC heap after
{Heap after GC invocations=18 (full 0):
 garbage-first heap   total 104448K, used 23110K [0x00000000a1400000, 0x0000000100000000)
  region size 1024K, 4 young (4096K), 4 survivors (4096K)
 Metaspace       used 51418K, committed 51776K, reserved 1114112K
  class space    used 6621K, committed 6784K, reserved 1048576K
}
Event: 10.216 GC heap before
{Heap before GC invocations=18 (full 0):
 garbage-first heap   total 104448K, used 81478K [0x00000000a1400000, 0x0000000100000000)
  region size 1024K, 61 young (62464K), 4 survivors (4096K)
 Metaspace       used 56361K, committed 56768K, reserved 1114112K
  class space    used 7286K, committed 7488K, reserved 1048576K
}
Event: 10.230 GC heap after
{Heap after GC invocations=19 (full 0):
 garbage-first heap   total 104448K, used 25158K [0x00000000a1400000, 0x0000000100000000)
  region size 1024K, 6 young (6144K), 6 survivors (6144K)
 Metaspace       used 56361K, committed 56768K, reserved 1114112K
  class space    used 7286K, committed 7488K, reserved 1048576K
}
Event: 11.110 GC heap before
{Heap before GC invocations=19 (full 0):
 garbage-first heap   total 104448K, used 81478K [0x00000000a1400000, 0x0000000100000000)
  region size 1024K, 61 young (62464K), 6 survivors (6144K)
 Metaspace       used 58859K, committed 59264K, reserved 1114112K
  class space    used 7751K, committed 7936K, reserved 1048576K
}
Event: 11.122 GC heap after
{Heap after GC invocations=20 (full 0):
 garbage-first heap   total 104448K, used 26229K [0x00000000a1400000, 0x0000000100000000)
  region size 1024K, 5 young (5120K), 5 survivors (5120K)
 Metaspace       used 58859K, committed 59264K, reserved 1114112K
  class space    used 7751K, committed 7936K, reserved 1048576K
}
Event: 11.385 GC heap before
{Heap before GC invocations=20 (full 0):
 garbage-first heap   total 104448K, used 40565K [0x00000000a1400000, 0x0000000100000000)
  region size 1024K, 20 young (20480K), 5 survivors (5120K)
 Metaspace       used 59894K, committed 60288K, reserved 1114112K
  class space    used 7903K, committed 8064K, reserved 1048576K
}
Event: 11.394 GC heap after
{Heap after GC invocations=21 (full 0):
 garbage-first heap   total 104448K, used 26619K [0x00000000a1400000, 0x0000000100000000)
  region size 1024K, 4 young (4096K), 4 survivors (4096K)
 Metaspace       used 59894K, committed 60288K, reserved 1114112K
  class space    used 7903K, committed 8064K, reserved 1048576K
}
Event: 13.058 GC heap before
{Heap before GC invocations=22 (full 0):
 garbage-first heap   total 99328K, used 81915K [0x00000000a1400000, 0x0000000100000000)
  region size 1024K, 58 young (59392K), 4 survivors (4096K)
 Metaspace       used 64253K, committed 64704K, reserved 1114112K
  class space    used 8504K, committed 8704K, reserved 1048576K
}
Event: 13.069 GC heap after
{Heap after GC invocations=23 (full 0):
 garbage-first heap   total 99328K, used 27997K [0x00000000a1400000, 0x0000000100000000)
  region size 1024K, 5 young (5120K), 5 survivors (5120K)
 Metaspace       used 64253K, committed 64704K, reserved 1114112K
  class space    used 8504K, committed 8704K, reserved 1048576K
}

Dll operation events (11 events):
Event: 0.035 Loaded shared library C:\Program Files (x86)\sts-4.19.1.RELEASE\plugins\org.eclipse.justj.openjdk.hotspot.jre.full.win32.x86_64_17.0.7.v20230425-1502\jre\bin\java.dll
Event: 0.511 Loaded shared library C:\Program Files (x86)\sts-4.19.1.RELEASE\plugins\org.eclipse.justj.openjdk.hotspot.jre.full.win32.x86_64_17.0.7.v20230425-1502\jre\bin\zip.dll
Event: 0.517 Loaded shared library C:\Program Files (x86)\sts-4.19.1.RELEASE\plugins\org.eclipse.justj.openjdk.hotspot.jre.full.win32.x86_64_17.0.7.v20230425-1502\jre\bin\instrument.dll
Event: 0.543 Loaded shared library C:\Program Files (x86)\sts-4.19.1.RELEASE\plugins\org.eclipse.justj.openjdk.hotspot.jre.full.win32.x86_64_17.0.7.v20230425-1502\jre\bin\net.dll
Event: 0.544 Loaded shared library C:\Program Files (x86)\sts-4.19.1.RELEASE\plugins\org.eclipse.justj.openjdk.hotspot.jre.full.win32.x86_64_17.0.7.v20230425-1502\jre\bin\nio.dll
Event: 0.555 Loaded shared library C:\Program Files (x86)\sts-4.19.1.RELEASE\plugins\org.eclipse.justj.openjdk.hotspot.jre.full.win32.x86_64_17.0.7.v20230425-1502\jre\bin\zip.dll
Event: 0.807 Loaded shared library C:\Program Files (x86)\sts-4.19.1.RELEASE\plugins\org.eclipse.justj.openjdk.hotspot.jre.full.win32.x86_64_17.0.7.v20230425-1502\jre\bin\jimage.dll
Event: 0.897 Loaded shared library C:\Program Files (x86)\sts-4.19.1.RELEASE\plugins\org.eclipse.justj.openjdk.hotspot.jre.full.win32.x86_64_17.0.7.v20230425-1502\jre\bin\management.dll
Event: 0.919 Loaded shared library C:\Program Files (x86)\sts-4.19.1.RELEASE\plugins\org.eclipse.justj.openjdk.hotspot.jre.full.win32.x86_64_17.0.7.v20230425-1502\jre\bin\management_ext.dll
Event: 1.383 Loaded shared library C:\Program Files (x86)\sts-4.19.1.RELEASE\plugins\org.eclipse.justj.openjdk.hotspot.jre.full.win32.x86_64_17.0.7.v20230425-1502\jre\bin\verify.dll
Event: 7.038 Loaded shared library C:\Program Files (x86)\sts-4.19.1.RELEASE\plugins\org.eclipse.justj.openjdk.hotspot.jre.full.win32.x86_64_17.0.7.v20230425-1502\jre\bin\sunmscapi.dll

Deoptimization events (20 events):
Event: 13.285 Thread 0x000002ce44149890 DEOPT PACKING pc=0x000002ce364fd4d4 sp=0x000000e9fb1fa5e0
Event: 13.285 Thread 0x000002ce44149890 DEOPT UNPACKING pc=0x000002ce36157143 sp=0x000000e9fb1f9ad0 mode 1
Event: 13.285 Thread 0x000002ce44149890 DEOPT PACKING pc=0x000002ce365556fc sp=0x000000e9fb1fa750
Event: 13.285 Thread 0x000002ce44149890 DEOPT UNPACKING pc=0x000002ce36157143 sp=0x000000e9fb1f9c08 mode 1
Event: 13.285 Thread 0x000002ce44149890 DEOPT PACKING pc=0x000002ce364fd4d4 sp=0x000000e9fb1fb140
Event: 13.285 Thread 0x000002ce44149890 DEOPT UNPACKING pc=0x000002ce36157143 sp=0x000000e9fb1fa630 mode 1
Event: 13.285 Thread 0x000002ce44149890 DEOPT PACKING pc=0x000002ce3679641c sp=0x000000e9fb1fb180
Event: 13.285 Thread 0x000002ce44149890 DEOPT UNPACKING pc=0x000002ce36157143 sp=0x000000e9fb1fa650 mode 1
Event: 13.287 Thread 0x000002ce44149890 DEOPT PACKING pc=0x000002ce36c6fdb4 sp=0x000000e9fb1fb390
Event: 13.288 Thread 0x000002ce44149890 DEOPT UNPACKING pc=0x000002ce36157143 sp=0x000000e9fb1fa8f8 mode 1
Event: 13.367 Thread 0x000002ce44149890 DEOPT PACKING pc=0x000002ce3682711c sp=0x000000e9fb1f8dc0
Event: 13.368 Thread 0x000002ce44149890 DEOPT UNPACKING pc=0x000002ce36157143 sp=0x000000e9fb1f82f8 mode 1
Event: 13.368 Thread 0x000002ce44149890 DEOPT PACKING pc=0x000002ce3682a364 sp=0x000000e9fb1f8eb0
Event: 13.368 Thread 0x000002ce44149890 DEOPT UNPACKING pc=0x000002ce36157143 sp=0x000000e9fb1f8448 mode 1
Event: 13.368 Thread 0x000002ce44149890 DEOPT PACKING pc=0x000002ce36828124 sp=0x000000e9fb1f9000
Event: 13.368 Thread 0x000002ce44149890 DEOPT UNPACKING pc=0x000002ce36157143 sp=0x000000e9fb1f85e0 mode 1
Event: 13.453 Thread 0x000002ce43cddfb0 DEOPT PACKING pc=0x000002ce36ab757c sp=0x000000e9fadfe760
Event: 13.454 Thread 0x000002ce43cddfb0 DEOPT UNPACKING pc=0x000002ce36157143 sp=0x000000e9fadfdc00 mode 1
Event: 13.454 Thread 0x000002ce43cddfb0 DEOPT PACKING pc=0x000002ce36ac67fc sp=0x000000e9fadfe7b0
Event: 13.454 Thread 0x000002ce43cddfb0 DEOPT UNPACKING pc=0x000002ce36157143 sp=0x000000e9fadfdca0 mode 1

Classes unloaded (0 events):
No events

Classes redefined (0 events):
No events

Internal exceptions (20 events):
Event: 12.203 Thread 0x000002ce44149890 Exception <a 'java/lang/ClassNotFoundException'{0x00000000a6c95eb8}: org/springframework/beans/factory/FactoryBeanCustomizer> (0x00000000a6c95eb8) 
thrown [s\src\hotspot\share\classfile\systemDictionary.cpp, line 256]
Event: 12.205 Thread 0x000002ce44149890 Exception <a 'java/lang/ClassNotFoundException'{0x00000000a6c9ffd0}: org/springframework/beans/factory/InitializingBeanCustomizer> (0x00000000a6c9ffd0) 
thrown [s\src\hotspot\share\classfile\systemDictionary.cpp, line 256]
Event: 12.386 Thread 0x000002ce44149890 Exception <a 'java/lang/IncompatibleClassChangeError'{0x00000000a608aa18}: Found class java.lang.Object, but interface was expected> (0x00000000a608aa18) 
thrown [s\src\hotspot\share\interpreter\linkResolver.cpp, line 826]
Event: 12.547 Thread 0x000002ce44149890 Exception <a 'java/lang/ClassNotFoundException'{0x00000000a56aacf8}: java/lang/ObjectCustomizer> (0x00000000a56aacf8) 
thrown [s\src\hotspot\share\classfile\systemDictionary.cpp, line 256]
Event: 12.550 Thread 0x000002ce44149890 Exception <a 'java/lang/ClassNotFoundException'{0x00000000a56b4f28}: com/teama/minpro/teama/model/BankCustomizer> (0x00000000a56b4f28) 
thrown [s\src\hotspot\share\classfile\systemDictionary.cpp, line 256]
Event: 12.586 Thread 0x000002ce44149890 Exception <a 'java/lang/NoSuchMethodError'{0x00000000a5469888}: 'int java.lang.invoke.DirectMethodHandle$Holder.invokeVirtual(java.lang.Object, java.lang.Object, java.lang.Object)'> (0x00000000a5469888) 
thrown [s\src\hotspot\share\interpreter\linkResolver.cpp, line 759]
Event: 12.644 Thread 0x000002ce44149890 Exception <a 'java/lang/IncompatibleClassChangeError'{0x00000000a51a1940}: Found class java.lang.Object, but interface was expected> (0x00000000a51a1940) 
thrown [s\src\hotspot\share\interpreter\linkResolver.cpp, line 826]
Event: 12.653 Thread 0x000002ce44149890 Exception <a 'java/lang/NoSuchMethodError'{0x00000000a5015490}: 'void java.lang.invoke.DirectMethodHandle$Holder.invokeSpecial(java.lang.Object, java.lang.Object, java.lang.Object, java.lang.Object, java.lang.Object, java.lang.Object, java.lang.Object)'> (0x00000000a5015490) 
thrown [s\src\hotspot\share\interpreter\linkResolver.cpp, line 759]
Event: 12.768 Thread 0x000002ce44149890 Exception <a 'java/lang/reflect/InvocationTargetException'{0x00000000a47fde98}> (0x00000000a47fde98) 
thrown [s\src\hotspot\share\runtime\reflection.cpp, line 1121]
Event: 12.777 Thread 0x000002ce44149890 Exception <a 'java/lang/reflect/InvocationTargetException'{0x00000000a4648f00}> (0x00000000a4648f00) 
thrown [s\src\hotspot\share\runtime\reflection.cpp, line 1121]
Event: 12.779 Thread 0x000002ce44149890 Exception <a 'java/lang/reflect/InvocationTargetException'{0x00000000a4653798}> (0x00000000a4653798) 
thrown [s\src\hotspot\share\runtime\reflection.cpp, line 1121]
Event: 12.781 Thread 0x000002ce44149890 Exception <a 'java/lang/reflect/InvocationTargetException'{0x00000000a465efd8}> (0x00000000a465efd8) 
thrown [s\src\hotspot\share\runtime\reflection.cpp, line 1121]
Event: 13.105 Thread 0x000002ce44149890 Exception <a 'java/lang/ClassNotFoundException'{0x00000000a7826278}: java/lang/ObjectCustomizer> (0x00000000a7826278) 
thrown [s\src\hotspot\share\classfile\systemDictionary.cpp, line 256]
Event: 13.106 Thread 0x000002ce44149890 Exception <a 'java/lang/ClassNotFoundException'{0x00000000a7830fb0}: com/teama/minpro/teama/model/LocationLevelCustomizer> (0x00000000a7830fb0) 
thrown [s\src\hotspot\share\classfile\systemDictionary.cpp, line 256]
Event: 13.116 Thread 0x000002ce44149890 Exception <a 'java/lang/ClassNotFoundException'{0x00000000a7881370}: java/lang/ObjectCustomizer> (0x00000000a7881370) 
thrown [s\src\hotspot\share\classfile\systemDictionary.cpp, line 256]
Event: 13.126 Thread 0x000002ce44149890 Exception <a 'java/lang/ClassNotFoundException'{0x00000000a788bd98}: com/teama/minpro/teama/model/UserCustomizer> (0x00000000a788bd98) 
thrown [s\src\hotspot\share\classfile\systemDictionary.cpp, line 256]
Event: 13.164 Thread 0x000002ce44149890 Exception <a 'java/lang/ClassNotFoundException'{0x00000000a78d0728}: java/lang/ObjectCustomizer> (0x00000000a78d0728) 
thrown [s\src\hotspot\share\classfile\systemDictionary.cpp, line 256]
Event: 13.168 Thread 0x000002ce44149890 Exception <a 'java/lang/ClassNotFoundException'{0x00000000a78db1d0}: com/teama/minpro/teama/model/BiodataCustomizer> (0x00000000a78db1d0) 
thrown [s\src\hotspot\share\classfile\systemDictionary.cpp, line 256]
Event: 13.283 Thread 0x000002ce44149890 Exception <a 'java/lang/ClassNotFoundException'{0x00000000a725c320}: java/lang/ObjectCustomizer> (0x00000000a725c320) 
thrown [s\src\hotspot\share\classfile\systemDictionary.cpp, line 256]
Event: 13.285 Thread 0x000002ce44149890 Exception <a 'java/lang/ClassNotFoundException'{0x00000000a7266d48}: com/teama/minpro/teama/model/RoleCustomizer> (0x00000000a7266d48) 
thrown [s\src\hotspot\share\classfile\systemDictionary.cpp, line 256]

VM Operations (20 events):
Event: 12.106 Executing VM operation: ChangeBreakpoints
Event: 12.111 Executing VM operation: ChangeBreakpoints done
Event: 12.234 Executing VM operation: HandshakeAllThreads
Event: 12.234 Executing VM operation: HandshakeAllThreads done
Event: 12.234 Executing VM operation: HandshakeAllThreads
Event: 12.234 Executing VM operation: HandshakeAllThreads done
Event: 12.685 Executing VM operation: HandshakeAllThreads
Event: 12.685 Executing VM operation: HandshakeAllThreads done
Event: 12.685 Executing VM operation: HandshakeAllThreads
Event: 12.686 Executing VM operation: HandshakeAllThreads done
Event: 13.009 Executing VM operation: HandshakeAllThreads
Event: 13.010 Executing VM operation: HandshakeAllThreads done
Event: 13.010 Executing VM operation: HandshakeAllThreads
Event: 13.010 Executing VM operation: HandshakeAllThreads done
Event: 13.058 Executing VM operation: G1CollectForAllocation
Event: 13.069 Executing VM operation: G1CollectForAllocation done
Event: 13.457 Executing VM operation: HandshakeAllThreads
Event: 13.457 Executing VM operation: HandshakeAllThreads done
Event: 13.462 Executing VM operation: HandshakeAllThreads
Event: 13.462 Executing VM operation: HandshakeAllThreads done

Events (20 events):
Event: 13.025 Thread 0x000002ce43005610 flushing nmethod 0x000002ce36c1e590
Event: 13.027 Thread 0x000002ce43005610 flushing nmethod 0x000002ce36ceff90
Event: 13.105 loading class java/lang/ObjectCustomizer
Event: 13.105 loading class java/lang/ObjectCustomizer done
Event: 13.105 loading class java/lang/ObjectCustomizer
Event: 13.105 loading class java/lang/ObjectCustomizer done
Event: 13.113 loading class java/util/WeakHashMap$KeyIterator
Event: 13.114 loading class java/util/WeakHashMap$KeyIterator done
Event: 13.115 loading class java/lang/ObjectCustomizer
Event: 13.115 loading class java/lang/ObjectCustomizer done
Event: 13.116 loading class java/lang/ObjectCustomizer
Event: 13.116 loading class java/lang/ObjectCustomizer done
Event: 13.163 loading class java/lang/ObjectCustomizer
Event: 13.163 loading class java/lang/ObjectCustomizer done
Event: 13.164 loading class java/lang/ObjectCustomizer
Event: 13.164 loading class java/lang/ObjectCustomizer done
Event: 13.283 loading class java/lang/ObjectCustomizer
Event: 13.283 loading class java/lang/ObjectCustomizer done
Event: 13.283 loading class java/lang/ObjectCustomizer
Event: 13.283 loading class java/lang/ObjectCustomizer done


Dynamic libraries:
0x00007ff7a93a0000 - 0x00007ff7a93ae000 	C:\Program Files (x86)\sts-4.19.1.RELEASE\plugins\org.eclipse.justj.openjdk.hotspot.jre.full.win32.x86_64_17.0.7.v20230425-1502\jre\bin\javaw.exe
0x00007ff8d9450000 - 0x00007ff8d9648000 	C:\Windows\SYSTEM32\ntdll.dll
0x00007ff8b21c0000 - 0x00007ff8b21d9000 	C:\Program Files\Avast Software\Avast\aswhook.dll
0x00007ff8d8340000 - 0x00007ff8d83ff000 	C:\Windows\System32\KERNEL32.DLL
0x00007ff8d6f00000 - 0x00007ff8d71d2000 	C:\Windows\System32\KERNELBASE.dll
0x00007ff8d6e00000 - 0x00007ff8d6f00000 	C:\Windows\System32\ucrtbase.dll
0x00007ff89f870000 - 0x00007ff89f887000 	C:\Program Files (x86)\sts-4.19.1.RELEASE\plugins\org.eclipse.justj.openjdk.hotspot.jre.full.win32.x86_64_17.0.7.v20230425-1502\jre\bin\jli.dll
0x00007ff8d8110000 - 0x00007ff8d82b1000 	C:\Windows\System32\USER32.dll
0x00007ff8d6d80000 - 0x00007ff8d6da2000 	C:\Windows\System32\win32u.dll
0x00007ff8d8910000 - 0x00007ff8d893b000 	C:\Windows\System32\GDI32.dll
0x00007ff8d71e0000 - 0x00007ff8d72ef000 	C:\Windows\System32\gdi32full.dll
0x00007ff8d73f0000 - 0x00007ff8d748d000 	C:\Windows\System32\msvcp_win.dll
0x00007ff898e30000 - 0x00007ff898e49000 	C:\Program Files (x86)\sts-4.19.1.RELEASE\plugins\org.eclipse.justj.openjdk.hotspot.jre.full.win32.x86_64_17.0.7.v20230425-1502\jre\bin\VCRUNTIME140.dll
0x00007ff8c23c0000 - 0x00007ff8c265a000 	C:\Windows\WinSxS\amd64_microsoft.windows.common-controls_6595b64144ccf1df_6.0.19041.1110_none_60b5254171f9507e\COMCTL32.dll
0x00007ff8d8940000 - 0x00007ff8d89de000 	C:\Windows\System32\msvcrt.dll
0x00007ff8d75b0000 - 0x00007ff8d75e2000 	C:\Windows\System32\IMM32.DLL
0x00007ff8c7e90000 - 0x00007ff8c7e9c000 	C:\Program Files (x86)\sts-4.19.1.RELEASE\plugins\org.eclipse.justj.openjdk.hotspot.jre.full.win32.x86_64_17.0.7.v20230425-1502\jre\bin\vcruntime140_1.dll
0x00007ff898d90000 - 0x00007ff898e21000 	C:\Program Files (x86)\sts-4.19.1.RELEASE\plugins\org.eclipse.justj.openjdk.hotspot.jre.full.win32.x86_64_17.0.7.v20230425-1502\jre\bin\msvcp140.dll
0x00007ff89cd00000 - 0x00007ff89d948000 	C:\Program Files (x86)\sts-4.19.1.RELEASE\plugins\org.eclipse.justj.openjdk.hotspot.jre.full.win32.x86_64_17.0.7.v20230425-1502\jre\bin\server\jvm.dll
0x00007ff8d89f0000 - 0x00007ff8d8a9e000 	C:\Windows\System32\ADVAPI32.dll
0x00007ff8d7db0000 - 0x00007ff8d7e4c000 	C:\Windows\System32\sechost.dll
0x00007ff8d7f80000 - 0x00007ff8d80a5000 	C:\Windows\System32\RPCRT4.dll
0x00007ff8c1470000 - 0x00007ff8c1479000 	C:\Windows\SYSTEM32\WSOCK32.dll
0x00007ff8d82c0000 - 0x00007ff8d832b000 	C:\Windows\System32\WS2_32.dll
0x00007ff8cca10000 - 0x00007ff8cca37000 	C:\Windows\SYSTEM32\WINMM.dll
0x00007ff8d03e0000 - 0x00007ff8d03ea000 	C:\Windows\SYSTEM32\VERSION.dll
0x00007ff8d49c0000 - 0x00007ff8d49d2000 	C:\Windows\SYSTEM32\kernel.appcore.dll
0x00007ff8c1af0000 - 0x00007ff8c1afa000 	C:\Program Files (x86)\sts-4.19.1.RELEASE\plugins\org.eclipse.justj.openjdk.hotspot.jre.full.win32.x86_64_17.0.7.v20230425-1502\jre\bin\jimage.dll
0x00007ff8c2fd0000 - 0x00007ff8c31b4000 	C:\Windows\SYSTEM32\DBGHELP.DLL
0x00007ff8c22e0000 - 0x00007ff8c2315000 	C:\Windows\SYSTEM32\dbgcore.DLL
0x00007ff8d72f0000 - 0x00007ff8d7372000 	C:\Windows\System32\bcryptPrimitives.dll
0x00007ff8c4750000 - 0x00007ff8c478b000 	C:\Program Files (x86)\sts-4.19.1.RELEASE\plugins\org.eclipse.justj.openjdk.hotspot.jre.full.win32.x86_64_17.0.7.v20230425-1502\jre\bin\jdwp.dll
0x00007ff8d4170000 - 0x00007ff8d417e000 	C:\Program Files (x86)\sts-4.19.1.RELEASE\plugins\org.eclipse.justj.openjdk.hotspot.jre.full.win32.x86_64_17.0.7.v20230425-1502\jre\bin\instrument.dll
0x00007ff89ccd0000 - 0x00007ff89ccf5000 	C:\Program Files (x86)\sts-4.19.1.RELEASE\plugins\org.eclipse.justj.openjdk.hotspot.jre.full.win32.x86_64_17.0.7.v20230425-1502\jre\bin\java.dll
0x00007ff89ccb0000 - 0x00007ff89ccc8000 	C:\Program Files (x86)\sts-4.19.1.RELEASE\plugins\org.eclipse.justj.openjdk.hotspot.jre.full.win32.x86_64_17.0.7.v20230425-1502\jre\bin\zip.dll
0x00007ff8d7650000 - 0x00007ff8d7d95000 	C:\Windows\System32\SHELL32.dll
0x00007ff8d4bc0000 - 0x00007ff8d5352000 	C:\Windows\SYSTEM32\windows.storage.dll
0x00007ff8d8400000 - 0x00007ff8d8755000 	C:\Windows\System32\combase.dll
0x00007ff8d63e0000 - 0x00007ff8d6410000 	C:\Windows\SYSTEM32\Wldp.dll
0x00007ff8d8c30000 - 0x00007ff8d8cdd000 	C:\Windows\System32\SHCORE.dll
0x00007ff8d75f0000 - 0x00007ff8d7645000 	C:\Windows\System32\shlwapi.dll
0x00007ff8d6a80000 - 0x00007ff8d6a9f000 	C:\Windows\SYSTEM32\profapi.dll
0x00007ff8c4740000 - 0x00007ff8c474c000 	C:\Program Files (x86)\sts-4.19.1.RELEASE\plugins\org.eclipse.justj.openjdk.hotspot.jre.full.win32.x86_64_17.0.7.v20230425-1502\jre\bin\dt_socket.dll
0x00007ff8d5ed0000 - 0x00007ff8d5f0b000 	C:\Windows\SYSTEM32\IPHLPAPI.DLL
0x00007ff8d61c0000 - 0x00007ff8d622a000 	C:\Windows\system32\mswsock.dll
0x00007ff8d5f10000 - 0x00007ff8d5fdb000 	C:\Windows\SYSTEM32\DNSAPI.dll
0x00007ff8d89e0000 - 0x00007ff8d89e8000 	C:\Windows\System32\NSI.dll
0x00007ff8c7490000 - 0x00007ff8c749a000 	C:\Windows\System32\rasadhlp.dll
0x00007ff8cd610000 - 0x00007ff8cd690000 	C:\Windows\System32\fwpuclnt.dll
0x00007ff8d6b40000 - 0x00007ff8d6b67000 	C:\Windows\System32\bcrypt.dll
0x00007ff89cc90000 - 0x00007ff89cca9000 	C:\Program Files (x86)\sts-4.19.1.RELEASE\plugins\org.eclipse.justj.openjdk.hotspot.jre.full.win32.x86_64_17.0.7.v20230425-1502\jre\bin\net.dll
0x00007ff8cdc90000 - 0x00007ff8cdd9c000 	C:\Windows\SYSTEM32\WINHTTP.dll
0x00007ff89cc70000 - 0x00007ff89cc85000 	C:\Program Files (x86)\sts-4.19.1.RELEASE\plugins\org.eclipse.justj.openjdk.hotspot.jre.full.win32.x86_64_17.0.7.v20230425-1502\jre\bin\nio.dll
0x00007ff8c23b0000 - 0x00007ff8c23b9000 	C:\Program Files (x86)\sts-4.19.1.RELEASE\plugins\org.eclipse.justj.openjdk.hotspot.jre.full.win32.x86_64_17.0.7.v20230425-1502\jre\bin\management.dll
0x00007ff8c23a0000 - 0x00007ff8c23ab000 	C:\Program Files (x86)\sts-4.19.1.RELEASE\plugins\org.eclipse.justj.openjdk.hotspot.jre.full.win32.x86_64_17.0.7.v20230425-1502\jre\bin\management_ext.dll
0x00007ff8d8330000 - 0x00007ff8d8338000 	C:\Windows\System32\PSAPI.DLL
0x00007ff8b1eb0000 - 0x00007ff8b1ec7000 	C:\Windows\system32\napinsp.dll
0x00007ff8b1e90000 - 0x00007ff8b1eab000 	C:\Windows\system32\pnrpnsp.dll
0x00007ff8b1e70000 - 0x00007ff8b1e85000 	C:\Windows\system32\wshbth.dll
0x00007ff8d2210000 - 0x00007ff8d222d000 	C:\Windows\system32\NLAapi.dll
0x00007ff8b1e50000 - 0x00007ff8b1e62000 	C:\Windows\System32\winrnr.dll
0x00007ff8d6420000 - 0x00007ff8d6438000 	C:\Windows\SYSTEM32\CRYPTSP.dll
0x00007ff8d5b00000 - 0x00007ff8d5b34000 	C:\Windows\system32\rsaenh.dll
0x00007ff8d6a00000 - 0x00007ff8d6a2e000 	C:\Windows\SYSTEM32\USERENV.dll
0x00007ff8d6350000 - 0x00007ff8d635c000 	C:\Windows\SYSTEM32\CRYPTBASE.dll
0x00007ff8d0300000 - 0x00007ff8d0317000 	C:\Windows\SYSTEM32\dhcpcsvc6.DLL
0x00007ff8d0650000 - 0x00007ff8d066d000 	C:\Windows\SYSTEM32\dhcpcsvc.DLL
0x00007ff8b17c0000 - 0x00007ff8b17d0000 	C:\Program Files (x86)\sts-4.19.1.RELEASE\plugins\org.eclipse.justj.openjdk.hotspot.jre.full.win32.x86_64_17.0.7.v20230425-1502\jre\bin\verify.dll
0x00007ff8c7ee0000 - 0x00007ff8c7eee000 	C:\Program Files (x86)\sts-4.19.1.RELEASE\plugins\org.eclipse.justj.openjdk.hotspot.jre.full.win32.x86_64_17.0.7.v20230425-1502\jre\bin\sunmscapi.dll
0x00007ff8d6c20000 - 0x00007ff8d6d76000 	C:\Windows\System32\CRYPT32.dll
0x00007ff8d6530000 - 0x00007ff8d6557000 	C:\Windows\SYSTEM32\ncrypt.dll
0x00007ff8d64f0000 - 0x00007ff8d652b000 	C:\Windows\SYSTEM32\NTASN1.dll

dbghelp: loaded successfully - version: 4.0.5 - missing functions: none
symbol engine: initialized successfully - sym options: 0x614 - pdb path: .;C:\Program Files (x86)\sts-4.19.1.RELEASE\plugins\org.eclipse.justj.openjdk.hotspot.jre.full.win32.x86_64_17.0.7.v20230425-1502\jre\bin;C:\Windows\SYSTEM32;C:\Program Files\Avast Software\Avast;C:\Windows\WinSxS\amd64_microsoft.windows.common-controls_6595b64144ccf1df_6.0.19041.1110_none_60b5254171f9507e;C:\Program Files (x86)\sts-4.19.1.RELEASE\plugins\org.eclipse.justj.openjdk.hotspot.jre.full.win32.x86_64_17.0.7.v20230425-1502\jre\bin\server

VM Arguments:
jvm_args: -XX:+ShowCodeDetailsInExceptionMessages -agentlib:jdwp=transport=dt_socket,suspend=y,address=localhost:55870 -Dcom.sun.management.jmxremote -Dcom.sun.management.jmxremote.port=55868 -Dcom.sun.management.jmxremote.authenticate=false -Dcom.sun.management.jmxremote.ssl=false -Djava.rmi.server.hostname=localhost -Dspring.jmx.enabled=true -Dmanagement.endpoints.jmx.exposure.include=* -Dspring.application.admin.enabled=true -XX:TieredStopAtLevel=1 -Dspring.boot.project.name=miniproject -javaagent:C:\Program Files (x86)\sts-4.19.1.RELEASE\configuration\org.eclipse.osgi\740\0\.cp\lib\javaagent-shaded.jar -Dfile.encoding=UTF-8 -Dstdout.encoding=UTF-8 -Dstderr.encoding=UTF-8 
java_command: com.teama.minpro.teama.MiniprojectApplication --spring.output.ansi.enabled=always
java_class_path (initial): D:\BELAJAR KODING\XSIS\BATCH-327\minpro-team-a\miniproject\target\classes;C:\Users\Admin\.m2\repository\org\springframework\boot\spring-boot-starter-data-jpa\2.7.18\spring-boot-starter-data-jpa-2.7.18.jar;C:\Users\Admin\.m2\repository\org\springframework\boot\spring-boot-starter-aop\2.7.18\spring-boot-starter-aop-2.7.18.jar;C:\Users\Admin\.m2\repository\org\springframework\spring-aop\5.3.31\spring-aop-5.3.31.jar;C:\Users\Admin\.m2\repository\org\aspectj\aspectjweaver\1.9.7\aspectjweaver-1.9.7.jar;C:\Users\Admin\.m2\repository\org\springframework\boot\spring-boot-starter-jdbc\2.7.18\spring-boot-starter-jdbc-2.7.18.jar;C:\Users\Admin\.m2\repository\com\zaxxer\HikariCP\4.0.3\HikariCP-4.0.3.jar;C:\Users\Admin\.m2\repository\org\springframework\spring-jdbc\5.3.31\spring-jdbc-5.3.31.jar;C:\Users\Admin\.m2\repository\jakarta\transaction\jakarta.transaction-api\1.3.3\jakarta.transaction-api-1.3.3.jar;C:\Users\Admin\.m2\repository\jakarta\persistence\jakarta.persistence-api\2.2.3\jakarta.persistence-api-2.2.3.jar;C:\Users\Admin\.m2\repository\org\hibernate\hibernate-core\5.6.15.Final\hibernate-core-5.6.15.Final.jar;C:\Users\Admin\.m2\repository\org\jboss\logging\jboss-logging\3.4.3.Final\jboss-logging-3.4.3.Final.jar;C:\Users\Admin\.m2\repository\net\bytebuddy\byte-buddy\1.12.23\byte-buddy-1.12.23.jar;C:\Users\Admin\.m2\repository\antlr\antlr\2.7.7\antlr-2.7.7.jar;C:\Users\Admin\.m2\repository\org\jboss\jandex\2.4.2.Final\jandex-2.4.2.Final.jar;C:\Users\Admin\.m2\repository\com\fasterxml\classmate\1.5.1\classmate-1.5.1.jar;C:\Users\Admin\.m2\repository\org\hibernate\common\hibernate-commons-annotations\5.1.2.Final\hibernate-commons-annotations-5.1.2.Final.jar;C:\Users\Admin\.m2\repository\org\glassfish\jaxb\jaxb-runtime\2.3.9\jaxb-runtime-2.3.9.jar;C:\Users\Admin\.m2\repository\org\glassfish\jaxb\txw2\2.3.9\txw2-2.3.9.jar;C:\Users\Admin\.m2\repository\com\sun\istack\istack-commons-runtime\3.0.12\istack-commons-runtime-3.0.12.jar;C:\Users\Admin\.m
Launcher Type: SUN_STANDARD

[Global flags]
     intx CICompilerCount                          = 3                                         {product} {ergonomic}
     uint ConcGCThreads                            = 1                                         {product} {ergonomic}
     uint G1ConcRefinementThreads                  = 4                                         {product} {ergonomic}
   size_t G1HeapRegionSize                         = 1048576                                   {product} {ergonomic}
    uintx GCDrainStackTargetSize                   = 64                                        {product} {ergonomic}
   size_t InitialHeapSize                          = 100663296                                 {product} {ergonomic}
     bool ManagementServer                         = true                                      {product} {command line}
   size_t MarkStackSize                            = 4194304                                   {product} {ergonomic}
   size_t MaxHeapSize                              = 1589641216                                {product} {ergonomic}
   size_t MaxNewSize                               = 953155584                                 {product} {ergonomic}
   size_t MinHeapDeltaBytes                        = 1048576                                   {product} {ergonomic}
   size_t MinHeapSize                              = 8388608                                   {product} {ergonomic}
    uintx NonProfiledCodeHeapSize                  = 0                                      {pd product} {ergonomic}
     bool ProfileInterpreter                       = false                                  {pd product} {command line}
    uintx ProfiledCodeHeapSize                     = 0                                      {pd product} {ergonomic}
     bool ShowCodeDetailsInExceptionMessages       = true                                   {manageable} {command line}
   size_t SoftMaxHeapSize                          = 1589641216                             {manageable} {ergonomic}
     intx TieredStopAtLevel                        = 1                                         {product} {command line}
     bool UseCompressedClassPointers               = true                           {product lp64_product} {ergonomic}
     bool UseCompressedOops                        = true                           {product lp64_product} {ergonomic}
     bool UseG1GC                                  = true                                      {product} {ergonomic}
     bool UseLargePagesIndividualAllocation        = false                                  {pd product} {ergonomic}

Logging:
Log output configuration:
 #0: stdout all=warning uptime,level,tags
 #1: stderr all=off uptime,level,tags

Environment Variables:
JAVA_HOME=C:\Program Files\Java\jdk-20.0.2
PATH=C:\Program Files (x86)\sts-4.19.1.RELEASE\plugins\org.eclipse.justj.openjdk.hotspot.jre.full.win32.x86_64_17.0.7.v20230425-1502\jre\bin;C:/Program Files (x86)/sts-4.19.1.RELEASE//plugins/org.eclipse.justj.openjdk.hotspot.jre.full.win32.x86_64_17.0.7.v20230425-1502/jre/bin/server;C:/Program Files (x86)/sts-4.19.1.RELEASE//plugins/org.eclipse.justj.openjdk.hotspot.jre.full.win32.x86_64_17.0.7.v20230425-1502/jre/bin;C:\Windows\system32;C:\Windows;C:\Windows\System32\Wbem;C:\Windows\System32\WindowsPowerShell\v1.0\;C:\Windows\System32\OpenSSH\;C:\Program Files\Java\jdk-20.0.2\bin;C:\Program Files\Git\cmd;C:\Program Files\Docker\Docker\resources\bin;C:\Users\Admin\AppData\Local\Microsoft\WindowsApps;;C:\Users\Admin\AppData\Local\Programs\Microsoft VS Code\bin;C:\Program Files (x86)\sts-4.19.1.RELEASE;
USERNAME=Irfan
OS=Windows_NT
PROCESSOR_IDENTIFIER=AMD64 Family 23 Model 24 Stepping 1, AuthenticAMD
TMP=C:\Users\Admin\AppData\Local\Temp
TEMP=C:\Users\Admin\AppData\Local\Temp



---------------  S Y S T E M  ---------------

OS:
 Windows 10 , 64 bit Build 19041 (10.0.19041.2545)
OS uptime: 0 days 1:10 hours
Hyper-V role detected

CPU: total 4 (initial active 4) (4 cores per cpu, 2 threads per core) family 23 model 24 stepping 1 microcode 0x0, cx8, cmov, fxsr, ht, mmx, 3dnowpref, sse, sse2, sse3, ssse3, sse4a, sse4.1, sse4.2, popcnt, lzcnt, tsc, tscinvbit, avx, avx2, aes, clmul, bmi1, bmi2, adx, sha, fma, vzeroupper, clflush, clflushopt, hv

Memory: 4k page, system-wide physical 6058M (173M free)
TotalPageFile size 6058M (AvailPageFile size 1M)
current process WorkingSet (physical memory assigned to process): 243M, peak: 248M
current process commit charge ("private bytes"): 270M, peak: 274M

vm_info: OpenJDK 64-Bit Server VM (17.0.7+7) for windows-amd64 JRE (17.0.7+7), built on Apr 18 2023 22:10:42 by "temurin" with MS VC++ 16.7 (VS2019)

END.
