#
# There is insufficient memory for the Java Runtime Environment to continue.
# Native memory allocation (mmap) failed to map 5242880 bytes for G1 virtual space
# Possible reasons:
#   The system is out of physical RAM or swap space
#   The process is running with CompressedOops enabled, and the Java Heap may be blocking the growth of the native heap
# Possible solutions:
#   Reduce memory load on the system
#   Increase physical memory or swap space
#   Check if swap backing store is full
#   Decrease Java heap size (-Xmx/-Xms)
#   Decrease number of Java threads
#   Decrease Java thread stack sizes (-Xss)
#   Set larger code cache with -XX:ReservedCodeCacheSize=
#   JVM is running with Unscaled Compressed Oops mode in which the Java heap is
#     placed in the first 4GB address space. The Java Heap base address is the
#     maximum limit for the native heap growth. Please use -XX:HeapBaseMinAddress
#     to set the Java Heap base and to place the Java Heap above 4GB virtual address.
# This output file may be truncated or incomplete.
#
#  Out of Memory Error (os_windows.cpp:3559), pid=260, tid=8620
#
# JRE version: OpenJDK Runtime Environment Temurin-17.0.7+7 (17.0.7+7) (build 17.0.7+7)
# Java VM: OpenJDK 64-Bit Server VM Temurin-17.0.7+7 (17.0.7+7, mixed mode, emulated-client, tiered, compressed oops, compressed class ptrs, g1 gc, windows-amd64)
# No core dump will be written. Minidumps are not enabled by default on client versions of Windows
#

---------------  S U M M A R Y ------------

Command Line: -Dcom.sun.management.jmxremote -Dcom.sun.management.jmxremote.port=51730 -Dcom.sun.management.jmxremote.authenticate=false -Dcom.sun.management.jmxremote.ssl=false -Djava.rmi.server.hostname=localhost -Dspring.jmx.enabled=true -Dmanagement.endpoints.jmx.exposure.include=* -Dspring.application.admin.enabled=true -XX:TieredStopAtLevel=1 -Dspring.boot.project.name=miniproject -Dfile.encoding=UTF-8 -Dstdout.encoding=UTF-8 -Dstderr.encoding=UTF-8 -XX:+ShowCodeDetailsInExceptionMessages com.teama.minpro.teama.MiniprojectApplication --spring.output.ansi.enabled=always

Host: AMD Ryzen 3 3200U with Radeon Vega Mobile Gfx  , 4 cores, 5G,  Windows 10 , 64 bit Build 19041 (10.0.19041.2545)
Time: Mon Oct 16 10:34:45 2023 SE Asia Standard Time elapsed time: 9.170810 seconds (0d 0h 0m 9s)

---------------  T H R E A D  ---------------

Current thread (0x0000022bb4f2ea30):  VMThread "VM Thread" [stack: 0x0000004fd4e00000,0x0000004fd4f00000] [id=8620]

Stack: [0x0000004fd4e00000,0x0000004fd4f00000]
Native frames: (J=compiled Java code, j=interpreted, Vv=VM code, C=native code)
V  [jvm.dll+0x67754a]
V  [jvm.dll+0x834304]
V  [jvm.dll+0x835aae]
V  [jvm.dll+0x836113]
V  [jvm.dll+0x24696f]
V  [jvm.dll+0x6743f9]
V  [jvm.dll+0x668c8a]
V  [jvm.dll+0x3061bb]
V  [jvm.dll+0x30d6a6]
V  [jvm.dll+0x35cece]
V  [jvm.dll+0x35d0ff]
V  [jvm.dll+0x2dd048]
V  [jvm.dll+0x2db20c]
V  [jvm.dll+0x2da7dc]
V  [jvm.dll+0x31e6db]
V  [jvm.dll+0x83a5bb]
V  [jvm.dll+0x83b2f4]
V  [jvm.dll+0x83b80c]
V  [jvm.dll+0x83bbe4]
V  [jvm.dll+0x83bcb0]
V  [jvm.dll+0x7e4e7a]
V  [jvm.dll+0x676395]
C  [ucrtbase.dll+0x21bb2]
C  [KERNEL32.DLL+0x17614]
C  [ntdll.dll+0x526a1]

VM_Operation (0x0000004fd73fe9b0): G1CollectForAllocation, mode: safepoint, requested by thread 0x0000022bbb747c20


---------------  P R O C E S S  ---------------

Threads class SMR info:
_java_thread_list=0x0000022bbbc48730, length=33, elements={
0x0000022ba8d2bd40, 0x0000022bb4f43260, 0x0000022bb4f43fe0, 0x0000022bb4f673a0,
0x0000022bb4f67f20, 0x0000022bb4f6afa0, 0x0000022bb9104110, 0x0000022bb9105170,
0x0000022bb9106210, 0x0000022bb4ea8780, 0x0000022bb9250510, 0x0000022bb9250a20,
0x0000022bb92ccb40, 0x0000022bb98c58a0, 0x0000022bb98cc5c0, 0x0000022bb98ba6f0,
0x0000022bb9cc83b0, 0x0000022bb9cedd40, 0x0000022bb9cfdb50, 0x0000022bba2ad5f0,
0x0000022bb9c11050, 0x0000022bba2d5500, 0x0000022bba2d4b60, 0x0000022bba2d59d0,
0x0000022bba2d5030, 0x0000022bba2d5ea0, 0x0000022bba2d4690, 0x0000022bbb7485c0,
0x0000022bbb744730, 0x0000022bbb7480f0, 0x0000022bbb747c20, 0x0000022bbb746410,
0x0000022bbb7468e0
}

Java Threads: ( => current thread )
  0x0000022ba8d2bd40 JavaThread "main" [_thread_blocked, id=3292, stack(0x0000004fd4800000,0x0000004fd4900000)]
  0x0000022bb4f43260 JavaThread "Reference Handler" daemon [_thread_blocked, id=8808, stack(0x0000004fd4f00000,0x0000004fd5000000)]
  0x0000022bb4f43fe0 JavaThread "Finalizer" daemon [_thread_blocked, id=8736, stack(0x0000004fd5000000,0x0000004fd5100000)]
  0x0000022bb4f673a0 JavaThread "Signal Dispatcher" daemon [_thread_blocked, id=200, stack(0x0000004fd5200000,0x0000004fd5300000)]
  0x0000022bb4f67f20 JavaThread "Attach Listener" daemon [_thread_blocked, id=8472, stack(0x0000004fd5300000,0x0000004fd5400000)]
  0x0000022bb4f6afa0 JavaThread "Service Thread" daemon [_thread_blocked, id=6852, stack(0x0000004fd5400000,0x0000004fd5500000)]
  0x0000022bb9104110 JavaThread "Monitor Deflation Thread" daemon [_thread_blocked, id=9152, stack(0x0000004fd5500000,0x0000004fd5600000)]
  0x0000022bb9105170 JavaThread "C1 CompilerThread0" daemon [_thread_blocked, id=7864, stack(0x0000004fd5600000,0x0000004fd5700000)]
  0x0000022bb9106210 JavaThread "Sweeper thread" daemon [_thread_blocked, id=8008, stack(0x0000004fd5700000,0x0000004fd5800000)]
  0x0000022bb4ea8780 JavaThread "Common-Cleaner" daemon [_thread_blocked, id=7724, stack(0x0000004fd5800000,0x0000004fd5900000)]
  0x0000022bb9250510 JavaThread "C1 CompilerThread1" daemon [_thread_blocked, id=9108, stack(0x0000004fd5900000,0x0000004fd5a00000)]
  0x0000022bb9250a20 JavaThread "C1 CompilerThread2" daemon [_thread_blocked, id=6184, stack(0x0000004fd5a00000,0x0000004fd5b00000)]
  0x0000022bb92ccb40 JavaThread "Notification Thread" daemon [_thread_blocked, id=3688, stack(0x0000004fd5b00000,0x0000004fd5c00000)]
  0x0000022bb98c58a0 JavaThread "RMI TCP Accept-0" daemon [_thread_in_native, id=9100, stack(0x0000004fd5c00000,0x0000004fd5d00000)]
  0x0000022bb98cc5c0 JavaThread "RMI TCP Accept-51730" daemon [_thread_in_native, id=628, stack(0x0000004fd5d00000,0x0000004fd5e00000)]
  0x0000022bb98ba6f0 JavaThread "RMI TCP Accept-0" daemon [_thread_in_native, id=796, stack(0x0000004fd5e00000,0x0000004fd5f00000)]
  0x0000022bb9cc83b0 JavaThread "RMI TCP Connection(1)-127.0.0.1" daemon [_thread_in_native, id=6236, stack(0x0000004fd6400000,0x0000004fd6500000)]
  0x0000022bb9cedd40 JavaThread "RMI Scheduler(0)" daemon [_thread_blocked, id=1140, stack(0x0000004fd6500000,0x0000004fd6600000)]
  0x0000022bb9cfdb50 JavaThread "Thread-0" [_thread_blocked, id=8828, stack(0x0000004fd6600000,0x0000004fd6700000)]
  0x0000022bba2ad5f0 JavaThread "RMI TCP Connection(2)-127.0.0.1" daemon [_thread_in_native, id=3824, stack(0x0000004fd6700000,0x0000004fd6800000)]
  0x0000022bb9c11050 JavaThread "restartedMain" [_thread_blocked, id=8700, stack(0x0000004fd6800000,0x0000004fd6900000)]
  0x0000022bba2d5500 JavaThread "JMX server connection timeout 24" daemon [_thread_blocked, id=5736, stack(0x0000004fd6900000,0x0000004fd6a00000)]
  0x0000022bba2d4b60 JavaThread "Catalina-utility-1" [_thread_blocked, id=7848, stack(0x0000004fd6a00000,0x0000004fd6b00000)]
  0x0000022bba2d59d0 JavaThread "Catalina-utility-2" [_thread_blocked, id=1720, stack(0x0000004fd6b00000,0x0000004fd6c00000)]
  0x0000022bba2d5030 JavaThread "container-0" [_thread_blocked, id=8312, stack(0x0000004fd6c00000,0x0000004fd6d00000)]
  0x0000022bba2d5ea0 JavaThread "HikariPool-1 housekeeper" daemon [_thread_blocked, id=7748, stack(0x0000004fd6e00000,0x0000004fd6f00000)]
  0x0000022bba2d4690 JavaThread "HikariPool-1 connection adder" daemon [_thread_blocked, id=8860, stack(0x0000004fd6f00000,0x0000004fd7000000)]
  0x0000022bbb7485c0 JavaThread "File Watcher" daemon [_thread_blocked, id=5808, stack(0x0000004fd7000000,0x0000004fd7100000)]
  0x0000022bbb744730 JavaThread "Live Reload Server" daemon [_thread_in_native, id=8336, stack(0x0000004fd7200000,0x0000004fd7300000)]
  0x0000022bbb7480f0 JavaThread "http-nio-8327-exec-1" daemon [_thread_blocked, id=6884, stack(0x0000004fd7100000,0x0000004fd7200000)]
  0x0000022bbb747c20 JavaThread "http-nio-8327-exec-2" daemon [_thread_blocked, id=8692, stack(0x0000004fd7300000,0x0000004fd7400000)]
  0x0000022bbb746410 JavaThread "http-nio-8327-exec-3" daemon [_thread_blocked, id=5516, stack(0x0000004fd7400000,0x0000004fd7500000)]
  0x0000022bbb7468e0 JavaThread "http-nio-8327-exec-4" daemon [_thread_blocked, id=920, stack(0x0000004fd7500000,0x0000004fd7600000)]

Other Threads:
=>0x0000022bb4f2ea30 VMThread "VM Thread" [stack: 0x0000004fd4e00000,0x0000004fd4f00000] [id=8620]
  0x0000022ba8d2c860 WatcherThread [stack: 0x0000004fd5f00000,0x0000004fd6000000] [id=7996]
  0x0000022ba8d78140 GCTaskThread "GC Thread#0" [stack: 0x0000004fd4900000,0x0000004fd4a00000] [id=2280]
  0x0000022bb9aec330 GCTaskThread "GC Thread#1" [stack: 0x0000004fd6000000,0x0000004fd6100000] [id=8916]
  0x0000022bb99f0c60 GCTaskThread "GC Thread#2" [stack: 0x0000004fd6100000,0x0000004fd6200000] [id=8140]
  0x0000022bb99f0f10 GCTaskThread "GC Thread#3" [stack: 0x0000004fd6200000,0x0000004fd6300000] [id=8048]
  0x0000022ba8d84d10 ConcurrentGCThread "G1 Main Marker" [stack: 0x0000004fd4a00000,0x0000004fd4b00000] [id=6116]
  0x0000022ba8d85dd0 ConcurrentGCThread "G1 Conc#0" [stack: 0x0000004fd4b00000,0x0000004fd4c00000] [id=5512]
  0x0000022ba8de4d40 ConcurrentGCThread "G1 Refine#0" [stack: 0x0000004fd4c00000,0x0000004fd4d00000] [id=636]
  0x0000022bb9a8c050 ConcurrentGCThread "G1 Refine#1" [stack: 0x0000004fd6300000,0x0000004fd6400000] [id=1968]
  0x0000022ba8de5670 ConcurrentGCThread "G1 Service" [stack: 0x0000004fd4d00000,0x0000004fd4e00000] [id=7696]

Threads with active compile tasks:

VM state: at safepoint (normal execution)

VM Mutex/Monitor currently owned by a thread:  ([mutex/lock_event])
[0x0000022ba8d26fb0] Threads_lock - owner thread: 0x0000022bb4f2ea30
[0x0000022ba8d254b0] Heap_lock - owner thread: 0x0000022bbb747c20

Heap address: 0x00000000a1400000, size: 1516 MB, Compressed Oops mode: 32-bit

CDS archive(s) not mapped
Compressed class space mapped at: 0x0000000100000000-0x0000000140000000, reserved size: 1073741824
Narrow klass base: 0x0000000000000000, Narrow klass shift: 3, Narrow klass range: 0x140000000

GC Precious Log:
 CPUs: 4 total, 4 available
 Memory: 6058M
 Large Page Support: Disabled
 NUMA Support: Disabled
 Compressed Oops: Enabled (32-bit)
 Heap Region Size: 1M
 Heap Min Capacity: 8M
 Heap Initial Capacity: 96M
 Heap Max Capacity: 1516M
 Pre-touch: Disabled
 Parallel Workers: 4
 Concurrent Workers: 1
 Concurrent Refinement Workers: 4
 Periodic GC: Disabled

Heap:
 garbage-first heap   total 93184K, used 36052K [0x00000000a1400000, 0x0000000100000000)
  region size 1024K, 2 young (2048K), 2 survivors (2048K)
 Metaspace       used 66675K, committed 67136K, reserved 1114112K
  class space    used 8985K, committed 9216K, reserved 1048576K

Heap Regions: E=young(eden), S=young(survivor), O=old, HS=humongous(starts), HC=humongous(continues), CS=collection set, F=free, OA=open archive, CA=closed archive, TAMS=top-at-mark-start (previous, next)
|   0|0x00000000a1400000, 0x00000000a1500000, 0x00000000a1500000|100%|HS|  |TAMS 0x00000000a1500000, 0x00000000a1500000| Complete 
|   1|0x00000000a1500000, 0x00000000a1600000, 0x00000000a1600000|100%| O|  |TAMS 0x00000000a1600000, 0x00000000a1600000| Untracked 
|   2|0x00000000a1600000, 0x00000000a1700000, 0x00000000a1700000|100%| O|  |TAMS 0x00000000a1700000, 0x00000000a1700000| Untracked 
|   3|0x00000000a1700000, 0x00000000a1800000, 0x00000000a1800000|100%| O|  |TAMS 0x00000000a1800000, 0x00000000a1800000| Untracked 
|   4|0x00000000a1800000, 0x00000000a1900000, 0x00000000a1900000|100%| O|  |TAMS 0x00000000a1900000, 0x00000000a1900000| Untracked 
|   5|0x00000000a1900000, 0x00000000a1a00000, 0x00000000a1a00000|100%| O|  |TAMS 0x00000000a1a00000, 0x00000000a1a00000| Untracked 
|   6|0x00000000a1a00000, 0x00000000a1acb000, 0x00000000a1b00000| 79%| O|  |TAMS 0x00000000a1acb000, 0x00000000a1acb000| Untracked 
|   7|0x00000000a1b00000, 0x00000000a1c00000, 0x00000000a1c00000|100%| O|  |TAMS 0x00000000a1c00000, 0x00000000a1c00000| Untracked 
|   8|0x00000000a1c00000, 0x00000000a1d00000, 0x00000000a1d00000|100%| O|  |TAMS 0x00000000a1d00000, 0x00000000a1d00000| Untracked 
|   9|0x00000000a1d00000, 0x00000000a1e00000, 0x00000000a1e00000|100%| O|  |TAMS 0x00000000a1e00000, 0x00000000a1e00000| Untracked 
|  10|0x00000000a1e00000, 0x00000000a1f00000, 0x00000000a1f00000|100%| O|  |TAMS 0x00000000a1f00000, 0x00000000a1f00000| Untracked 
|  11|0x00000000a1f00000, 0x00000000a2000000, 0x00000000a2000000|100%| O|  |TAMS 0x00000000a2000000, 0x00000000a2000000| Untracked 
|  12|0x00000000a2000000, 0x00000000a2100000, 0x00000000a2100000|100%| O|  |TAMS 0x00000000a2100000, 0x00000000a2100000| Untracked 
|  13|0x00000000a2100000, 0x00000000a2200000, 0x00000000a2200000|100%| O|  |TAMS 0x00000000a2200000, 0x00000000a2200000| Untracked 
|  14|0x00000000a2200000, 0x00000000a2300000, 0x00000000a2300000|100%| O|  |TAMS 0x00000000a2300000, 0x00000000a2300000| Untracked 
|  15|0x00000000a2300000, 0x00000000a2400000, 0x00000000a2400000|100%| O|  |TAMS 0x00000000a2400000, 0x00000000a2400000| Untracked 
|  16|0x00000000a2400000, 0x00000000a2500000, 0x00000000a2500000|100%| O|  |TAMS 0x00000000a2500000, 0x00000000a2500000| Untracked 
|  17|0x00000000a2500000, 0x00000000a2600000, 0x00000000a2600000|100%| O|  |TAMS 0x00000000a2600000, 0x00000000a2600000| Untracked 
|  18|0x00000000a2600000, 0x00000000a2700000, 0x00000000a2700000|100%| O|  |TAMS 0x00000000a2700000, 0x00000000a2700000| Untracked 
|  19|0x00000000a2700000, 0x00000000a2800000, 0x00000000a2800000|100%| O|  |TAMS 0x00000000a2800000, 0x00000000a2800000| Untracked 
|  20|0x00000000a2800000, 0x00000000a2900000, 0x00000000a2900000|100%| O|  |TAMS 0x00000000a2900000, 0x00000000a2900000| Untracked 
|  21|0x00000000a2900000, 0x00000000a2a00000, 0x00000000a2a00000|100%| O|  |TAMS 0x00000000a2a00000, 0x00000000a2a00000| Untracked 
|  22|0x00000000a2a00000, 0x00000000a2b00000, 0x00000000a2b00000|100%| O|  |TAMS 0x00000000a2b00000, 0x00000000a2b00000| Untracked 
|  23|0x00000000a2b00000, 0x00000000a2c00000, 0x00000000a2c00000|100%| O|  |TAMS 0x00000000a2c00000, 0x00000000a2c00000| Untracked 
|  24|0x00000000a2c00000, 0x00000000a2d00000, 0x00000000a2d00000|100%| O|  |TAMS 0x00000000a2d00000, 0x00000000a2d00000| Untracked 
|  25|0x00000000a2d00000, 0x00000000a2e00000, 0x00000000a2e00000|100%| O|  |TAMS 0x00000000a2e00000, 0x00000000a2e00000| Untracked 
|  26|0x00000000a2e00000, 0x00000000a2f00000, 0x00000000a2f00000|100%| O|  |TAMS 0x00000000a2f00000, 0x00000000a2f00000| Untracked 
|  27|0x00000000a2f00000, 0x00000000a3000000, 0x00000000a3000000|100%| O|  |TAMS 0x00000000a2f73000, 0x00000000a3000000| Untracked 
|  28|0x00000000a3000000, 0x00000000a3100000, 0x00000000a3100000|100%| O|  |TAMS 0x00000000a3000000, 0x00000000a3100000| Untracked 
|  29|0x00000000a3100000, 0x00000000a3200000, 0x00000000a3200000|100%| O|  |TAMS 0x00000000a3100000, 0x00000000a3200000| Untracked 
|  30|0x00000000a3200000, 0x00000000a3300000, 0x00000000a3300000|100%| O|  |TAMS 0x00000000a3200000, 0x00000000a3300000| Untracked 
|  31|0x00000000a3300000, 0x00000000a3400000, 0x00000000a3400000|100%| O|  |TAMS 0x00000000a3300000, 0x00000000a33dbc00| Untracked 
|  32|0x00000000a3400000, 0x00000000a3500000, 0x00000000a3500000|100%| O|  |TAMS 0x00000000a3400000, 0x00000000a3400000| Untracked 
|  33|0x00000000a3500000, 0x00000000a3600000, 0x00000000a3600000|100%| O|  |TAMS 0x00000000a3500000, 0x00000000a3500000| Untracked 
|  34|0x00000000a3600000, 0x00000000a3618800, 0x00000000a3700000|  9%| O|  |TAMS 0x00000000a3600000, 0x00000000a3600000| Untracked 
|  35|0x00000000a3700000, 0x00000000a3700000, 0x00000000a3800000|  0%| F|  |TAMS 0x00000000a3700000, 0x00000000a3700000| Untracked 
|  36|0x00000000a3800000, 0x00000000a3800000, 0x00000000a3900000|  0%| F|  |TAMS 0x00000000a3800000, 0x00000000a3800000| Untracked 
|  37|0x00000000a3900000, 0x00000000a3900000, 0x00000000a3a00000|  0%| F|  |TAMS 0x00000000a3900000, 0x00000000a3900000| Untracked 
|  38|0x00000000a3a00000, 0x00000000a3a00000, 0x00000000a3b00000|  0%| F|  |TAMS 0x00000000a3a00000, 0x00000000a3a00000| Untracked 
|  39|0x00000000a3b00000, 0x00000000a3b00000, 0x00000000a3c00000|  0%| F|  |TAMS 0x00000000a3b00000, 0x00000000a3b00000| Untracked 
|  40|0x00000000a3c00000, 0x00000000a3c00000, 0x00000000a3d00000|  0%| F|  |TAMS 0x00000000a3c00000, 0x00000000a3c00000| Untracked 
|  41|0x00000000a3d00000, 0x00000000a3d00000, 0x00000000a3e00000|  0%| F|  |TAMS 0x00000000a3d00000, 0x00000000a3d00000| Untracked 
|  42|0x00000000a3e00000, 0x00000000a3e00000, 0x00000000a3f00000|  0%| F|  |TAMS 0x00000000a3e00000, 0x00000000a3e00000| Untracked 
|  43|0x00000000a3f00000, 0x00000000a3f00000, 0x00000000a4000000|  0%| F|  |TAMS 0x00000000a3f00000, 0x00000000a3f00000| Untracked 
|  44|0x00000000a4000000, 0x00000000a4051900, 0x00000000a4100000| 31%| S|CS|TAMS 0x00000000a4000000, 0x00000000a4000000| Complete 
|  45|0x00000000a4100000, 0x00000000a4200000, 0x00000000a4200000|100%| S|CS|TAMS 0x00000000a4100000, 0x00000000a4100000| Complete 
|  46|0x00000000a4200000, 0x00000000a4200000, 0x00000000a4300000|  0%| F|  |TAMS 0x00000000a4200000, 0x00000000a4200000| Untracked 
|  47|0x00000000a4300000, 0x00000000a4300000, 0x00000000a4400000|  0%| F|  |TAMS 0x00000000a4300000, 0x00000000a4300000| Untracked 
|  48|0x00000000a4400000, 0x00000000a4400000, 0x00000000a4500000|  0%| F|  |TAMS 0x00000000a4400000, 0x00000000a4400000| Untracked 
|  49|0x00000000a4500000, 0x00000000a4500000, 0x00000000a4600000|  0%| F|  |TAMS 0x00000000a4500000, 0x00000000a4500000| Untracked 
|  50|0x00000000a4600000, 0x00000000a4600000, 0x00000000a4700000|  0%| F|  |TAMS 0x00000000a4600000, 0x00000000a4600000| Untracked 
|  51|0x00000000a4700000, 0x00000000a4700000, 0x00000000a4800000|  0%| F|  |TAMS 0x00000000a4700000, 0x00000000a4700000| Untracked 
|  52|0x00000000a4800000, 0x00000000a4800000, 0x00000000a4900000|  0%| F|  |TAMS 0x00000000a4800000, 0x00000000a4800000| Untracked 
|  53|0x00000000a4900000, 0x00000000a4900000, 0x00000000a4a00000|  0%| F|  |TAMS 0x00000000a4900000, 0x00000000a4900000| Untracked 
|  54|0x00000000a4a00000, 0x00000000a4a00000, 0x00000000a4b00000|  0%| F|  |TAMS 0x00000000a4a00000, 0x00000000a4a00000| Untracked 
|  55|0x00000000a4b00000, 0x00000000a4b00000, 0x00000000a4c00000|  0%| F|  |TAMS 0x00000000a4b00000, 0x00000000a4b00000| Untracked 
|  56|0x00000000a4c00000, 0x00000000a4c00000, 0x00000000a4d00000|  0%| F|  |TAMS 0x00000000a4c00000, 0x00000000a4c00000| Untracked 
|  57|0x00000000a4d00000, 0x00000000a4d00000, 0x00000000a4e00000|  0%| F|  |TAMS 0x00000000a4d00000, 0x00000000a4d00000| Untracked 
|  58|0x00000000a4e00000, 0x00000000a4e00000, 0x00000000a4f00000|  0%| F|  |TAMS 0x00000000a4e00000, 0x00000000a4e00000| Untracked 
|  59|0x00000000a4f00000, 0x00000000a4f00000, 0x00000000a5000000|  0%| F|  |TAMS 0x00000000a4f00000, 0x00000000a4f00000| Untracked 
|  60|0x00000000a5000000, 0x00000000a5000000, 0x00000000a5100000|  0%| F|  |TAMS 0x00000000a5000000, 0x00000000a5000000| Untracked 
|  61|0x00000000a5100000, 0x00000000a5100000, 0x00000000a5200000|  0%| F|  |TAMS 0x00000000a5100000, 0x00000000a5100000| Untracked 
|  62|0x00000000a5200000, 0x00000000a5200000, 0x00000000a5300000|  0%| F|  |TAMS 0x00000000a5200000, 0x00000000a5200000| Untracked 
|  63|0x00000000a5300000, 0x00000000a5300000, 0x00000000a5400000|  0%| F|  |TAMS 0x00000000a5300000, 0x00000000a5300000| Untracked 
|  64|0x00000000a5400000, 0x00000000a5400000, 0x00000000a5500000|  0%| F|  |TAMS 0x00000000a5400000, 0x00000000a5400000| Untracked 
|  65|0x00000000a5500000, 0x00000000a5500000, 0x00000000a5600000|  0%| F|  |TAMS 0x00000000a5500000, 0x00000000a5500000| Untracked 
|  66|0x00000000a5600000, 0x00000000a5600000, 0x00000000a5700000|  0%| F|  |TAMS 0x00000000a5600000, 0x00000000a5600000| Untracked 
|  67|0x00000000a5700000, 0x00000000a5700000, 0x00000000a5800000|  0%| F|  |TAMS 0x00000000a5700000, 0x00000000a5700000| Untracked 
|  68|0x00000000a5800000, 0x00000000a5800000, 0x00000000a5900000|  0%| F|  |TAMS 0x00000000a5800000, 0x00000000a5800000| Untracked 
|  69|0x00000000a5900000, 0x00000000a5900000, 0x00000000a5a00000|  0%| F|  |TAMS 0x00000000a5900000, 0x00000000a5900000| Untracked 
|  70|0x00000000a5a00000, 0x00000000a5a00000, 0x00000000a5b00000|  0%| F|  |TAMS 0x00000000a5a00000, 0x00000000a5a00000| Untracked 
|  71|0x00000000a5b00000, 0x00000000a5b00000, 0x00000000a5c00000|  0%| F|  |TAMS 0x00000000a5b00000, 0x00000000a5b00000| Untracked 
|  72|0x00000000a5c00000, 0x00000000a5c00000, 0x00000000a5d00000|  0%| F|  |TAMS 0x00000000a5c00000, 0x00000000a5c00000| Untracked 
|  73|0x00000000a5d00000, 0x00000000a5d00000, 0x00000000a5e00000|  0%| F|  |TAMS 0x00000000a5d00000, 0x00000000a5d00000| Untracked 
|  74|0x00000000a5e00000, 0x00000000a5e00000, 0x00000000a5f00000|  0%| F|  |TAMS 0x00000000a5e00000, 0x00000000a5e00000| Untracked 
|  75|0x00000000a5f00000, 0x00000000a5f00000, 0x00000000a6000000|  0%| F|  |TAMS 0x00000000a5f00000, 0x00000000a5f00000| Untracked 
|  76|0x00000000a6000000, 0x00000000a6000000, 0x00000000a6100000|  0%| F|  |TAMS 0x00000000a6000000, 0x00000000a6000000| Untracked 
|  77|0x00000000a6100000, 0x00000000a6100000, 0x00000000a6200000|  0%| F|  |TAMS 0x00000000a6100000, 0x00000000a6100000| Untracked 
|  78|0x00000000a6200000, 0x00000000a6200000, 0x00000000a6300000|  0%| F|  |TAMS 0x00000000a6200000, 0x00000000a6200000| Untracked 
|  79|0x00000000a6300000, 0x00000000a6300000, 0x00000000a6400000|  0%| F|  |TAMS 0x00000000a6300000, 0x00000000a6300000| Untracked 
|  80|0x00000000a6400000, 0x00000000a6400000, 0x00000000a6500000|  0%| F|  |TAMS 0x00000000a6400000, 0x00000000a6400000| Untracked 
|  81|0x00000000a6500000, 0x00000000a6500000, 0x00000000a6600000|  0%| F|  |TAMS 0x00000000a6500000, 0x00000000a6500000| Untracked 
|  82|0x00000000a6600000, 0x00000000a6600000, 0x00000000a6700000|  0%| F|  |TAMS 0x00000000a6600000, 0x00000000a6600000| Untracked 
|  83|0x00000000a6700000, 0x00000000a6700000, 0x00000000a6800000|  0%| F|  |TAMS 0x00000000a6700000, 0x00000000a6700000| Untracked 
|  84|0x00000000a6800000, 0x00000000a6800000, 0x00000000a6900000|  0%| F|  |TAMS 0x00000000a6800000, 0x00000000a6800000| Untracked 
|  85|0x00000000a6900000, 0x00000000a6900000, 0x00000000a6a00000|  0%| F|  |TAMS 0x00000000a6900000, 0x00000000a6900000| Untracked 
|  86|0x00000000a6a00000, 0x00000000a6a00000, 0x00000000a6b00000|  0%| F|  |TAMS 0x00000000a6a00000, 0x00000000a6a00000| Untracked 
|  87|0x00000000a6b00000, 0x00000000a6b00000, 0x00000000a6c00000|  0%| F|  |TAMS 0x00000000a6b00000, 0x00000000a6b00000| Untracked 
|  88|0x00000000a6c00000, 0x00000000a6c00000, 0x00000000a6d00000|  0%| F|  |TAMS 0x00000000a6c00000, 0x00000000a6c00000| Untracked 
|  89|0x00000000a6d00000, 0x00000000a6d00000, 0x00000000a6e00000|  0%| F|  |TAMS 0x00000000a6d00000, 0x00000000a6d00000| Untracked 
|  95|0x00000000a7300000, 0x00000000a7300000, 0x00000000a7400000|  0%| F|  |TAMS 0x00000000a7300000, 0x00000000a7300000| Untracked 

Card table byte_map: [0x0000022baf3e0000,0x0000022baf6e0000] _byte_map_base: 0x0000022baeed6000

Marking Bits (Prev, Next): (CMBitMap*) 0x0000022ba8d78660, (CMBitMap*) 0x0000022ba8d786a0
 Prev Bits: [0x0000022baf9e0000, 0x0000022bb1190000)
 Next Bits: [0x0000022bb1190000, 0x0000022bb2940000)

Polling page: 0x0000022ba6cd0000

Metaspace:

Usage:
  Non-class:     56.34 MB used.
      Class:      8.77 MB used.
       Both:     65.11 MB used.

Virtual space:
  Non-class space:       64.00 MB reserved,      56.56 MB ( 88%) committed,  1 nodes.
      Class space:        1.00 GB reserved,       9.00 MB ( <1%) committed,  1 nodes.
             Both:        1.06 GB reserved,      65.56 MB (  6%) committed. 

Chunk freelists:
   Non-Class:  7.30 MB
       Class:  7.03 MB
        Both:  14.33 MB

MaxMetaspaceSize: unlimited
CompressedClassSpaceSize: 1.00 GB
Initial GC threshold: 21.00 MB
Current GC threshold: 107.81 MB
CDS: off
MetaspaceReclaimPolicy: balanced
 - commit_granule_bytes: 65536.
 - commit_granule_words: 8192.
 - virtual_space_node_default_size: 8388608.
 - enlarge_chunks_in_place: 1.
 - new_chunks_are_fully_committed: 0.
 - uncommit_free_chunks: 1.
 - use_allocation_guard: 0.
 - handle_deallocations: 1.


Internal statistics:

num_allocs_failed_limit: 8.
num_arena_births: 538.
num_arena_deaths: 0.
num_vsnodes_births: 2.
num_vsnodes_deaths: 0.
num_space_committed: 1049.
num_space_uncommitted: 0.
num_chunks_returned_to_freelist: 8.
num_chunks_taken_from_freelist: 2738.
num_chunk_merges: 8.
num_chunk_splits: 1915.
num_chunks_enlarged: 1464.
num_inconsistent_stats: 0.

CodeCache: size=49152Kb used=13524Kb max_used=13524Kb free=35627Kb
 bounds [0x0000022bac3e0000, 0x0000022bad120000, 0x0000022baf3e0000]
 total_blobs=7758 nmethods=7074 adapters=608
 compilation: enabled
              stopped_count=0, restarted_count=0
 full_count=0

Compilation events (20 events):
Event: 9.144 Thread 0x0000022bb9105170 nmethod 7056 0x0000022bad10bb90 code [0x0000022bad10bd40, 0x0000022bad10bec8]
Event: 9.145 Thread 0x0000022bb9250a20 nmethod 7057 0x0000022bad10c010 code [0x0000022bad10c340, 0x0000022bad10ce68]
Event: 9.146 Thread 0x0000022bb9105170 7058       1       com.sun.jmx.mbeanserver.MXBeanSupport::transitiveInterfaces (64 bytes)
Event: 9.146 Thread 0x0000022bb9250510 7059       1       javax.management.ImmutableDescriptor::makeMap (123 bytes)
Event: 9.146 Thread 0x0000022bb9105170 nmethod 7058 0x0000022bad10d510 code [0x0000022bad10d700, 0x0000022bad10d918]
Event: 9.146 Thread 0x0000022bb9250a20 7060   !   1       com.sun.jmx.mbeanserver.Introspector::descriptorForAnnotations (242 bytes)
Event: 9.146 Thread 0x0000022bb9250510 nmethod 7059 0x0000022bad10db10 code [0x0000022bad10dd20, 0x0000022bad10e258]
Event: 9.147 Thread 0x0000022bb9105170 7062       1       java.lang.invoke.MethodHandles$Lookup::restrictReceiver (127 bytes)
Event: 9.148 Thread 0x0000022bb9250a20 nmethod 7060 0x0000022bad10e810 code [0x0000022bad10eb80, 0x0000022bad10fb28]
Event: 9.148 Thread 0x0000022bb9105170 nmethod 7062 0x0000022bad110810 code [0x0000022bad110a00, 0x0000022bad110c48]
Event: 9.149 Thread 0x0000022bb9105170 7065       1       java.lang.invoke.MethodTypeForm::<init> (322 bytes)
Event: 9.149 Thread 0x0000022bb9250a20 7068   !   1       java.lang.invoke.LambdaForm::compileToBytecode (164 bytes)
Event: 9.150 Thread 0x0000022bb9105170 nmethod 7065 0x0000022bad112090 code [0x0000022bad1122a0, 0x0000022bad112cc8]
Event: 9.150 Thread 0x0000022bb9250a20 nmethod 7068 0x0000022bad113010 code [0x0000022bad113280, 0x0000022bad113aa8]
Event: 9.152 Thread 0x0000022bb9105170 7072       1       org.apache.catalina.LifecycleState::getLifecycleEvent (5 bytes)
Event: 9.152 Thread 0x0000022bb9105170 nmethod 7072 0x0000022bad114690 code [0x0000022bad114820, 0x0000022bad1148f8]
Event: 9.158 Thread 0x0000022bb9250510 7073       1       jdk.internal.jimage.BasicImageReader::verifyLocation (39 bytes)
Event: 9.158 Thread 0x0000022bb9250510 nmethod 7073 0x0000022bad114990 code [0x0000022bad114b40, 0x0000022bad114cc8]
Event: 9.159 Thread 0x0000022bb9105170 7074       1       java.nio.Buffer::mark (10 bytes)
Event: 9.159 Thread 0x0000022bb9105170 nmethod 7074 0x0000022bad114d90 code [0x0000022bad114f20, 0x0000022bad114ff8]

GC Heap History (20 events):
Event: 6.347 GC heap after
{Heap after GC invocations=19 (full 0):
 garbage-first heap   total 46080K, used 24242K [0x00000000a1400000, 0x0000000100000000)
  region size 1024K, 1 young (1024K), 1 survivors (1024K)
 Metaspace       used 53127K, committed 53504K, reserved 1114112K
  class space    used 7001K, committed 7168K, reserved 1048576K
}
Event: 6.656 GC heap before
{Heap before GC invocations=20 (full 0):
 garbage-first heap   total 46080K, used 36530K [0x00000000a1400000, 0x0000000100000000)
  region size 1024K, 13 young (13312K), 1 survivors (1024K)
 Metaspace       used 55447K, committed 55808K, reserved 1114112K
  class space    used 7444K, committed 7616K, reserved 1048576K
}
Event: 6.659 GC heap after
{Heap after GC invocations=21 (full 0):
 garbage-first heap   total 46080K, used 24721K [0x00000000a1400000, 0x0000000100000000)
  region size 1024K, 2 young (2048K), 2 survivors (2048K)
 Metaspace       used 55447K, committed 55808K, reserved 1114112K
  class space    used 7444K, committed 7616K, reserved 1048576K
}
Event: 6.826 GC heap before
{Heap before GC invocations=21 (full 0):
 garbage-first heap   total 46080K, used 37009K [0x00000000a1400000, 0x0000000100000000)
  region size 1024K, 14 young (14336K), 2 survivors (2048K)
 Metaspace       used 55943K, committed 56320K, reserved 1114112K
  class space    used 7533K, committed 7680K, reserved 1048576K
}
Event: 6.829 GC heap after
{Heap after GC invocations=22 (full 0):
 garbage-first heap   total 55296K, used 25022K [0x00000000a1400000, 0x0000000100000000)
  region size 1024K, 1 young (1024K), 1 survivors (1024K)
 Metaspace       used 55943K, committed 56320K, reserved 1114112K
  class space    used 7533K, committed 7680K, reserved 1048576K
}
Event: 7.021 GC heap before
{Heap before GC invocations=23 (full 0):
 garbage-first heap   total 55296K, used 44478K [0x00000000a1400000, 0x0000000100000000)
  region size 1024K, 20 young (20480K), 1 survivors (1024K)
 Metaspace       used 56792K, committed 57152K, reserved 1114112K
  class space    used 7656K, committed 7808K, reserved 1048576K
}
Event: 7.023 GC heap after
{Heap after GC invocations=24 (full 0):
 garbage-first heap   total 55296K, used 25367K [0x00000000a1400000, 0x0000000100000000)
  region size 1024K, 2 young (2048K), 2 survivors (2048K)
 Metaspace       used 56792K, committed 57152K, reserved 1114112K
  class space    used 7656K, committed 7808K, reserved 1048576K
}
Event: 7.829 GC heap before
{Heap before GC invocations=24 (full 0):
 garbage-first heap   total 55296K, used 44823K [0x00000000a1400000, 0x0000000100000000)
  region size 1024K, 21 young (21504K), 2 survivors (2048K)
 Metaspace       used 59830K, committed 60288K, reserved 1114112K
  class space    used 8060K, committed 8320K, reserved 1048576K
}
Event: 7.835 GC heap after
{Heap after GC invocations=25 (full 0):
 garbage-first heap   total 55296K, used 26786K [0x00000000a1400000, 0x0000000100000000)
  region size 1024K, 3 young (3072K), 3 survivors (3072K)
 Metaspace       used 59830K, committed 60288K, reserved 1114112K
  class space    used 8060K, committed 8320K, reserved 1048576K
}
Event: 8.105 GC heap before
{Heap before GC invocations=25 (full 0):
 garbage-first heap   total 55296K, used 44194K [0x00000000a1400000, 0x0000000100000000)
  region size 1024K, 20 young (20480K), 3 survivors (3072K)
 Metaspace       used 62110K, committed 62528K, reserved 1114112K
  class space    used 8368K, committed 8576K, reserved 1048576K
}
Event: 8.110 GC heap after
{Heap after GC invocations=26 (full 0):
 garbage-first heap   total 55296K, used 27855K [0x00000000a1400000, 0x0000000100000000)
  region size 1024K, 3 young (3072K), 3 survivors (3072K)
 Metaspace       used 62110K, committed 62528K, reserved 1114112K
  class space    used 8368K, committed 8576K, reserved 1048576K
}
Event: 8.241 GC heap before
{Heap before GC invocations=26 (full 0):
 garbage-first heap   total 55296K, used 45263K [0x00000000a1400000, 0x0000000100000000)
  region size 1024K, 20 young (20480K), 3 survivors (3072K)
 Metaspace       used 62346K, committed 62784K, reserved 1114112K
  class space    used 8402K, committed 8640K, reserved 1048576K
}
Event: 8.245 GC heap after
{Heap after GC invocations=27 (full 0):
 garbage-first heap   total 55296K, used 28916K [0x00000000a1400000, 0x0000000100000000)
  region size 1024K, 2 young (2048K), 2 survivors (2048K)
 Metaspace       used 62346K, committed 62784K, reserved 1114112K
  class space    used 8402K, committed 8640K, reserved 1048576K
}
Event: 8.428 GC heap before
{Heap before GC invocations=28 (full 0):
 garbage-first heap   total 63488K, used 45300K [0x00000000a1400000, 0x0000000100000000)
  region size 1024K, 18 young (18432K), 2 survivors (2048K)
 Metaspace       used 62636K, committed 63104K, reserved 1114112K
  class space    used 8457K, committed 8704K, reserved 1048576K
}
Event: 8.433 GC heap after
{Heap after GC invocations=29 (full 0):
 garbage-first heap   total 63488K, used 29865K [0x00000000a1400000, 0x0000000100000000)
  region size 1024K, 2 young (2048K), 2 survivors (2048K)
 Metaspace       used 62636K, committed 63104K, reserved 1114112K
  class space    used 8457K, committed 8704K, reserved 1048576K
}
Event: 8.825 GC heap before
{Heap before GC invocations=29 (full 0):
 garbage-first heap   total 63488K, used 50345K [0x00000000a1400000, 0x0000000100000000)
  region size 1024K, 23 young (23552K), 2 survivors (2048K)
 Metaspace       used 65581K, committed 65984K, reserved 1114112K
  class space    used 8830K, committed 9024K, reserved 1048576K
}
Event: 8.831 GC heap after
{Heap after GC invocations=30 (full 0):
 garbage-first heap   total 63488K, used 32096K [0x00000000a1400000, 0x0000000100000000)
  region size 1024K, 3 young (3072K), 3 survivors (3072K)
 Metaspace       used 65581K, committed 65984K, reserved 1114112K
  class space    used 8830K, committed 9024K, reserved 1048576K
}
Event: 8.955 GC heap before
{Heap before GC invocations=31 (full 0):
 garbage-first heap   total 63488K, used 50528K [0x00000000a1400000, 0x0000000100000000)
  region size 1024K, 21 young (21504K), 3 survivors (3072K)
 Metaspace       used 65920K, committed 66304K, reserved 1114112K
  class space    used 8875K, committed 9024K, reserved 1048576K
}
Event: 8.961 GC heap after
{Heap after GC invocations=32 (full 0):
 garbage-first heap   total 63488K, used 34696K [0x00000000a1400000, 0x0000000100000000)
  region size 1024K, 3 young (3072K), 3 survivors (3072K)
 Metaspace       used 65920K, committed 66304K, reserved 1114112K
  class space    used 8875K, committed 9024K, reserved 1048576K
}
Event: 9.163 GC heap before
{Heap before GC invocations=32 (full 0):
 garbage-first heap   total 63488K, used 51080K [0x00000000a1400000, 0x0000000100000000)
  region size 1024K, 19 young (19456K), 3 survivors (3072K)
 Metaspace       used 66675K, committed 67136K, reserved 1114112K
  class space    used 8985K, committed 9216K, reserved 1048576K
}

Dll operation events (9 events):
Event: 0.014 Loaded shared library C:\Program Files (x86)\sts-4.19.1.RELEASE\plugins\org.eclipse.justj.openjdk.hotspot.jre.full.win32.x86_64_17.0.7.v20230425-1502\jre\bin\java.dll
Event: 0.426 Loaded shared library C:\Program Files (x86)\sts-4.19.1.RELEASE\plugins\org.eclipse.justj.openjdk.hotspot.jre.full.win32.x86_64_17.0.7.v20230425-1502\jre\bin\jimage.dll
Event: 0.444 Loaded shared library C:\Program Files (x86)\sts-4.19.1.RELEASE\plugins\org.eclipse.justj.openjdk.hotspot.jre.full.win32.x86_64_17.0.7.v20230425-1502\jre\bin\net.dll
Event: 0.446 Loaded shared library C:\Program Files (x86)\sts-4.19.1.RELEASE\plugins\org.eclipse.justj.openjdk.hotspot.jre.full.win32.x86_64_17.0.7.v20230425-1502\jre\bin\nio.dll
Event: 0.452 Loaded shared library C:\Program Files (x86)\sts-4.19.1.RELEASE\plugins\org.eclipse.justj.openjdk.hotspot.jre.full.win32.x86_64_17.0.7.v20230425-1502\jre\bin\zip.dll
Event: 0.527 Loaded shared library C:\Program Files (x86)\sts-4.19.1.RELEASE\plugins\org.eclipse.justj.openjdk.hotspot.jre.full.win32.x86_64_17.0.7.v20230425-1502\jre\bin\management.dll
Event: 0.545 Loaded shared library C:\Program Files (x86)\sts-4.19.1.RELEASE\plugins\org.eclipse.justj.openjdk.hotspot.jre.full.win32.x86_64_17.0.7.v20230425-1502\jre\bin\management_ext.dll
Event: 0.867 Loaded shared library C:\Program Files (x86)\sts-4.19.1.RELEASE\plugins\org.eclipse.justj.openjdk.hotspot.jre.full.win32.x86_64_17.0.7.v20230425-1502\jre\bin\verify.dll
Event: 4.635 Loaded shared library C:\Program Files (x86)\sts-4.19.1.RELEASE\plugins\org.eclipse.justj.openjdk.hotspot.jre.full.win32.x86_64_17.0.7.v20230425-1502\jre\bin\sunmscapi.dll

Deoptimization events (10 events):
Event: 2.247 Thread 0x0000022bb9c11050 DEOPT PACKING pc=0x0000022bac991c19 sp=0x0000004fd68fcbd0
Event: 2.247 Thread 0x0000022bb9c11050 DEOPT UNPACKING pc=0x0000022bac437143 sp=0x0000004fd68fc0b0 mode 3
Event: 3.435 Thread 0x0000022bb9c11050 DEOPT PACKING pc=0x0000022bac9c2a94 sp=0x0000004fd68fd100
Event: 3.435 Thread 0x0000022bb9c11050 DEOPT UNPACKING pc=0x0000022bac437143 sp=0x0000004fd68fc658 mode 0
Event: 4.564 Thread 0x0000022bb9c11050 DEOPT PACKING pc=0x0000022bacbe7d7d sp=0x0000004fd68fcd40
Event: 4.564 Thread 0x0000022bb9c11050 DEOPT UNPACKING pc=0x0000022bac437143 sp=0x0000004fd68fc2a8 mode 3
Event: 8.369 Thread 0x0000022bb9c11050 DEOPT PACKING pc=0x0000022bac901ad2 sp=0x0000004fd68fd730
Event: 8.370 Thread 0x0000022bb9c11050 DEOPT UNPACKING pc=0x0000022bac437143 sp=0x0000004fd68fcc38 mode 3
Event: 8.370 Thread 0x0000022bb9c11050 DEOPT PACKING pc=0x0000022bac904f45 sp=0x0000004fd68fd6f0
Event: 8.370 Thread 0x0000022bb9c11050 DEOPT UNPACKING pc=0x0000022bac437143 sp=0x0000004fd68fcc38 mode 3

Classes unloaded (0 events):
No events

Classes redefined (0 events):
No events

Internal exceptions (20 events):
Event: 8.402 Thread 0x0000022bb9c11050 Exception <a 'java/lang/ClassNotFoundException'{0x00000000a47ceb68}: org/springframework/context/ApplicationContextAwareCustomizer> (0x00000000a47ceb68) 
thrown [s\src\hotspot\share\classfile\systemDictionary.cpp, line 256]
Event: 8.403 Thread 0x0000022bb9c11050 Exception <a 'java/lang/ClassNotFoundException'{0x00000000a47d5b68}: org/springframework/beans/factory/AwareCustomizer> (0x00000000a47d5b68) 
thrown [s\src\hotspot\share\classfile\systemDictionary.cpp, line 256]
Event: 8.403 Thread 0x0000022bb9c11050 Exception <a 'java/lang/ClassNotFoundException'{0x00000000a47db570}: org/springframework/web/context/ServletContextAwareCustomizer> (0x00000000a47db570) 
thrown [s\src\hotspot\share\classfile\systemDictionary.cpp, line 256]
Event: 8.403 Thread 0x0000022bb9c11050 Exception <a 'java/lang/ClassNotFoundException'{0x00000000a47e1eb8}: org/springframework/beans/factory/AwareCustomizer> (0x00000000a47e1eb8) 
thrown [s\src\hotspot\share\classfile\systemDictionary.cpp, line 256]
Event: 8.531 Thread 0x0000022bb9c11050 Exception <a 'java/lang/NoSuchMethodError'{0x00000000a4b5de58}: 'void java.lang.invoke.DirectMethodHandle$Holder.invokeVirtual(java.lang.Object, java.lang.Object, int)'> (0x00000000a4b5de58) 
thrown [s\src\hotspot\share\interpreter\linkResolver.cpp, line 759]
Event: 8.532 Thread 0x0000022bb9c11050 Exception <a 'java/lang/NoSuchMethodError'{0x00000000a4b78818}: 'void java.lang.invoke.DirectMethodHandle$Holder.invokeVirtual(java.lang.Object, java.lang.Object, long)'> (0x00000000a4b78818) 
thrown [s\src\hotspot\share\interpreter\linkResolver.cpp, line 759]
Event: 8.575 Thread 0x0000022bba2ad5f0 Exception <a 'java/lang/reflect/InvocationTargetException'{0x00000000a49d7fd8}> (0x00000000a49d7fd8) 
thrown [s\src\hotspot\share\runtime\reflection.cpp, line 1121]
Event: 8.678 Thread 0x0000022bb9c11050 Exception <a 'java/lang/IncompatibleClassChangeError'{0x00000000a4489708}: Found class java.lang.Object, but interface was expected> (0x00000000a4489708) 
thrown [s\src\hotspot\share\interpreter\linkResolver.cpp, line 826]
Event: 8.946 Thread 0x0000022bb9c11050 Exception <a 'java/lang/ClassNotFoundException'{0x00000000a4090c28}: nz/net/ultraq/thymeleaf/layoutdialect/decorators/strategies/AppendingStrategyBeanInfo> (0x00000000a4090c28) 
thrown [s\src\hotspot\share\classfile\systemDictionary.cpp, line 256]
Event: 8.946 Thread 0x0000022bb9c11050 Exception <a 'java/lang/ClassNotFoundException'{0x00000000a40981b0}: nz/net/ultraq/thymeleaf/layoutdialect/decorators/strategies/AppendingStrategyCustomizer> (0x00000000a40981b0) 
thrown [s\src\hotspot\share\classfile\systemDictionary.cpp, line 256]
Event: 8.961 Thread 0x0000022bb9c11050 Exception <a 'java/lang/ClassNotFoundException'{0x00000000a7302ed8}: nz/net/ultraq/thymeleaf/layoutdialect/LayoutDialectBeanInfo> (0x00000000a7302ed8) 
thrown [s\src\hotspot\share\classfile\systemDictionary.cpp, line 256]
Event: 8.961 Thread 0x0000022bb9c11050 Exception <a 'java/lang/ClassNotFoundException'{0x00000000a73097e8}: org/thymeleaf/dialect/AbstractProcessorDialectBeanInfo> (0x00000000a73097e8) 
thrown [s\src\hotspot\share\classfile\systemDictionary.cpp, line 256]
Event: 8.962 Thread 0x0000022bb9c11050 Exception <a 'java/lang/ClassNotFoundException'{0x00000000a730fe60}: org/thymeleaf/dialect/AbstractDialectBeanInfo> (0x00000000a730fe60) 
thrown [s\src\hotspot\share\classfile\systemDictionary.cpp, line 256]
Event: 8.962 Thread 0x0000022bb9c11050 Exception <a 'java/lang/ClassNotFoundException'{0x00000000a7316618}: org/thymeleaf/dialect/AbstractDialectCustomizer> (0x00000000a7316618) 
thrown [s\src\hotspot\share\classfile\systemDictionary.cpp, line 256]
Event: 8.963 Thread 0x0000022bb9c11050 Exception <a 'java/lang/ClassNotFoundException'{0x00000000a731f548}: org/thymeleaf/dialect/AbstractProcessorDialectCustomizer> (0x00000000a731f548) 
thrown [s\src\hotspot\share\classfile\systemDictionary.cpp, line 256]
Event: 8.963 Thread 0x0000022bb9c11050 Exception <a 'java/lang/ClassNotFoundException'{0x00000000a7329630}: nz/net/ultraq/thymeleaf/layoutdialect/LayoutDialectCustomizer> (0x00000000a7329630) 
thrown [s\src\hotspot\share\classfile\systemDictionary.cpp, line 256]
Event: 9.149 Thread 0x0000022bb9c11050 Exception <a 'java/lang/NoSuchMethodError'{0x00000000a426e0e0}: 'java.lang.Object java.lang.invoke.DirectMethodHandle$Holder.invokeSpecial(java.lang.Object, java.lang.Object, int, java.lang.Object, int, java.lang.Object)'> (0x00000000a426e0e0) 
thrown [s\src\hotspot\share\interpreter\linkResolver.cpp, line 759]
Event: 9.149 Thread 0x0000022bb9c11050 Exception <a 'java/lang/NoSuchMethodError'{0x00000000a4276188}: 'java.lang.Object java.lang.invoke.DirectMethodHandle$Holder.newInvokeSpecial(java.lang.Object, java.lang.Object, int, java.lang.Object, int)'> (0x00000000a4276188) 
thrown [s\src\hotspot\share\interpreter\linkResolver.cpp, line 759]
Event: 9.150 Thread 0x0000022bb9c11050 Exception <a 'java/lang/NoSuchMethodError'{0x00000000a427a288}: 'java.lang.Object java.lang.invoke.DirectMethodHandle$Holder.invokeSpecial(java.lang.Object, java.lang.Object, java.lang.Object, int, java.lang.Object, int)'> (0x00000000a427a288) 
thrown [s\src\hotspot\share\interpreter\linkResolver.cpp, line 759]
Event: 9.151 Thread 0x0000022bb9c11050 Exception <a 'java/lang/NoSuchMethodError'{0x00000000a42846a0}: 'void java.lang.invoke.DirectMethodHandle$Holder.invokeVirtual(java.lang.Object, java.lang.Object)'> (0x00000000a42846a0) 
thrown [s\src\hotspot\share\interpreter\linkResolver.cpp, line 759]

VM Operations (20 events):
Event: 8.647 Executing VM operation: HandshakeAllThreads done
Event: 8.648 Executing VM operation: HandshakeAllThreads
Event: 8.648 Executing VM operation: HandshakeAllThreads done
Event: 8.807 Executing VM operation: HandshakeAllThreads
Event: 8.807 Executing VM operation: HandshakeAllThreads done
Event: 8.812 Executing VM operation: HandshakeAllThreads
Event: 8.812 Executing VM operation: HandshakeAllThreads done
Event: 8.819 Executing VM operation: HandshakeAllThreads
Event: 8.819 Executing VM operation: HandshakeAllThreads done
Event: 8.824 Executing VM operation: G1CollectForAllocation
Event: 8.831 Executing VM operation: G1CollectForAllocation done
Event: 8.886 Executing VM operation: HandshakeAllThreads
Event: 8.886 Executing VM operation: HandshakeAllThreads done
Event: 8.887 Executing VM operation: G1Concurrent
Event: 8.890 Executing VM operation: G1Concurrent done
Event: 8.916 Executing VM operation: G1Concurrent
Event: 8.916 Executing VM operation: G1Concurrent done
Event: 8.955 Executing VM operation: G1CollectForAllocation
Event: 8.961 Executing VM operation: G1CollectForAllocation done
Event: 9.163 Executing VM operation: G1CollectForAllocation

Events (20 events):
Event: 9.153 loading class sun/nio/ch/DefaultSelectorProvider
Event: 9.153 loading class sun/nio/ch/DefaultSelectorProvider done
Event: 9.153 loading class sun/nio/ch/WEPollSelectorProvider
Event: 9.154 loading class sun/nio/ch/SelectorProviderImpl
Event: 9.154 loading class sun/nio/ch/SelectorProviderImpl done
Event: 9.154 loading class sun/nio/ch/WEPollSelectorProvider done
Event: 9.155 loading class sun/nio/ch/ServerSocketChannelImpl
Event: 9.155 loading class sun/nio/ch/SelChImpl
Event: 9.156 loading class sun/nio/ch/SelChImpl done
Event: 9.156 loading class sun/nio/ch/ServerSocketChannelImpl done
Event: 9.156 loading class sun/nio/ch/ServerSocketAdaptor
Event: 9.156 loading class sun/nio/ch/ServerSocketAdaptor done
Event: 9.157 loading class sun/nio/ch/DummySocketImpl
Event: 9.157 loading class sun/nio/ch/DummySocketImpl done
Event: 9.161 loading class java/lang/IllegalThreadStateException
Event: 9.161 loading class java/lang/IllegalThreadStateException done
Event: 9.162 Thread 0x0000022bbb7480f0 Thread added: 0x0000022bbb7480f0
Event: 9.162 Thread 0x0000022bbb747c20 Thread added: 0x0000022bbb747c20
Event: 9.162 Thread 0x0000022bbb746410 Thread added: 0x0000022bbb746410
Event: 9.163 Thread 0x0000022bbb7468e0 Thread added: 0x0000022bbb7468e0


Dynamic libraries:
0x00007ff79bf90000 - 0x00007ff79bf9e000 	C:\Program Files (x86)\sts-4.19.1.RELEASE\plugins\org.eclipse.justj.openjdk.hotspot.jre.full.win32.x86_64_17.0.7.v20230425-1502\jre\bin\javaw.exe
0x00007fffefd90000 - 0x00007fffeff88000 	C:\Windows\SYSTEM32\ntdll.dll
0x00007fffef0d0000 - 0x00007fffef18f000 	C:\Windows\System32\KERNEL32.DLL
0x00007fffed980000 - 0x00007fffedc52000 	C:\Windows\System32\KERNELBASE.dll
0x00007fffed530000 - 0x00007fffed630000 	C:\Windows\System32\ucrtbase.dll
0x00007fffd2490000 - 0x00007fffd24a7000 	C:\Program Files (x86)\sts-4.19.1.RELEASE\plugins\org.eclipse.justj.openjdk.hotspot.jre.full.win32.x86_64_17.0.7.v20230425-1502\jre\bin\jli.dll
0x00007fffef500000 - 0x00007fffef6a1000 	C:\Windows\System32\USER32.dll
0x00007fffedc90000 - 0x00007fffedcb2000 	C:\Windows\System32\win32u.dll
0x00007fffefa20000 - 0x00007fffefa4b000 	C:\Windows\System32\GDI32.dll
0x00007fffedcc0000 - 0x00007fffeddcf000 	C:\Windows\System32\gdi32full.dll
0x00007fffed8e0000 - 0x00007fffed97d000 	C:\Windows\System32\msvcp_win.dll
0x00007fffcf550000 - 0x00007fffcf569000 	C:\Program Files (x86)\sts-4.19.1.RELEASE\plugins\org.eclipse.justj.openjdk.hotspot.jre.full.win32.x86_64_17.0.7.v20230425-1502\jre\bin\VCRUNTIME140.dll
0x00007fffd8fb0000 - 0x00007fffd924a000 	C:\Windows\WinSxS\amd64_microsoft.windows.common-controls_6595b64144ccf1df_6.0.19041.1110_none_60b5254171f9507e\COMCTL32.dll
0x00007fffedf20000 - 0x00007fffedfbe000 	C:\Windows\System32\msvcrt.dll
0x00007fffef850000 - 0x00007fffef882000 	C:\Windows\System32\IMM32.DLL
0x00007fffde6e0000 - 0x00007fffde6ec000 	C:\Program Files (x86)\sts-4.19.1.RELEASE\plugins\org.eclipse.justj.openjdk.hotspot.jre.full.win32.x86_64_17.0.7.v20230425-1502\jre\bin\vcruntime140_1.dll
0x00007fffb1b60000 - 0x00007fffb1bf1000 	C:\Program Files (x86)\sts-4.19.1.RELEASE\plugins\org.eclipse.justj.openjdk.hotspot.jre.full.win32.x86_64_17.0.7.v20230425-1502\jre\bin\msvcp140.dll
0x00007fff9b9e0000 - 0x00007fff9c628000 	C:\Program Files (x86)\sts-4.19.1.RELEASE\plugins\org.eclipse.justj.openjdk.hotspot.jre.full.win32.x86_64_17.0.7.v20230425-1502\jre\bin\server\jvm.dll
0x00007fffefca0000 - 0x00007fffefd4e000 	C:\Windows\System32\ADVAPI32.dll
0x00007fffeddd0000 - 0x00007fffede6c000 	C:\Windows\System32\sechost.dll
0x00007fffee2b0000 - 0x00007fffee3d5000 	C:\Windows\System32\RPCRT4.dll
0x00007fffd3250000 - 0x00007fffd3259000 	C:\Windows\SYSTEM32\WSOCK32.dll
0x00007fffef6b0000 - 0x00007fffef71b000 	C:\Windows\System32\WS2_32.dll
0x00007fffe3db0000 - 0x00007fffe3dd7000 	C:\Windows\SYSTEM32\WINMM.dll
0x00007fffe6f60000 - 0x00007fffe6f6a000 	C:\Windows\SYSTEM32\VERSION.dll
0x00007fffeb300000 - 0x00007fffeb312000 	C:\Windows\SYSTEM32\kernel.appcore.dll
0x00007fffe85b0000 - 0x00007fffe85ba000 	C:\Program Files (x86)\sts-4.19.1.RELEASE\plugins\org.eclipse.justj.openjdk.hotspot.jre.full.win32.x86_64_17.0.7.v20230425-1502\jre\bin\jimage.dll
0x00007fffd9470000 - 0x00007fffd9654000 	C:\Windows\SYSTEM32\DBGHELP.DLL
0x00007fffd63c0000 - 0x00007fffd63f5000 	C:\Windows\SYSTEM32\dbgcore.DLL
0x00007fffed630000 - 0x00007fffed6b2000 	C:\Windows\System32\bcryptPrimitives.dll
0x00007fffe84c0000 - 0x00007fffe84e5000 	C:\Program Files (x86)\sts-4.19.1.RELEASE\plugins\org.eclipse.justj.openjdk.hotspot.jre.full.win32.x86_64_17.0.7.v20230425-1502\jre\bin\java.dll
0x00007fffe5b00000 - 0x00007fffe5b18000 	C:\Program Files (x86)\sts-4.19.1.RELEASE\plugins\org.eclipse.justj.openjdk.hotspot.jre.full.win32.x86_64_17.0.7.v20230425-1502\jre\bin\zip.dll
0x00007fffee8b0000 - 0x00007fffeeff5000 	C:\Windows\System32\SHELL32.dll
0x00007fffeb500000 - 0x00007fffebc92000 	C:\Windows\SYSTEM32\windows.storage.dll
0x00007fffef190000 - 0x00007fffef4e5000 	C:\Windows\System32\combase.dll
0x00007fffecd20000 - 0x00007fffecd50000 	C:\Windows\SYSTEM32\Wldp.dll
0x00007fffef970000 - 0x00007fffefa1d000 	C:\Windows\System32\SHCORE.dll
0x00007fffef060000 - 0x00007fffef0b5000 	C:\Windows\System32\shlwapi.dll
0x00007fffed3c0000 - 0x00007fffed3df000 	C:\Windows\SYSTEM32\profapi.dll
0x00007fffde6f0000 - 0x00007fffde709000 	C:\Program Files (x86)\sts-4.19.1.RELEASE\plugins\org.eclipse.justj.openjdk.hotspot.jre.full.win32.x86_64_17.0.7.v20230425-1502\jre\bin\net.dll
0x00007fffe62f0000 - 0x00007fffe63fc000 	C:\Windows\SYSTEM32\WINHTTP.dll
0x00007fffecb00000 - 0x00007fffecb6a000 	C:\Windows\system32\mswsock.dll
0x00007fffdb380000 - 0x00007fffdb395000 	C:\Program Files (x86)\sts-4.19.1.RELEASE\plugins\org.eclipse.justj.openjdk.hotspot.jre.full.win32.x86_64_17.0.7.v20230425-1502\jre\bin\nio.dll
0x00007fffdb460000 - 0x00007fffdb469000 	C:\Program Files (x86)\sts-4.19.1.RELEASE\plugins\org.eclipse.justj.openjdk.hotspot.jre.full.win32.x86_64_17.0.7.v20230425-1502\jre\bin\management.dll
0x00007fffdb2a0000 - 0x00007fffdb2ab000 	C:\Program Files (x86)\sts-4.19.1.RELEASE\plugins\org.eclipse.justj.openjdk.hotspot.jre.full.win32.x86_64_17.0.7.v20230425-1502\jre\bin\management_ext.dll
0x00007fffef4f0000 - 0x00007fffef4f8000 	C:\Windows\System32\PSAPI.DLL
0x00007fffe56d0000 - 0x00007fffe56e7000 	C:\Windows\system32\napinsp.dll
0x00007fffe56b0000 - 0x00007fffe56cb000 	C:\Windows\system32\pnrpnsp.dll
0x00007fffe7700000 - 0x00007fffe7715000 	C:\Windows\system32\wshbth.dll
0x00007fffe8bb0000 - 0x00007fffe8bcd000 	C:\Windows\system32\NLAapi.dll
0x00007fffec810000 - 0x00007fffec84b000 	C:\Windows\SYSTEM32\IPHLPAPI.DLL
0x00007fffec850000 - 0x00007fffec91b000 	C:\Windows\SYSTEM32\DNSAPI.dll
0x00007fffefab0000 - 0x00007fffefab8000 	C:\Windows\System32\NSI.dll
0x00007fffe5690000 - 0x00007fffe56a2000 	C:\Windows\System32\winrnr.dll
0x00007fffddd50000 - 0x00007fffddd5a000 	C:\Windows\System32\rasadhlp.dll
0x00007fffe6120000 - 0x00007fffe61a0000 	C:\Windows\System32\fwpuclnt.dll
0x00007fffedc60000 - 0x00007fffedc87000 	C:\Windows\System32\bcrypt.dll
0x00007fffecd60000 - 0x00007fffecd78000 	C:\Windows\SYSTEM32\CRYPTSP.dll
0x00007fffec440000 - 0x00007fffec474000 	C:\Windows\system32\rsaenh.dll
0x00007fffed380000 - 0x00007fffed3ae000 	C:\Windows\SYSTEM32\USERENV.dll
0x00007fffecc90000 - 0x00007fffecc9c000 	C:\Windows\SYSTEM32\CRYPTBASE.dll
0x00007fffe5e60000 - 0x00007fffe5e77000 	C:\Windows\SYSTEM32\dhcpcsvc6.DLL
0x00007fffe5e40000 - 0x00007fffe5e5d000 	C:\Windows\SYSTEM32\dhcpcsvc.DLL
0x00007fffe8550000 - 0x00007fffe8560000 	C:\Program Files (x86)\sts-4.19.1.RELEASE\plugins\org.eclipse.justj.openjdk.hotspot.jre.full.win32.x86_64_17.0.7.v20230425-1502\jre\bin\verify.dll
0x00007fffe5af0000 - 0x00007fffe5afe000 	C:\Program Files (x86)\sts-4.19.1.RELEASE\plugins\org.eclipse.justj.openjdk.hotspot.jre.full.win32.x86_64_17.0.7.v20230425-1502\jre\bin\sunmscapi.dll
0x00007fffed6c0000 - 0x00007fffed816000 	C:\Windows\System32\CRYPT32.dll
0x00007fffece70000 - 0x00007fffece97000 	C:\Windows\SYSTEM32\ncrypt.dll
0x00007fffece30000 - 0x00007fffece6b000 	C:\Windows\SYSTEM32\NTASN1.dll

dbghelp: loaded successfully - version: 4.0.5 - missing functions: none
symbol engine: initialized successfully - sym options: 0x614 - pdb path: .;C:\Program Files (x86)\sts-4.19.1.RELEASE\plugins\org.eclipse.justj.openjdk.hotspot.jre.full.win32.x86_64_17.0.7.v20230425-1502\jre\bin;C:\Windows\SYSTEM32;C:\Windows\WinSxS\amd64_microsoft.windows.common-controls_6595b64144ccf1df_6.0.19041.1110_none_60b5254171f9507e;C:\Program Files (x86)\sts-4.19.1.RELEASE\plugins\org.eclipse.justj.openjdk.hotspot.jre.full.win32.x86_64_17.0.7.v20230425-1502\jre\bin\server

VM Arguments:
jvm_args: -Dcom.sun.management.jmxremote -Dcom.sun.management.jmxremote.port=51730 -Dcom.sun.management.jmxremote.authenticate=false -Dcom.sun.management.jmxremote.ssl=false -Djava.rmi.server.hostname=localhost -Dspring.jmx.enabled=true -Dmanagement.endpoints.jmx.exposure.include=* -Dspring.application.admin.enabled=true -XX:TieredStopAtLevel=1 -Dspring.boot.project.name=miniproject -Dfile.encoding=UTF-8 -Dstdout.encoding=UTF-8 -Dstderr.encoding=UTF-8 -XX:+ShowCodeDetailsInExceptionMessages 
java_command: com.teama.minpro.teama.MiniprojectApplication --spring.output.ansi.enabled=always
java_class_path (initial): D:\BELAJAR KODING\XSIS\BATCH-327\minpro-team-a\miniproject\target\classes;C:\Users\Admin\.m2\repository\org\springframework\boot\spring-boot-starter-data-jpa\2.7.16\spring-boot-starter-data-jpa-2.7.16.jar;C:\Users\Admin\.m2\repository\org\springframework\boot\spring-boot-starter-aop\2.7.16\spring-boot-starter-aop-2.7.16.jar;C:\Users\Admin\.m2\repository\org\springframework\spring-aop\5.3.30\spring-aop-5.3.30.jar;C:\Users\Admin\.m2\repository\org\aspectj\aspectjweaver\1.9.7\aspectjweaver-1.9.7.jar;C:\Users\Admin\.m2\repository\org\springframework\boot\spring-boot-starter-jdbc\2.7.16\spring-boot-starter-jdbc-2.7.16.jar;C:\Users\Admin\.m2\repository\com\zaxxer\HikariCP\4.0.3\HikariCP-4.0.3.jar;C:\Users\Admin\.m2\repository\org\springframework\spring-jdbc\5.3.30\spring-jdbc-5.3.30.jar;C:\Users\Admin\.m2\repository\jakarta\transaction\jakarta.transaction-api\1.3.3\jakarta.transaction-api-1.3.3.jar;C:\Users\Admin\.m2\repository\jakarta\persistence\jakarta.persistence-api\2.2.3\jakarta.persistence-api-2.2.3.jar;C:\Users\Admin\.m2\repository\org\hibernate\hibernate-core\5.6.15.Final\hibernate-core-5.6.15.Final.jar;C:\Users\Admin\.m2\repository\org\jboss\logging\jboss-logging\3.4.3.Final\jboss-logging-3.4.3.Final.jar;C:\Users\Admin\.m2\repository\net\bytebuddy\byte-buddy\1.12.23\byte-buddy-1.12.23.jar;C:\Users\Admin\.m2\repository\antlr\antlr\2.7.7\antlr-2.7.7.jar;C:\Users\Admin\.m2\repository\org\jboss\jandex\2.4.2.Final\jandex-2.4.2.Final.jar;C:\Users\Admin\.m2\repository\com\fasterxml\classmate\1.5.1\classmate-1.5.1.jar;C:\Users\Admin\.m2\repository\org\hibernate\common\hibernate-commons-annotations\5.1.2.Final\hibernate-commons-annotations-5.1.2.Final.jar;C:\Users\Admin\.m2\repository\org\glassfish\jaxb\jaxb-runtime\2.3.8\jaxb-runtime-2.3.8.jar;C:\Users\Admin\.m2\repository\org\glassfish\jaxb\txw2\2.3.8\txw2-2.3.8.jar;C:\Users\Admin\.m2\repository\com\sun\istack\istack-commons-runtime\3.0.12\istack-commons-runtime-3.0.12.jar;C:\Users\Admin\.m
Launcher Type: SUN_STANDARD

[Global flags]
     intx CICompilerCount                          = 3                                         {product} {ergonomic}
     uint ConcGCThreads                            = 1                                         {product} {ergonomic}
     uint G1ConcRefinementThreads                  = 4                                         {product} {ergonomic}
   size_t G1HeapRegionSize                         = 1048576                                   {product} {ergonomic}
    uintx GCDrainStackTargetSize                   = 64                                        {product} {ergonomic}
   size_t InitialHeapSize                          = 100663296                                 {product} {ergonomic}
     bool ManagementServer                         = true                                      {product} {command line}
   size_t MarkStackSize                            = 4194304                                   {product} {ergonomic}
   size_t MaxHeapSize                              = 1589641216                                {product} {ergonomic}
   size_t MaxNewSize                               = 953155584                                 {product} {ergonomic}
   size_t MinHeapDeltaBytes                        = 1048576                                   {product} {ergonomic}
   size_t MinHeapSize                              = 8388608                                   {product} {ergonomic}
    uintx NonProfiledCodeHeapSize                  = 0                                      {pd product} {ergonomic}
     bool ProfileInterpreter                       = false                                  {pd product} {command line}
    uintx ProfiledCodeHeapSize                     = 0                                      {pd product} {ergonomic}
     bool ShowCodeDetailsInExceptionMessages       = true                                   {manageable} {command line}
   size_t SoftMaxHeapSize                          = 1589641216                             {manageable} {ergonomic}
     intx TieredStopAtLevel                        = 1                                         {product} {command line}
     bool UseCompressedClassPointers               = true                           {product lp64_product} {ergonomic}
     bool UseCompressedOops                        = true                           {product lp64_product} {ergonomic}
     bool UseG1GC                                  = true                                      {product} {ergonomic}
     bool UseLargePagesIndividualAllocation        = false                                  {pd product} {ergonomic}

Logging:
Log output configuration:
 #0: stdout all=warning uptime,level,tags
 #1: stderr all=off uptime,level,tags

Environment Variables:
JAVA_HOME=C:\Program Files\Java\jdk-20.0.2
PATH=C:/Program Files (x86)/sts-4.19.1.RELEASE//plugins/org.eclipse.justj.openjdk.hotspot.jre.full.win32.x86_64_17.0.7.v20230425-1502/jre/bin/server;C:/Program Files (x86)/sts-4.19.1.RELEASE//plugins/org.eclipse.justj.openjdk.hotspot.jre.full.win32.x86_64_17.0.7.v20230425-1502/jre/bin;C:\Windows\system32;C:\Windows;C:\Windows\System32\Wbem;C:\Windows\System32\WindowsPowerShell\v1.0\;C:\Windows\System32\OpenSSH\;C:\Program Files\Java\jdk-20.0.2\bin;C:\Program Files\Git\cmd;C:\Program Files\Docker\Docker\resources\bin;C:\Users\Admin\AppData\Local\Microsoft\WindowsApps;;C:\Users\Admin\AppData\Local\Programs\Microsoft VS Code\bin;C:\Program Files (x86)\sts-4.19.1.RELEASE;
USERNAME=Irfan
OS=Windows_NT
PROCESSOR_IDENTIFIER=AMD64 Family 23 Model 24 Stepping 1, AuthenticAMD
TMP=C:\Users\Admin\AppData\Local\Temp
TEMP=C:\Users\Admin\AppData\Local\Temp



---------------  S Y S T E M  ---------------

OS:
 Windows 10 , 64 bit Build 19041 (10.0.19041.2545)
OS uptime: 0 days 0:50 hours
Hyper-V role detected

CPU: total 4 (initial active 4) (4 cores per cpu, 2 threads per core) family 23 model 24 stepping 1 microcode 0x0, cx8, cmov, fxsr, ht, mmx, 3dnowpref, sse, sse2, sse3, ssse3, sse4a, sse4.1, sse4.2, popcnt, lzcnt, tsc, tscinvbit, avx, avx2, aes, clmul, bmi1, bmi2, adx, sha, fma, vzeroupper, clflush, clflushopt, hv

Memory: 4k page, system-wide physical 6058M (383M free)
TotalPageFile size 6058M (AvailPageFile size 6M)
current process WorkingSet (physical memory assigned to process): 205M, peak: 205M
current process commit charge ("private bytes"): 261M, peak: 266M

vm_info: OpenJDK 64-Bit Server VM (17.0.7+7) for windows-amd64 JRE (17.0.7+7), built on Apr 18 2023 22:10:42 by "temurin" with MS VC++ 16.7 (VS2019)

END.
