#
# There is insufficient memory for the Java Runtime Environment to continue.
# Native memory allocation (mmap) failed to map 65536 bytes for Failed to commit metaspace.
# Possible reasons:
#   The system is out of physical RAM or swap space
#   The process is running with CompressedOops enabled, and the Java Heap may be blocking the growth of the native heap
# Possible solutions:
#   Reduce memory load on the system
#   Increase physical memory or swap space
#   Check if swap backing store is full
#   Decrease Java heap size (-Xmx/-Xms)
#   Decrease number of Java threads
#   Decrease Java thread stack sizes (-Xss)
#   Set larger code cache with -XX:ReservedCodeCacheSize=
#   JVM is running with Unscaled Compressed Oops mode in which the Java heap is
#     placed in the first 4GB address space. The Java Heap base address is the
#     maximum limit for the native heap growth. Please use -XX:HeapBaseMinAddress
#     to set the Java Heap base and to place the Java Heap above 4GB virtual address.
# This output file may be truncated or incomplete.
#
#  Out of Memory Error (virtualSpaceNode.cpp:110), pid=1604, tid=7648
#
# JRE version: OpenJDK Runtime Environment Temurin-17.0.7+7 (17.0.7+7) (build 17.0.7+7)
# Java VM: OpenJDK 64-Bit Server VM Temurin-17.0.7+7 (17.0.7+7, mixed mode, emulated-client, tiered, compressed oops, compressed class ptrs, g1 gc, windows-amd64)
# No core dump will be written. Minidumps are not enabled by default on client versions of Windows
#

---------------  S U M M A R Y ------------

Command Line: -Dcom.sun.management.jmxremote -Dcom.sun.management.jmxremote.port=50454 -Dcom.sun.management.jmxremote.authenticate=false -Dcom.sun.management.jmxremote.ssl=false -Djava.rmi.server.hostname=localhost -Dspring.jmx.enabled=true -Dmanagement.endpoints.jmx.exposure.include=* -Dspring.application.admin.enabled=true -XX:TieredStopAtLevel=1 -Dspring.boot.project.name=miniproject -Dfile.encoding=UTF-8 -Dstdout.encoding=UTF-8 -Dstderr.encoding=UTF-8 -XX:+ShowCodeDetailsInExceptionMessages com.teama.minpro.teama.MiniprojectApplication --spring.output.ansi.enabled=always

Host: AMD Ryzen 3 3200U with Radeon Vega Mobile Gfx  , 4 cores, 5G,  Windows 10 , 64 bit Build 19041 (10.0.19041.2545)
Time: Mon Oct 16 20:55:30 2023 SE Asia Standard Time elapsed time: 8.357066 seconds (0d 0h 0m 8s)

---------------  T H R E A D  ---------------

Current thread (0x000002c4ecdf3ab0):  JavaThread "restartedMain" [_thread_in_vm, id=7648, stack(0x000000c573e00000,0x000000c573f00000)]

Stack: [0x000000c573e00000,0x000000c573f00000]
Native frames: (J=compiled Java code, j=interpreted, Vv=VM code, C=native code)
V  [jvm.dll+0x67754a]
V  [jvm.dll+0x834304]
V  [jvm.dll+0x835aae]
V  [jvm.dll+0x836113]
V  [jvm.dll+0x24696f]
V  [jvm.dll+0x83039b]
V  [jvm.dll+0x61c006]
V  [jvm.dll+0x1c169e]
V  [jvm.dll+0x61e961]
V  [jvm.dll+0x61c9a6]
V  [jvm.dll+0x23c350]
V  [jvm.dll+0x1ebe5d]
V  [jvm.dll+0x1e1891]
V  [jvm.dll+0x53ea50]
V  [jvm.dll+0x7afc28]
V  [jvm.dll+0x7afd14]
V  [jvm.dll+0x40de05]
V  [jvm.dll+0x413f58]
C  [java.dll+0x17ec]

Java frames: (J=compiled Java code, j=interpreted, Vv=VM code)
J 1216  java.lang.ClassLoader.defineClass1(Ljava/lang/ClassLoader;Ljava/lang/String;[BIILjava/security/ProtectionDomain;Ljava/lang/String;)Ljava/lang/Class; java.base@17.0.7 (0 bytes) @ 0x000002c4df2a16db [0x000002c4df2a1620+0x00000000000000bb]
J 1259 c1 java.lang.ClassLoader.defineClass(Ljava/lang/String;[BIILjava/security/ProtectionDomain;)Ljava/lang/Class; java.base@17.0.7 (43 bytes) @ 0x000002c4df2b485c [0x000002c4df2b4760+0x00000000000000fc]
J 1272 c1 jdk.internal.loader.BuiltinClassLoader.defineClass(Ljava/lang/String;Ljdk/internal/loader/Resource;)Ljava/lang/Class; java.base@17.0.7 (121 bytes) @ 0x000002c4df2bbfc4 [0x000002c4df2bbb20+0x00000000000004a4]
J 1225 c1 jdk.internal.loader.BuiltinClassLoader.findClassOnClassPathOrNull(Ljava/lang/String;)Ljava/lang/Class; java.base@17.0.7 (64 bytes) @ 0x000002c4df2a49c4 [0x000002c4df2a4720+0x00000000000002a4]
J 972 c1 jdk.internal.loader.BuiltinClassLoader.loadClassOrNull(Ljava/lang/String;Z)Ljava/lang/Class; java.base@17.0.7 (143 bytes) @ 0x000002c4df23aec4 [0x000002c4df23aa80+0x0000000000000444]
J 1113 c1 jdk.internal.loader.ClassLoaders$AppClassLoader.loadClass(Ljava/lang/String;Z)Ljava/lang/Class; java.base@17.0.7 (40 bytes) @ 0x000002c4df2799a4 [0x000002c4df279860+0x0000000000000144]
J 1105 c1 java.lang.ClassLoader.loadClass(Ljava/lang/String;)Ljava/lang/Class; java.base@17.0.7 (7 bytes) @ 0x000002c4df2744e4 [0x000002c4df2744a0+0x0000000000000044]
v  ~StubRoutines::call_stub
J 937  java.lang.Class.forName0(Ljava/lang/String;ZLjava/lang/ClassLoader;Ljava/lang/Class;)Ljava/lang/Class; java.base@17.0.7 (0 bytes) @ 0x000002c4df22d827 [0x000002c4df22d7a0+0x0000000000000087]
J 938 c1 java.lang.Class.forName(Ljava/lang/String;ZLjava/lang/ClassLoader;)Ljava/lang/Class; java.base@17.0.7 (47 bytes) @ 0x000002c4df22ddb4 [0x000002c4df22dcc0+0x00000000000000f4]
J 2717 c1 org.springframework.boot.devtools.restart.classloader.RestartClassLoader.loadClass(Ljava/lang/String;Z)Ljava/lang/Class; (119 bytes) @ 0x000002c4df4f257c [0x000002c4df4f2000+0x000000000000057c]
J 1105 c1 java.lang.ClassLoader.loadClass(Ljava/lang/String;)Ljava/lang/Class; java.base@17.0.7 (7 bytes) @ 0x000002c4df2744e4 [0x000002c4df2744a0+0x0000000000000044]
v  ~StubRoutines::call_stub
J 937  java.lang.Class.forName0(Ljava/lang/String;ZLjava/lang/ClassLoader;Ljava/lang/Class;)Ljava/lang/Class; java.base@17.0.7 (0 bytes) @ 0x000002c4df22d827 [0x000002c4df22d7a0+0x0000000000000087]
J 938 c1 java.lang.Class.forName(Ljava/lang/String;ZLjava/lang/ClassLoader;)Ljava/lang/Class; java.base@17.0.7 (47 bytes) @ 0x000002c4df22ddb4 [0x000002c4df22dcc0+0x00000000000000f4]
J 2670 c1 org.springframework.util.ClassUtils.forName(Ljava/lang/String;Ljava/lang/ClassLoader;)Ljava/lang/Class; (247 bytes) @ 0x000002c4df4d795c [0x000002c4df4d76e0+0x000000000000027c]
j  org.springframework.boot.util.Instantiator$TypeSupplier$1.get()Ljava/lang/Class;+8
j  org.springframework.boot.util.Instantiator.instantiate(Lorg/springframework/boot/util/Instantiator$TypeSupplier;)Ljava/lang/Object;+1
j  org.springframework.boot.util.Instantiator$$Lambda$179+0x000000010020ef18.apply(Ljava/lang/Object;)Ljava/lang/Object;+8
J 1645 c1 java.util.stream.ReferencePipeline$3$1.accept(Ljava/lang/Object;)V java.base@17.0.7 (23 bytes) @ 0x000002c4df34a98c [0x000002c4df34a940+0x000000000000004c]
J 1645 c1 java.util.stream.ReferencePipeline$3$1.accept(Ljava/lang/Object;)V java.base@17.0.7 (23 bytes) @ 0x000002c4df34a9a4 [0x000002c4df34a940+0x0000000000000064]
J 4549 c1 java.util.ArrayList$ArrayListSpliterator.forEachRemaining(Ljava/util/function/Consumer;)V java.base@17.0.7 (127 bytes) @ 0x000002c4df7dcc4c [0x000002c4df7dcb60+0x00000000000000ec]
J 1765 c1 java.util.stream.AbstractPipeline.copyInto(Ljava/util/stream/Sink;Ljava/util/Spliterator;)V java.base@17.0.7 (54 bytes) @ 0x000002c4df37a344 [0x000002c4df37a280+0x00000000000000c4]
J 1764 c1 java.util.stream.AbstractPipeline.wrapAndCopyInto(Ljava/util/stream/Sink;Ljava/util/Spliterator;)Ljava/util/stream/Sink; java.base@17.0.7 (18 bytes) @ 0x000002c4df379af4 [0x000002c4df379a40+0x00000000000000b4]
J 2702 c1 java.util.stream.ReduceOps$ReduceOp.evaluateSequential(Ljava/util/stream/PipelineHelper;Ljava/util/Spliterator;)Ljava/lang/Object; java.base@17.0.7 (18 bytes) @ 0x000002c4df4e7e2c [0x000002c4df4e7dc0+0x000000000000006c]
J 1767 c1 java.util.stream.AbstractPipeline.evaluate(Ljava/util/stream/TerminalOp;)Ljava/lang/Object; java.base@17.0.7 (94 bytes) @ 0x000002c4df37b374 [0x000002c4df37b280+0x00000000000000f4]
J 2752 c1 java.util.stream.ReferencePipeline.collect(Ljava/util/stream/Collector;)Ljava/lang/Object; java.base@17.0.7 (124 bytes) @ 0x000002c4df5009a4 [0x000002c4df500840+0x0000000000000164]
j  org.springframework.boot.util.Instantiator.instantiate(Ljava/util/stream/Stream;)Ljava/util/List;+15
j  org.springframework.boot.util.Instantiator.instantiate(Ljava/lang/ClassLoader;Ljava/util/Collection;)Ljava/util/List;+24
j  org.springframework.boot.diagnostics.FailureAnalyzers.loadFailureAnalyzers(Ljava/util/List;Lorg/springframework/context/ConfigurableApplicationContext;)Ljava/util/List;+29
j  org.springframework.boot.diagnostics.FailureAnalyzers.<init>(Lorg/springframework/context/ConfigurableApplicationContext;Ljava/util/List;)V+16
j  org.springframework.boot.diagnostics.FailureAnalyzers.<init>(Lorg/springframework/context/ConfigurableApplicationContext;)V+11
v  ~StubRoutines::call_stub
J 1560  jdk.internal.reflect.NativeConstructorAccessorImpl.newInstance0(Ljava/lang/reflect/Constructor;[Ljava/lang/Object;)Ljava/lang/Object; java.base@17.0.7 (0 bytes) @ 0x000002c4df32f806 [0x000002c4df32f7a0+0x0000000000000066]
J 1559 c1 jdk.internal.reflect.NativeConstructorAccessorImpl.newInstance([Ljava/lang/Object;)Ljava/lang/Object; java.base@17.0.7 (122 bytes) @ 0x000002c4df32ff9c [0x000002c4df32fd00+0x000000000000029c]
J 1433 c1 jdk.internal.reflect.DelegatingConstructorAccessorImpl.newInstance([Ljava/lang/Object;)Ljava/lang/Object; java.base@17.0.7 (9 bytes) @ 0x000002c4df2fa664 [0x000002c4df2fa620+0x0000000000000044]
J 1307 c1 java.lang.reflect.Constructor.newInstanceWithCaller([Ljava/lang/Object;ZLjava/lang/Class;)Ljava/lang/Object; java.base@17.0.7 (75 bytes) @ 0x000002c4df2c8fac [0x000002c4df2c8ee0+0x00000000000000cc]
J 3055 c1 org.springframework.beans.BeanUtils.instantiateClass(Ljava/lang/reflect/Constructor;[Ljava/lang/Object;)Ljava/lang/Object; (187 bytes) @ 0x000002c4df582c2c [0x000002c4df582880+0x00000000000003ac]
j  org.springframework.boot.SpringApplication.createSpringFactoriesInstances(Ljava/lang/Class;[Ljava/lang/Class;Ljava/lang/ClassLoader;[Ljava/lang/Object;Ljava/util/Set;)Ljava/util/List;+73
j  org.springframework.boot.SpringApplication.getSpringFactoriesInstances(Ljava/lang/Class;[Ljava/lang/Class;[Ljava/lang/Object;)Ljava/util/Collection;+29
j  org.springframework.boot.SpringApplication.getExceptionReporters(Lorg/springframework/context/ConfigurableApplicationContext;)Ljava/util/Collection;+22
j  org.springframework.boot.SpringApplication.handleRunFailure(Lorg/springframework/context/ConfigurableApplicationContext;Ljava/lang/Throwable;Lorg/springframework/boot/SpringApplicationRunListeners;)V+19
j  org.springframework.boot.SpringApplication.run([Ljava/lang/String;)Lorg/springframework/context/ConfigurableApplicationContext;+184
j  org.springframework.boot.SpringApplication.run([Ljava/lang/Class;[Ljava/lang/String;)Lorg/springframework/context/ConfigurableApplicationContext;+9
j  org.springframework.boot.SpringApplication.run(Ljava/lang/Class;[Ljava/lang/String;)Lorg/springframework/context/ConfigurableApplicationContext;+9
j  com.teama.minpro.teama.MiniprojectApplication.main([Ljava/lang/String;)V+3
v  ~StubRoutines::call_stub
j  jdk.internal.reflect.NativeMethodAccessorImpl.invoke0(Ljava/lang/reflect/Method;Ljava/lang/Object;[Ljava/lang/Object;)Ljava/lang/Object;+0 java.base@17.0.7
j  jdk.internal.reflect.NativeMethodAccessorImpl.invoke(Ljava/lang/Object;[Ljava/lang/Object;)Ljava/lang/Object;+133 java.base@17.0.7
j  jdk.internal.reflect.DelegatingMethodAccessorImpl.invoke(Ljava/lang/Object;[Ljava/lang/Object;)Ljava/lang/Object;+6 java.base@17.0.7
j  java.lang.reflect.Method.invoke(Ljava/lang/Object;[Ljava/lang/Object;)Ljava/lang/Object;+59 java.base@17.0.7
j  org.springframework.boot.devtools.restart.RestartLauncher.run()V+47
v  ~StubRoutines::call_stub

---------------  P R O C E S S  ---------------

Threads class SMR info:
_java_thread_list=0x000002c4ee14ec80, length=24, elements={
0x000002c4db80c460, 0x000002c4e7a31670, 0x000002c4e7a32e10, 0x000002c4e7a00190,
0x000002c4e7a00d10, 0x000002c4e7b78070, 0x000002c4e7b78930, 0x000002c4e7b7a200,
0x000002c4e7b831b0, 0x000002c4e7996a40, 0x000002c4e79970f0, 0x000002c4e7d148f0,
0x000002c4ec392be0, 0x000002c4ec391670, 0x000002c4ec389490, 0x000002c4ec3f2100,
0x000002c4ec7d6260, 0x000002c4ec7e3160, 0x000002c4ec7e3630, 0x000002c4ec7e4740,
0x000002c4ecdf35e0, 0x000002c4ecdf3ab0, 0x000002c4ecdf2c40, 0x000002c4edd80f90
}

Java Threads: ( => current thread )
  0x000002c4db80c460 JavaThread "main" [_thread_blocked, id=7352, stack(0x000000c571c00000,0x000000c571d00000)]
  0x000002c4e7a31670 JavaThread "Reference Handler" daemon [_thread_blocked, id=1368, stack(0x000000c572300000,0x000000c572400000)]
  0x000002c4e7a32e10 JavaThread "Finalizer" daemon [_thread_blocked, id=7292, stack(0x000000c572400000,0x000000c572500000)]
  0x000002c4e7a00190 JavaThread "Signal Dispatcher" daemon [_thread_blocked, id=3004, stack(0x000000c572500000,0x000000c572600000)]
  0x000002c4e7a00d10 JavaThread "Attach Listener" daemon [_thread_blocked, id=2168, stack(0x000000c572600000,0x000000c572700000)]
  0x000002c4e7b78070 JavaThread "Service Thread" daemon [_thread_blocked, id=7436, stack(0x000000c572700000,0x000000c572800000)]
  0x000002c4e7b78930 JavaThread "Monitor Deflation Thread" daemon [_thread_blocked, id=5720, stack(0x000000c572800000,0x000000c572900000)]
  0x000002c4e7b7a200 JavaThread "C1 CompilerThread0" daemon [_thread_blocked, id=7664, stack(0x000000c572900000,0x000000c572a00000)]
  0x000002c4e7b831b0 JavaThread "Sweeper thread" daemon [_thread_blocked, id=4260, stack(0x000000c572a00000,0x000000c572b00000)]
  0x000002c4e7996a40 JavaThread "Common-Cleaner" daemon [_thread_blocked, id=6696, stack(0x000000c572b00000,0x000000c572c00000)]
  0x000002c4e79970f0 JavaThread "C1 CompilerThread1" daemon [_thread_blocked, id=3748, stack(0x000000c572c00000,0x000000c572d00000)]
  0x000002c4e7d148f0 JavaThread "Notification Thread" daemon [_thread_blocked, id=7668, stack(0x000000c572d00000,0x000000c572e00000)]
  0x000002c4ec392be0 JavaThread "C1 CompilerThread2" daemon [_thread_blocked, id=3724, stack(0x000000c572f00000,0x000000c573000000)]
  0x000002c4ec391670 JavaThread "RMI TCP Accept-0" daemon [_thread_in_native, id=4396, stack(0x000000c573000000,0x000000c573100000)]
  0x000002c4ec389490 JavaThread "RMI TCP Accept-50454" daemon [_thread_in_native, id=7788, stack(0x000000c573100000,0x000000c573200000)]
  0x000002c4ec3f2100 JavaThread "RMI TCP Accept-0" daemon [_thread_in_native, id=6064, stack(0x000000c573200000,0x000000c573300000)]
  0x000002c4ec7d6260 JavaThread "RMI TCP Connection(1)-127.0.0.1" daemon [_thread_in_native, id=2884, stack(0x000000c573900000,0x000000c573a00000)]
  0x000002c4ec7e3160 JavaThread "RMI Scheduler(0)" daemon [_thread_blocked, id=7596, stack(0x000000c573a00000,0x000000c573b00000)]
  0x000002c4ec7e3630 JavaThread "RMI TCP Connection(idle)" daemon [_thread_in_vm, id=2320, stack(0x000000c573b00000,0x000000c573c00000)]
  0x000002c4ec7e4740 JavaThread "JMX server connection timeout 21" daemon [_thread_blocked, id=7656, stack(0x000000c573c00000,0x000000c573d00000)]
  0x000002c4ecdf35e0 JavaThread "Thread-0" [_thread_blocked, id=5508, stack(0x000000c573d00000,0x000000c573e00000)]
=>0x000002c4ecdf3ab0 JavaThread "restartedMain" [_thread_in_vm, id=7648, stack(0x000000c573e00000,0x000000c573f00000)]
  0x000002c4ecdf2c40 JavaThread "HikariPool-1 housekeeper" daemon [_thread_blocked, id=2336, stack(0x000000c574300000,0x000000c574400000)]
  0x000002c4edd80f90 JavaThread "HikariPool-1 connection adder" daemon [_thread_blocked, id=7992, stack(0x000000c574400000,0x000000c574500000)]

Other Threads:
  0x000002c4e7a1a970 VMThread "VM Thread" [stack: 0x000000c572200000,0x000000c572300000] [id=7448]
  0x000002c4ec310fe0 WatcherThread [stack: 0x000000c573300000,0x000000c573400000] [id=3036]
  0x000002c4db856860 GCTaskThread "GC Thread#0" [stack: 0x000000c571d00000,0x000000c571e00000] [id=7580]
  0x000002c4ec402e30 GCTaskThread "GC Thread#1" [stack: 0x000000c573400000,0x000000c573500000] [id=4172]
  0x000002c4ec527160 GCTaskThread "GC Thread#2" [stack: 0x000000c573500000,0x000000c573600000] [id=7132]
  0x000002c4ec528420 GCTaskThread "GC Thread#3" [stack: 0x000000c573600000,0x000000c573700000] [id=1788]
  0x000002c4db863430 ConcurrentGCThread "G1 Main Marker" [stack: 0x000000c571e00000,0x000000c571f00000] [id=840]
  0x000002c4db8644f0 ConcurrentGCThread "G1 Conc#0" [stack: 0x000000c571f00000,0x000000c572000000] [id=5392]
  0x000002c4db8c5470 ConcurrentGCThread "G1 Refine#0" [stack: 0x000000c572000000,0x000000c572100000] [id=864]
  0x000002c4ec4034f0 ConcurrentGCThread "G1 Refine#1" [stack: 0x000000c573700000,0x000000c573800000] [id=4288]
  0x000002c4ec529400 ConcurrentGCThread "G1 Refine#2" [stack: 0x000000c573800000,0x000000c573900000] [id=7308]
  0x000002c4db8c6540 ConcurrentGCThread "G1 Service" [stack: 0x000000c572100000,0x000000c572200000] [id=3308]

Threads with active compile tasks:

VM state: not at safepoint (normal execution)

VM Mutex/Monitor currently owned by a thread:  ([mutex/lock_event])
[0x000002c4db804cb0] Metaspace_lock - owner thread: 0x000002c4ecdf3ab0

OutOfMemory and StackOverflow Exception counts:
OutOfMemoryError java_heap_errors=2
LinkageErrors=77

Heap address: 0x00000000a1400000, size: 1516 MB, Compressed Oops mode: 32-bit

CDS archive(s) not mapped
Compressed class space mapped at: 0x0000000100000000-0x0000000140000000, reserved size: 1073741824
Narrow klass base: 0x0000000000000000, Narrow klass shift: 3, Narrow klass range: 0x140000000

GC Precious Log:
 CPUs: 4 total, 4 available
 Memory: 6058M
 Large Page Support: Disabled
 NUMA Support: Disabled
 Compressed Oops: Enabled (32-bit)
 Heap Region Size: 1M
 Heap Min Capacity: 8M
 Heap Initial Capacity: 96M
 Heap Max Capacity: 1516M
 Pre-touch: Disabled
 Parallel Workers: 4
 Concurrent Workers: 1
 Concurrent Refinement Workers: 4
 Periodic GC: Disabled

Heap:
 garbage-first heap   total 61440K, used 35302K [0x00000000a1400000, 0x0000000100000000)
  region size 1024K, 17 young (17408K), 4 survivors (4096K)
 Metaspace       used 53550K, committed 53888K, reserved 1114112K
  class space    used 7071K, committed 7232K, reserved 1048576K

Heap Regions: E=young(eden), S=young(survivor), O=old, HS=humongous(starts), HC=humongous(continues), CS=collection set, F=free, OA=open archive, CA=closed archive, TAMS=top-at-mark-start (previous, next)
|   0|0x00000000a1400000, 0x00000000a1500000, 0x00000000a1500000|100%|HS|  |TAMS 0x00000000a1500000, 0x00000000a1400000| Complete 
|   1|0x00000000a1500000, 0x00000000a1600000, 0x00000000a1600000|100%| O|  |TAMS 0x00000000a1600000, 0x00000000a1500000| Untracked 
|   2|0x00000000a1600000, 0x00000000a1700000, 0x00000000a1700000|100%| O|  |TAMS 0x00000000a1700000, 0x00000000a1600000| Untracked 
|   3|0x00000000a1700000, 0x00000000a1800000, 0x00000000a1800000|100%| O|  |TAMS 0x00000000a1800000, 0x00000000a1700000| Untracked 
|   4|0x00000000a1800000, 0x00000000a1900000, 0x00000000a1900000|100%| O|  |TAMS 0x00000000a1900000, 0x00000000a1800000| Untracked 
|   5|0x00000000a1900000, 0x00000000a1a00000, 0x00000000a1a00000|100%| O|  |TAMS 0x00000000a1a00000, 0x00000000a1900000| Untracked 
|   6|0x00000000a1a00000, 0x00000000a1b00000, 0x00000000a1b00000|100%| O|  |TAMS 0x00000000a1b00000, 0x00000000a1a00000| Untracked 
|   7|0x00000000a1b00000, 0x00000000a1c00000, 0x00000000a1c00000|100%| O|  |TAMS 0x00000000a1c00000, 0x00000000a1b00000| Untracked 
|   8|0x00000000a1c00000, 0x00000000a1c00000, 0x00000000a1d00000|  0%| F|  |TAMS 0x00000000a1c00000, 0x00000000a1c00000| Untracked 
|   9|0x00000000a1d00000, 0x00000000a1e00000, 0x00000000a1e00000|100%| O|  |TAMS 0x00000000a1e00000, 0x00000000a1d00000| Untracked 
|  10|0x00000000a1e00000, 0x00000000a1f00000, 0x00000000a1f00000|100%| O|  |TAMS 0x00000000a1f00000, 0x00000000a1e00000| Untracked 
|  11|0x00000000a1f00000, 0x00000000a2000000, 0x00000000a2000000|100%| O|  |TAMS 0x00000000a2000000, 0x00000000a1f00000| Untracked 
|  12|0x00000000a2000000, 0x00000000a2100000, 0x00000000a2100000|100%| O|  |TAMS 0x00000000a2000000, 0x00000000a2000000| Untracked 
|  13|0x00000000a2100000, 0x00000000a2200000, 0x00000000a2200000|100%| O|  |TAMS 0x00000000a2100000, 0x00000000a2100000| Untracked 
|  14|0x00000000a2200000, 0x00000000a2300000, 0x00000000a2300000|100%| O|  |TAMS 0x00000000a2200000, 0x00000000a2200000| Untracked 
|  15|0x00000000a2300000, 0x00000000a2400000, 0x00000000a2400000|100%| O|  |TAMS 0x00000000a2300000, 0x00000000a2300000| Untracked 
|  16|0x00000000a2400000, 0x00000000a2500000, 0x00000000a2500000|100%| O|  |TAMS 0x00000000a2500000, 0x00000000a2400000| Untracked 
|  17|0x00000000a2500000, 0x00000000a2600000, 0x00000000a2600000|100%| O|  |TAMS 0x00000000a2500000, 0x00000000a2500000| Untracked 
|  18|0x00000000a2600000, 0x00000000a2700000, 0x00000000a2700000|100%| O|  |TAMS 0x00000000a2600000, 0x00000000a2600000| Untracked 
|  19|0x00000000a2700000, 0x00000000a2700000, 0x00000000a2800000|  0%| F|  |TAMS 0x00000000a2700000, 0x00000000a2700000| Untracked 
|  20|0x00000000a2800000, 0x00000000a2800000, 0x00000000a2900000|  0%| F|  |TAMS 0x00000000a2800000, 0x00000000a2800000| Untracked 
|  21|0x00000000a2900000, 0x00000000a2900000, 0x00000000a2a00000|  0%| F|  |TAMS 0x00000000a2900000, 0x00000000a2900000| Untracked 
|  22|0x00000000a2a00000, 0x00000000a2a00000, 0x00000000a2b00000|  0%| F|  |TAMS 0x00000000a2a00000, 0x00000000a2a00000| Untracked 
|  23|0x00000000a2b00000, 0x00000000a2b00000, 0x00000000a2c00000|  0%| F|  |TAMS 0x00000000a2b00000, 0x00000000a2b00000| Untracked 
|  24|0x00000000a2c00000, 0x00000000a2cd0600, 0x00000000a2d00000| 81%| O|  |TAMS 0x00000000a2c00000, 0x00000000a2c00000| Untracked 
|  25|0x00000000a2d00000, 0x00000000a2d00000, 0x00000000a2e00000|  0%| F|  |TAMS 0x00000000a2d00000, 0x00000000a2d00000| Untracked 
|  26|0x00000000a2e00000, 0x00000000a2e00000, 0x00000000a2f00000|  0%| F|  |TAMS 0x00000000a2e00000, 0x00000000a2e00000| Untracked 
|  27|0x00000000a2f00000, 0x00000000a2f00000, 0x00000000a3000000|  0%| F|  |TAMS 0x00000000a2f00000, 0x00000000a2f00000| Untracked 
|  28|0x00000000a3000000, 0x00000000a30a9580, 0x00000000a3100000| 66%| S|CS|TAMS 0x00000000a3000000, 0x00000000a3000000| Complete 
|  29|0x00000000a3100000, 0x00000000a3200000, 0x00000000a3200000|100%| S|CS|TAMS 0x00000000a3100000, 0x00000000a3100000| Complete 
|  30|0x00000000a3200000, 0x00000000a3300000, 0x00000000a3300000|100%| S|CS|TAMS 0x00000000a3200000, 0x00000000a3200000| Complete 
|  31|0x00000000a3300000, 0x00000000a3400000, 0x00000000a3400000|100%| S|CS|TAMS 0x00000000a3300000, 0x00000000a3300000| Complete 
|  32|0x00000000a3400000, 0x00000000a3400000, 0x00000000a3500000|  0%| F|  |TAMS 0x00000000a3400000, 0x00000000a3400000| Untracked 
|  33|0x00000000a3500000, 0x00000000a3500000, 0x00000000a3600000|  0%| F|  |TAMS 0x00000000a3500000, 0x00000000a3500000| Untracked 
|  34|0x00000000a3600000, 0x00000000a3600000, 0x00000000a3700000|  0%| F|  |TAMS 0x00000000a3600000, 0x00000000a3600000| Untracked 
|  35|0x00000000a3700000, 0x00000000a3700000, 0x00000000a3800000|  0%| F|  |TAMS 0x00000000a3700000, 0x00000000a3700000| Untracked 
|  36|0x00000000a3800000, 0x00000000a3800000, 0x00000000a3900000|  0%| F|  |TAMS 0x00000000a3800000, 0x00000000a3800000| Untracked 
|  37|0x00000000a3900000, 0x00000000a3900000, 0x00000000a3a00000|  0%| F|  |TAMS 0x00000000a3900000, 0x00000000a3900000| Untracked 
|  38|0x00000000a3a00000, 0x00000000a3a00000, 0x00000000a3b00000|  0%| F|  |TAMS 0x00000000a3a00000, 0x00000000a3a00000| Untracked 
|  39|0x00000000a3b00000, 0x00000000a3b00000, 0x00000000a3c00000|  0%| F|  |TAMS 0x00000000a3b00000, 0x00000000a3b00000| Untracked 
|  40|0x00000000a3c00000, 0x00000000a3c00000, 0x00000000a3d00000|  0%| F|  |TAMS 0x00000000a3c00000, 0x00000000a3c00000| Untracked 
|  41|0x00000000a3d00000, 0x00000000a3d00000, 0x00000000a3e00000|  0%| F|  |TAMS 0x00000000a3d00000, 0x00000000a3d00000| Untracked 
|  42|0x00000000a3e00000, 0x00000000a3e00000, 0x00000000a3f00000|  0%| F|  |TAMS 0x00000000a3e00000, 0x00000000a3e00000| Untracked 
|  43|0x00000000a3f00000, 0x00000000a3f00000, 0x00000000a4000000|  0%| F|  |TAMS 0x00000000a3f00000, 0x00000000a3f00000| Untracked 
|  44|0x00000000a4000000, 0x00000000a4000000, 0x00000000a4100000|  0%| F|  |TAMS 0x00000000a4000000, 0x00000000a4000000| Untracked 
|  45|0x00000000a4100000, 0x00000000a4100000, 0x00000000a4200000|  0%| F|  |TAMS 0x00000000a4100000, 0x00000000a4100000| Untracked 
|  46|0x00000000a4200000, 0x00000000a4200000, 0x00000000a4300000|  0%| F|  |TAMS 0x00000000a4200000, 0x00000000a4200000| Untracked 
|  47|0x00000000a4300000, 0x00000000a4381a68, 0x00000000a4400000| 50%| E|  |TAMS 0x00000000a4300000, 0x00000000a4300000| Complete 
|  48|0x00000000a4400000, 0x00000000a4500000, 0x00000000a4500000|100%| E|CS|TAMS 0x00000000a4400000, 0x00000000a4400000| Complete 
|  49|0x00000000a4500000, 0x00000000a4600000, 0x00000000a4600000|100%| E|CS|TAMS 0x00000000a4500000, 0x00000000a4500000| Complete 
|  50|0x00000000a4600000, 0x00000000a4700000, 0x00000000a4700000|100%| E|CS|TAMS 0x00000000a4600000, 0x00000000a4600000| Complete 
|  51|0x00000000a4700000, 0x00000000a4800000, 0x00000000a4800000|100%| E|CS|TAMS 0x00000000a4700000, 0x00000000a4700000| Complete 
|  52|0x00000000a4800000, 0x00000000a4900000, 0x00000000a4900000|100%| E|CS|TAMS 0x00000000a4800000, 0x00000000a4800000| Complete 
|  53|0x00000000a4900000, 0x00000000a4a00000, 0x00000000a4a00000|100%| E|CS|TAMS 0x00000000a4900000, 0x00000000a4900000| Complete 
|  54|0x00000000a4a00000, 0x00000000a4b00000, 0x00000000a4b00000|100%| E|CS|TAMS 0x00000000a4a00000, 0x00000000a4a00000| Complete 
|  55|0x00000000a4b00000, 0x00000000a4c00000, 0x00000000a4c00000|100%| E|CS|TAMS 0x00000000a4b00000, 0x00000000a4b00000| Complete 
|  56|0x00000000a4c00000, 0x00000000a4d00000, 0x00000000a4d00000|100%| E|CS|TAMS 0x00000000a4c00000, 0x00000000a4c00000| Complete 
|  57|0x00000000a4d00000, 0x00000000a4e00000, 0x00000000a4e00000|100%| E|CS|TAMS 0x00000000a4d00000, 0x00000000a4d00000| Complete 
|  58|0x00000000a4e00000, 0x00000000a4f00000, 0x00000000a4f00000|100%| E|CS|TAMS 0x00000000a4e00000, 0x00000000a4e00000| Complete 
|  95|0x00000000a7300000, 0x00000000a7400000, 0x00000000a7400000|100%| E|CS|TAMS 0x00000000a7300000, 0x00000000a7300000| Complete 

Card table byte_map: [0x000002c4e1ec0000,0x000002c4e21c0000] _byte_map_base: 0x000002c4e19b6000

Marking Bits (Prev, Next): (CMBitMap*) 0x000002c4db856d80, (CMBitMap*) 0x000002c4db856dc0
 Prev Bits: [0x000002c4e24c0000, 0x000002c4e3c70000)
 Next Bits: [0x000002c4e3c70000, 0x000002c4e5420000)

Polling page: 0x000002c4d9630000

Metaspace:

Usage:
  Non-class:     45.39 MB used.
      Class:      6.91 MB used.
       Both:     52.30 MB used.

Virtual space:
  Non-class space:       64.00 MB reserved,      45.56 MB ( 71%) committed,  1 nodes.
      Class space:        1.00 GB reserved,       7.06 MB ( <1%) committed,  1 nodes.
             Both:        1.06 GB reserved,      52.62 MB (  5%) committed. 

Chunk freelists:
   Non-Class:  1.80 MB
       Class:  8.98 MB
        Both:  10.78 MB

MaxMetaspaceSize: unlimited
CompressedClassSpaceSize: 1.00 GB
Initial GC threshold: 21.00 MB
Current GC threshold: 59.19 MB
CDS: off
MetaspaceReclaimPolicy: balanced
 - commit_granule_bytes: 65536.
 - commit_granule_words: 8192.
 - virtual_space_node_default_size: 8388608.
 - enlarge_chunks_in_place: 1.
 - new_chunks_are_fully_committed: 0.
 - uncommit_free_chunks: 1.
 - use_allocation_guard: 0.
 - handle_deallocations: 1.


Internal statistics:

num_allocs_failed_limit: 6.
num_arena_births: 414.
num_arena_deaths: 0.
num_vsnodes_births: 2.
num_vsnodes_deaths: 0.
num_space_committed: 842.
num_space_uncommitted: 0.
num_chunks_returned_to_freelist: 6.
num_chunks_taken_from_freelist: 2040.
num_chunk_merges: 6.
num_chunk_splits: 1442.
num_chunks_enlarged: 1115.
num_inconsistent_stats: 0.

CodeCache: size=49152Kb used=9470Kb max_used=9470Kb free=39681Kb
 bounds [0x000002c4deec0000, 0x000002c4df800000, 0x000002c4e1ec0000]
 total_blobs=5204 nmethods=4645 adapters=484
 compilation: disabled (not enough contiguous free space left)
              stopped_count=1, restarted_count=0
 full_count=1

Compilation events (20 events):
Event: 8.108 Thread 0x000002c4ec392be0 4636       1       java.lang.reflect.Field::getAnnotatedType (32 bytes)
Event: 8.108 Thread 0x000002c4e7b7a200 nmethod 4634 0x000002c4df7fb990 code [0x000002c4df7fbb60, 0x000002c4df7fbe38]
Event: 8.108 Thread 0x000002c4ec392be0 nmethod 4636 0x000002c4df7fbf90 code [0x000002c4df7fc180, 0x000002c4df7fc628]
Event: 8.109 Thread 0x000002c4e79970f0 nmethod 4635 0x000002c4df7fc890 code [0x000002c4df7fca80, 0x000002c4df7fcf28]
Event: 8.109 Thread 0x000002c4e7b7a200 4638       1       org.hibernate.validator.internal.metadata.provider.AnnotationMetaDataProvider::findConstraints (60 bytes)
Event: 8.109 Thread 0x000002c4ec392be0 4639       1       org.hibernate.validator.internal.metadata.provider.AnnotationMetaDataProvider::findTypeArgumentsConstraints (271 bytes)
Event: 8.109 Thread 0x000002c4e79970f0 4640       1       org.hibernate.validator.internal.metadata.provider.AnnotationMetaDataProvider::getTypeParametersCascadingMetadata (37 bytes)
Event: 8.109 Thread 0x000002c4e79970f0 nmethod 4640 0x000002c4df7fd190 code [0x000002c4df7fd340, 0x000002c4df7fd5e8]
Event: 8.109 Thread 0x000002c4e79970f0 4641       1       org.hibernate.validator.internal.metadata.provider.AnnotationMetaDataProvider::getCascadingMetaData (30 bytes)
Event: 8.109 Thread 0x000002c4e7b7a200 nmethod 4638 0x000002c4df7fd690 code [0x000002c4df7fd860, 0x000002c4df7fdae8]
Event: 8.109 Thread 0x000002c4e7b7a200 4642       1       org.hibernate.validator.internal.properties.javabean.JavaBeanAnnotatedElement::isAnnotationPresent (16 bytes)
Event: 8.109 Thread 0x000002c4e7b7a200 nmethod 4642 0x000002c4df7fdc90 code [0x000002c4df7fde20, 0x000002c4df7fdf28]
Event: 8.109 Thread 0x000002c4e7b7a200 4643       1       org.hibernate.validator.internal.metadata.aggregated.CascadingMetaDataBuilder::annotatedObject (15 bytes)
Event: 8.110 Thread 0x000002c4e7b7a200 nmethod 4643 0x000002c4df7fdf90 code [0x000002c4df7fe120, 0x000002c4df7fe288]
Event: 8.110 Thread 0x000002c4e7b7a200 4644       1       org.hibernate.validator.internal.metadata.raw.AbstractConstrainedElement::<init> (59 bytes)
Event: 8.110 Thread 0x000002c4e79970f0 nmethod 4641 0x000002c4df7fe390 code [0x000002c4df7fe5c0, 0x000002c4df7fea98]
Event: 8.110 Thread 0x000002c4e79970f0 4645       1       java.util.Optional::of (12 bytes)
Event: 8.110 Thread 0x000002c4ec392be0 

Event: 8.111 Thread 0x000002c4e7b7a200 nmethod 4644 0x000002c4df7fed90 code [0x000002c4df7fef40, 0x000002c4df7ff258]
Event: 8.111 Thread 0x000002c4e79970f0 nmethod 4645 0x000002c4df7ff310 code [0x000002c4df7ff4c0, 0x000002c4df7ff6a8]

GC Heap History (20 events):
Event: 2.989 GC heap before
{Heap before GC invocations=5 (full 0):
 garbage-first heap   total 40960K, used 31401K [0x00000000a1400000, 0x0000000100000000)
  region size 1024K, 24 young (24576K), 2 survivors (2048K)
 Metaspace       used 25432K, committed 25728K, reserved 1114112K
  class space    used 3114K, committed 3264K, reserved 1048576K
}
Event: 2.996 GC heap after
{Heap after GC invocations=6 (full 0):
 garbage-first heap   total 40960K, used 11945K [0x00000000a1400000, 0x0000000100000000)
  region size 1024K, 4 young (4096K), 4 survivors (4096K)
 Metaspace       used 25432K, committed 25728K, reserved 1114112K
  class space    used 3114K, committed 3264K, reserved 1048576K
}
Event: 3.020 GC heap before
{Heap before GC invocations=6 (full 0):
 garbage-first heap   total 40960K, used 12969K [0x00000000a1400000, 0x0000000100000000)
  region size 1024K, 5 young (5120K), 4 survivors (4096K)
 Metaspace       used 25655K, committed 25920K, reserved 1114112K
  class space    used 3138K, committed 3264K, reserved 1048576K
}
Event: 3.026 GC heap after
{Heap after GC invocations=7 (full 0):
 garbage-first heap   total 40960K, used 12338K [0x00000000a1400000, 0x0000000100000000)
  region size 1024K, 1 young (1024K), 1 survivors (1024K)
 Metaspace       used 25655K, committed 25920K, reserved 1114112K
  class space    used 3138K, committed 3264K, reserved 1048576K
}
Event: 3.401 GC heap before
{Heap before GC invocations=7 (full 0):
 garbage-first heap   total 40960K, used 26674K [0x00000000a1400000, 0x0000000100000000)
  region size 1024K, 16 young (16384K), 1 survivors (1024K)
 Metaspace       used 29350K, committed 29632K, reserved 1114112K
  class space    used 3566K, committed 3712K, reserved 1048576K
}
Event: 3.405 GC heap after
{Heap after GC invocations=8 (full 0):
 garbage-first heap   total 40960K, used 12814K [0x00000000a1400000, 0x0000000100000000)
  region size 1024K, 2 young (2048K), 2 survivors (2048K)
 Metaspace       used 29350K, committed 29632K, reserved 1114112K
  class space    used 3566K, committed 3712K, reserved 1048576K
}
Event: 3.741 GC heap before
{Heap before GC invocations=8 (full 0):
 garbage-first heap   total 40960K, used 28174K [0x00000000a1400000, 0x0000000100000000)
  region size 1024K, 17 young (17408K), 2 survivors (2048K)
 Metaspace       used 31816K, committed 32128K, reserved 1114112K
  class space    used 3895K, committed 4032K, reserved 1048576K
}
Event: 3.746 GC heap after
{Heap after GC invocations=9 (full 0):
 garbage-first heap   total 40960K, used 13795K [0x00000000a1400000, 0x0000000100000000)
  region size 1024K, 2 young (2048K), 2 survivors (2048K)
 Metaspace       used 31816K, committed 32128K, reserved 1114112K
  class space    used 3895K, committed 4032K, reserved 1048576K
}
Event: 4.248 GC heap before
{Heap before GC invocations=9 (full 0):
 garbage-first heap   total 40960K, used 30179K [0x00000000a1400000, 0x0000000100000000)
  region size 1024K, 18 young (18432K), 2 survivors (2048K)
 Metaspace       used 32601K, committed 32896K, reserved 1114112K
  class space    used 4028K, committed 4160K, reserved 1048576K
}
Event: 4.255 GC heap after
{Heap after GC invocations=10 (full 0):
 garbage-first heap   total 69632K, used 15085K [0x00000000a1400000, 0x0000000100000000)
  region size 1024K, 3 young (3072K), 3 survivors (3072K)
 Metaspace       used 32601K, committed 32896K, reserved 1114112K
  class space    used 4028K, committed 4160K, reserved 1048576K
}
Event: 5.067 GC heap before
{Heap before GC invocations=10 (full 0):
 garbage-first heap   total 69632K, used 40685K [0x00000000a1400000, 0x0000000100000000)
  region size 1024K, 29 young (29696K), 3 survivors (3072K)
 Metaspace       used 35863K, committed 36160K, reserved 1114112K
  class space    used 4510K, committed 4608K, reserved 1048576K
}
Event: 5.074 GC heap after
{Heap after GC invocations=11 (full 0):
 garbage-first heap   total 69632K, used 16188K [0x00000000a1400000, 0x0000000100000000)
  region size 1024K, 4 young (4096K), 4 survivors (4096K)
 Metaspace       used 35863K, committed 36160K, reserved 1114112K
  class space    used 4510K, committed 4608K, reserved 1048576K
}
Event: 5.949 GC heap before
{Heap before GC invocations=12 (full 0):
 garbage-first heap   total 61440K, used 48956K [0x00000000a1400000, 0x0000000100000000)
  region size 1024K, 36 young (36864K), 4 survivors (4096K)
 Metaspace       used 40508K, committed 40896K, reserved 1114112K
  class space    used 5167K, committed 5376K, reserved 1048576K
}
Event: 5.961 GC heap after
{Heap after GC invocations=13 (full 0):
 garbage-first heap   total 61440K, used 19202K [0x00000000a1400000, 0x0000000100000000)
  region size 1024K, 5 young (5120K), 5 survivors (5120K)
 Metaspace       used 40508K, committed 40896K, reserved 1114112K
  class space    used 5167K, committed 5376K, reserved 1048576K
}
Event: 5.984 GC heap before
{Heap before GC invocations=13 (full 0):
 garbage-first heap   total 61440K, used 20226K [0x00000000a1400000, 0x0000000100000000)
  region size 1024K, 6 young (6144K), 5 survivors (5120K)
 Metaspace       used 40551K, committed 40960K, reserved 1114112K
  class space    used 5171K, committed 5376K, reserved 1048576K
}
Event: 5.992 GC heap after
{Heap after GC invocations=14 (full 0):
 garbage-first heap   total 61440K, used 20178K [0x00000000a1400000, 0x0000000100000000)
  region size 1024K, 1 young (1024K), 1 survivors (1024K)
 Metaspace       used 40551K, committed 40960K, reserved 1114112K
  class space    used 5171K, committed 5376K, reserved 1048576K
}
Event: 6.731 GC heap before
{Heap before GC invocations=14 (full 0):
 garbage-first heap   total 61440K, used 44754K [0x00000000a1400000, 0x0000000100000000)
  region size 1024K, 26 young (26624K), 1 survivors (1024K)
 Metaspace       used 45427K, committed 45824K, reserved 1114112K
  class space    used 5941K, committed 6144K, reserved 1048576K
}
Event: 6.736 GC heap after
{Heap after GC invocations=15 (full 0):
 garbage-first heap   total 61440K, used 20698K [0x00000000a1400000, 0x0000000100000000)
  region size 1024K, 2 young (2048K), 2 survivors (2048K)
 Metaspace       used 45427K, committed 45824K, reserved 1114112K
  class space    used 5941K, committed 6144K, reserved 1048576K
}
Event: 7.904 GC heap before
{Heap before GC invocations=15 (full 0):
 garbage-first heap   total 61440K, used 46298K [0x00000000a1400000, 0x0000000100000000)
  region size 1024K, 28 young (28672K), 2 survivors (2048K)
 Metaspace       used 52270K, committed 52672K, reserved 1114112K
  class space    used 6884K, committed 7040K, reserved 1048576K
}
Event: 7.912 GC heap after
{Heap after GC invocations=16 (full 0):
 garbage-first heap   total 61440K, used 23014K [0x00000000a1400000, 0x0000000100000000)
  region size 1024K, 4 young (4096K), 4 survivors (4096K)
 Metaspace       used 52270K, committed 52672K, reserved 1114112K
  class space    used 6884K, committed 7040K, reserved 1048576K
}

Dll operation events (9 events):
Event: 0.024 Loaded shared library C:\Program Files (x86)\sts-4.19.1.RELEASE\plugins\org.eclipse.justj.openjdk.hotspot.jre.full.win32.x86_64_17.0.7.v20230425-1502\jre\bin\java.dll
Event: 0.579 Loaded shared library C:\Program Files (x86)\sts-4.19.1.RELEASE\plugins\org.eclipse.justj.openjdk.hotspot.jre.full.win32.x86_64_17.0.7.v20230425-1502\jre\bin\jimage.dll
Event: 0.613 Loaded shared library C:\Program Files (x86)\sts-4.19.1.RELEASE\plugins\org.eclipse.justj.openjdk.hotspot.jre.full.win32.x86_64_17.0.7.v20230425-1502\jre\bin\net.dll
Event: 0.616 Loaded shared library C:\Program Files (x86)\sts-4.19.1.RELEASE\plugins\org.eclipse.justj.openjdk.hotspot.jre.full.win32.x86_64_17.0.7.v20230425-1502\jre\bin\nio.dll
Event: 0.625 Loaded shared library C:\Program Files (x86)\sts-4.19.1.RELEASE\plugins\org.eclipse.justj.openjdk.hotspot.jre.full.win32.x86_64_17.0.7.v20230425-1502\jre\bin\zip.dll
Event: 0.735 Loaded shared library C:\Program Files (x86)\sts-4.19.1.RELEASE\plugins\org.eclipse.justj.openjdk.hotspot.jre.full.win32.x86_64_17.0.7.v20230425-1502\jre\bin\management.dll
Event: 0.760 Loaded shared library C:\Program Files (x86)\sts-4.19.1.RELEASE\plugins\org.eclipse.justj.openjdk.hotspot.jre.full.win32.x86_64_17.0.7.v20230425-1502\jre\bin\management_ext.dll
Event: 1.214 Loaded shared library C:\Program Files (x86)\sts-4.19.1.RELEASE\plugins\org.eclipse.justj.openjdk.hotspot.jre.full.win32.x86_64_17.0.7.v20230425-1502\jre\bin\verify.dll
Event: 5.815 Loaded shared library C:\Program Files (x86)\sts-4.19.1.RELEASE\plugins\org.eclipse.justj.openjdk.hotspot.jre.full.win32.x86_64_17.0.7.v20230425-1502\jre\bin\sunmscapi.dll

Deoptimization events (6 events):
Event: 3.152 Thread 0x000002c4ecdf3ab0 DEOPT PACKING pc=0x000002c4df472599 sp=0x000000c573efc570
Event: 3.152 Thread 0x000002c4ecdf3ab0 DEOPT UNPACKING pc=0x000002c4def17143 sp=0x000000c573efba50 mode 3
Event: 4.659 Thread 0x000002c4ecdf3ab0 DEOPT PACKING pc=0x000002c4df49c994 sp=0x000000c573efcaa0
Event: 4.659 Thread 0x000002c4ecdf3ab0 DEOPT UNPACKING pc=0x000002c4def17143 sp=0x000000c573efbff8 mode 0
Event: 5.722 Thread 0x000002c4ecdf3ab0 DEOPT PACKING pc=0x000002c4df6c327d sp=0x000000c573efc6e0
Event: 5.722 Thread 0x000002c4ecdf3ab0 DEOPT UNPACKING pc=0x000002c4def17143 sp=0x000000c573efbc48 mode 3

Classes unloaded (0 events):
No events

Classes redefined (0 events):
No events

Internal exceptions (20 events):
Event: 5.717 Thread 0x000002c4ec7e3630 Exception <a 'java/lang/reflect/InvocationTargetException'{0x00000000a4c87f08}> (0x00000000a4c87f08) 
thrown [s\src\hotspot\share\runtime\reflection.cpp, line 1121]
Event: 5.848 Thread 0x000002c4ecdf3ab0 Exception <a 'sun/nio/fs/WindowsException'{0x00000000a2f68db8}> (0x00000000a2f68db8) 
thrown [s\src\hotspot\share\prims\jni.cpp, line 516]
Event: 5.849 Thread 0x000002c4ecdf3ab0 Exception <a 'sun/nio/fs/WindowsException'{0x00000000a2f6e9e0}> (0x00000000a2f6e9e0) 
thrown [s\src\hotspot\share\prims\jni.cpp, line 516]
Event: 5.849 Thread 0x000002c4ecdf3ab0 Exception <a 'sun/nio/fs/WindowsException'{0x00000000a2f6f0b8}> (0x00000000a2f6f0b8) 
thrown [s\src\hotspot\share\prims\jni.cpp, line 516]
Event: 6.017 Thread 0x000002c4ecdf3ab0 Exception <a 'java/io/FileNotFoundException'{0x00000000a739c578}> (0x00000000a739c578) 
thrown [s\src\hotspot\share\prims\jni.cpp, line 516]
Event: 6.043 Thread 0x000002c4ecdf3ab0 Exception <a 'java/lang/NoSuchMethodError'{0x00000000a4df4c18}: 'int java.lang.invoke.DirectMethodHandle$Holder.invokeInterface(java.lang.Object, java.lang.Object, java.lang.Object, java.lang.Object)'> (0x00000000a4df4c18) 
thrown [s\src\hotspot\share\interpreter\linkResolver.cpp, line 759]
Event: 6.119 Thread 0x000002c4ecdf3ab0 Exception <a 'java/lang/NoSuchMethodError'{0x00000000a4a10b50}: 'long java.lang.invoke.DirectMethodHandle$Holder.invokeVirtual(java.lang.Object, java.lang.Object)'> (0x00000000a4a10b50) 
thrown [s\src\hotspot\share\interpreter\linkResolver.cpp, line 759]
Event: 6.127 Thread 0x000002c4ecdf3ab0 Exception <a 'java/io/FileNotFoundException'{0x00000000a4a42668}> (0x00000000a4a42668) 
thrown [s\src\hotspot\share\prims\jni.cpp, line 516]
Event: 6.271 Thread 0x000002c4ec7e3630 Exception <a 'java/lang/reflect/InvocationTargetException'{0x00000000a44762d8}> (0x00000000a44762d8) 
thrown [s\src\hotspot\share\runtime\reflection.cpp, line 1121]
Event: 6.775 Thread 0x000002c4ec7e3630 Exception <a 'java/lang/reflect/InvocationTargetException'{0x00000000a4e807a0}> (0x00000000a4e807a0) 
thrown [s\src\hotspot\share\runtime\reflection.cpp, line 1121]
Event: 7.145 Thread 0x000002c4ecdf3ab0 Exception <a 'sun/nio/fs/WindowsException'{0x00000000a4843050}> (0x00000000a4843050) 
thrown [s\src\hotspot\share\prims\jni.cpp, line 516]
Event: 7.281 Thread 0x000002c4ec7e3630 Exception <a 'java/lang/reflect/InvocationTargetException'{0x00000000a4594098}> (0x00000000a4594098) 
thrown [s\src\hotspot\share\runtime\reflection.cpp, line 1121]
Event: 7.347 Thread 0x000002c4ecdf3ab0 Exception <a 'java/lang/NoSuchMethodError'{0x00000000a4305a98}: 'java.lang.Object java.lang.invoke.DirectMethodHandle$Holder.invokeStaticInit(java.lang.Object, java.lang.Object, java.lang.Object, java.lang.Object)'> (0x00000000a4305a98) 
thrown [s\src\hotspot\share\interpreter\linkResolver.cpp, line 759]
Event: 7.785 Thread 0x000002c4ec7e3630 Exception <a 'java/lang/reflect/InvocationTargetException'{0x00000000a3801578}> (0x00000000a3801578) 
thrown [s\src\hotspot\share\runtime\reflection.cpp, line 1121]
Event: 7.827 Thread 0x000002c4ecdf3ab0 Exception <a 'java/lang/NoSuchMethodError'{0x00000000a3733790}: 'java.lang.Object java.lang.invoke.DirectMethodHandle$Holder.newInvokeSpecial(java.lang.Object, java.lang.Object, int, java.lang.Object, java.lang.Object)'> (0x00000000a3733790) 
thrown [s\src\hotspot\share\interpreter\linkResolver.cpp, line 759]
Event: 8.057 Thread 0x000002c4edd80f90 Exception <a 'sun/net/ConnectionResetException'{0x00000000a4ba4040}: Connection reset> (0x00000000a4ba4040) 
thrown [s\src\hotspot\share\prims\jni.cpp, line 535]
Event: 8.171 Thread 0x000002c4ecdf3ab0 Exception <a 'java/lang/OutOfMemoryError'{0x00000000a45c11b0}> (0x00000000a45c11b0) 
thrown [s\src\hotspot\share\prims\jni.cpp, line 535]
Event: 8.182 Thread 0x000002c4ecdf3ab0 Exception <a 'java/lang/OutOfMemoryError'{0x00000000a45e3cc0}: unable to create native thread: possibly out of memory or process/resource limits reached> (0x00000000a45e3cc0) 
thrown [s\src\hotspot\share\prims\jvm.cpp, line 2923]
Event: 8.183 Thread 0x000002c4ecdf3ab0 Exception <a 'java/lang/NoSuchMethodError'{0x00000000a45e7228}: 'void java.lang.invoke.DirectMethodHandle$Holder.invokeInterface(java.lang.Object, java.lang.Object)'> (0x00000000a45e7228) 
thrown [s\src\hotspot\share\interpreter\linkResolver.cpp, line 759]
Event: 8.197 Thread 0x000002c4ecdf3110 Exception <a 'java/lang/InterruptedException'{0x00000000a4472fc8}: sleep interrupted> (0x00000000a4472fc8) 
thrown [s\src\hotspot\share\prims\jvm.cpp, line 3070]

VM Operations (20 events):
Event: 6.132 Executing VM operation: HandshakeAllThreads
Event: 6.132 Executing VM operation: HandshakeAllThreads done
Event: 6.223 Executing VM operation: HandshakeAllThreads
Event: 6.223 Executing VM operation: HandshakeAllThreads done
Event: 6.388 Executing VM operation: HandshakeAllThreads
Event: 6.388 Executing VM operation: HandshakeAllThreads done
Event: 6.730 Executing VM operation: G1CollectForAllocation
Event: 6.736 Executing VM operation: G1CollectForAllocation done
Event: 7.141 Executing VM operation: HandshakeAllThreads
Event: 7.141 Executing VM operation: HandshakeAllThreads done
Event: 7.147 Executing VM operation: HandshakeAllThreads
Event: 7.147 Executing VM operation: HandshakeAllThreads done
Event: 7.153 Executing VM operation: HandshakeAllThreads
Event: 7.153 Executing VM operation: HandshakeAllThreads done
Event: 7.549 Executing VM operation: HandshakeAllThreads
Event: 7.549 Executing VM operation: HandshakeAllThreads done
Event: 7.562 Executing VM operation: HandshakeAllThreads
Event: 7.562 Executing VM operation: HandshakeAllThreads done
Event: 7.904 Executing VM operation: G1CollectForAllocation
Event: 7.912 Executing VM operation: G1CollectForAllocation done

Events (20 events):
Event: 7.882 loading class java/util/concurrent/ForkJoinTask
Event: 7.883 loading class java/util/concurrent/ForkJoinTask done
Event: 7.883 loading class java/util/concurrent/CompletableFuture$Completion done
Event: 8.057 loading class sun/net/ConnectionResetException
Event: 8.057 loading class sun/net/ConnectionResetException done
Event: 8.073 loading class sun/reflect/annotation/TypeAnnotation$TypeAnnotationTargetInfo
Event: 8.073 loading class sun/reflect/annotation/TypeAnnotation$TypeAnnotationTargetInfo done
Event: 8.180 loading class jdk/internal/reflect/UnsafeQualifiedObjectFieldAccessorImpl
Event: 8.180 loading class jdk/internal/reflect/UnsafeQualifiedFieldAccessorImpl
Event: 8.180 loading class jdk/internal/reflect/UnsafeQualifiedFieldAccessorImpl done
Event: 8.180 loading class jdk/internal/reflect/UnsafeQualifiedObjectFieldAccessorImpl done
Event: 8.185 loading class java/util/AbstractMap$1$1
Event: 8.186 loading class java/util/AbstractMap$1$1 done
Event: 8.196 loading class java/util/WeakHashMap$KeyIterator
Event: 8.196 loading class java/util/WeakHashMap$KeyIterator done
Event: 8.197 Thread 0x000002c4ecdf3110 Thread exited: 0x000002c4ecdf3110
Event: 8.198 Thread 0x000002c4ecdf4450 Thread exited: 0x000002c4ecdf4450
Event: 8.198 Thread 0x000002c4ecdf3f80 Thread exited: 0x000002c4ecdf3f80
Event: 8.232 loading class java/io/StringWriter
Event: 8.232 loading class java/io/StringWriter done


Dynamic libraries:
0x00007ff762a70000 - 0x00007ff762a7e000 	C:\Program Files (x86)\sts-4.19.1.RELEASE\plugins\org.eclipse.justj.openjdk.hotspot.jre.full.win32.x86_64_17.0.7.v20230425-1502\jre\bin\javaw.exe
0x00007ffcfcf30000 - 0x00007ffcfd128000 	C:\Windows\SYSTEM32\ntdll.dll
0x00007ffcfb410000 - 0x00007ffcfb4cf000 	C:\Windows\System32\KERNEL32.DLL
0x00007ffcfa840000 - 0x00007ffcfab12000 	C:\Windows\System32\KERNELBASE.dll
0x00007ffcfa6d0000 - 0x00007ffcfa7d0000 	C:\Windows\System32\ucrtbase.dll
0x00007ffce9e70000 - 0x00007ffce9e87000 	C:\Program Files (x86)\sts-4.19.1.RELEASE\plugins\org.eclipse.justj.openjdk.hotspot.jre.full.win32.x86_64_17.0.7.v20230425-1502\jre\bin\jli.dll
0x00007ffcfba80000 - 0x00007ffcfbc21000 	C:\Windows\System32\USER32.dll
0x00007ffcfaf40000 - 0x00007ffcfaf62000 	C:\Windows\System32\win32u.dll
0x00007ffcfc7a0000 - 0x00007ffcfc7cb000 	C:\Windows\System32\GDI32.dll
0x00007ffcfabf0000 - 0x00007ffcfacff000 	C:\Windows\System32\gdi32full.dll
0x00007ffcfab20000 - 0x00007ffcfabbd000 	C:\Windows\System32\msvcp_win.dll
0x00007ffce9e50000 - 0x00007ffce9e69000 	C:\Program Files (x86)\sts-4.19.1.RELEASE\plugins\org.eclipse.justj.openjdk.hotspot.jre.full.win32.x86_64_17.0.7.v20230425-1502\jre\bin\VCRUNTIME140.dll
0x00007ffce6410000 - 0x00007ffce66aa000 	C:\Windows\WinSxS\amd64_microsoft.windows.common-controls_6595b64144ccf1df_6.0.19041.1110_none_60b5254171f9507e\COMCTL32.dll
0x00007ffcfb940000 - 0x00007ffcfb9de000 	C:\Windows\System32\msvcrt.dll
0x00007ffcfb4d0000 - 0x00007ffcfb502000 	C:\Windows\System32\IMM32.DLL
0x00007ffcf55a0000 - 0x00007ffcf55ac000 	C:\Program Files (x86)\sts-4.19.1.RELEASE\plugins\org.eclipse.justj.openjdk.hotspot.jre.full.win32.x86_64_17.0.7.v20230425-1502\jre\bin\vcruntime140_1.dll
0x00007ffce9560000 - 0x00007ffce95f1000 	C:\Program Files (x86)\sts-4.19.1.RELEASE\plugins\org.eclipse.justj.openjdk.hotspot.jre.full.win32.x86_64_17.0.7.v20230425-1502\jre\bin\msvcp140.dll
0x00007ffcdb0f0000 - 0x00007ffcdbd38000 	C:\Program Files (x86)\sts-4.19.1.RELEASE\plugins\org.eclipse.justj.openjdk.hotspot.jre.full.win32.x86_64_17.0.7.v20230425-1502\jre\bin\server\jvm.dll
0x00007ffcfce40000 - 0x00007ffcfceee000 	C:\Windows\System32\ADVAPI32.dll
0x00007ffcfbd50000 - 0x00007ffcfbdec000 	C:\Windows\System32\sechost.dll
0x00007ffcfbdf0000 - 0x00007ffcfbf15000 	C:\Windows\System32\RPCRT4.dll
0x00007ffce1090000 - 0x00007ffce1099000 	C:\Windows\SYSTEM32\WSOCK32.dll
0x00007ffcfb510000 - 0x00007ffcfb57b000 	C:\Windows\System32\WS2_32.dll
0x00007ffcf0910000 - 0x00007ffcf0937000 	C:\Windows\SYSTEM32\WINMM.dll
0x00007ffcf3f20000 - 0x00007ffcf3f2a000 	C:\Windows\SYSTEM32\VERSION.dll
0x00007ffcf84a0000 - 0x00007ffcf84b2000 	C:\Windows\SYSTEM32\kernel.appcore.dll
0x00007ffcf60c0000 - 0x00007ffcf60ca000 	C:\Program Files (x86)\sts-4.19.1.RELEASE\plugins\org.eclipse.justj.openjdk.hotspot.jre.full.win32.x86_64_17.0.7.v20230425-1502\jre\bin\jimage.dll
0x00007ffce6220000 - 0x00007ffce6404000 	C:\Windows\SYSTEM32\DBGHELP.DLL
0x00007ffce3620000 - 0x00007ffce3655000 	C:\Windows\SYSTEM32\dbgcore.DLL
0x00007ffcfaeb0000 - 0x00007ffcfaf32000 	C:\Windows\System32\bcryptPrimitives.dll
0x00007ffcf2a20000 - 0x00007ffcf2a45000 	C:\Program Files (x86)\sts-4.19.1.RELEASE\plugins\org.eclipse.justj.openjdk.hotspot.jre.full.win32.x86_64_17.0.7.v20230425-1502\jre\bin\java.dll
0x00007ffcf2a00000 - 0x00007ffcf2a18000 	C:\Program Files (x86)\sts-4.19.1.RELEASE\plugins\org.eclipse.justj.openjdk.hotspot.jre.full.win32.x86_64_17.0.7.v20230425-1502\jre\bin\zip.dll
0x00007ffcfc050000 - 0x00007ffcfc795000 	C:\Windows\System32\SHELL32.dll
0x00007ffcf86a0000 - 0x00007ffcf8e32000 	C:\Windows\SYSTEM32\windows.storage.dll
0x00007ffcfc7d0000 - 0x00007ffcfcb25000 	C:\Windows\System32\combase.dll
0x00007ffcf9ec0000 - 0x00007ffcf9ef0000 	C:\Windows\SYSTEM32\Wldp.dll
0x00007ffcfcd10000 - 0x00007ffcfcdbd000 	C:\Windows\System32\SHCORE.dll
0x00007ffcfbf20000 - 0x00007ffcfbf75000 	C:\Windows\System32\shlwapi.dll
0x00007ffcfa560000 - 0x00007ffcfa57f000 	C:\Windows\SYSTEM32\profapi.dll
0x00007ffcf29e0000 - 0x00007ffcf29f9000 	C:\Program Files (x86)\sts-4.19.1.RELEASE\plugins\org.eclipse.justj.openjdk.hotspot.jre.full.win32.x86_64_17.0.7.v20230425-1502\jre\bin\net.dll
0x00007ffcf2140000 - 0x00007ffcf224c000 	C:\Windows\SYSTEM32\WINHTTP.dll
0x00007ffcf9ca0000 - 0x00007ffcf9d0a000 	C:\Windows\system32\mswsock.dll
0x00007ffcf29c0000 - 0x00007ffcf29d5000 	C:\Program Files (x86)\sts-4.19.1.RELEASE\plugins\org.eclipse.justj.openjdk.hotspot.jre.full.win32.x86_64_17.0.7.v20230425-1502\jre\bin\nio.dll
0x00007ffcf2640000 - 0x00007ffcf2649000 	C:\Program Files (x86)\sts-4.19.1.RELEASE\plugins\org.eclipse.justj.openjdk.hotspot.jre.full.win32.x86_64_17.0.7.v20230425-1502\jre\bin\management.dll
0x00007ffcea100000 - 0x00007ffcea10b000 	C:\Program Files (x86)\sts-4.19.1.RELEASE\plugins\org.eclipse.justj.openjdk.hotspot.jre.full.win32.x86_64_17.0.7.v20230425-1502\jre\bin\management_ext.dll
0x00007ffcfaf90000 - 0x00007ffcfaf98000 	C:\Windows\System32\PSAPI.DLL
0x00007ffcf2380000 - 0x00007ffcf2397000 	C:\Windows\system32\napinsp.dll
0x00007ffcec420000 - 0x00007ffcec43b000 	C:\Windows\system32\pnrpnsp.dll
0x00007ffcd7640000 - 0x00007ffcd7655000 	C:\Windows\system32\wshbth.dll
0x00007ffcf5e00000 - 0x00007ffcf5e1d000 	C:\Windows\system32\NLAapi.dll
0x00007ffcf99b0000 - 0x00007ffcf99eb000 	C:\Windows\SYSTEM32\IPHLPAPI.DLL
0x00007ffcf99f0000 - 0x00007ffcf9abb000 	C:\Windows\SYSTEM32\DNSAPI.dll
0x00007ffcfb580000 - 0x00007ffcfb588000 	C:\Windows\System32\NSI.dll
0x00007ffce9e30000 - 0x00007ffce9e42000 	C:\Windows\System32\winrnr.dll
0x00007ffcee8b0000 - 0x00007ffcee8ba000 	C:\Windows\System32\rasadhlp.dll
0x00007ffcf1480000 - 0x00007ffcf1500000 	C:\Windows\System32\fwpuclnt.dll
0x00007ffcfabc0000 - 0x00007ffcfabe7000 	C:\Windows\System32\bcrypt.dll
0x00007ffcf9f00000 - 0x00007ffcf9f18000 	C:\Windows\SYSTEM32\CRYPTSP.dll
0x00007ffcf95e0000 - 0x00007ffcf9614000 	C:\Windows\system32\rsaenh.dll
0x00007ffcfa4e0000 - 0x00007ffcfa50e000 	C:\Windows\SYSTEM32\USERENV.dll
0x00007ffcf9e30000 - 0x00007ffcf9e3c000 	C:\Windows\SYSTEM32\CRYPTBASE.dll
0x00007ffcf0ac0000 - 0x00007ffcf0ad7000 	C:\Windows\SYSTEM32\dhcpcsvc6.DLL
0x00007ffcf0a80000 - 0x00007ffcf0a9d000 	C:\Windows\SYSTEM32\dhcpcsvc.DLL
0x00007ffcf5630000 - 0x00007ffcf5640000 	C:\Program Files (x86)\sts-4.19.1.RELEASE\plugins\org.eclipse.justj.openjdk.hotspot.jre.full.win32.x86_64_17.0.7.v20230425-1502\jre\bin\verify.dll
0x00007ffcf62f0000 - 0x00007ffcf62fe000 	C:\Program Files (x86)\sts-4.19.1.RELEASE\plugins\org.eclipse.justj.openjdk.hotspot.jre.full.win32.x86_64_17.0.7.v20230425-1502\jre\bin\sunmscapi.dll
0x00007ffcfad00000 - 0x00007ffcfae56000 	C:\Windows\System32\CRYPT32.dll
0x00007ffcfa010000 - 0x00007ffcfa037000 	C:\Windows\SYSTEM32\ncrypt.dll
0x00007ffcf9fd0000 - 0x00007ffcfa00b000 	C:\Windows\SYSTEM32\NTASN1.dll

dbghelp: loaded successfully - version: 4.0.5 - missing functions: none
symbol engine: initialized successfully - sym options: 0x614 - pdb path: .;C:\Program Files (x86)\sts-4.19.1.RELEASE\plugins\org.eclipse.justj.openjdk.hotspot.jre.full.win32.x86_64_17.0.7.v20230425-1502\jre\bin;C:\Windows\SYSTEM32;C:\Windows\WinSxS\amd64_microsoft.windows.common-controls_6595b64144ccf1df_6.0.19041.1110_none_60b5254171f9507e;C:\Program Files (x86)\sts-4.19.1.RELEASE\plugins\org.eclipse.justj.openjdk.hotspot.jre.full.win32.x86_64_17.0.7.v20230425-1502\jre\bin\server

VM Arguments:
jvm_args: -Dcom.sun.management.jmxremote -Dcom.sun.management.jmxremote.port=50454 -Dcom.sun.management.jmxremote.authenticate=false -Dcom.sun.management.jmxremote.ssl=false -Djava.rmi.server.hostname=localhost -Dspring.jmx.enabled=true -Dmanagement.endpoints.jmx.exposure.include=* -Dspring.application.admin.enabled=true -XX:TieredStopAtLevel=1 -Dspring.boot.project.name=miniproject -Dfile.encoding=UTF-8 -Dstdout.encoding=UTF-8 -Dstderr.encoding=UTF-8 -XX:+ShowCodeDetailsInExceptionMessages 
java_command: com.teama.minpro.teama.MiniprojectApplication --spring.output.ansi.enabled=always
java_class_path (initial): D:\BELAJAR KODING\XSIS\BATCH-327\minpro-team-a\miniproject\target\classes;C:\Users\Admin\.m2\repository\org\springframework\boot\spring-boot-starter-data-jpa\2.7.16\spring-boot-starter-data-jpa-2.7.16.jar;C:\Users\Admin\.m2\repository\org\springframework\boot\spring-boot-starter-aop\2.7.16\spring-boot-starter-aop-2.7.16.jar;C:\Users\Admin\.m2\repository\org\springframework\spring-aop\5.3.30\spring-aop-5.3.30.jar;C:\Users\Admin\.m2\repository\org\aspectj\aspectjweaver\1.9.7\aspectjweaver-1.9.7.jar;C:\Users\Admin\.m2\repository\org\springframework\boot\spring-boot-starter-jdbc\2.7.16\spring-boot-starter-jdbc-2.7.16.jar;C:\Users\Admin\.m2\repository\com\zaxxer\HikariCP\4.0.3\HikariCP-4.0.3.jar;C:\Users\Admin\.m2\repository\org\springframework\spring-jdbc\5.3.30\spring-jdbc-5.3.30.jar;C:\Users\Admin\.m2\repository\jakarta\transaction\jakarta.transaction-api\1.3.3\jakarta.transaction-api-1.3.3.jar;C:\Users\Admin\.m2\repository\jakarta\persistence\jakarta.persistence-api\2.2.3\jakarta.persistence-api-2.2.3.jar;C:\Users\Admin\.m2\repository\org\hibernate\hibernate-core\5.6.15.Final\hibernate-core-5.6.15.Final.jar;C:\Users\Admin\.m2\repository\org\jboss\logging\jboss-logging\3.4.3.Final\jboss-logging-3.4.3.Final.jar;C:\Users\Admin\.m2\repository\net\bytebuddy\byte-buddy\1.12.23\byte-buddy-1.12.23.jar;C:\Users\Admin\.m2\repository\antlr\antlr\2.7.7\antlr-2.7.7.jar;C:\Users\Admin\.m2\repository\org\jboss\jandex\2.4.2.Final\jandex-2.4.2.Final.jar;C:\Users\Admin\.m2\repository\com\fasterxml\classmate\1.5.1\classmate-1.5.1.jar;C:\Users\Admin\.m2\repository\org\hibernate\common\hibernate-commons-annotations\5.1.2.Final\hibernate-commons-annotations-5.1.2.Final.jar;C:\Users\Admin\.m2\repository\org\glassfish\jaxb\jaxb-runtime\2.3.8\jaxb-runtime-2.3.8.jar;C:\Users\Admin\.m2\repository\org\glassfish\jaxb\txw2\2.3.8\txw2-2.3.8.jar;C:\Users\Admin\.m2\repository\com\sun\istack\istack-commons-runtime\3.0.12\istack-commons-runtime-3.0.12.jar;C:\Users\Admin\.m
Launcher Type: SUN_STANDARD

[Global flags]
     intx CICompilerCount                          = 3                                         {product} {ergonomic}
     uint ConcGCThreads                            = 1                                         {product} {ergonomic}
     uint G1ConcRefinementThreads                  = 4                                         {product} {ergonomic}
   size_t G1HeapRegionSize                         = 1048576                                   {product} {ergonomic}
    uintx GCDrainStackTargetSize                   = 64                                        {product} {ergonomic}
   size_t InitialHeapSize                          = 100663296                                 {product} {ergonomic}
     bool ManagementServer                         = true                                      {product} {command line}
   size_t MarkStackSize                            = 4194304                                   {product} {ergonomic}
   size_t MaxHeapSize                              = 1589641216                                {product} {ergonomic}
   size_t MaxNewSize                               = 953155584                                 {product} {ergonomic}
   size_t MinHeapDeltaBytes                        = 1048576                                   {product} {ergonomic}
   size_t MinHeapSize                              = 8388608                                   {product} {ergonomic}
    uintx NonProfiledCodeHeapSize                  = 0                                      {pd product} {ergonomic}
     bool ProfileInterpreter                       = false                                  {pd product} {command line}
    uintx ProfiledCodeHeapSize                     = 0                                      {pd product} {ergonomic}
     bool ShowCodeDetailsInExceptionMessages       = true                                   {manageable} {command line}
   size_t SoftMaxHeapSize                          = 1589641216                             {manageable} {ergonomic}
     intx TieredStopAtLevel                        = 1                                         {product} {command line}
     bool UseCompressedClassPointers               = true                           {product lp64_product} {ergonomic}
     bool UseCompressedOops                        = true                           {product lp64_product} {ergonomic}
     bool UseG1GC                                  = true                                      {product} {ergonomic}
     bool UseLargePagesIndividualAllocation        = false                                  {pd product} {ergonomic}

Logging:
Log output configuration:
 #0: stdout all=warning uptime,level,tags
 #1: stderr all=off uptime,level,tags

Environment Variables:
JAVA_HOME=C:\Program Files\Java\jdk-20.0.2
PATH=C:/Program Files (x86)/sts-4.19.1.RELEASE//plugins/org.eclipse.justj.openjdk.hotspot.jre.full.win32.x86_64_17.0.7.v20230425-1502/jre/bin/server;C:/Program Files (x86)/sts-4.19.1.RELEASE//plugins/org.eclipse.justj.openjdk.hotspot.jre.full.win32.x86_64_17.0.7.v20230425-1502/jre/bin;C:\Windows\system32;C:\Windows;C:\Windows\System32\Wbem;C:\Windows\System32\WindowsPowerShell\v1.0\;C:\Windows\System32\OpenSSH\;C:\Program Files\Java\jdk-20.0.2\bin;C:\Program Files\Git\cmd;C:\Program Files\Docker\Docker\resources\bin;C:\Users\Admin\AppData\Local\Microsoft\WindowsApps;;C:\Users\Admin\AppData\Local\Programs\Microsoft VS Code\bin;C:\Program Files (x86)\sts-4.19.1.RELEASE;
USERNAME=Irfan
OS=Windows_NT
PROCESSOR_IDENTIFIER=AMD64 Family 23 Model 24 Stepping 1, AuthenticAMD
TMP=C:\Users\Admin\AppData\Local\Temp
TEMP=C:\Users\Admin\AppData\Local\Temp



---------------  S Y S T E M  ---------------

OS:
 Windows 10 , 64 bit Build 19041 (10.0.19041.2545)
OS uptime: 0 days 0:44 hours
Hyper-V role detected

CPU: total 4 (initial active 4) (4 cores per cpu, 2 threads per core) family 23 model 24 stepping 1 microcode 0x0, cx8, cmov, fxsr, ht, mmx, 3dnowpref, sse, sse2, sse3, ssse3, sse4a, sse4.1, sse4.2, popcnt, lzcnt, tsc, tscinvbit, avx, avx2, aes, clmul, bmi1, bmi2, adx, sha, fma, vzeroupper, clflush, clflushopt, hv

Memory: 4k page, system-wide physical 6058M (662M free)
TotalPageFile size 6058M (AvailPageFile size 54M)
current process WorkingSet (physical memory assigned to process): 179M, peak: 179M
current process commit charge ("private bytes"): 205M, peak: 205M

vm_info: OpenJDK 64-Bit Server VM (17.0.7+7) for windows-amd64 JRE (17.0.7+7), built on Apr 18 2023 22:10:42 by "temurin" with MS VC++ 16.7 (VS2019)

END.
