#
# There is insufficient memory for the Java Runtime Environment to continue.
# Native memory allocation (mmap) failed to map 35651584 bytes for G1 virtual space
# Possible reasons:
#   The system is out of physical RAM or swap space
#   The process is running with CompressedOops enabled, and the Java Heap may be blocking the growth of the native heap
# Possible solutions:
#   Reduce memory load on the system
#   Increase physical memory or swap space
#   Check if swap backing store is full
#   Decrease Java heap size (-Xmx/-Xms)
#   Decrease number of Java threads
#   Decrease Java thread stack sizes (-Xss)
#   Set larger code cache with -XX:ReservedCodeCacheSize=
#   JVM is running with Unscaled Compressed Oops mode in which the Java heap is
#     placed in the first 4GB address space. The Java Heap base address is the
#     maximum limit for the native heap growth. Please use -XX:HeapBaseMinAddress
#     to set the Java Heap base and to place the Java Heap above 4GB virtual address.
# This output file may be truncated or incomplete.
#
#  Out of Memory Error (os_windows.cpp:3559), pid=8948, tid=8220
#
# JRE version: OpenJDK Runtime Environment Temurin-17.0.7+7 (17.0.7+7) (build 17.0.7+7)
# Java VM: OpenJDK 64-Bit Server VM Temurin-17.0.7+7 (17.0.7+7, mixed mode, emulated-client, tiered, compressed oops, compressed class ptrs, g1 gc, windows-amd64)
# No core dump will be written. Minidumps are not enabled by default on client versions of Windows
#

---------------  S U M M A R Y ------------

Command Line: -XX:+ShowCodeDetailsInExceptionMessages -agentlib:jdwp=transport=dt_socket,suspend=y,address=localhost:50558 -Dcom.sun.management.jmxremote -Dcom.sun.management.jmxremote.port=50556 -Dcom.sun.management.jmxremote.authenticate=false -Dcom.sun.management.jmxremote.ssl=false -Djava.rmi.server.hostname=localhost -Dspring.jmx.enabled=true -Dmanagement.endpoints.jmx.exposure.include=* -Dspring.application.admin.enabled=true -XX:TieredStopAtLevel=1 -Dspring.boot.project.name=miniproject -javaagent:C:\Program Files (x86)\sts-4.19.1.RELEASE\configuration\org.eclipse.osgi\740\0\.cp\lib\javaagent-shaded.jar -Dfile.encoding=UTF-8 -Dstdout.encoding=UTF-8 -Dstderr.encoding=UTF-8 com.teama.minpro.teama.MiniprojectApplication --spring.output.ansi.enabled=always

Host: AMD Ryzen 3 3200U with Radeon Vega Mobile Gfx  , 4 cores, 5G,  Windows 10 , 64 bit Build 19041 (10.0.19041.2545)
Time: Sun Oct 15 16:18:36 2023 SE Asia Standard Time elapsed time: 6.925545 seconds (0d 0h 0m 6s)

---------------  T H R E A D  ---------------

Current thread (0x000001f5788a3b30):  VMThread "VM Thread" [stack: 0x000000f2bac00000,0x000000f2bad00000] [id=8220]

Stack: [0x000000f2bac00000,0x000000f2bad00000]
Native frames: (J=compiled Java code, j=interpreted, Vv=VM code, C=native code)
V  [jvm.dll+0x67754a]
V  [jvm.dll+0x834304]
V  [jvm.dll+0x835aae]
V  [jvm.dll+0x836113]
V  [jvm.dll+0x24696f]
V  [jvm.dll+0x6743f9]
V  [jvm.dll+0x668c8a]
V  [jvm.dll+0x3061bb]
V  [jvm.dll+0x30d6a6]
V  [jvm.dll+0x35cece]
V  [jvm.dll+0x35d0ff]
V  [jvm.dll+0x2dd048]
V  [jvm.dll+0x2db20c]
V  [jvm.dll+0x2da7dc]
V  [jvm.dll+0x31e6db]
V  [jvm.dll+0x83a5bb]
V  [jvm.dll+0x83b2f4]
V  [jvm.dll+0x83b80c]
V  [jvm.dll+0x83bbe4]
V  [jvm.dll+0x83bcb0]
V  [jvm.dll+0x7e4e7a]
V  [jvm.dll+0x676395]
C  [ucrtbase.dll+0x21bb2]
C  [KERNEL32.DLL+0x17614]
C  [ntdll.dll+0x526a1]

VM_Operation (0x000000f2bc8fa5f0): G1CollectForAllocation, mode: safepoint, requested by thread 0x000001f57de8d4a0


---------------  P R O C E S S  ---------------

Threads class SMR info:
_java_thread_list=0x000001f57f3f66b0, length=30, elements={
0x000001f56c6aac90, 0x000001f5788a8760, 0x000001f5788a9760, 0x000001f5788ee4d0,
0x000001f5788ef050, 0x000001f5788efbd0, 0x000001f5788f14a0, 0x000001f5788f1e10,
0x000001f578a2c800, 0x000001f578b50f30, 0x000001f578b5a800, 0x000001f578b58640,
0x000001f578bf96f0, 0x000001f578bfc5a0, 0x000001f578bfca90, 0x000001f57d6c0fd0,
0x000001f57d865020, 0x000001f57d84ac90, 0x000001f57d84b690, 0x000001f57dd9f870,
0x000001f57ddaf560, 0x000001f57ddc3660, 0x000001f57ddc3cd0, 0x000001f57de8de40,
0x000001f57de8d4a0, 0x000001f57de8fb20, 0x000001f57de8f180, 0x000001f57de90e60,
0x000001f57de8fff0, 0x000001f57de8ecb0
}

Java Threads: ( => current thread )
  0x000001f56c6aac90 JavaThread "main" [_thread_blocked, id=684, stack(0x000000f2ba600000,0x000000f2ba700000)]
  0x000001f5788a8760 JavaThread "Reference Handler" daemon [_thread_blocked, id=4320, stack(0x000000f2bad00000,0x000000f2bae00000)]
  0x000001f5788a9760 JavaThread "Finalizer" daemon [_thread_blocked, id=688, stack(0x000000f2bae00000,0x000000f2baf00000)]
  0x000001f5788ee4d0 JavaThread "Signal Dispatcher" daemon [_thread_blocked, id=3180, stack(0x000000f2baf00000,0x000000f2bb000000)]
  0x000001f5788ef050 JavaThread "Attach Listener" daemon [_thread_blocked, id=2556, stack(0x000000f2bb000000,0x000000f2bb100000)]
  0x000001f5788efbd0 JavaThread "Service Thread" daemon [_thread_blocked, id=8176, stack(0x000000f2bb100000,0x000000f2bb200000)]
  0x000001f5788f14a0 JavaThread "Monitor Deflation Thread" daemon [_thread_blocked, id=656, stack(0x000000f2bb200000,0x000000f2bb300000)]
  0x000001f5788f1e10 JavaThread "C1 CompilerThread0" daemon [_thread_blocked, id=8016, stack(0x000000f2bb300000,0x000000f2bb400000)]
  0x000001f578a2c800 JavaThread "Sweeper thread" daemon [_thread_blocked, id=8496, stack(0x000000f2bb400000,0x000000f2bb500000)]
  0x000001f578b50f30 JavaThread "Common-Cleaner" daemon [_thread_blocked, id=8020, stack(0x000000f2bb500000,0x000000f2bb600000)]
  0x000001f578b5a800 JavaThread "C1 CompilerThread1" daemon [_thread_blocked, id=5016, stack(0x000000f2bb600000,0x000000f2bb700000)]
  0x000001f578b58640 JavaThread "C1 CompilerThread2" daemon [_thread_blocked, id=1548, stack(0x000000f2bb700000,0x000000f2bb800000)]
  0x000001f578bf96f0 JavaThread "JDWP Transport Listener: dt_socket" daemon [_thread_blocked, id=7312, stack(0x000000f2bb800000,0x000000f2bb900000)]
  0x000001f578bfc5a0 JavaThread "JDWP Event Helper Thread" daemon [_thread_blocked, id=9056, stack(0x000000f2bb900000,0x000000f2bba00000)]
  0x000001f578bfca90 JavaThread "JDWP Command Reader" daemon [_thread_in_native, id=6592, stack(0x000000f2bba00000,0x000000f2bbb00000)]
  0x000001f57d6c0fd0 JavaThread "Notification Thread" daemon [_thread_blocked, id=9040, stack(0x000000f2bbb00000,0x000000f2bbc00000)]
  0x000001f57d865020 JavaThread "RMI TCP Accept-0" daemon [_thread_in_native, id=1900, stack(0x000000f2bbf00000,0x000000f2bc000000)]
  0x000001f57d84ac90 JavaThread "RMI TCP Accept-50556" daemon [_thread_in_native, id=7492, stack(0x000000f2bc000000,0x000000f2bc100000)]
  0x000001f57d84b690 JavaThread "RMI TCP Accept-0" daemon [_thread_in_native, id=3580, stack(0x000000f2bc100000,0x000000f2bc200000)]
  0x000001f57dd9f870 JavaThread "RMI TCP Connection(1)-127.0.0.1" daemon [_thread_in_native, id=1396, stack(0x000000f2bc300000,0x000000f2bc400000)]
  0x000001f57ddaf560 JavaThread "RMI Scheduler(0)" daemon [_thread_blocked, id=9028, stack(0x000000f2bc400000,0x000000f2bc500000)]
  0x000001f57ddc3660 JavaThread "RMI TCP Connection(2)-127.0.0.1" daemon [_thread_in_native, id=348, stack(0x000000f2bc500000,0x000000f2bc600000)]
  0x000001f57ddc3cd0 JavaThread "JMX server connection timeout 24" daemon [_thread_blocked, id=7432, stack(0x000000f2bc600000,0x000000f2bc700000)]
  0x000001f57de8de40 JavaThread "Thread-0" [_thread_blocked, id=760, stack(0x000000f2bc700000,0x000000f2bc800000)]
  0x000001f57de8d4a0 JavaThread "restartedMain" [_thread_blocked, id=8868, stack(0x000000f2bc800000,0x000000f2bc900000)]
  0x000001f57de8fb20 JavaThread "Catalina-utility-1" [_thread_blocked, id=8676, stack(0x000000f2bc900000,0x000000f2bca00000)]
  0x000001f57de8f180 JavaThread "Catalina-utility-2" [_thread_blocked, id=5680, stack(0x000000f2bca00000,0x000000f2bcb00000)]
  0x000001f57de90e60 JavaThread "container-0" [_thread_blocked, id=6784, stack(0x000000f2bcb00000,0x000000f2bcc00000)]
  0x000001f57de8fff0 JavaThread "HikariPool-1 housekeeper" daemon [_thread_blocked, id=6612, stack(0x000000f2bcd00000,0x000000f2bce00000)]
  0x000001f57de8ecb0 JavaThread "HikariPool-1 connection adder" daemon [_thread_blocked, id=7740, stack(0x000000f2bce00000,0x000000f2bcf00000)]

Other Threads:
=>0x000001f5788a3b30 VMThread "VM Thread" [stack: 0x000000f2bac00000,0x000000f2bad00000] [id=8220]
  0x000001f56c6aba10 WatcherThread [stack: 0x000000f2bc200000,0x000000f2bc300000] [id=1792]
  0x000001f56c6f5740 GCTaskThread "GC Thread#0" [stack: 0x000000f2ba700000,0x000000f2ba800000] [id=3992]
  0x000001f57d7cf600 GCTaskThread "GC Thread#1" [stack: 0x000000f2bbc00000,0x000000f2bbd00000] [id=3440]
  0x000001f57d7ff6f0 GCTaskThread "GC Thread#2" [stack: 0x000000f2bbd00000,0x000000f2bbe00000] [id=8980]
  0x000001f57d7ff9a0 GCTaskThread "GC Thread#3" [stack: 0x000000f2bbe00000,0x000000f2bbf00000] [id=9048]
  0x000001f56c702310 ConcurrentGCThread "G1 Main Marker" [stack: 0x000000f2ba800000,0x000000f2ba900000] [id=3360]
  0x000001f56c703c40 ConcurrentGCThread "G1 Conc#0" [stack: 0x000000f2ba900000,0x000000f2baa00000] [id=3700]
  0x000001f56c7639d0 ConcurrentGCThread "G1 Refine#0" [stack: 0x000000f2baa00000,0x000000f2bab00000] [id=3872]
  0x000001f56c764300 ConcurrentGCThread "G1 Service" [stack: 0x000000f2bab00000,0x000000f2bac00000] [id=5524]

Threads with active compile tasks:
C1 CompilerThread0     6942 5274       1       net.bytebuddy.description.type.TypeDescription$ForLoadedType::isAssignableTo (38 bytes)
C1 CompilerThread1     6942 5275       1       net.bytebuddy.jar.asm.ByteVector::put122 (93 bytes)

VM state: at safepoint (normal execution)

VM Mutex/Monitor currently owned by a thread:  ([mutex/lock_event])
[0x000001f56c6a7740] Threads_lock - owner thread: 0x000001f5788a3b30
[0x000001f56c6a7590] Heap_lock - owner thread: 0x000001f57de8d4a0

Heap address: 0x00000000a1400000, size: 1516 MB, Compressed Oops mode: 32-bit

CDS archive(s) not mapped
Compressed class space mapped at: 0x0000000100000000-0x0000000140000000, reserved size: 1073741824
Narrow klass base: 0x0000000000000000, Narrow klass shift: 3, Narrow klass range: 0x140000000

GC Precious Log:
 CPUs: 4 total, 4 available
 Memory: 6058M
 Large Page Support: Disabled
 NUMA Support: Disabled
 Compressed Oops: Enabled (32-bit)
 Heap Region Size: 1M
 Heap Min Capacity: 8M
 Heap Initial Capacity: 96M
 Heap Max Capacity: 1516M
 Pre-touch: Disabled
 Parallel Workers: 4
 Concurrent Workers: 1
 Concurrent Refinement Workers: 4
 Periodic GC: Disabled

Heap:
 garbage-first heap   total 98304K, used 25024K [0x00000000a1400000, 0x0000000100000000)
  region size 1024K, 3 young (3072K), 3 survivors (3072K)
 Metaspace       used 57871K, committed 58240K, reserved 1114112K
  class space    used 7623K, committed 7808K, reserved 1048576K

Heap Regions: E=young(eden), S=young(survivor), O=old, HS=humongous(starts), HC=humongous(continues), CS=collection set, F=free, OA=open archive, CA=closed archive, TAMS=top-at-mark-start (previous, next)
|   0|0x00000000a1400000, 0x00000000a1500000, 0x00000000a1500000|100%|HS|  |TAMS 0x00000000a1500000, 0x00000000a1400000| Complete 
|   1|0x00000000a1500000, 0x00000000a1600000, 0x00000000a1600000|100%| O|  |TAMS 0x00000000a1600000, 0x00000000a1500000| Untracked 
|   2|0x00000000a1600000, 0x00000000a1700000, 0x00000000a1700000|100%| O|  |TAMS 0x00000000a1700000, 0x00000000a1600000| Untracked 
|   3|0x00000000a1700000, 0x00000000a1800000, 0x00000000a1800000|100%| O|  |TAMS 0x00000000a1800000, 0x00000000a1700000| Untracked 
|   4|0x00000000a1800000, 0x00000000a1900000, 0x00000000a1900000|100%| O|  |TAMS 0x00000000a1900000, 0x00000000a1800000| Untracked 
|   5|0x00000000a1900000, 0x00000000a1a00000, 0x00000000a1a00000|100%| O|  |TAMS 0x00000000a1a00000, 0x00000000a1900000| Untracked 
|   6|0x00000000a1a00000, 0x00000000a1b00000, 0x00000000a1b00000|100%| O|  |TAMS 0x00000000a1a00000, 0x00000000a1a00000| Untracked 
|   7|0x00000000a1b00000, 0x00000000a1c00000, 0x00000000a1c00000|100%| O|  |TAMS 0x00000000a1c00000, 0x00000000a1b00000| Untracked 
|   8|0x00000000a1c00000, 0x00000000a1d00000, 0x00000000a1d00000|100%| O|  |TAMS 0x00000000a1d00000, 0x00000000a1c00000| Untracked 
|   9|0x00000000a1d00000, 0x00000000a1e00000, 0x00000000a1e00000|100%| O|  |TAMS 0x00000000a1e00000, 0x00000000a1d00000| Untracked 
|  10|0x00000000a1e00000, 0x00000000a1f00000, 0x00000000a1f00000|100%| O|  |TAMS 0x00000000a1e00000, 0x00000000a1e00000| Untracked 
|  11|0x00000000a1f00000, 0x00000000a2000000, 0x00000000a2000000|100%| O|  |TAMS 0x00000000a1f00000, 0x00000000a1f00000| Untracked 
|  12|0x00000000a2000000, 0x00000000a2100000, 0x00000000a2100000|100%| O|  |TAMS 0x00000000a2000000, 0x00000000a2000000| Untracked 
|  13|0x00000000a2100000, 0x00000000a2200000, 0x00000000a2200000|100%| O|  |TAMS 0x00000000a2100000, 0x00000000a2100000| Untracked 
|  14|0x00000000a2200000, 0x00000000a2300000, 0x00000000a2300000|100%| O|  |TAMS 0x00000000a2297200, 0x00000000a2200000| Untracked 
|  15|0x00000000a2300000, 0x00000000a2400000, 0x00000000a2400000|100%| O|  |TAMS 0x00000000a2300000, 0x00000000a2300000| Untracked 
|  16|0x00000000a2400000, 0x00000000a2500000, 0x00000000a2500000|100%| O|  |TAMS 0x00000000a2400000, 0x00000000a2400000| Untracked 
|  17|0x00000000a2500000, 0x00000000a2600000, 0x00000000a2600000|100%| O|  |TAMS 0x00000000a2500000, 0x00000000a2500000| Untracked 
|  18|0x00000000a2600000, 0x00000000a2700000, 0x00000000a2700000|100%| O|  |TAMS 0x00000000a2600000, 0x00000000a2600000| Untracked 
|  19|0x00000000a2700000, 0x00000000a2800000, 0x00000000a2800000|100%| O|  |TAMS 0x00000000a2700000, 0x00000000a2700000| Untracked 
|  20|0x00000000a2800000, 0x00000000a2900000, 0x00000000a2900000|100%| O|  |TAMS 0x00000000a2800000, 0x00000000a2800000| Untracked 
|  21|0x00000000a2900000, 0x00000000a29d8200, 0x00000000a2a00000| 84%| O|  |TAMS 0x00000000a2900000, 0x00000000a2900000| Untracked 
|  22|0x00000000a2a00000, 0x00000000a2a00000, 0x00000000a2b00000|  0%| F|  |TAMS 0x00000000a2a00000, 0x00000000a2a00000| Untracked 
|  23|0x00000000a2b00000, 0x00000000a2b00000, 0x00000000a2c00000|  0%| F|  |TAMS 0x00000000a2b00000, 0x00000000a2b00000| Untracked 
|  24|0x00000000a2c00000, 0x00000000a2c00000, 0x00000000a2d00000|  0%| F|  |TAMS 0x00000000a2c00000, 0x00000000a2c00000| Untracked 
|  25|0x00000000a2d00000, 0x00000000a2d00000, 0x00000000a2e00000|  0%| F|  |TAMS 0x00000000a2d00000, 0x00000000a2d00000| Untracked 
|  26|0x00000000a2e00000, 0x00000000a2e00000, 0x00000000a2f00000|  0%| F|  |TAMS 0x00000000a2e00000, 0x00000000a2e00000| Untracked 
|  27|0x00000000a2f00000, 0x00000000a2f00000, 0x00000000a3000000|  0%| F|  |TAMS 0x00000000a2f00000, 0x00000000a2f00000| Untracked 
|  28|0x00000000a3000000, 0x00000000a3000000, 0x00000000a3100000|  0%| F|  |TAMS 0x00000000a3000000, 0x00000000a3000000| Untracked 
|  29|0x00000000a3100000, 0x00000000a3100000, 0x00000000a3200000|  0%| F|  |TAMS 0x00000000a3100000, 0x00000000a3100000| Untracked 
|  30|0x00000000a3200000, 0x00000000a3200000, 0x00000000a3300000|  0%| F|  |TAMS 0x00000000a3200000, 0x00000000a3200000| Untracked 
|  31|0x00000000a3300000, 0x00000000a3300000, 0x00000000a3400000|  0%| F|  |TAMS 0x00000000a3300000, 0x00000000a3300000| Untracked 
|  32|0x00000000a3400000, 0x00000000a3400000, 0x00000000a3500000|  0%| F|  |TAMS 0x00000000a3400000, 0x00000000a3400000| Untracked 
|  33|0x00000000a3500000, 0x00000000a3597ec0, 0x00000000a3600000| 59%| S|CS|TAMS 0x00000000a3500000, 0x00000000a3500000| Complete 
|  34|0x00000000a3600000, 0x00000000a3600000, 0x00000000a3700000|  0%| F|  |TAMS 0x00000000a3600000, 0x00000000a3600000| Untracked 
|  35|0x00000000a3700000, 0x00000000a3700000, 0x00000000a3800000|  0%| F|  |TAMS 0x00000000a3700000, 0x00000000a3700000| Untracked 
|  36|0x00000000a3800000, 0x00000000a3900000, 0x00000000a3900000|100%| S|CS|TAMS 0x00000000a3800000, 0x00000000a3800000| Complete 
|  37|0x00000000a3900000, 0x00000000a3a00000, 0x00000000a3a00000|100%| S|CS|TAMS 0x00000000a3900000, 0x00000000a3900000| Complete 
|  38|0x00000000a3a00000, 0x00000000a3a00000, 0x00000000a3b00000|  0%| F|  |TAMS 0x00000000a3a00000, 0x00000000a3a00000| Untracked 
|  39|0x00000000a3b00000, 0x00000000a3b00000, 0x00000000a3c00000|  0%| F|  |TAMS 0x00000000a3b00000, 0x00000000a3b00000| Untracked 
|  40|0x00000000a3c00000, 0x00000000a3c00000, 0x00000000a3d00000|  0%| F|  |TAMS 0x00000000a3c00000, 0x00000000a3c00000| Untracked 
|  41|0x00000000a3d00000, 0x00000000a3d00000, 0x00000000a3e00000|  0%| F|  |TAMS 0x00000000a3d00000, 0x00000000a3d00000| Untracked 
|  42|0x00000000a3e00000, 0x00000000a3e00000, 0x00000000a3f00000|  0%| F|  |TAMS 0x00000000a3e00000, 0x00000000a3e00000| Untracked 
|  43|0x00000000a3f00000, 0x00000000a3f00000, 0x00000000a4000000|  0%| F|  |TAMS 0x00000000a3f00000, 0x00000000a3f00000| Untracked 
|  44|0x00000000a4000000, 0x00000000a4000000, 0x00000000a4100000|  0%| F|  |TAMS 0x00000000a4000000, 0x00000000a4000000| Untracked 
|  45|0x00000000a4100000, 0x00000000a4100000, 0x00000000a4200000|  0%| F|  |TAMS 0x00000000a4100000, 0x00000000a4100000| Untracked 
|  46|0x00000000a4200000, 0x00000000a4200000, 0x00000000a4300000|  0%| F|  |TAMS 0x00000000a4200000, 0x00000000a4200000| Untracked 
|  47|0x00000000a4300000, 0x00000000a4300000, 0x00000000a4400000|  0%| F|  |TAMS 0x00000000a4300000, 0x00000000a4300000| Untracked 
|  48|0x00000000a4400000, 0x00000000a4400000, 0x00000000a4500000|  0%| F|  |TAMS 0x00000000a4400000, 0x00000000a4400000| Untracked 
|  49|0x00000000a4500000, 0x00000000a4500000, 0x00000000a4600000|  0%| F|  |TAMS 0x00000000a4500000, 0x00000000a4500000| Untracked 
|  50|0x00000000a4600000, 0x00000000a4600000, 0x00000000a4700000|  0%| F|  |TAMS 0x00000000a4600000, 0x00000000a4600000| Untracked 
|  51|0x00000000a4700000, 0x00000000a4700000, 0x00000000a4800000|  0%| F|  |TAMS 0x00000000a4700000, 0x00000000a4700000| Untracked 
|  52|0x00000000a4800000, 0x00000000a4800000, 0x00000000a4900000|  0%| F|  |TAMS 0x00000000a4800000, 0x00000000a4800000| Untracked 
|  53|0x00000000a4900000, 0x00000000a4900000, 0x00000000a4a00000|  0%| F|  |TAMS 0x00000000a4900000, 0x00000000a4900000| Untracked 
|  54|0x00000000a4a00000, 0x00000000a4a00000, 0x00000000a4b00000|  0%| F|  |TAMS 0x00000000a4a00000, 0x00000000a4a00000| Untracked 
|  55|0x00000000a4b00000, 0x00000000a4b00000, 0x00000000a4c00000|  0%| F|  |TAMS 0x00000000a4b00000, 0x00000000a4b00000| Untracked 
|  56|0x00000000a4c00000, 0x00000000a4c00000, 0x00000000a4d00000|  0%| F|  |TAMS 0x00000000a4c00000, 0x00000000a4c00000| Untracked 
|  57|0x00000000a4d00000, 0x00000000a4d00000, 0x00000000a4e00000|  0%| F|  |TAMS 0x00000000a4d00000, 0x00000000a4d00000| Untracked 
|  58|0x00000000a4e00000, 0x00000000a4e00000, 0x00000000a4f00000|  0%| F|  |TAMS 0x00000000a4e00000, 0x00000000a4e00000| Untracked 
|  59|0x00000000a4f00000, 0x00000000a4f00000, 0x00000000a5000000|  0%| F|  |TAMS 0x00000000a4f00000, 0x00000000a4f00000| Untracked 
|  60|0x00000000a5000000, 0x00000000a5000000, 0x00000000a5100000|  0%| F|  |TAMS 0x00000000a5000000, 0x00000000a5000000| Untracked 
|  61|0x00000000a5100000, 0x00000000a5100000, 0x00000000a5200000|  0%| F|  |TAMS 0x00000000a5100000, 0x00000000a5100000| Untracked 
|  62|0x00000000a5200000, 0x00000000a5200000, 0x00000000a5300000|  0%| F|  |TAMS 0x00000000a5200000, 0x00000000a5200000| Untracked 
|  63|0x00000000a5300000, 0x00000000a5300000, 0x00000000a5400000|  0%| F|  |TAMS 0x00000000a5300000, 0x00000000a5300000| Untracked 
|  64|0x00000000a5400000, 0x00000000a5400000, 0x00000000a5500000|  0%| F|  |TAMS 0x00000000a5400000, 0x00000000a5400000| Untracked 
|  65|0x00000000a5500000, 0x00000000a5500000, 0x00000000a5600000|  0%| F|  |TAMS 0x00000000a5500000, 0x00000000a5500000| Untracked 
|  66|0x00000000a5600000, 0x00000000a5600000, 0x00000000a5700000|  0%| F|  |TAMS 0x00000000a5600000, 0x00000000a5600000| Untracked 
|  67|0x00000000a5700000, 0x00000000a5700000, 0x00000000a5800000|  0%| F|  |TAMS 0x00000000a5700000, 0x00000000a5700000| Untracked 
|  68|0x00000000a5800000, 0x00000000a5800000, 0x00000000a5900000|  0%| F|  |TAMS 0x00000000a5800000, 0x00000000a5800000| Untracked 
|  69|0x00000000a5900000, 0x00000000a5900000, 0x00000000a5a00000|  0%| F|  |TAMS 0x00000000a5900000, 0x00000000a5900000| Untracked 
|  70|0x00000000a5a00000, 0x00000000a5a00000, 0x00000000a5b00000|  0%| F|  |TAMS 0x00000000a5a00000, 0x00000000a5a00000| Untracked 
|  71|0x00000000a5b00000, 0x00000000a5b00000, 0x00000000a5c00000|  0%| F|  |TAMS 0x00000000a5b00000, 0x00000000a5b00000| Untracked 
|  72|0x00000000a5c00000, 0x00000000a5c00000, 0x00000000a5d00000|  0%| F|  |TAMS 0x00000000a5c00000, 0x00000000a5c00000| Untracked 
|  73|0x00000000a5d00000, 0x00000000a5d00000, 0x00000000a5e00000|  0%| F|  |TAMS 0x00000000a5d00000, 0x00000000a5d00000| Untracked 
|  74|0x00000000a5e00000, 0x00000000a5e00000, 0x00000000a5f00000|  0%| F|  |TAMS 0x00000000a5e00000, 0x00000000a5e00000| Untracked 
|  75|0x00000000a5f00000, 0x00000000a5f00000, 0x00000000a6000000|  0%| F|  |TAMS 0x00000000a5f00000, 0x00000000a5f00000| Untracked 
|  76|0x00000000a6000000, 0x00000000a6000000, 0x00000000a6100000|  0%| F|  |TAMS 0x00000000a6000000, 0x00000000a6000000| Untracked 
|  77|0x00000000a6100000, 0x00000000a6100000, 0x00000000a6200000|  0%| F|  |TAMS 0x00000000a6100000, 0x00000000a6100000| Untracked 
|  78|0x00000000a6200000, 0x00000000a6200000, 0x00000000a6300000|  0%| F|  |TAMS 0x00000000a6200000, 0x00000000a6200000| Untracked 
|  79|0x00000000a6300000, 0x00000000a6300000, 0x00000000a6400000|  0%| F|  |TAMS 0x00000000a6300000, 0x00000000a6300000| Untracked 
|  80|0x00000000a6400000, 0x00000000a6400000, 0x00000000a6500000|  0%| F|  |TAMS 0x00000000a6400000, 0x00000000a6400000| Untracked 
|  81|0x00000000a6500000, 0x00000000a6500000, 0x00000000a6600000|  0%| F|  |TAMS 0x00000000a6500000, 0x00000000a6500000| Untracked 
|  82|0x00000000a6600000, 0x00000000a6600000, 0x00000000a6700000|  0%| F|  |TAMS 0x00000000a6600000, 0x00000000a6600000| Untracked 
|  83|0x00000000a6700000, 0x00000000a6700000, 0x00000000a6800000|  0%| F|  |TAMS 0x00000000a6700000, 0x00000000a6700000| Untracked 
|  84|0x00000000a6800000, 0x00000000a6800000, 0x00000000a6900000|  0%| F|  |TAMS 0x00000000a6800000, 0x00000000a6800000| Untracked 
|  85|0x00000000a6900000, 0x00000000a6900000, 0x00000000a6a00000|  0%| F|  |TAMS 0x00000000a6900000, 0x00000000a6900000| Untracked 
|  86|0x00000000a6a00000, 0x00000000a6a00000, 0x00000000a6b00000|  0%| F|  |TAMS 0x00000000a6a00000, 0x00000000a6a00000| Untracked 
|  87|0x00000000a6b00000, 0x00000000a6b00000, 0x00000000a6c00000|  0%| F|  |TAMS 0x00000000a6b00000, 0x00000000a6b00000| Untracked 
|  88|0x00000000a6c00000, 0x00000000a6c00000, 0x00000000a6d00000|  0%| F|  |TAMS 0x00000000a6c00000, 0x00000000a6c00000| Untracked 
|  89|0x00000000a6d00000, 0x00000000a6d00000, 0x00000000a6e00000|  0%| F|  |TAMS 0x00000000a6d00000, 0x00000000a6d00000| Untracked 
|  90|0x00000000a6e00000, 0x00000000a6e00000, 0x00000000a6f00000|  0%| F|  |TAMS 0x00000000a6e00000, 0x00000000a6e00000| Untracked 
|  91|0x00000000a6f00000, 0x00000000a6f00000, 0x00000000a7000000|  0%| F|  |TAMS 0x00000000a6f00000, 0x00000000a6f00000| Untracked 
|  92|0x00000000a7000000, 0x00000000a7000000, 0x00000000a7100000|  0%| F|  |TAMS 0x00000000a7000000, 0x00000000a7000000| Untracked 
|  93|0x00000000a7100000, 0x00000000a7100000, 0x00000000a7200000|  0%| F|  |TAMS 0x00000000a7100000, 0x00000000a7100000| Untracked 
|  94|0x00000000a7200000, 0x00000000a7200000, 0x00000000a7300000|  0%| F|  |TAMS 0x00000000a7200000, 0x00000000a7200000| Untracked 
|  95|0x00000000a7300000, 0x00000000a7300000, 0x00000000a7400000|  0%| F|  |TAMS 0x00000000a7300000, 0x00000000a7300000| Untracked 

Card table byte_map: [0x000001f572d60000,0x000001f573060000] _byte_map_base: 0x000001f572856000

Marking Bits (Prev, Next): (CMBitMap*) 0x000001f56c6f5c60, (CMBitMap*) 0x000001f56c6f5ca0
 Prev Bits: [0x000001f573360000, 0x000001f574b10000)
 Next Bits: [0x000001f574b10000, 0x000001f5762c0000)

Polling page: 0x000001f56a610000

Metaspace:

Usage:
  Non-class:     49.07 MB used.
      Class:      7.44 MB used.
       Both:     56.52 MB used.

Virtual space:
  Non-class space:       64.00 MB reserved,      49.25 MB ( 77%) committed,  1 nodes.
      Class space:        1.00 GB reserved,       7.62 MB ( <1%) committed,  1 nodes.
             Both:        1.06 GB reserved,      56.88 MB (  5%) committed. 

Chunk freelists:
   Non-Class:  13.89 MB
       Class:  8.25 MB
        Both:  22.13 MB

MaxMetaspaceSize: unlimited
CompressedClassSpaceSize: 1.00 GB
Initial GC threshold: 21.00 MB
Current GC threshold: 59.00 MB
CDS: off
MetaspaceReclaimPolicy: balanced
 - commit_granule_bytes: 65536.
 - commit_granule_words: 8192.
 - virtual_space_node_default_size: 8388608.
 - enlarge_chunks_in_place: 1.
 - new_chunks_are_fully_committed: 0.
 - uncommit_free_chunks: 1.
 - use_allocation_guard: 0.
 - handle_deallocations: 1.


Internal statistics:

num_allocs_failed_limit: 6.
num_arena_births: 430.
num_arena_deaths: 0.
num_vsnodes_births: 2.
num_vsnodes_deaths: 0.
num_space_committed: 910.
num_space_uncommitted: 0.
num_chunks_returned_to_freelist: 6.
num_chunks_taken_from_freelist: 2160.
num_chunk_merges: 6.
num_chunk_splits: 1536.
num_chunks_enlarged: 1204.
num_inconsistent_stats: 0.

CodeCache: size=49152Kb used=11149Kb max_used=11149Kb free=38002Kb
 bounds [0x000001f56fd60000, 0x000001f570850000, 0x000001f572d60000]
 total_blobs=5851 nmethods=5273 adapters=503
 compilation: enabled
              stopped_count=0, restarted_count=0
 full_count=0

Compilation events (20 events):
Event: 6.906 Thread 0x000001f5788f1e10 nmethod 5265 0x000001f57083fb90 code [0x000001f57083fd40, 0x000001f57083ffe8]
Event: 6.908 Thread 0x000001f5788f1e10 5266       1       net.bytebuddy.description.type.TypeList$Generic$AbstractBase::getStackSize (43 bytes)
Event: 6.909 Thread 0x000001f578b58640 5268       1       net.bytebuddy.jar.asm.SymbolTable::addConstantFieldref (10 bytes)
Event: 6.909 Thread 0x000001f578b5a800 5267       1       net.bytebuddy.jar.asm.MethodWriter::visitFieldInsn (258 bytes)
Event: 6.909 Thread 0x000001f578b58640 nmethod 5268 0x000001f570840110 code [0x000001f5708402a0, 0x000001f5708403a8]
Event: 6.909 Thread 0x000001f5788f1e10 nmethod 5266 0x000001f570840490 code [0x000001f570840660, 0x000001f570840928]
Event: 6.909 Thread 0x000001f5788f1e10 5269       1       net.bytebuddy.implementation.bytecode.member.FieldAccess::forField (45 bytes)
Event: 6.909 Thread 0x000001f578b58640 5270       1       net.bytebuddy.implementation.bytecode.member.FieldAccess$AccessDispatcher::<init> (15 bytes)
Event: 6.909 Thread 0x000001f578b58640 nmethod 5270 0x000001f570840b10 code [0x000001f570840ca0, 0x000001f570840df8]
Event: 6.909 Thread 0x000001f578b58640 5271       1       net.bytebuddy.implementation.bytecode.member.FieldAccess$AccessDispatcher$AbstractFieldInstruction::<init> (6 bytes)
Event: 6.909 Thread 0x000001f578b58640 nmethod 5271 0x000001f570840e90 code [0x000001f570841020, 0x000001f570841138]
Event: 6.910 Thread 0x000001f578b58640 5272       1       net.bytebuddy.implementation.bytecode.member.FieldAccess$AccessDispatcher$AbstractFieldInstruction::<init> (10 bytes)
Event: 6.910 Thread 0x000001f578b58640 nmethod 5272 0x000001f570841210 code [0x000001f5708413a0, 0x000001f5708414b8]
Event: 6.910 Thread 0x000001f5788f1e10 nmethod 5269 0x000001f570841590 code [0x000001f570841760, 0x000001f570841b28]
Event: 6.910 Thread 0x000001f578b58640 5273       1       net.bytebuddy.implementation.bytecode.member.FieldAccess$AccessDispatcher$AbstractFieldInstruction::apply (71 bytes)
Event: 6.910 Thread 0x000001f578b5a800 nmethod 5267 0x000001f570841d10 code [0x000001f570841f00, 0x000001f5708423e8]
Event: 6.910 Thread 0x000001f578b58640 nmethod 5273 0x000001f570842790 code [0x000001f5708429c0, 0x000001f570842d28]
Event: 6.911 Thread 0x000001f5788f1e10 5274       1       net.bytebuddy.description.type.TypeDescription$ForLoadedType::isAssignableTo (38 bytes)
Event: 6.911 Thread 0x000001f578b5a800 5275       1       net.bytebuddy.jar.asm.ByteVector::put122 (93 bytes)
Event: 6.911 Thread 0x000001f5788f1e10 nmethod 5274 0x000001f570843090 code [0x000001f570843240, 0x000001f570843418]

GC Heap History (20 events):
Event: 3.209 GC heap after
{Heap after GC invocations=10 (full 0):
 garbage-first heap   total 83968K, used 13367K [0x00000000a1400000, 0x0000000100000000)
  region size 1024K, 4 young (4096K), 4 survivors (4096K)
 Metaspace       used 31091K, committed 31360K, reserved 1114112K
  class space    used 3685K, committed 3840K, reserved 1048576K
}
Event: 3.568 GC heap before
{Heap before GC invocations=10 (full 0):
 garbage-first heap   total 83968K, used 58423K [0x00000000a1400000, 0x0000000100000000)
  region size 1024K, 49 young (50176K), 4 survivors (4096K)
 Metaspace       used 34213K, committed 34560K, reserved 1114112K
  class space    used 4110K, committed 4288K, reserved 1048576K
}
Event: 3.574 GC heap after
{Heap after GC invocations=11 (full 0):
 garbage-first heap   total 83968K, used 14940K [0x00000000a1400000, 0x0000000100000000)
  region size 1024K, 5 young (5120K), 5 survivors (5120K)
 Metaspace       used 34213K, committed 34560K, reserved 1114112K
  class space    used 4110K, committed 4288K, reserved 1048576K
}
Event: 3.969 GC heap before
{Heap before GC invocations=11 (full 0):
 garbage-first heap   total 83968K, used 48732K [0x00000000a1400000, 0x0000000100000000)
  region size 1024K, 39 young (39936K), 5 survivors (5120K)
 Metaspace       used 35823K, committed 36096K, reserved 1114112K
  class space    used 4352K, committed 4480K, reserved 1048576K
}
Event: 3.976 GC heap after
{Heap after GC invocations=12 (full 0):
 garbage-first heap   total 83968K, used 15852K [0x00000000a1400000, 0x0000000100000000)
  region size 1024K, 4 young (4096K), 4 survivors (4096K)
 Metaspace       used 35823K, committed 36096K, reserved 1114112K
  class space    used 4352K, committed 4480K, reserved 1048576K
}
Event: 4.378 GC heap before
{Heap before GC invocations=13 (full 0):
 garbage-first heap   total 61440K, used 48620K [0x00000000a1400000, 0x0000000100000000)
  region size 1024K, 36 young (36864K), 4 survivors (4096K)
 Metaspace       used 38051K, committed 38336K, reserved 1114112K
  class space    used 4683K, committed 4800K, reserved 1048576K
}
Event: 4.383 GC heap after
{Heap after GC invocations=14 (full 0):
 garbage-first heap   total 61440K, used 17123K [0x00000000a1400000, 0x0000000100000000)
  region size 1024K, 4 young (4096K), 4 survivors (4096K)
 Metaspace       used 38051K, committed 38336K, reserved 1114112K
  class space    used 4683K, committed 4800K, reserved 1048576K
}
Event: 4.397 GC heap before
{Heap before GC invocations=14 (full 0):
 garbage-first heap   total 61440K, used 18147K [0x00000000a1400000, 0x0000000100000000)
  region size 1024K, 5 young (5120K), 4 survivors (4096K)
 Metaspace       used 38111K, committed 38464K, reserved 1114112K
  class space    used 4696K, committed 4864K, reserved 1048576K
}
Event: 4.401 GC heap after
{Heap after GC invocations=15 (full 0):
 garbage-first heap   total 73728K, used 17377K [0x00000000a1400000, 0x0000000100000000)
  region size 1024K, 1 young (1024K), 1 survivors (1024K)
 Metaspace       used 38111K, committed 38464K, reserved 1114112K
  class space    used 4696K, committed 4864K, reserved 1048576K
}
Event: 4.851 GC heap before
{Heap before GC invocations=15 (full 0):
 garbage-first heap   total 73728K, used 58337K [0x00000000a1400000, 0x0000000100000000)
  region size 1024K, 41 young (41984K), 1 survivors (1024K)
 Metaspace       used 41594K, committed 41920K, reserved 1114112K
  class space    used 5208K, committed 5376K, reserved 1048576K
}
Event: 4.855 GC heap after
{Heap after GC invocations=16 (full 0):
 garbage-first heap   total 73728K, used 19443K [0x00000000a1400000, 0x0000000100000000)
  region size 1024K, 3 young (3072K), 3 survivors (3072K)
 Metaspace       used 41594K, committed 41920K, reserved 1114112K
  class space    used 5208K, committed 5376K, reserved 1048576K
}
Event: 5.269 GC heap before
{Heap before GC invocations=16 (full 0):
 garbage-first heap   total 73728K, used 57331K [0x00000000a1400000, 0x0000000100000000)
  region size 1024K, 41 young (41984K), 3 survivors (3072K)
 Metaspace       used 44420K, committed 44800K, reserved 1114112K
  class space    used 5546K, committed 5696K, reserved 1048576K
}
Event: 5.275 GC heap after
{Heap after GC invocations=17 (full 0):
 garbage-first heap   total 73728K, used 20801K [0x00000000a1400000, 0x0000000100000000)
  region size 1024K, 4 young (4096K), 4 survivors (4096K)
 Metaspace       used 44420K, committed 44800K, reserved 1114112K
  class space    used 5546K, committed 5696K, reserved 1048576K
}
Event: 5.616 GC heap before
{Heap before GC invocations=17 (full 0):
 garbage-first heap   total 73728K, used 58689K [0x00000000a1400000, 0x0000000100000000)
  region size 1024K, 41 young (41984K), 4 survivors (4096K)
 Metaspace       used 48022K, committed 48320K, reserved 1114112K
  class space    used 6202K, committed 6336K, reserved 1048576K
}
Event: 5.623 GC heap after
{Heap after GC invocations=18 (full 0):
 garbage-first heap   total 73728K, used 21717K [0x00000000a1400000, 0x0000000100000000)
  region size 1024K, 3 young (3072K), 3 survivors (3072K)
 Metaspace       used 48022K, committed 48320K, reserved 1114112K
  class space    used 6202K, committed 6336K, reserved 1048576K
}
Event: 6.046 GC heap before
{Heap before GC invocations=18 (full 0):
 garbage-first heap   total 73728K, used 59605K [0x00000000a1400000, 0x0000000100000000)
  region size 1024K, 40 young (40960K), 3 survivors (3072K)
 Metaspace       used 52231K, committed 52608K, reserved 1114112K
  class space    used 6727K, committed 6912K, reserved 1048576K
}
Event: 6.050 GC heap after
{Heap after GC invocations=19 (full 0):
 garbage-first heap   total 73728K, used 22467K [0x00000000a1400000, 0x0000000100000000)
  region size 1024K, 4 young (4096K), 4 survivors (4096K)
 Metaspace       used 52231K, committed 52608K, reserved 1114112K
  class space    used 6727K, committed 6912K, reserved 1048576K
}
Event: 6.534 GC heap before
{Heap before GC invocations=19 (full 0):
 garbage-first heap   total 73728K, used 59331K [0x00000000a1400000, 0x0000000100000000)
  region size 1024K, 40 young (40960K), 4 survivors (4096K)
 Metaspace       used 54900K, committed 55232K, reserved 1114112K
  class space    used 7097K, committed 7232K, reserved 1048576K
}
Event: 6.540 GC heap after
{Heap after GC invocations=20 (full 0):
 garbage-first heap   total 73728K, used 24181K [0x00000000a1400000, 0x0000000100000000)
  region size 1024K, 4 young (4096K), 4 survivors (4096K)
 Metaspace       used 54900K, committed 55232K, reserved 1114112K
  class space    used 7097K, committed 7232K, reserved 1048576K
}
Event: 6.911 GC heap before
{Heap before GC invocations=20 (full 0):
 garbage-first heap   total 73728K, used 58997K [0x00000000a1400000, 0x0000000100000000)
  region size 1024K, 38 young (38912K), 4 survivors (4096K)
 Metaspace       used 57871K, committed 58240K, reserved 1114112K
  class space    used 7623K, committed 7808K, reserved 1048576K
}

Dll operation events (11 events):
Event: 0.026 Loaded shared library C:\Program Files (x86)\sts-4.19.1.RELEASE\plugins\org.eclipse.justj.openjdk.hotspot.jre.full.win32.x86_64_17.0.7.v20230425-1502\jre\bin\java.dll
Event: 0.616 Loaded shared library C:\Program Files (x86)\sts-4.19.1.RELEASE\plugins\org.eclipse.justj.openjdk.hotspot.jre.full.win32.x86_64_17.0.7.v20230425-1502\jre\bin\zip.dll
Event: 0.621 Loaded shared library C:\Program Files (x86)\sts-4.19.1.RELEASE\plugins\org.eclipse.justj.openjdk.hotspot.jre.full.win32.x86_64_17.0.7.v20230425-1502\jre\bin\instrument.dll
Event: 0.655 Loaded shared library C:\Program Files (x86)\sts-4.19.1.RELEASE\plugins\org.eclipse.justj.openjdk.hotspot.jre.full.win32.x86_64_17.0.7.v20230425-1502\jre\bin\net.dll
Event: 0.657 Loaded shared library C:\Program Files (x86)\sts-4.19.1.RELEASE\plugins\org.eclipse.justj.openjdk.hotspot.jre.full.win32.x86_64_17.0.7.v20230425-1502\jre\bin\nio.dll
Event: 0.678 Loaded shared library C:\Program Files (x86)\sts-4.19.1.RELEASE\plugins\org.eclipse.justj.openjdk.hotspot.jre.full.win32.x86_64_17.0.7.v20230425-1502\jre\bin\zip.dll
Event: 1.065 Loaded shared library C:\Program Files (x86)\sts-4.19.1.RELEASE\plugins\org.eclipse.justj.openjdk.hotspot.jre.full.win32.x86_64_17.0.7.v20230425-1502\jre\bin\jimage.dll
Event: 1.156 Loaded shared library C:\Program Files (x86)\sts-4.19.1.RELEASE\plugins\org.eclipse.justj.openjdk.hotspot.jre.full.win32.x86_64_17.0.7.v20230425-1502\jre\bin\management.dll
Event: 1.174 Loaded shared library C:\Program Files (x86)\sts-4.19.1.RELEASE\plugins\org.eclipse.justj.openjdk.hotspot.jre.full.win32.x86_64_17.0.7.v20230425-1502\jre\bin\management_ext.dll
Event: 1.626 Loaded shared library C:\Program Files (x86)\sts-4.19.1.RELEASE\plugins\org.eclipse.justj.openjdk.hotspot.jre.full.win32.x86_64_17.0.7.v20230425-1502\jre\bin\verify.dll
Event: 4.885 Loaded shared library C:\Program Files (x86)\sts-4.19.1.RELEASE\plugins\org.eclipse.justj.openjdk.hotspot.jre.full.win32.x86_64_17.0.7.v20230425-1502\jre\bin\sunmscapi.dll

Deoptimization events (20 events):
Event: 6.856 Thread 0x000001f57de8d4a0 DEOPT PACKING pc=0x000001f570460d24 sp=0x000000f2bc8f8c70
Event: 6.856 Thread 0x000001f57de8d4a0 DEOPT UNPACKING pc=0x000001f56fdb7143 sp=0x000000f2bc8f8250 mode 1
Event: 6.856 Thread 0x000001f57de8d4a0 DEOPT PACKING pc=0x000001f570462d1c sp=0x000000f2bc8f8a30
Event: 6.856 Thread 0x000001f57de8d4a0 DEOPT UNPACKING pc=0x000001f56fdb7143 sp=0x000000f2bc8f7f68 mode 1
Event: 6.856 Thread 0x000001f57de8d4a0 DEOPT PACKING pc=0x000001f570463be4 sp=0x000000f2bc8f8b20
Event: 6.856 Thread 0x000001f57de8d4a0 DEOPT UNPACKING pc=0x000001f56fdb7143 sp=0x000000f2bc8f80b8 mode 1
Event: 6.856 Thread 0x000001f57de8d4a0 DEOPT PACKING pc=0x000001f570460d24 sp=0x000000f2bc8f8c70
Event: 6.856 Thread 0x000001f57de8d4a0 DEOPT UNPACKING pc=0x000001f56fdb7143 sp=0x000000f2bc8f8250 mode 1
Event: 6.859 Thread 0x000001f57de8d4a0 DEOPT PACKING pc=0x000001f5701af2d4 sp=0x000000f2bc8fb040
Event: 6.859 Thread 0x000001f57de8d4a0 DEOPT UNPACKING pc=0x000001f56fdb7143 sp=0x000000f2bc8fa4d8 mode 1
Event: 6.859 Thread 0x000001f57de8d4a0 DEOPT PACKING pc=0x000001f5701a85fc sp=0x000000f2bc8fb110
Event: 6.859 Thread 0x000001f57de8d4a0 DEOPT UNPACKING pc=0x000001f56fdb7143 sp=0x000000f2bc8fa5c8 mode 1
Event: 6.859 Thread 0x000001f57de8d4a0 DEOPT PACKING pc=0x000001f570145454 sp=0x000000f2bc8fbb00
Event: 6.859 Thread 0x000001f57de8d4a0 DEOPT UNPACKING pc=0x000001f56fdb7143 sp=0x000000f2bc8faff0 mode 1
Event: 6.859 Thread 0x000001f57de8d4a0 DEOPT PACKING pc=0x000001f5701af2d4 sp=0x000000f2bc8fb040
Event: 6.859 Thread 0x000001f57de8d4a0 DEOPT UNPACKING pc=0x000001f56fdb7143 sp=0x000000f2bc8fa4d8 mode 1
Event: 6.859 Thread 0x000001f57de8d4a0 DEOPT PACKING pc=0x000001f5701a85fc sp=0x000000f2bc8fb110
Event: 6.859 Thread 0x000001f57de8d4a0 DEOPT UNPACKING pc=0x000001f56fdb7143 sp=0x000000f2bc8fa5c8 mode 1
Event: 6.859 Thread 0x000001f57de8d4a0 DEOPT PACKING pc=0x000001f570145454 sp=0x000000f2bc8fbb00
Event: 6.859 Thread 0x000001f57de8d4a0 DEOPT UNPACKING pc=0x000001f56fdb7143 sp=0x000000f2bc8faff0 mode 1

Classes unloaded (0 events):
No events

Classes redefined (0 events):
No events

Internal exceptions (20 events):
Event: 4.570 Thread 0x000001f57de8d4a0 Exception <a 'java/lang/NoSuchMethodError'{0x00000000a4dba560}: 'java.lang.Object java.lang.invoke.DirectMethodHandle$Holder.invokeSpecialIFC(java.lang.Object, java.lang.Object, java.lang.Object)'> (0x00000000a4dba560) 
thrown [s\src\hotspot\share\interpreter\linkResolver.cpp, line 759]
Event: 4.585 Thread 0x000001f57ddc3660 Exception <a 'java/lang/reflect/InvocationTargetException'{0x00000000a4b82360}> (0x00000000a4b82360) 
thrown [s\src\hotspot\share\runtime\reflection.cpp, line 1121]
Event: 4.683 Thread 0x000001f57de8d4a0 Exception <a 'java/lang/NoSuchMethodError'{0x00000000a44daf48}: 'void java.lang.invoke.DirectMethodHandle$Holder.invokeInterface(java.lang.Object, java.lang.Object, int)'> (0x00000000a44daf48) 
thrown [s\src\hotspot\share\interpreter\linkResolver.cpp, line 759]
Event: 4.687 Thread 0x000001f57de8d4a0 Exception <a 'java/lang/IncompatibleClassChangeError'{0x00000000a432acc8}: Found class java.lang.Object, but interface was expected> (0x00000000a432acc8) 
thrown [s\src\hotspot\share\interpreter\linkResolver.cpp, line 826]
Event: 4.688 Thread 0x000001f57de8d4a0 Exception <a 'java/lang/NoSuchMethodError'{0x00000000a432fe80}: 'void java.lang.invoke.DirectMethodHandle$Holder.invokeStatic(java.lang.Object, int, java.lang.Object)'> (0x00000000a432fe80) 
thrown [s\src\hotspot\share\interpreter\linkResolver.cpp, line 759]
Event: 4.690 Thread 0x000001f57de8d4a0 Exception <a 'java/lang/NoSuchMethodError'{0x00000000a435f4d8}: 'int java.lang.invoke.DirectMethodHandle$Holder.invokeSpecial(java.lang.Object, java.lang.Object, int)'> (0x00000000a435f4d8) 
thrown [s\src\hotspot\share\interpreter\linkResolver.cpp, line 759]
Event: 4.920 Thread 0x000001f57de8d4a0 Exception <a 'sun/nio/fs/WindowsException'{0x00000000a5436a50}> (0x00000000a5436a50) 
thrown [s\src\hotspot\share\prims\jni.cpp, line 516]
Event: 4.921 Thread 0x000001f57de8d4a0 Exception <a 'sun/nio/fs/WindowsException'{0x00000000a543c678}> (0x00000000a543c678) 
thrown [s\src\hotspot\share\prims\jni.cpp, line 516]
Event: 4.921 Thread 0x000001f57de8d4a0 Exception <a 'sun/nio/fs/WindowsException'{0x00000000a543cd50}> (0x00000000a543cd50) 
thrown [s\src\hotspot\share\prims\jni.cpp, line 516]
Event: 5.025 Thread 0x000001f57de8d4a0 Exception <a 'java/io/FileNotFoundException'{0x00000000a4c7b800}> (0x00000000a4c7b800) 
thrown [s\src\hotspot\share\prims\jni.cpp, line 516]
Event: 5.046 Thread 0x000001f57de8d4a0 Exception <a 'java/lang/NoSuchMethodError'{0x00000000a4a41608}: 'int java.lang.invoke.DirectMethodHandle$Holder.invokeInterface(java.lang.Object, java.lang.Object, java.lang.Object, java.lang.Object)'> (0x00000000a4a41608) 
thrown [s\src\hotspot\share\interpreter\linkResolver.cpp, line 759]
Event: 5.088 Thread 0x000001f57ddc3660 Exception <a 'java/lang/reflect/InvocationTargetException'{0x00000000a4782360}> (0x00000000a4782360) 
thrown [s\src\hotspot\share\runtime\reflection.cpp, line 1121]
Event: 5.098 Thread 0x000001f57de8d4a0 Exception <a 'java/lang/NoSuchMethodError'{0x00000000a462e250}: 'long java.lang.invoke.DirectMethodHandle$Holder.invokeVirtual(java.lang.Object, java.lang.Object)'> (0x00000000a462e250) 
thrown [s\src\hotspot\share\interpreter\linkResolver.cpp, line 759]
Event: 5.105 Thread 0x000001f57de8d4a0 Exception <a 'java/io/FileNotFoundException'{0x00000000a46a4b98}> (0x00000000a46a4b98) 
thrown [s\src\hotspot\share\prims\jni.cpp, line 516]
Event: 5.590 Thread 0x000001f57ddc3660 Exception <a 'java/lang/reflect/InvocationTargetException'{0x00000000a3982360}> (0x00000000a3982360) 
thrown [s\src\hotspot\share\runtime\reflection.cpp, line 1121]
Event: 5.796 Thread 0x000001f57de8d4a0 Exception <a 'sun/nio/fs/WindowsException'{0x00000000a4d49018}> (0x00000000a4d49018) 
thrown [s\src\hotspot\share\prims\jni.cpp, line 516]
Event: 5.955 Thread 0x000001f57de8d4a0 Exception <a 'java/lang/NoSuchMethodError'{0x00000000a405eed8}: 'java.lang.Object java.lang.invoke.DirectMethodHandle$Holder.invokeStaticInit(java.lang.Object, java.lang.Object, java.lang.Object, java.lang.Object)'> (0x00000000a405eed8) 
thrown [s\src\hotspot\share\interpreter\linkResolver.cpp, line 759]
Event: 6.126 Thread 0x000001f57ddc3660 Exception <a 'java/lang/reflect/InvocationTargetException'{0x00000000a5694a70}> (0x00000000a5694a70) 
thrown [s\src\hotspot\share\runtime\reflection.cpp, line 1121]
Event: 6.294 Thread 0x000001f57de8d4a0 Exception <a 'java/lang/NoSuchMethodError'{0x00000000a4bccd70}: 'java.lang.Object java.lang.invoke.DirectMethodHandle$Holder.newInvokeSpecial(java.lang.Object, java.lang.Object, int, java.lang.Object, java.lang.Object)'> (0x00000000a4bccd70) 
thrown [s\src\hotspot\share\interpreter\linkResolver.cpp, line 759]
Event: 6.679 Thread 0x000001f57ddc3660 Exception <a 'java/lang/reflect/InvocationTargetException'{0x00000000a4e833e8}> (0x00000000a4e833e8) 
thrown [s\src\hotspot\share\runtime\reflection.cpp, line 1121]

VM Operations (20 events):
Event: 5.308 Executing VM operation: HandshakeAllThreads done
Event: 5.616 Executing VM operation: G1CollectForAllocation
Event: 5.623 Executing VM operation: G1CollectForAllocation done
Event: 5.797 Executing VM operation: HandshakeAllThreads
Event: 5.797 Executing VM operation: HandshakeAllThreads done
Event: 5.802 Executing VM operation: HandshakeAllThreads
Event: 5.802 Executing VM operation: HandshakeAllThreads done
Event: 6.046 Executing VM operation: G1CollectForAllocation
Event: 6.050 Executing VM operation: G1CollectForAllocation done
Event: 6.110 Executing VM operation: HandshakeAllThreads
Event: 6.110 Executing VM operation: HandshakeAllThreads done
Event: 6.122 Executing VM operation: HandshakeAllThreads
Event: 6.122 Executing VM operation: HandshakeAllThreads done
Event: 6.533 Executing VM operation: G1CollectForAllocation
Event: 6.540 Executing VM operation: G1CollectForAllocation done
Event: 6.839 Executing VM operation: HandshakeAllThreads
Event: 6.839 Executing VM operation: HandshakeAllThreads done
Event: 6.899 Executing VM operation: ICBufferFull
Event: 6.899 Executing VM operation: ICBufferFull done
Event: 6.911 Executing VM operation: G1CollectForAllocation

Events (20 events):
Event: 6.244 loading class sun/security/provider/MD5
Event: 6.244 loading class sun/security/provider/MD5 done
Event: 6.245 loading class sun/security/provider/ByteArrayAccess$LE
Event: 6.245 loading class sun/security/provider/ByteArrayAccess$LE done
Event: 6.283 loading class javax/naming/RefAddr
Event: 6.283 loading class javax/naming/RefAddr done
Event: 6.283 loading class javax/naming/StringRefAddr
Event: 6.283 loading class javax/naming/StringRefAddr done
Event: 6.285 loading class java/io/InvalidObjectException
Event: 6.285 loading class java/io/InvalidObjectException done
Event: 6.330 loading class java/util/concurrent/CompletableFuture$AltResult
Event: 6.330 loading class java/util/concurrent/CompletableFuture$AltResult done
Event: 6.330 loading class java/util/concurrent/CompletableFuture$Completion
Event: 6.330 loading class java/util/concurrent/CompletableFuture$AsynchronousCompletionTask
Event: 6.330 loading class java/util/concurrent/CompletableFuture$AsynchronousCompletionTask done
Event: 6.330 loading class java/util/concurrent/ForkJoinTask
Event: 6.331 loading class java/util/concurrent/ForkJoinTask done
Event: 6.331 loading class java/util/concurrent/CompletableFuture$Completion done
Event: 6.785 loading class java/util/AbstractList$SubList
Event: 6.785 loading class java/util/AbstractList$SubList done


Dynamic libraries:
0x00007ff6437d0000 - 0x00007ff6437de000 	C:\Program Files (x86)\sts-4.19.1.RELEASE\plugins\org.eclipse.justj.openjdk.hotspot.jre.full.win32.x86_64_17.0.7.v20230425-1502\jre\bin\javaw.exe
0x00007fffa70b0000 - 0x00007fffa72a8000 	C:\Windows\SYSTEM32\ntdll.dll
0x00007fffa5ee0000 - 0x00007fffa5f9f000 	C:\Windows\System32\KERNEL32.DLL
0x00007fffa4c40000 - 0x00007fffa4f12000 	C:\Windows\System32\KERNELBASE.dll
0x00007fffa4b40000 - 0x00007fffa4c40000 	C:\Windows\System32\ucrtbase.dll
0x00007fff9fe30000 - 0x00007fff9fe47000 	C:\Program Files (x86)\sts-4.19.1.RELEASE\plugins\org.eclipse.justj.openjdk.hotspot.jre.full.win32.x86_64_17.0.7.v20230425-1502\jre\bin\jli.dll
0x00007fffa5cb0000 - 0x00007fffa5e51000 	C:\Windows\System32\USER32.dll
0x00007fffa4f20000 - 0x00007fffa4f42000 	C:\Windows\System32\win32u.dll
0x00007fffa52c0000 - 0x00007fffa52eb000 	C:\Windows\System32\GDI32.dll
0x00007fffa4fe0000 - 0x00007fffa50ef000 	C:\Windows\System32\gdi32full.dll
0x00007fffa47a0000 - 0x00007fffa483d000 	C:\Windows\System32\msvcp_win.dll
0x00007fff940b0000 - 0x00007fff940c9000 	C:\Program Files (x86)\sts-4.19.1.RELEASE\plugins\org.eclipse.justj.openjdk.hotspot.jre.full.win32.x86_64_17.0.7.v20230425-1502\jre\bin\VCRUNTIME140.dll
0x00007fff8ff20000 - 0x00007fff901ba000 	C:\Windows\WinSxS\amd64_microsoft.windows.common-controls_6595b64144ccf1df_6.0.19041.1110_none_60b5254171f9507e\COMCTL32.dll
0x00007fffa50f0000 - 0x00007fffa518e000 	C:\Windows\System32\msvcrt.dll
0x00007fffa5e60000 - 0x00007fffa5e92000 	C:\Windows\System32\IMM32.DLL
0x00007fff9fe20000 - 0x00007fff9fe2c000 	C:\Program Files (x86)\sts-4.19.1.RELEASE\plugins\org.eclipse.justj.openjdk.hotspot.jre.full.win32.x86_64_17.0.7.v20230425-1502\jre\bin\vcruntime140_1.dll
0x00007fff94010000 - 0x00007fff940a1000 	C:\Program Files (x86)\sts-4.19.1.RELEASE\plugins\org.eclipse.justj.openjdk.hotspot.jre.full.win32.x86_64_17.0.7.v20230425-1502\jre\bin\msvcp140.dll
0x00007fff7b4b0000 - 0x00007fff7c0f8000 	C:\Program Files (x86)\sts-4.19.1.RELEASE\plugins\org.eclipse.justj.openjdk.hotspot.jre.full.win32.x86_64_17.0.7.v20230425-1502\jre\bin\server\jvm.dll
0x00007fffa54f0000 - 0x00007fffa559e000 	C:\Windows\System32\ADVAPI32.dll
0x00007fffa52f0000 - 0x00007fffa538c000 	C:\Windows\System32\sechost.dll
0x00007fffa5190000 - 0x00007fffa52b5000 	C:\Windows\System32\RPCRT4.dll
0x00007fff88b30000 - 0x00007fff88b39000 	C:\Windows\SYSTEM32\WSOCK32.dll
0x00007fffa5480000 - 0x00007fffa54eb000 	C:\Windows\System32\WS2_32.dll
0x00007fff99c20000 - 0x00007fff99c47000 	C:\Windows\SYSTEM32\WINMM.dll
0x00007fff9e640000 - 0x00007fff9e64a000 	C:\Windows\SYSTEM32\VERSION.dll
0x00007fffa2620000 - 0x00007fffa2632000 	C:\Windows\SYSTEM32\kernel.appcore.dll
0x00007fffa0240000 - 0x00007fffa024a000 	C:\Program Files (x86)\sts-4.19.1.RELEASE\plugins\org.eclipse.justj.openjdk.hotspot.jre.full.win32.x86_64_17.0.7.v20230425-1502\jre\bin\jimage.dll
0x00007fff906e0000 - 0x00007fff908c4000 	C:\Windows\SYSTEM32\DBGHELP.DLL
0x00007fff8d5a0000 - 0x00007fff8d5d5000 	C:\Windows\SYSTEM32\dbgcore.DLL
0x00007fffa4f50000 - 0x00007fffa4fd2000 	C:\Windows\System32\bcryptPrimitives.dll
0x00007fff9bcb0000 - 0x00007fff9bceb000 	C:\Program Files (x86)\sts-4.19.1.RELEASE\plugins\org.eclipse.justj.openjdk.hotspot.jre.full.win32.x86_64_17.0.7.v20230425-1502\jre\bin\jdwp.dll
0x00007fff9fe60000 - 0x00007fff9fe6e000 	C:\Program Files (x86)\sts-4.19.1.RELEASE\plugins\org.eclipse.justj.openjdk.hotspot.jre.full.win32.x86_64_17.0.7.v20230425-1502\jre\bin\instrument.dll
0x00007fff9f7e0000 - 0x00007fff9f805000 	C:\Program Files (x86)\sts-4.19.1.RELEASE\plugins\org.eclipse.justj.openjdk.hotspot.jre.full.win32.x86_64_17.0.7.v20230425-1502\jre\bin\java.dll
0x00007fff9f7c0000 - 0x00007fff9f7d8000 	C:\Program Files (x86)\sts-4.19.1.RELEASE\plugins\org.eclipse.justj.openjdk.hotspot.jre.full.win32.x86_64_17.0.7.v20230425-1502\jre\bin\zip.dll
0x00007fffa5fa0000 - 0x00007fffa66e5000 	C:\Windows\System32\SHELL32.dll
0x00007fffa2820000 - 0x00007fffa2fb2000 	C:\Windows\SYSTEM32\windows.storage.dll
0x00007fffa5840000 - 0x00007fffa5b95000 	C:\Windows\System32\combase.dll
0x00007fffa4040000 - 0x00007fffa4070000 	C:\Windows\SYSTEM32\Wldp.dll
0x00007fffa6ea0000 - 0x00007fffa6f4d000 	C:\Windows\System32\SHCORE.dll
0x00007fffa5ba0000 - 0x00007fffa5bf5000 	C:\Windows\System32\shlwapi.dll
0x00007fffa46e0000 - 0x00007fffa46ff000 	C:\Windows\SYSTEM32\profapi.dll
0x00007fff9f570000 - 0x00007fff9f57c000 	C:\Program Files (x86)\sts-4.19.1.RELEASE\plugins\org.eclipse.justj.openjdk.hotspot.jre.full.win32.x86_64_17.0.7.v20230425-1502\jre\bin\dt_socket.dll
0x00007fffa3b30000 - 0x00007fffa3b6b000 	C:\Windows\SYSTEM32\IPHLPAPI.DLL
0x00007fffa3e20000 - 0x00007fffa3e8a000 	C:\Windows\system32\mswsock.dll
0x00007fffa3b70000 - 0x00007fffa3c3b000 	C:\Windows\SYSTEM32\DNSAPI.dll
0x00007fffa5ed0000 - 0x00007fffa5ed8000 	C:\Windows\System32\NSI.dll
0x00007fff98270000 - 0x00007fff9827a000 	C:\Windows\System32\rasadhlp.dll
0x00007fff9d760000 - 0x00007fff9d7e0000 	C:\Windows\System32\fwpuclnt.dll
0x00007fffa4900000 - 0x00007fffa4927000 	C:\Windows\System32\bcrypt.dll
0x00007fff9f270000 - 0x00007fff9f289000 	C:\Program Files (x86)\sts-4.19.1.RELEASE\plugins\org.eclipse.justj.openjdk.hotspot.jre.full.win32.x86_64_17.0.7.v20230425-1502\jre\bin\net.dll
0x00007fff9db90000 - 0x00007fff9dc9c000 	C:\Windows\SYSTEM32\WINHTTP.dll
0x00007fff9f250000 - 0x00007fff9f265000 	C:\Program Files (x86)\sts-4.19.1.RELEASE\plugins\org.eclipse.justj.openjdk.hotspot.jre.full.win32.x86_64_17.0.7.v20230425-1502\jre\bin\nio.dll
0x00007fff93ec0000 - 0x00007fff93ec9000 	C:\Program Files (x86)\sts-4.19.1.RELEASE\plugins\org.eclipse.justj.openjdk.hotspot.jre.full.win32.x86_64_17.0.7.v20230425-1502\jre\bin\management.dll
0x00007fff93c10000 - 0x00007fff93c1b000 	C:\Program Files (x86)\sts-4.19.1.RELEASE\plugins\org.eclipse.justj.openjdk.hotspot.jre.full.win32.x86_64_17.0.7.v20230425-1502\jre\bin\management_ext.dll
0x00007fffa55a0000 - 0x00007fffa55a8000 	C:\Windows\System32\PSAPI.DLL
0x00007fff93ed0000 - 0x00007fff93ee7000 	C:\Windows\system32\napinsp.dll
0x00007fff93c20000 - 0x00007fff93c3b000 	C:\Windows\system32\pnrpnsp.dll
0x00007fff817f0000 - 0x00007fff81805000 	C:\Windows\system32\wshbth.dll
0x00007fff9ff80000 - 0x00007fff9ff9d000 	C:\Windows\system32\NLAapi.dll
0x00007fff93620000 - 0x00007fff93632000 	C:\Windows\System32\winrnr.dll
0x00007fffa4080000 - 0x00007fffa4098000 	C:\Windows\SYSTEM32\CRYPTSP.dll
0x00007fffa3760000 - 0x00007fffa3794000 	C:\Windows\system32\rsaenh.dll
0x00007fffa4660000 - 0x00007fffa468e000 	C:\Windows\SYSTEM32\USERENV.dll
0x00007fffa3fb0000 - 0x00007fffa3fbc000 	C:\Windows\SYSTEM32\CRYPTBASE.dll
0x00007fff9d4b0000 - 0x00007fff9d4c7000 	C:\Windows\SYSTEM32\dhcpcsvc6.DLL
0x00007fff9c5f0000 - 0x00007fff9c60d000 	C:\Windows\SYSTEM32\dhcpcsvc.DLL
0x00007fff9f910000 - 0x00007fff9f920000 	C:\Program Files (x86)\sts-4.19.1.RELEASE\plugins\org.eclipse.justj.openjdk.hotspot.jre.full.win32.x86_64_17.0.7.v20230425-1502\jre\bin\verify.dll
0x00007fff9bc20000 - 0x00007fff9bc2e000 	C:\Program Files (x86)\sts-4.19.1.RELEASE\plugins\org.eclipse.justj.openjdk.hotspot.jre.full.win32.x86_64_17.0.7.v20230425-1502\jre\bin\sunmscapi.dll
0x00007fffa49e0000 - 0x00007fffa4b36000 	C:\Windows\System32\CRYPT32.dll
0x00007fffa4190000 - 0x00007fffa41b7000 	C:\Windows\SYSTEM32\ncrypt.dll
0x00007fffa4150000 - 0x00007fffa418b000 	C:\Windows\SYSTEM32\NTASN1.dll

dbghelp: loaded successfully - version: 4.0.5 - missing functions: none
symbol engine: initialized successfully - sym options: 0x614 - pdb path: .;C:\Program Files (x86)\sts-4.19.1.RELEASE\plugins\org.eclipse.justj.openjdk.hotspot.jre.full.win32.x86_64_17.0.7.v20230425-1502\jre\bin;C:\Windows\SYSTEM32;C:\Windows\WinSxS\amd64_microsoft.windows.common-controls_6595b64144ccf1df_6.0.19041.1110_none_60b5254171f9507e;C:\Program Files (x86)\sts-4.19.1.RELEASE\plugins\org.eclipse.justj.openjdk.hotspot.jre.full.win32.x86_64_17.0.7.v20230425-1502\jre\bin\server

VM Arguments:
jvm_args: -XX:+ShowCodeDetailsInExceptionMessages -agentlib:jdwp=transport=dt_socket,suspend=y,address=localhost:50558 -Dcom.sun.management.jmxremote -Dcom.sun.management.jmxremote.port=50556 -Dcom.sun.management.jmxremote.authenticate=false -Dcom.sun.management.jmxremote.ssl=false -Djava.rmi.server.hostname=localhost -Dspring.jmx.enabled=true -Dmanagement.endpoints.jmx.exposure.include=* -Dspring.application.admin.enabled=true -XX:TieredStopAtLevel=1 -Dspring.boot.project.name=miniproject -javaagent:C:\Program Files (x86)\sts-4.19.1.RELEASE\configuration\org.eclipse.osgi\740\0\.cp\lib\javaagent-shaded.jar -Dfile.encoding=UTF-8 -Dstdout.encoding=UTF-8 -Dstderr.encoding=UTF-8 
java_command: com.teama.minpro.teama.MiniprojectApplication --spring.output.ansi.enabled=always
java_class_path (initial): D:\BELAJAR KODING\XSIS\BATCH-327\minpro-team-a\miniproject\target\classes;C:\Users\Admin\.m2\repository\org\springframework\boot\spring-boot-starter-data-jpa\2.7.16\spring-boot-starter-data-jpa-2.7.16.jar;C:\Users\Admin\.m2\repository\org\springframework\boot\spring-boot-starter-aop\2.7.16\spring-boot-starter-aop-2.7.16.jar;C:\Users\Admin\.m2\repository\org\springframework\spring-aop\5.3.30\spring-aop-5.3.30.jar;C:\Users\Admin\.m2\repository\org\aspectj\aspectjweaver\1.9.7\aspectjweaver-1.9.7.jar;C:\Users\Admin\.m2\repository\org\springframework\boot\spring-boot-starter-jdbc\2.7.16\spring-boot-starter-jdbc-2.7.16.jar;C:\Users\Admin\.m2\repository\com\zaxxer\HikariCP\4.0.3\HikariCP-4.0.3.jar;C:\Users\Admin\.m2\repository\org\springframework\spring-jdbc\5.3.30\spring-jdbc-5.3.30.jar;C:\Users\Admin\.m2\repository\jakarta\transaction\jakarta.transaction-api\1.3.3\jakarta.transaction-api-1.3.3.jar;C:\Users\Admin\.m2\repository\jakarta\persistence\jakarta.persistence-api\2.2.3\jakarta.persistence-api-2.2.3.jar;C:\Users\Admin\.m2\repository\org\hibernate\hibernate-core\5.6.15.Final\hibernate-core-5.6.15.Final.jar;C:\Users\Admin\.m2\repository\org\jboss\logging\jboss-logging\3.4.3.Final\jboss-logging-3.4.3.Final.jar;C:\Users\Admin\.m2\repository\net\bytebuddy\byte-buddy\1.12.23\byte-buddy-1.12.23.jar;C:\Users\Admin\.m2\repository\antlr\antlr\2.7.7\antlr-2.7.7.jar;C:\Users\Admin\.m2\repository\org\jboss\jandex\2.4.2.Final\jandex-2.4.2.Final.jar;C:\Users\Admin\.m2\repository\com\fasterxml\classmate\1.5.1\classmate-1.5.1.jar;C:\Users\Admin\.m2\repository\org\hibernate\common\hibernate-commons-annotations\5.1.2.Final\hibernate-commons-annotations-5.1.2.Final.jar;C:\Users\Admin\.m2\repository\org\glassfish\jaxb\jaxb-runtime\2.3.8\jaxb-runtime-2.3.8.jar;C:\Users\Admin\.m2\repository\org\glassfish\jaxb\txw2\2.3.8\txw2-2.3.8.jar;C:\Users\Admin\.m2\repository\com\sun\istack\istack-commons-runtime\3.0.12\istack-commons-runtime-3.0.12.jar;C:\Users\Admin\.m
Launcher Type: SUN_STANDARD

[Global flags]
     intx CICompilerCount                          = 3                                         {product} {ergonomic}
     uint ConcGCThreads                            = 1                                         {product} {ergonomic}
     uint G1ConcRefinementThreads                  = 4                                         {product} {ergonomic}
   size_t G1HeapRegionSize                         = 1048576                                   {product} {ergonomic}
    uintx GCDrainStackTargetSize                   = 64                                        {product} {ergonomic}
   size_t InitialHeapSize                          = 100663296                                 {product} {ergonomic}
     bool ManagementServer                         = true                                      {product} {command line}
   size_t MarkStackSize                            = 4194304                                   {product} {ergonomic}
   size_t MaxHeapSize                              = 1589641216                                {product} {ergonomic}
   size_t MaxNewSize                               = 953155584                                 {product} {ergonomic}
   size_t MinHeapDeltaBytes                        = 1048576                                   {product} {ergonomic}
   size_t MinHeapSize                              = 8388608                                   {product} {ergonomic}
    uintx NonProfiledCodeHeapSize                  = 0                                      {pd product} {ergonomic}
     bool ProfileInterpreter                       = false                                  {pd product} {command line}
    uintx ProfiledCodeHeapSize                     = 0                                      {pd product} {ergonomic}
     bool ShowCodeDetailsInExceptionMessages       = true                                   {manageable} {command line}
   size_t SoftMaxHeapSize                          = 1589641216                             {manageable} {ergonomic}
     intx TieredStopAtLevel                        = 1                                         {product} {command line}
     bool UseCompressedClassPointers               = true                           {product lp64_product} {ergonomic}
     bool UseCompressedOops                        = true                           {product lp64_product} {ergonomic}
     bool UseG1GC                                  = true                                      {product} {ergonomic}
     bool UseLargePagesIndividualAllocation        = false                                  {pd product} {ergonomic}

Logging:
Log output configuration:
 #0: stdout all=warning uptime,level,tags
 #1: stderr all=off uptime,level,tags

Environment Variables:
JAVA_HOME=C:\Program Files\Java\jdk-20.0.2
PATH=C:\Program Files (x86)\sts-4.19.1.RELEASE\plugins\org.eclipse.justj.openjdk.hotspot.jre.full.win32.x86_64_17.0.7.v20230425-1502\jre\bin;C:/Program Files (x86)/sts-4.19.1.RELEASE//plugins/org.eclipse.justj.openjdk.hotspot.jre.full.win32.x86_64_17.0.7.v20230425-1502/jre/bin/server;C:/Program Files (x86)/sts-4.19.1.RELEASE//plugins/org.eclipse.justj.openjdk.hotspot.jre.full.win32.x86_64_17.0.7.v20230425-1502/jre/bin;C:\Windows\system32;C:\Windows;C:\Windows\System32\Wbem;C:\Windows\System32\WindowsPowerShell\v1.0\;C:\Windows\System32\OpenSSH\;C:\Program Files\Java\jdk-20.0.2\bin;C:\Program Files\Git\cmd;C:\Program Files\Docker\Docker\resources\bin;C:\Users\Admin\AppData\Local\Microsoft\WindowsApps;;C:\Users\Admin\AppData\Local\Programs\Microsoft VS Code\bin;C:\Program Files (x86)\sts-4.19.1.RELEASE;
USERNAME=Irfan
OS=Windows_NT
PROCESSOR_IDENTIFIER=AMD64 Family 23 Model 24 Stepping 1, AuthenticAMD
TMP=C:\Users\Admin\AppData\Local\Temp
TEMP=C:\Users\Admin\AppData\Local\Temp



---------------  S Y S T E M  ---------------

OS:
 Windows 10 , 64 bit Build 19041 (10.0.19041.2545)
OS uptime: 0 days 0:39 hours
Hyper-V role detected

CPU: total 4 (initial active 4) (4 cores per cpu, 2 threads per core) family 23 model 24 stepping 1 microcode 0x0, cx8, cmov, fxsr, ht, mmx, 3dnowpref, sse, sse2, sse3, ssse3, sse4a, sse4.1, sse4.2, popcnt, lzcnt, tsc, tscinvbit, avx, avx2, aes, clmul, bmi1, bmi2, adx, sha, fma, vzeroupper, clflush, clflushopt, hv

Memory: 4k page, system-wide physical 6058M (815M free)
TotalPageFile size 6058M (AvailPageFile size 6M)
current process WorkingSet (physical memory assigned to process): 203M, peak: 204M
current process commit charge ("private bytes"): 254M, peak: 288M

vm_info: OpenJDK 64-Bit Server VM (17.0.7+7) for windows-amd64 JRE (17.0.7+7), built on Apr 18 2023 22:10:42 by "temurin" with MS VC++ 16.7 (VS2019)

END.
