#
# There is insufficient memory for the Java Runtime Environment to continue.
# Native memory allocation (mmap) failed to map 65536 bytes for Failed to commit metaspace.
# Possible reasons:
#   The system is out of physical RAM or swap space
#   The process is running with CompressedOops enabled, and the Java Heap may be blocking the growth of the native heap
# Possible solutions:
#   Reduce memory load on the system
#   Increase physical memory or swap space
#   Check if swap backing store is full
#   Decrease Java heap size (-Xmx/-Xms)
#   Decrease number of Java threads
#   Decrease Java thread stack sizes (-Xss)
#   Set larger code cache with -XX:ReservedCodeCacheSize=
#   JVM is running with Unscaled Compressed Oops mode in which the Java heap is
#     placed in the first 4GB address space. The Java Heap base address is the
#     maximum limit for the native heap growth. Please use -XX:HeapBaseMinAddress
#     to set the Java Heap base and to place the Java Heap above 4GB virtual address.
# This output file may be truncated or incomplete.
#
#  Out of Memory Error (virtualSpaceNode.cpp:110), pid=9896, tid=4664
#
# JRE version: OpenJDK Runtime Environment Temurin-17.0.7+7 (17.0.7+7) (build 17.0.7+7)
# Java VM: OpenJDK 64-Bit Server VM Temurin-17.0.7+7 (17.0.7+7, mixed mode, emulated-client, tiered, compressed oops, compressed class ptrs, g1 gc, windows-amd64)
# No core dump will be written. Minidumps are not enabled by default on client versions of Windows
#

---------------  S U M M A R Y ------------

Command Line: -XX:+ShowCodeDetailsInExceptionMessages -agentlib:jdwp=transport=dt_socket,suspend=y,address=localhost:55790 -Dcom.sun.management.jmxremote -Dcom.sun.management.jmxremote.port=55789 -Dcom.sun.management.jmxremote.authenticate=false -Dcom.sun.management.jmxremote.ssl=false -Djava.rmi.server.hostname=localhost -Dspring.jmx.enabled=true -Dmanagement.endpoints.jmx.exposure.include=* -Dspring.application.admin.enabled=true -XX:TieredStopAtLevel=1 -Dspring.boot.project.name=miniproject -javaagent:C:\Program Files (x86)\sts-4.19.1.RELEASE\configuration\org.eclipse.osgi\740\0\.cp\lib\javaagent-shaded.jar -Dfile.encoding=UTF-8 -Dstdout.encoding=UTF-8 -Dstderr.encoding=UTF-8 com.teama.minpro.teama.MiniprojectApplication --spring.output.ansi.enabled=always

Host: AMD Ryzen 3 3200U with Radeon Vega Mobile Gfx  , 4 cores, 5G,  Windows 10 , 64 bit Build 19041 (10.0.19041.2545)
Time: Thu Dec 21 14:33:35 2023 SE Asia Standard Time elapsed time: 10.391206 seconds (0d 0h 0m 10s)

---------------  T H R E A D  ---------------

Current thread (0x000002b908c79570):  JavaThread "restartedMain" [_thread_in_vm, id=4664, stack(0x000000db7e100000,0x000000db7e200000)]

Stack: [0x000000db7e100000,0x000000db7e200000]
Native frames: (J=compiled Java code, j=interpreted, Vv=VM code, C=native code)
V  [jvm.dll+0x67754a]
V  [jvm.dll+0x834304]
V  [jvm.dll+0x835aae]
V  [jvm.dll+0x836113]
V  [jvm.dll+0x24696f]
V  [jvm.dll+0x83039b]
V  [jvm.dll+0x61c006]
V  [jvm.dll+0x1c169e]
V  [jvm.dll+0x61e961]
V  [jvm.dll+0x61c9a6]
V  [jvm.dll+0x626887]
V  [jvm.dll+0x1eb47b]
V  [jvm.dll+0x1eb9b5]
V  [jvm.dll+0x1ec3ef]
V  [jvm.dll+0x1e1891]
V  [jvm.dll+0x53ea50]
V  [jvm.dll+0x7afc28]
V  [jvm.dll+0x7afd14]
V  [jvm.dll+0x40de05]
V  [jvm.dll+0x413f58]
C  [java.dll+0x17ec]

Java frames: (J=compiled Java code, j=interpreted, Vv=VM code)
J 1381  java.lang.ClassLoader.defineClass1(Ljava/lang/ClassLoader;Ljava/lang/String;[BIILjava/security/ProtectionDomain;Ljava/lang/String;)Ljava/lang/Class; java.base@17.0.7 (0 bytes) @ 0x000002b97a80d05b [0x000002b97a80cfa0+0x00000000000000bb]
J 1397 c1 java.lang.ClassLoader.defineClass(Ljava/lang/String;[BIILjava/security/ProtectionDomain;)Ljava/lang/Class; java.base@17.0.7 (43 bytes) @ 0x000002b97a817a14 [0x000002b97a8178e0+0x0000000000000134]
J 1402 c1 jdk.internal.loader.BuiltinClassLoader.defineClass(Ljava/lang/String;Ljdk/internal/loader/Resource;)Ljava/lang/Class; java.base@17.0.7 (121 bytes) @ 0x000002b97a81b37c [0x000002b97a81aea0+0x00000000000004dc]
J 1382 c1 jdk.internal.loader.BuiltinClassLoader.findClassOnClassPathOrNull(Ljava/lang/String;)Ljava/lang/Class; java.base@17.0.7 (64 bytes) @ 0x000002b97a810f0c [0x000002b97a810c20+0x00000000000002ec]
J 1101 c1 jdk.internal.loader.BuiltinClassLoader.loadClassOrNull(Ljava/lang/String;Z)Ljava/lang/Class; java.base@17.0.7 (143 bytes) @ 0x000002b97a77719c [0x000002b97a776d00+0x000000000000049c]
J 1309 c1 jdk.internal.loader.ClassLoaders$AppClassLoader.loadClass(Ljava/lang/String;Z)Ljava/lang/Class; java.base@17.0.7 (40 bytes) @ 0x000002b97a7ec934 [0x000002b97a7ec800+0x0000000000000134]
J 1300 c1 java.lang.ClassLoader.loadClass(Ljava/lang/String;)Ljava/lang/Class; java.base@17.0.7 (7 bytes) @ 0x000002b97a7e507c [0x000002b97a7e5020+0x000000000000005c]
v  ~StubRoutines::call_stub
j  org.hibernate.type.WrapperBinaryType.<init>()V+4
j  org.hibernate.type.WrapperBinaryType.<clinit>()V+4
v  ~StubRoutines::call_stub
j  org.hibernate.type.BasicTypeRegistry.<init>()V+294
j  org.hibernate.type.spi.TypeConfiguration.<init>()V+74
j  org.hibernate.boot.internal.BootstrapContextImpl.<init>(Lorg/hibernate/boot/registry/StandardServiceRegistry;Lorg/hibernate/boot/spi/MetadataBuildingOptions;)V+224
j  org.hibernate.boot.internal.MetadataBuilderImpl.<init>(Lorg/hibernate/boot/MetadataSources;Lorg/hibernate/boot/registry/StandardServiceRegistry;)V+31
j  org.hibernate.boot.MetadataSources.getMetadataBuilder(Lorg/hibernate/boot/registry/StandardServiceRegistry;)Lorg/hibernate/boot/MetadataBuilder;+6
j  org.hibernate.jpa.boot.internal.EntityManagerFactoryBuilderImpl.<init>(Lorg/hibernate/jpa/boot/spi/PersistenceUnitDescriptor;Ljava/util/Map;Ljava/lang/ClassLoader;Lorg/hibernate/boot/registry/classloading/spi/ClassLoaderService;)V+197
j  org.hibernate.jpa.boot.internal.EntityManagerFactoryBuilderImpl.<init>(Lorg/hibernate/jpa/boot/spi/PersistenceUnitDescriptor;Ljava/util/Map;)V+5
j  org.springframework.orm.jpa.vendor.SpringHibernateJpaPersistenceProvider.createContainerEntityManagerFactory(Ljavax/persistence/spi/PersistenceUnitInfo;Ljava/util/Map;)Ljavax/persistence/EntityManagerFactory;+52
j  org.springframework.orm.jpa.LocalContainerEntityManagerFactoryBean.createNativeEntityManagerFactory()Ljavax/persistence/EntityManagerFactory;+129
j  org.springframework.orm.jpa.AbstractEntityManagerFactoryBean.buildNativeEntityManagerFactory()Ljavax/persistence/EntityManagerFactory;+1
j  org.springframework.orm.jpa.AbstractEntityManagerFactoryBean.afterPropertiesSet()V+194
j  org.springframework.orm.jpa.LocalContainerEntityManagerFactoryBean.afterPropertiesSet()V+77
j  org.springframework.beans.factory.support.AbstractAutowireCapableBeanFactory.invokeInitMethods(Ljava/lang/String;Ljava/lang/Object;Lorg/springframework/beans/factory/support/RootBeanDefinition;)V+106
j  org.springframework.beans.factory.support.AbstractAutowireCapableBeanFactory.initializeBean(Ljava/lang/String;Ljava/lang/Object;Lorg/springframework/beans/factory/support/RootBeanDefinition;)Ljava/lang/Object;+59
j  org.springframework.beans.factory.support.AbstractAutowireCapableBeanFactory.doCreateBean(Ljava/lang/String;Lorg/springframework/beans/factory/support/RootBeanDefinition;[Ljava/lang/Object;)Ljava/lang/Object;+245
j  org.springframework.beans.factory.support.AbstractAutowireCapableBeanFactory.createBean(Ljava/lang/String;Lorg/springframework/beans/factory/support/RootBeanDefinition;[Ljava/lang/Object;)Ljava/lang/Object;+169
j  org.springframework.beans.factory.support.AbstractBeanFactory.lambda$doGetBean$0(Ljava/lang/String;Lorg/springframework/beans/factory/support/RootBeanDefinition;[Ljava/lang/Object;)Ljava/lang/Object;+4
j  org.springframework.beans.factory.support.AbstractBeanFactory$$Lambda$400+0x00000001003b5ad0.getObject()Ljava/lang/Object;+16
j  org.springframework.beans.factory.support.DefaultSingletonBeanRegistry.getSingleton(Ljava/lang/String;Lorg/springframework/beans/factory/ObjectFactory;)Ljava/lang/Object;+132
J 3707 c1 org.springframework.beans.factory.support.AbstractBeanFactory.doGetBean(Ljava/lang/String;Ljava/lang/Class;[Ljava/lang/Object;Z)Ljava/lang/Object; (832 bytes) @ 0x000002b97ac092dc [0x000002b97ac08d20+0x00000000000005bc]
j  org.springframework.beans.factory.support.AbstractBeanFactory.getBean(Ljava/lang/String;)Ljava/lang/Object;+5
j  org.springframework.context.support.AbstractApplicationContext.getBean(Ljava/lang/String;)Ljava/lang/Object;+9
j  org.springframework.context.support.AbstractApplicationContext.finishBeanFactoryInitialization(Lorg/springframework/beans/factory/config/ConfigurableListableBeanFactory;)V+100
j  org.springframework.context.support.AbstractApplicationContext.refresh()V+86
j  org.springframework.boot.web.servlet.context.ServletWebServerApplicationContext.refresh()V+1
j  org.springframework.boot.SpringApplication.refresh(Lorg/springframework/context/ConfigurableApplicationContext;)V+1
j  org.springframework.boot.SpringApplication.refreshContext(Lorg/springframework/context/ConfigurableApplicationContext;)V+16
j  org.springframework.boot.SpringApplication.run([Ljava/lang/String;)Lorg/springframework/context/ConfigurableApplicationContext;+107
j  org.springframework.boot.SpringApplication.run([Ljava/lang/Class;[Ljava/lang/String;)Lorg/springframework/context/ConfigurableApplicationContext;+9
j  org.springframework.boot.SpringApplication.run(Ljava/lang/Class;[Ljava/lang/String;)Lorg/springframework/context/ConfigurableApplicationContext;+9
j  com.teama.minpro.teama.MiniprojectApplication.main([Ljava/lang/String;)V+3
v  ~StubRoutines::call_stub
j  jdk.internal.reflect.NativeMethodAccessorImpl.invoke0(Ljava/lang/reflect/Method;Ljava/lang/Object;[Ljava/lang/Object;)Ljava/lang/Object;+0 java.base@17.0.7
j  jdk.internal.reflect.NativeMethodAccessorImpl.invoke(Ljava/lang/Object;[Ljava/lang/Object;)Ljava/lang/Object;+133 java.base@17.0.7
j  jdk.internal.reflect.DelegatingMethodAccessorImpl.invoke(Ljava/lang/Object;[Ljava/lang/Object;)Ljava/lang/Object;+6 java.base@17.0.7
j  java.lang.reflect.Method.invoke(Ljava/lang/Object;[Ljava/lang/Object;)Ljava/lang/Object;+59 java.base@17.0.7
j  org.springframework.boot.devtools.restart.RestartLauncher.run()V+47
v  ~StubRoutines::call_stub

---------------  P R O C E S S  ---------------

Threads class SMR info:
_java_thread_list=0x000002b9085e6f40, length=30, elements={
0x000002b976cf0030, 0x000002b97f75d260, 0x000002b97f75ea00, 0x000002b97f782f60,
0x000002b97f783ae0, 0x000002b9038c4740, 0x000002b9038c6010, 0x000002b9038c6980,
0x000002b9038ecd70, 0x000002b9039cffd0, 0x000002b903a50260, 0x000002b903a50770,
0x000002b903adfd00, 0x000002b903ae2b50, 0x000002b903ae3230, 0x000002b9083eb960,
0x000002b90853d7f0, 0x000002b9084bec70, 0x000002b9085354e0, 0x000002b908ba8fb0,
0x000002b908bee0e0, 0x000002b908c00dd0, 0x000002b908c167a0, 0x000002b908c47120,
0x000002b908c79570, 0x000002b908c7b720, 0x000002b908c7c590, 0x000002b908c7bbf0,
0x000002b908c7a3e0, 0x000002b908c7a8b0
}

Java Threads: ( => current thread )
  0x000002b976cf0030 JavaThread "main" [_thread_blocked, id=12968, stack(0x000000db7bf00000,0x000000db7c000000)]
  0x000002b97f75d260 JavaThread "Reference Handler" daemon [_thread_blocked, id=2520, stack(0x000000db7c600000,0x000000db7c700000)]
  0x000002b97f75ea00 JavaThread "Finalizer" daemon [_thread_blocked, id=2932, stack(0x000000db7c700000,0x000000db7c800000)]
  0x000002b97f782f60 JavaThread "Signal Dispatcher" daemon [_thread_blocked, id=11152, stack(0x000000db7c800000,0x000000db7c900000)]
  0x000002b97f783ae0 JavaThread "Attach Listener" daemon [_thread_blocked, id=10892, stack(0x000000db7c900000,0x000000db7ca00000)]
  0x000002b9038c4740 JavaThread "Service Thread" daemon [_thread_blocked, id=11428, stack(0x000000db7ca00000,0x000000db7cb00000)]
  0x000002b9038c6010 JavaThread "Monitor Deflation Thread" daemon [_thread_blocked, id=8412, stack(0x000000db7cb00000,0x000000db7cc00000)]
  0x000002b9038c6980 JavaThread "C1 CompilerThread0" daemon [_thread_blocked, id=11924, stack(0x000000db7cc00000,0x000000db7cd00000)]
  0x000002b9038ecd70 JavaThread "Sweeper thread" daemon [_thread_blocked, id=3840, stack(0x000000db7cd00000,0x000000db7ce00000)]
  0x000002b9039cffd0 JavaThread "Common-Cleaner" daemon [_thread_blocked, id=9816, stack(0x000000db7ce00000,0x000000db7cf00000)]
  0x000002b903a50260 JavaThread "C1 CompilerThread1" daemon [_thread_blocked, id=588, stack(0x000000db7cf00000,0x000000db7d000000)]
  0x000002b903a50770 JavaThread "C1 CompilerThread2" daemon [_thread_blocked, id=12520, stack(0x000000db7d000000,0x000000db7d100000)]
  0x000002b903adfd00 JavaThread "JDWP Transport Listener: dt_socket" daemon [_thread_blocked, id=7648, stack(0x000000db7d100000,0x000000db7d200000)]
  0x000002b903ae2b50 JavaThread "JDWP Event Helper Thread" daemon [_thread_blocked, id=11712, stack(0x000000db7d200000,0x000000db7d300000)]
  0x000002b903ae3230 JavaThread "JDWP Command Reader" daemon [_thread_in_native, id=11696, stack(0x000000db7d300000,0x000000db7d400000)]
  0x000002b9083eb960 JavaThread "Notification Thread" daemon [_thread_blocked, id=10104, stack(0x000000db7d400000,0x000000db7d500000)]
  0x000002b90853d7f0 JavaThread "RMI TCP Accept-0" daemon [_thread_in_native, id=11060, stack(0x000000db7d800000,0x000000db7d900000)]
  0x000002b9084bec70 JavaThread "RMI TCP Accept-55789" daemon [_thread_in_native, id=10112, stack(0x000000db7d900000,0x000000db7da00000)]
  0x000002b9085354e0 JavaThread "RMI TCP Accept-0" daemon [_thread_in_native, id=2100, stack(0x000000db7da00000,0x000000db7db00000)]
  0x000002b908ba8fb0 JavaThread "RMI TCP Connection(1)-127.0.0.1" daemon [_thread_in_native, id=8600, stack(0x000000db7dc00000,0x000000db7dd00000)]
  0x000002b908bee0e0 JavaThread "RMI Scheduler(0)" daemon [_thread_blocked, id=3408, stack(0x000000db7dd00000,0x000000db7de00000)]
  0x000002b908c00dd0 JavaThread "RMI TCP Connection(2)-127.0.0.1" daemon [_thread_in_native, id=9688, stack(0x000000db7de00000,0x000000db7df00000)]
  0x000002b908c167a0 JavaThread "JMX server connection timeout 24" daemon [_thread_blocked, id=124, stack(0x000000db7df00000,0x000000db7e000000)]
  0x000002b908c47120 JavaThread "Thread-0" [_thread_blocked, id=7780, stack(0x000000db7e000000,0x000000db7e100000)]
=>0x000002b908c79570 JavaThread "restartedMain" [_thread_in_vm, id=4664, stack(0x000000db7e100000,0x000000db7e200000)]
  0x000002b908c7b720 JavaThread "HikariPool-1 housekeeper" daemon [_thread_blocked, id=9728, stack(0x000000db7e400000,0x000000db7e500000)]
  0x000002b908c7c590 JavaThread "HikariPool-1 connection adder" daemon [_thread_blocked, id=10680, stack(0x000000db7e500000,0x000000db7e600000)]
  0x000002b908c7bbf0 JavaThread "Catalina-utility-1" [_thread_blocked, id=2136, stack(0x000000db7e600000,0x000000db7e700000)]
  0x000002b908c7a3e0 JavaThread "Catalina-utility-2" [_thread_blocked, id=9252, stack(0x000000db7e700000,0x000000db7e800000)]
  0x000002b908c7a8b0 JavaThread "container-0" [_thread_blocked, id=2044, stack(0x000000db7e800000,0x000000db7e900000)]

Other Threads:
  0x000002b97f7367c0 VMThread "VM Thread" [stack: 0x000000db7c500000,0x000000db7c600000] [id=11456]
  0x000002b908536270 WatcherThread [stack: 0x000000db7db00000,0x000000db7dc00000] [id=3672]
  0x000002b976d3c3b0 GCTaskThread "GC Thread#0" [stack: 0x000000db7c000000,0x000000db7c100000] [id=11692]
  0x000002b9084b8390 GCTaskThread "GC Thread#1" [stack: 0x000000db7d500000,0x000000db7d600000] [id=456]
  0x000002b9084e18d0 GCTaskThread "GC Thread#2" [stack: 0x000000db7d600000,0x000000db7d700000] [id=7152]
  0x000002b9084e1b80 GCTaskThread "GC Thread#3" [stack: 0x000000db7d700000,0x000000db7d800000] [id=8776]
  0x000002b976d4ad40 ConcurrentGCThread "G1 Main Marker" [stack: 0x000000db7c100000,0x000000db7c200000] [id=10232]
  0x000002b976d4b660 ConcurrentGCThread "G1 Conc#0" [stack: 0x000000db7c200000,0x000000db7c300000] [id=1196]
  0x000002b976dabcf0 ConcurrentGCThread "G1 Refine#0" [stack: 0x000000db7c300000,0x000000db7c400000] [id=1456]
  0x000002b976dac620 ConcurrentGCThread "G1 Service" [stack: 0x000000db7c400000,0x000000db7c500000] [id=7468]

Threads with active compile tasks:

VM state: not at safepoint (normal execution)

VM Mutex/Monitor currently owned by a thread:  ([mutex/lock_event])
[0x000002b976ceb4a0] Metaspace_lock - owner thread: 0x000002b908c79570

Heap address: 0x00000000a1400000, size: 1516 MB, Compressed Oops mode: 32-bit

CDS archive(s) not mapped
Compressed class space mapped at: 0x0000000100000000-0x0000000140000000, reserved size: 1073741824
Narrow klass base: 0x0000000000000000, Narrow klass shift: 3, Narrow klass range: 0x140000000

GC Precious Log:
 CPUs: 4 total, 4 available
 Memory: 6058M
 Large Page Support: Disabled
 NUMA Support: Disabled
 Compressed Oops: Enabled (32-bit)
 Heap Region Size: 1M
 Heap Min Capacity: 8M
 Heap Initial Capacity: 96M
 Heap Max Capacity: 1516M
 Pre-touch: Disabled
 Parallel Workers: 4
 Concurrent Workers: 1
 Concurrent Refinement Workers: 4
 Periodic GC: Disabled

Heap:
 garbage-first heap   total 58368K, used 31994K [0x00000000a1400000, 0x0000000100000000)
  region size 1024K, 13 young (13312K), 3 survivors (3072K)
 Metaspace       used 50388K, committed 50688K, reserved 1114112K
  class space    used 6435K, committed 6592K, reserved 1048576K

Heap Regions: E=young(eden), S=young(survivor), O=old, HS=humongous(starts), HC=humongous(continues), CS=collection set, F=free, OA=open archive, CA=closed archive, TAMS=top-at-mark-start (previous, next)
|   0|0x00000000a1400000, 0x00000000a1500000, 0x00000000a1500000|100%|HS|  |TAMS 0x00000000a1500000, 0x00000000a1400000| Complete 
|   1|0x00000000a1500000, 0x00000000a1600000, 0x00000000a1600000|100%| O|  |TAMS 0x00000000a1600000, 0x00000000a1500000| Untracked 
|   2|0x00000000a1600000, 0x00000000a1700000, 0x00000000a1700000|100%| O|  |TAMS 0x00000000a1700000, 0x00000000a1600000| Untracked 
|   3|0x00000000a1700000, 0x00000000a1800000, 0x00000000a1800000|100%| O|  |TAMS 0x00000000a1800000, 0x00000000a1700000| Untracked 
|   4|0x00000000a1800000, 0x00000000a1900000, 0x00000000a1900000|100%| O|  |TAMS 0x00000000a1900000, 0x00000000a1800000| Untracked 
|   5|0x00000000a1900000, 0x00000000a1a00000, 0x00000000a1a00000|100%| O|  |TAMS 0x00000000a1a00000, 0x00000000a1900000| Untracked 
|   6|0x00000000a1a00000, 0x00000000a1b00000, 0x00000000a1b00000|100%| O|  |TAMS 0x00000000a1a00000, 0x00000000a1a00000| Untracked 
|   7|0x00000000a1b00000, 0x00000000a1c00000, 0x00000000a1c00000|100%| O|  |TAMS 0x00000000a1c00000, 0x00000000a1b00000| Untracked 
|   8|0x00000000a1c00000, 0x00000000a1d00000, 0x00000000a1d00000|100%| O|  |TAMS 0x00000000a1d00000, 0x00000000a1c00000| Untracked 
|   9|0x00000000a1d00000, 0x00000000a1e00000, 0x00000000a1e00000|100%| O|  |TAMS 0x00000000a1e00000, 0x00000000a1d00000| Untracked 
|  10|0x00000000a1e00000, 0x00000000a1f00000, 0x00000000a1f00000|100%| O|  |TAMS 0x00000000a1e00000, 0x00000000a1e00000| Untracked 
|  11|0x00000000a1f00000, 0x00000000a2000000, 0x00000000a2000000|100%| O|  |TAMS 0x00000000a1f00000, 0x00000000a1f00000| Untracked 
|  12|0x00000000a2000000, 0x00000000a2100000, 0x00000000a2100000|100%| O|  |TAMS 0x00000000a2000000, 0x00000000a2000000| Untracked 
|  13|0x00000000a2100000, 0x00000000a2200000, 0x00000000a2200000|100%| O|  |TAMS 0x00000000a2100000, 0x00000000a2100000| Untracked 
|  14|0x00000000a2200000, 0x00000000a2300000, 0x00000000a2300000|100%| O|  |TAMS 0x00000000a2300000, 0x00000000a2200000| Untracked 
|  15|0x00000000a2300000, 0x00000000a2400000, 0x00000000a2400000|100%| O|  |TAMS 0x00000000a23b4000, 0x00000000a2300000| Untracked 
|  16|0x00000000a2400000, 0x00000000a2500000, 0x00000000a2500000|100%| O|  |TAMS 0x00000000a2400000, 0x00000000a2400000| Untracked 
|  17|0x00000000a2500000, 0x00000000a2600000, 0x00000000a2600000|100%| O|  |TAMS 0x00000000a2500000, 0x00000000a2500000| Untracked 
|  18|0x00000000a2600000, 0x00000000a2700000, 0x00000000a2700000|100%| O|  |TAMS 0x00000000a2600000, 0x00000000a2600000| Untracked 
|  19|0x00000000a2700000, 0x00000000a27c8800, 0x00000000a2800000| 78%| O|  |TAMS 0x00000000a2700000, 0x00000000a2700000| Untracked 
|  20|0x00000000a2800000, 0x00000000a2800000, 0x00000000a2900000|  0%| F|  |TAMS 0x00000000a2800000, 0x00000000a2800000| Untracked 
|  21|0x00000000a2900000, 0x00000000a2900000, 0x00000000a2a00000|  0%| F|  |TAMS 0x00000000a2900000, 0x00000000a2900000| Untracked 
|  22|0x00000000a2a00000, 0x00000000a2a00000, 0x00000000a2b00000|  0%| F|  |TAMS 0x00000000a2a00000, 0x00000000a2a00000| Untracked 
|  23|0x00000000a2b00000, 0x00000000a2b00000, 0x00000000a2c00000|  0%| F|  |TAMS 0x00000000a2b00000, 0x00000000a2b00000| Untracked 
|  24|0x00000000a2c00000, 0x00000000a2c00000, 0x00000000a2d00000|  0%| F|  |TAMS 0x00000000a2c00000, 0x00000000a2c00000| Untracked 
|  25|0x00000000a2d00000, 0x00000000a2d00000, 0x00000000a2e00000|  0%| F|  |TAMS 0x00000000a2d00000, 0x00000000a2d00000| Untracked 
|  26|0x00000000a2e00000, 0x00000000a2e00000, 0x00000000a2f00000|  0%| F|  |TAMS 0x00000000a2e00000, 0x00000000a2e00000| Untracked 
|  27|0x00000000a2f00000, 0x00000000a2f762a0, 0x00000000a3000000| 46%| S|CS|TAMS 0x00000000a2f00000, 0x00000000a2f00000| Complete 
|  28|0x00000000a3000000, 0x00000000a3000000, 0x00000000a3100000|  0%| F|  |TAMS 0x00000000a3000000, 0x00000000a3000000| Untracked 
|  29|0x00000000a3100000, 0x00000000a3100000, 0x00000000a3200000|  0%| F|  |TAMS 0x00000000a3100000, 0x00000000a3100000| Untracked 
|  30|0x00000000a3200000, 0x00000000a3300000, 0x00000000a3300000|100%| S|CS|TAMS 0x00000000a3200000, 0x00000000a3200000| Complete 
|  31|0x00000000a3300000, 0x00000000a3400000, 0x00000000a3400000|100%| S|CS|TAMS 0x00000000a3300000, 0x00000000a3300000| Complete 
|  32|0x00000000a3400000, 0x00000000a3400000, 0x00000000a3500000|  0%| F|  |TAMS 0x00000000a3400000, 0x00000000a3400000| Untracked 
|  33|0x00000000a3500000, 0x00000000a3500000, 0x00000000a3600000|  0%| F|  |TAMS 0x00000000a3500000, 0x00000000a3500000| Untracked 
|  34|0x00000000a3600000, 0x00000000a3600000, 0x00000000a3700000|  0%| F|  |TAMS 0x00000000a3600000, 0x00000000a3600000| Untracked 
|  35|0x00000000a3700000, 0x00000000a3700000, 0x00000000a3800000|  0%| F|  |TAMS 0x00000000a3700000, 0x00000000a3700000| Untracked 
|  36|0x00000000a3800000, 0x00000000a3800000, 0x00000000a3900000|  0%| F|  |TAMS 0x00000000a3800000, 0x00000000a3800000| Untracked 
|  37|0x00000000a3900000, 0x00000000a3900000, 0x00000000a3a00000|  0%| F|  |TAMS 0x00000000a3900000, 0x00000000a3900000| Untracked 
|  38|0x00000000a3a00000, 0x00000000a3a00000, 0x00000000a3b00000|  0%| F|  |TAMS 0x00000000a3a00000, 0x00000000a3a00000| Untracked 
|  39|0x00000000a3b00000, 0x00000000a3b00000, 0x00000000a3c00000|  0%| F|  |TAMS 0x00000000a3b00000, 0x00000000a3b00000| Untracked 
|  40|0x00000000a3c00000, 0x00000000a3c00000, 0x00000000a3d00000|  0%| F|  |TAMS 0x00000000a3c00000, 0x00000000a3c00000| Untracked 
|  41|0x00000000a3d00000, 0x00000000a3d00000, 0x00000000a3e00000|  0%| F|  |TAMS 0x00000000a3d00000, 0x00000000a3d00000| Untracked 
|  42|0x00000000a3e00000, 0x00000000a3e00000, 0x00000000a3f00000|  0%| F|  |TAMS 0x00000000a3e00000, 0x00000000a3e00000| Untracked 
|  43|0x00000000a3f00000, 0x00000000a3f00000, 0x00000000a4000000|  0%| F|  |TAMS 0x00000000a3f00000, 0x00000000a3f00000| Untracked 
|  44|0x00000000a4000000, 0x00000000a4000000, 0x00000000a4100000|  0%| F|  |TAMS 0x00000000a4000000, 0x00000000a4000000| Untracked 
|  45|0x00000000a4100000, 0x00000000a4100000, 0x00000000a4200000|  0%| F|  |TAMS 0x00000000a4100000, 0x00000000a4100000| Untracked 
|  46|0x00000000a4200000, 0x00000000a4200000, 0x00000000a4300000|  0%| F|  |TAMS 0x00000000a4200000, 0x00000000a4200000| Untracked 
|  47|0x00000000a4300000, 0x00000000a43753b8, 0x00000000a4400000| 45%| E|  |TAMS 0x00000000a4300000, 0x00000000a4300000| Complete 
|  48|0x00000000a4400000, 0x00000000a4500000, 0x00000000a4500000|100%| E|CS|TAMS 0x00000000a4400000, 0x00000000a4400000| Complete 
|  49|0x00000000a4500000, 0x00000000a4600000, 0x00000000a4600000|100%| E|CS|TAMS 0x00000000a4500000, 0x00000000a4500000| Complete 
|  50|0x00000000a4600000, 0x00000000a4700000, 0x00000000a4700000|100%| E|CS|TAMS 0x00000000a4600000, 0x00000000a4600000| Complete 
|  51|0x00000000a4700000, 0x00000000a4800000, 0x00000000a4800000|100%| E|CS|TAMS 0x00000000a4700000, 0x00000000a4700000| Complete 
|  52|0x00000000a4800000, 0x00000000a4900000, 0x00000000a4900000|100%| E|CS|TAMS 0x00000000a4800000, 0x00000000a4800000| Complete 
|  68|0x00000000a5800000, 0x00000000a5900000, 0x00000000a5900000|100%| E|CS|TAMS 0x00000000a5800000, 0x00000000a5800000| Complete 
|  69|0x00000000a5900000, 0x00000000a5a00000, 0x00000000a5a00000|100%| E|CS|TAMS 0x00000000a5900000, 0x00000000a5900000| Complete 
|  70|0x00000000a5a00000, 0x00000000a5b00000, 0x00000000a5b00000|100%| E|CS|TAMS 0x00000000a5a00000, 0x00000000a5a00000| Complete 
|  95|0x00000000a7300000, 0x00000000a7400000, 0x00000000a7400000|100%| E|CS|TAMS 0x00000000a7300000, 0x00000000a7300000| Complete 

Card table byte_map: [0x000002b97d3a0000,0x000002b97d6a0000] _byte_map_base: 0x000002b97ce96000

Marking Bits (Prev, Next): (CMBitMap*) 0x000002b976d3d8e0, (CMBitMap*) 0x000002b976d3d920
 Prev Bits: [0x000002b97d9a0000, 0x000002b97f150000)
 Next Bits: [0x000002b900000000, 0x000002b9017b0000)

Polling page: 0x000002b974c50000

Metaspace:

Usage:
  Non-class:     42.92 MB used.
      Class:      6.28 MB used.
       Both:     49.21 MB used.

Virtual space:
  Non-class space:       64.00 MB reserved,      43.06 MB ( 67%) committed,  1 nodes.
      Class space:        1.00 GB reserved,       6.44 MB ( <1%) committed,  1 nodes.
             Both:        1.06 GB reserved,      49.50 MB (  5%) committed. 

Chunk freelists:
   Non-Class:  4.92 MB
       Class:  9.38 MB
        Both:  14.30 MB

MaxMetaspaceSize: unlimited
CompressedClassSpaceSize: 1.00 GB
Initial GC threshold: 21.00 MB
Current GC threshold: 58.88 MB
CDS: off
MetaspaceReclaimPolicy: balanced
 - commit_granule_bytes: 65536.
 - commit_granule_words: 8192.
 - virtual_space_node_default_size: 8388608.
 - enlarge_chunks_in_place: 1.
 - new_chunks_are_fully_committed: 0.
 - uncommit_free_chunks: 1.
 - use_allocation_guard: 0.
 - handle_deallocations: 1.


Internal statistics:

num_allocs_failed_limit: 6.
num_arena_births: 396.
num_arena_deaths: 0.
num_vsnodes_births: 2.
num_vsnodes_deaths: 0.
num_space_committed: 792.
num_space_uncommitted: 0.
num_chunks_returned_to_freelist: 6.
num_chunks_taken_from_freelist: 1839.
num_chunk_merges: 6.
num_chunk_splits: 1296.
num_chunks_enlarged: 1008.
num_inconsistent_stats: 0.

CodeCache: size=49152Kb used=9988Kb max_used=9988Kb free=39163Kb
 bounds [0x000002b97a3a0000, 0x000002b97ad70000, 0x000002b97d3a0000]
 total_blobs=4987 nmethods=4459 adapters=453
 compilation: enabled
              stopped_count=0, restarted_count=0
 full_count=0

Compilation events (20 events):
Event: 10.155 Thread 0x000002b9038c6980 nmethod 4448 0x000002b97ad5c490 code [0x000002b97ad5c660, 0x000002b97ad5c8d8]
Event: 10.155 Thread 0x000002b903a50260 4451       1       org.postgresql.core.AsciiStringInterner$TempKey::<init> (22 bytes)
Event: 10.155 Thread 0x000002b903a50770 nmethod 4450 0x000002b97ad5cb10 code [0x000002b97ad5cce0, 0x000002b97ad5cf98]
Event: 10.155 Thread 0x000002b9038c6980 4452       1       org.postgresql.core.AsciiStringInterner::getStringIfPresent (100 bytes)
Event: 10.155 Thread 0x000002b903a50260 nmethod 4451 0x000002b97ad5d190 code [0x000002b97ad5d320, 0x000002b97ad5d438]
Event: 10.156 Thread 0x000002b903a50770 4453       1       java.util.stream.IntPipeline$StatelessOp::opIsStateful (2 bytes)
Event: 10.156 Thread 0x000002b903a50770 nmethod 4453 0x000002b97ad5d510 code [0x000002b97ad5d6a0, 0x000002b97ad5d778]
Event: 10.156 Thread 0x000002b9038c6980 nmethod 4452 0x000002b97ad5d810 code [0x000002b97ad5da40, 0x000002b97ad5e158]
Event: 10.157 Thread 0x000002b9038c6980 4454       1       org.postgresql.core.PGStream::sendInteger4 (53 bytes)
Event: 10.158 Thread 0x000002b9038c6980 nmethod 4454 0x000002b97ad5e610 code [0x000002b97ad5e7a0, 0x000002b97ad5e8e8]
Event: 10.159 Thread 0x000002b903a50260 4455  s    1       org.postgresql.jdbc.TypeInfoCache::addCoreType (289 bytes)
Event: 10.161 Thread 0x000002b903a50260 nmethod 4455 0x000002b97ad5ea10 code [0x000002b97ad5ed40, 0x000002b97ad5f8e8]
Event: 10.245 Thread 0x000002b903a50260 4456       1       java.util.regex.Matcher::groupCount (10 bytes)
Event: 10.245 Thread 0x000002b903a50770 4457       1       java.lang.ThreadLocal::set (30 bytes)
Event: 10.245 Thread 0x000002b903a50260 nmethod 4456 0x000002b97ad5fe90 code [0x000002b97ad60020, 0x000002b97ad600f8]
Event: 10.245 Thread 0x000002b903a50770 nmethod 4457 0x000002b97ad60190 code [0x000002b97ad60340, 0x000002b97ad60578]
Event: 10.303 Thread 0x000002b903a50260 4458       1       org.eclipse.jdt.launching.internal.org.objectweb.asm.ClassVisitor::visitOuterClass (18 bytes)
Event: 10.303 Thread 0x000002b903a50770 4459       1       org.eclipse.jdt.launching.internal.org.objectweb.asm.ClassWriter::visitOuterClass (37 bytes)
Event: 10.303 Thread 0x000002b903a50260 nmethod 4458 0x000002b97ad60710 code [0x000002b97ad608a0, 0x000002b97ad609c8]
Event: 10.303 Thread 0x000002b903a50770 nmethod 4459 0x000002b97ad60a90 code [0x000002b97ad60c40, 0x000002b97ad60db8]

GC Heap History (20 events):
Event: 4.369 GC heap before
{Heap before GC invocations=9 (full 0):
 garbage-first heap   total 81920K, used 58200K [0x00000000a1400000, 0x0000000100000000)
  region size 1024K, 48 young (49152K), 3 survivors (3072K)
 Metaspace       used 33042K, committed 33344K, reserved 1114112K
  class space    used 3963K, committed 4096K, reserved 1048576K
}
Event: 4.375 GC heap after
{Heap after GC invocations=10 (full 0):
 garbage-first heap   total 81920K, used 14046K [0x00000000a1400000, 0x0000000100000000)
  region size 1024K, 4 young (4096K), 4 survivors (4096K)
 Metaspace       used 33042K, committed 33344K, reserved 1114112K
  class space    used 3963K, committed 4096K, reserved 1048576K
}
Event: 5.506 GC heap before
{Heap before GC invocations=10 (full 0):
 garbage-first heap   total 81920K, used 58078K [0x00000000a1400000, 0x0000000100000000)
  region size 1024K, 48 young (49152K), 4 survivors (4096K)
 Metaspace       used 35260K, committed 35584K, reserved 1114112K
  class space    used 4272K, committed 4416K, reserved 1048576K
}
Event: 5.518 GC heap after
{Heap after GC invocations=11 (full 0):
 garbage-first heap   total 81920K, used 15863K [0x00000000a1400000, 0x0000000100000000)
  region size 1024K, 5 young (5120K), 5 survivors (5120K)
 Metaspace       used 35260K, committed 35584K, reserved 1114112K
  class space    used 4272K, committed 4416K, reserved 1048576K
}
Event: 5.664 GC heap before
{Heap before GC invocations=11 (full 0):
 garbage-first heap   total 81920K, used 24055K [0x00000000a1400000, 0x0000000100000000)
  region size 1024K, 14 young (14336K), 5 survivors (5120K)
 Metaspace       used 35803K, committed 36096K, reserved 1114112K
  class space    used 4343K, committed 4480K, reserved 1048576K
}
Event: 5.675 GC heap after
{Heap after GC invocations=12 (full 0):
 garbage-first heap   total 98304K, used 16050K [0x00000000a1400000, 0x0000000100000000)
  region size 1024K, 3 young (3072K), 3 survivors (3072K)
 Metaspace       used 35803K, committed 36096K, reserved 1114112K
  class space    used 4343K, committed 4480K, reserved 1048576K
}
Event: 6.586 GC heap before
{Heap before GC invocations=13 (full 0):
 garbage-first heap   total 58368K, used 47794K [0x00000000a1400000, 0x0000000100000000)
  region size 1024K, 34 young (34816K), 3 survivors (3072K)
 Metaspace       used 37654K, committed 38016K, reserved 1114112K
  class space    used 4633K, committed 4800K, reserved 1048576K
}
Event: 6.594 GC heap after
{Heap after GC invocations=14 (full 0):
 garbage-first heap   total 58368K, used 17219K [0x00000000a1400000, 0x0000000100000000)
  region size 1024K, 4 young (4096K), 4 survivors (4096K)
 Metaspace       used 37654K, committed 38016K, reserved 1114112K
  class space    used 4633K, committed 4800K, reserved 1048576K
}
Event: 6.619 GC heap before
{Heap before GC invocations=14 (full 0):
 garbage-first heap   total 58368K, used 18243K [0x00000000a1400000, 0x0000000100000000)
  region size 1024K, 5 young (5120K), 4 survivors (4096K)
 Metaspace       used 37776K, committed 38080K, reserved 1114112K
  class space    used 4644K, committed 4800K, reserved 1048576K
}
Event: 6.627 GC heap after
{Heap after GC invocations=15 (full 0):
 garbage-first heap   total 58368K, used 17519K [0x00000000a1400000, 0x0000000100000000)
  region size 1024K, 1 young (1024K), 1 survivors (1024K)
 Metaspace       used 37776K, committed 38080K, reserved 1114112K
  class space    used 4644K, committed 4800K, reserved 1048576K
}
Event: 7.502 GC heap before
{Heap before GC invocations=15 (full 0):
 garbage-first heap   total 58368K, used 47215K [0x00000000a1400000, 0x0000000100000000)
  region size 1024K, 30 young (30720K), 1 survivors (1024K)
 Metaspace       used 40121K, committed 40448K, reserved 1114112K
  class space    used 5005K, committed 5120K, reserved 1048576K
}
Event: 7.510 GC heap after
{Heap after GC invocations=16 (full 0):
 garbage-first heap   total 58368K, used 18856K [0x00000000a1400000, 0x0000000100000000)
  region size 1024K, 2 young (2048K), 2 survivors (2048K)
 Metaspace       used 40121K, committed 40448K, reserved 1114112K
  class space    used 5005K, committed 5120K, reserved 1048576K
}
Event: 8.363 GC heap before
{Heap before GC invocations=16 (full 0):
 garbage-first heap   total 58368K, used 45480K [0x00000000a1400000, 0x0000000100000000)
  region size 1024K, 29 young (29696K), 2 survivors (2048K)
 Metaspace       used 42425K, committed 42752K, reserved 1114112K
  class space    used 5304K, committed 5440K, reserved 1048576K
}
Event: 8.372 GC heap after
{Heap after GC invocations=17 (full 0):
 garbage-first heap   total 58368K, used 20303K [0x00000000a1400000, 0x0000000100000000)
  region size 1024K, 4 young (4096K), 4 survivors (4096K)
 Metaspace       used 42425K, committed 42752K, reserved 1114112K
  class space    used 5304K, committed 5440K, reserved 1048576K
}
Event: 8.936 GC heap before
{Heap before GC invocations=17 (full 0):
 garbage-first heap   total 58368K, used 45903K [0x00000000a1400000, 0x0000000100000000)
  region size 1024K, 29 young (29696K), 4 survivors (4096K)
 Metaspace       used 44784K, committed 45120K, reserved 1114112K
  class space    used 5582K, committed 5760K, reserved 1048576K
}
Event: 8.944 GC heap after
{Heap after GC invocations=18 (full 0):
 garbage-first heap   total 58368K, used 21324K [0x00000000a1400000, 0x0000000100000000)
  region size 1024K, 3 young (3072K), 3 survivors (3072K)
 Metaspace       used 44784K, committed 45120K, reserved 1114112K
  class space    used 5582K, committed 5760K, reserved 1048576K
}
Event: 9.693 GC heap before
{Heap before GC invocations=18 (full 0):
 garbage-first heap   total 58368K, used 45900K [0x00000000a1400000, 0x0000000100000000)
  region size 1024K, 28 young (28672K), 3 survivors (3072K)
 Metaspace       used 47201K, committed 47552K, reserved 1114112K
  class space    used 5848K, committed 6016K, reserved 1048576K
}
Event: 9.699 GC heap after
{Heap after GC invocations=19 (full 0):
 garbage-first heap   total 58368K, used 22262K [0x00000000a1400000, 0x0000000100000000)
  region size 1024K, 2 young (2048K), 2 survivors (2048K)
 Metaspace       used 47201K, committed 47552K, reserved 1114112K
  class space    used 5848K, committed 6016K, reserved 1048576K
}
Event: 10.209 GC heap before
{Heap before GC invocations=19 (full 0):
 garbage-first heap   total 58368K, used 47862K [0x00000000a1400000, 0x0000000100000000)
  region size 1024K, 27 young (27648K), 2 survivors (2048K)
 Metaspace       used 49381K, committed 49728K, reserved 1114112K
  class space    used 6217K, committed 6400K, reserved 1048576K
}
Event: 10.214 GC heap after
{Heap after GC invocations=20 (full 0):
 garbage-first heap   total 58368K, used 22778K [0x00000000a1400000, 0x0000000100000000)
  region size 1024K, 3 young (3072K), 3 survivors (3072K)
 Metaspace       used 49381K, committed 49728K, reserved 1114112K
  class space    used 6217K, committed 6400K, reserved 1048576K
}

Dll operation events (11 events):
Event: 0.082 Loaded shared library C:\Program Files (x86)\sts-4.19.1.RELEASE\plugins\org.eclipse.justj.openjdk.hotspot.jre.full.win32.x86_64_17.0.7.v20230425-1502\jre\bin\java.dll
Event: 0.696 Loaded shared library C:\Program Files (x86)\sts-4.19.1.RELEASE\plugins\org.eclipse.justj.openjdk.hotspot.jre.full.win32.x86_64_17.0.7.v20230425-1502\jre\bin\zip.dll
Event: 0.703 Loaded shared library C:\Program Files (x86)\sts-4.19.1.RELEASE\plugins\org.eclipse.justj.openjdk.hotspot.jre.full.win32.x86_64_17.0.7.v20230425-1502\jre\bin\instrument.dll
Event: 0.731 Loaded shared library C:\Program Files (x86)\sts-4.19.1.RELEASE\plugins\org.eclipse.justj.openjdk.hotspot.jre.full.win32.x86_64_17.0.7.v20230425-1502\jre\bin\net.dll
Event: 0.733 Loaded shared library C:\Program Files (x86)\sts-4.19.1.RELEASE\plugins\org.eclipse.justj.openjdk.hotspot.jre.full.win32.x86_64_17.0.7.v20230425-1502\jre\bin\nio.dll
Event: 0.745 Loaded shared library C:\Program Files (x86)\sts-4.19.1.RELEASE\plugins\org.eclipse.justj.openjdk.hotspot.jre.full.win32.x86_64_17.0.7.v20230425-1502\jre\bin\zip.dll
Event: 0.991 Loaded shared library C:\Program Files (x86)\sts-4.19.1.RELEASE\plugins\org.eclipse.justj.openjdk.hotspot.jre.full.win32.x86_64_17.0.7.v20230425-1502\jre\bin\jimage.dll
Event: 1.091 Loaded shared library C:\Program Files (x86)\sts-4.19.1.RELEASE\plugins\org.eclipse.justj.openjdk.hotspot.jre.full.win32.x86_64_17.0.7.v20230425-1502\jre\bin\management.dll
Event: 1.113 Loaded shared library C:\Program Files (x86)\sts-4.19.1.RELEASE\plugins\org.eclipse.justj.openjdk.hotspot.jre.full.win32.x86_64_17.0.7.v20230425-1502\jre\bin\management_ext.dll
Event: 1.576 Loaded shared library C:\Program Files (x86)\sts-4.19.1.RELEASE\plugins\org.eclipse.justj.openjdk.hotspot.jre.full.win32.x86_64_17.0.7.v20230425-1502\jre\bin\verify.dll
Event: 8.231 Loaded shared library C:\Program Files (x86)\sts-4.19.1.RELEASE\plugins\org.eclipse.justj.openjdk.hotspot.jre.full.win32.x86_64_17.0.7.v20230425-1502\jre\bin\sunmscapi.dll

Deoptimization events (20 events):
Event: 10.321 Thread 0x000002b908c79570 DEOPT PACKING pc=0x000002b97a782b54 sp=0x000000db7e1fcf10
Event: 10.321 Thread 0x000002b908c79570 DEOPT UNPACKING pc=0x000002b97a3f7143 sp=0x000000db7e1fc400 mode 1
Event: 10.321 Thread 0x000002b908c79570 DEOPT PACKING pc=0x000002b97a7ec9d4 sp=0x000000db7e1fc450
Event: 10.321 Thread 0x000002b908c79570 DEOPT UNPACKING pc=0x000002b97a3f7143 sp=0x000000db7e1fb8e8 mode 1
Event: 10.321 Thread 0x000002b908c79570 DEOPT PACKING pc=0x000002b97a7e507c sp=0x000000db7e1fc520
Event: 10.321 Thread 0x000002b908c79570 DEOPT UNPACKING pc=0x000002b97a3f7143 sp=0x000000db7e1fb9d8 mode 1
Event: 10.321 Thread 0x000002b908c79570 DEOPT PACKING pc=0x000002b97a782b54 sp=0x000000db7e1fcf10
Event: 10.321 Thread 0x000002b908c79570 DEOPT UNPACKING pc=0x000002b97a3f7143 sp=0x000000db7e1fc400 mode 1
Event: 10.374 Thread 0x000002b908c79570 DEOPT PACKING pc=0x000002b97a7ec9d4 sp=0x000000db7e1fbff0
Event: 10.374 Thread 0x000002b908c79570 DEOPT UNPACKING pc=0x000002b97a3f7143 sp=0x000000db7e1fb488 mode 1
Event: 10.374 Thread 0x000002b908c79570 DEOPT PACKING pc=0x000002b97a7e507c sp=0x000000db7e1fc0c0
Event: 10.374 Thread 0x000002b908c79570 DEOPT UNPACKING pc=0x000002b97a3f7143 sp=0x000000db7e1fb578 mode 1
Event: 10.374 Thread 0x000002b908c79570 DEOPT PACKING pc=0x000002b97a782b54 sp=0x000000db7e1fcab0
Event: 10.374 Thread 0x000002b908c79570 DEOPT UNPACKING pc=0x000002b97a3f7143 sp=0x000000db7e1fbfa0 mode 1
Event: 10.374 Thread 0x000002b908c79570 DEOPT PACKING pc=0x000002b97a7ec9d4 sp=0x000000db7e1fbff0
Event: 10.374 Thread 0x000002b908c79570 DEOPT UNPACKING pc=0x000002b97a3f7143 sp=0x000000db7e1fb488 mode 1
Event: 10.374 Thread 0x000002b908c79570 DEOPT PACKING pc=0x000002b97a7e507c sp=0x000000db7e1fc0c0
Event: 10.374 Thread 0x000002b908c79570 DEOPT UNPACKING pc=0x000002b97a3f7143 sp=0x000000db7e1fb578 mode 1
Event: 10.374 Thread 0x000002b908c79570 DEOPT PACKING pc=0x000002b97a782b54 sp=0x000000db7e1fcab0
Event: 10.374 Thread 0x000002b908c79570 DEOPT UNPACKING pc=0x000002b97a3f7143 sp=0x000000db7e1fbfa0 mode 1

Classes unloaded (0 events):
No events

Classes redefined (0 events):
No events

Internal exceptions (20 events):
Event: 7.111 Thread 0x000002b908c79570 Exception <a 'java/lang/NoSuchMethodError'{0x00000000a370ea28}: 'java.lang.Object java.lang.invoke.DirectMethodHandle$Holder.invokeSpecialIFC(java.lang.Object, java.lang.Object, java.lang.Object)'> (0x00000000a370ea28) 
thrown [s\src\hotspot\share\interpreter\linkResolver.cpp, line 759]
Event: 7.394 Thread 0x000002b908c00dd0 Exception <a 'java/lang/reflect/InvocationTargetException'{0x00000000a31f5b48}> (0x00000000a31f5b48) 
thrown [s\src\hotspot\share\runtime\reflection.cpp, line 1121]
Event: 7.517 Thread 0x000002b908c79570 Exception <a 'java/lang/NoSuchMethodError'{0x00000000a7332e20}: 'void java.lang.invoke.DirectMethodHandle$Holder.invokeInterface(java.lang.Object, java.lang.Object, int)'> (0x00000000a7332e20) 
thrown [s\src\hotspot\share\interpreter\linkResolver.cpp, line 759]
Event: 7.525 Thread 0x000002b908c79570 Exception <a 'java/lang/IncompatibleClassChangeError'{0x00000000a7382988}: Found class java.lang.Object, but interface was expected> (0x00000000a7382988) 
thrown [s\src\hotspot\share\interpreter\linkResolver.cpp, line 826]
Event: 7.526 Thread 0x000002b908c79570 Exception <a 'java/lang/NoSuchMethodError'{0x00000000a7387b40}: 'void java.lang.invoke.DirectMethodHandle$Holder.invokeStatic(java.lang.Object, int, java.lang.Object)'> (0x00000000a7387b40) 
thrown [s\src\hotspot\share\interpreter\linkResolver.cpp, line 759]
Event: 7.532 Thread 0x000002b908c79570 Exception <a 'java/lang/NoSuchMethodError'{0x00000000a73b7218}: 'int java.lang.invoke.DirectMethodHandle$Holder.invokeSpecial(java.lang.Object, java.lang.Object, int)'> (0x00000000a73b7218) 
thrown [s\src\hotspot\share\interpreter\linkResolver.cpp, line 759]
Event: 7.900 Thread 0x000002b908c00dd0 Exception <a 'java/lang/reflect/InvocationTargetException'{0x00000000a48f67b8}> (0x00000000a48f67b8) 
thrown [s\src\hotspot\share\runtime\reflection.cpp, line 1121]
Event: 8.309 Thread 0x000002b908c79570 Exception <a 'sun/nio/fs/WindowsException'{0x00000000a34c08c8}> (0x00000000a34c08c8) 
thrown [s\src\hotspot\share\prims\jni.cpp, line 516]
Event: 8.310 Thread 0x000002b908c79570 Exception <a 'sun/nio/fs/WindowsException'{0x00000000a34c64f0}> (0x00000000a34c64f0) 
thrown [s\src\hotspot\share\prims\jni.cpp, line 516]
Event: 8.311 Thread 0x000002b908c79570 Exception <a 'sun/nio/fs/WindowsException'{0x00000000a34c6bc8}> (0x00000000a34c6bc8) 
thrown [s\src\hotspot\share\prims\jni.cpp, line 516]
Event: 8.404 Thread 0x000002b908c00dd0 Exception <a 'java/lang/reflect/InvocationTargetException'{0x00000000a5a784b0}> (0x00000000a5a784b0) 
thrown [s\src\hotspot\share\runtime\reflection.cpp, line 1121]
Event: 8.504 Thread 0x000002b908c79570 Exception <a 'java/io/FileNotFoundException'{0x00000000a4613bc0}> (0x00000000a4613bc0) 
thrown [s\src\hotspot\share\prims\jni.cpp, line 516]
Event: 8.532 Thread 0x000002b908c79570 Exception <a 'java/lang/NoSuchMethodError'{0x00000000a45e3270}: 'int java.lang.invoke.DirectMethodHandle$Holder.invokeInterface(java.lang.Object, java.lang.Object, java.lang.Object, java.lang.Object)'> (0x00000000a45e3270) 
thrown [s\src\hotspot\share\interpreter\linkResolver.cpp, line 759]
Event: 8.816 Thread 0x000002b908c79570 Exception <a 'sun/nio/fs/WindowsException'{0x00000000a3851cc0}> (0x00000000a3851cc0) 
thrown [s\src\hotspot\share\prims\jni.cpp, line 516]
Event: 8.959 Thread 0x000002b908c00dd0 Exception <a 'java/lang/reflect/InvocationTargetException'{0x00000000a5a7ba40}> (0x00000000a5a7ba40) 
thrown [s\src\hotspot\share\runtime\reflection.cpp, line 1121]
Event: 9.010 Thread 0x000002b908c79570 Exception <a 'java/lang/NoSuchMethodError'{0x00000000a48385e0}: 'java.lang.Object java.lang.invoke.DirectMethodHandle$Holder.invokeStaticInit(java.lang.Object, java.lang.Object, java.lang.Object, java.lang.Object)'> (0x00000000a48385e0) 
thrown [s\src\hotspot\share\interpreter\linkResolver.cpp, line 759]
Event: 9.197 Thread 0x000002b908c79570 Exception <a 'java/lang/NoSuchMethodError'{0x00000000a4450be8}: 'long java.lang.invoke.DirectMethodHandle$Holder.invokeVirtual(java.lang.Object, java.lang.Object)'> (0x00000000a4450be8) 
thrown [s\src\hotspot\share\interpreter\linkResolver.cpp, line 759]
Event: 9.216 Thread 0x000002b908c79570 Exception <a 'java/io/FileNotFoundException'{0x00000000a44c7160}> (0x00000000a44c7160) 
thrown [s\src\hotspot\share\prims\jni.cpp, line 516]
Event: 9.513 Thread 0x000002b908c00dd0 Exception <a 'java/lang/reflect/InvocationTargetException'{0x00000000a3c7cc28}> (0x00000000a3c7cc28) 
thrown [s\src\hotspot\share\runtime\reflection.cpp, line 1121]
Event: 10.019 Thread 0x000002b908c00dd0 Exception <a 'java/lang/reflect/InvocationTargetException'{0x00000000a3d81a78}> (0x00000000a3d81a78) 
thrown [s\src\hotspot\share\runtime\reflection.cpp, line 1121]

VM Operations (20 events):
Event: 8.655 Executing VM operation: HandshakeAllThreads
Event: 8.655 Executing VM operation: HandshakeAllThreads done
Event: 8.819 Executing VM operation: HandshakeAllThreads
Event: 8.819 Executing VM operation: HandshakeAllThreads done
Event: 8.827 Executing VM operation: HandshakeAllThreads
Event: 8.827 Executing VM operation: HandshakeAllThreads done
Event: 8.935 Executing VM operation: G1CollectForAllocation
Event: 8.944 Executing VM operation: G1CollectForAllocation done
Event: 9.051 Executing VM operation: HandshakeAllThreads
Event: 9.051 Executing VM operation: HandshakeAllThreads done
Event: 9.053 Executing VM operation: HandshakeAllThreads
Event: 9.053 Executing VM operation: HandshakeAllThreads done
Event: 9.226 Executing VM operation: HandshakeAllThreads
Event: 9.226 Executing VM operation: HandshakeAllThreads done
Event: 9.348 Executing VM operation: HandshakeAllThreads
Event: 9.351 Executing VM operation: HandshakeAllThreads done
Event: 9.693 Executing VM operation: G1CollectForAllocation
Event: 9.699 Executing VM operation: G1CollectForAllocation done
Event: 10.209 Executing VM operation: G1CollectForAllocation
Event: 10.214 Executing VM operation: G1CollectForAllocation done

Events (20 events):
Event: 9.919 loading class java/io/Console
Event: 9.920 loading class java/io/Console done
Event: 10.272 loading class java/util/UUID$Holder
Event: 10.272 loading class java/util/UUID$Holder done
Event: 10.363 loading class java/time/temporal/TemporalQueries
Event: 10.363 loading class java/time/temporal/TemporalQueries done
Event: 10.363 loading class java/time/temporal/TemporalQueries$1
Event: 10.364 loading class java/time/temporal/TemporalQueries$1 done
Event: 10.364 loading class java/time/temporal/TemporalQueries$2
Event: 10.364 loading class java/time/temporal/TemporalQueries$2 done
Event: 10.364 loading class java/time/temporal/TemporalQueries$3
Event: 10.364 loading class java/time/temporal/TemporalQueries$3 done
Event: 10.364 loading class java/time/temporal/TemporalQueries$4
Event: 10.364 loading class java/time/temporal/TemporalQueries$4 done
Event: 10.364 loading class java/time/temporal/TemporalQueries$5
Event: 10.364 loading class java/time/temporal/TemporalQueries$5 done
Event: 10.364 loading class java/time/temporal/TemporalQueries$6
Event: 10.364 loading class java/time/temporal/TemporalQueries$6 done
Event: 10.364 loading class java/time/temporal/TemporalQueries$7
Event: 10.365 loading class java/time/temporal/TemporalQueries$7 done


Dynamic libraries:
0x00007ff7a93a0000 - 0x00007ff7a93ae000 	C:\Program Files (x86)\sts-4.19.1.RELEASE\plugins\org.eclipse.justj.openjdk.hotspot.jre.full.win32.x86_64_17.0.7.v20230425-1502\jre\bin\javaw.exe
0x00007ff8d9450000 - 0x00007ff8d9648000 	C:\Windows\SYSTEM32\ntdll.dll
0x00007ff8b21c0000 - 0x00007ff8b21d9000 	C:\Program Files\Avast Software\Avast\aswhook.dll
0x00007ff8d8340000 - 0x00007ff8d83ff000 	C:\Windows\System32\KERNEL32.DLL
0x00007ff8d6f00000 - 0x00007ff8d71d2000 	C:\Windows\System32\KERNELBASE.dll
0x00007ff8d6e00000 - 0x00007ff8d6f00000 	C:\Windows\System32\ucrtbase.dll
0x00007ff89f870000 - 0x00007ff89f887000 	C:\Program Files (x86)\sts-4.19.1.RELEASE\plugins\org.eclipse.justj.openjdk.hotspot.jre.full.win32.x86_64_17.0.7.v20230425-1502\jre\bin\jli.dll
0x00007ff8d8110000 - 0x00007ff8d82b1000 	C:\Windows\System32\USER32.dll
0x00007ff8d6d80000 - 0x00007ff8d6da2000 	C:\Windows\System32\win32u.dll
0x00007ff8d8910000 - 0x00007ff8d893b000 	C:\Windows\System32\GDI32.dll
0x00007ff8d71e0000 - 0x00007ff8d72ef000 	C:\Windows\System32\gdi32full.dll
0x00007ff8d73f0000 - 0x00007ff8d748d000 	C:\Windows\System32\msvcp_win.dll
0x00007ff898e30000 - 0x00007ff898e49000 	C:\Program Files (x86)\sts-4.19.1.RELEASE\plugins\org.eclipse.justj.openjdk.hotspot.jre.full.win32.x86_64_17.0.7.v20230425-1502\jre\bin\VCRUNTIME140.dll
0x00007ff8c23c0000 - 0x00007ff8c265a000 	C:\Windows\WinSxS\amd64_microsoft.windows.common-controls_6595b64144ccf1df_6.0.19041.1110_none_60b5254171f9507e\COMCTL32.dll
0x00007ff8d8940000 - 0x00007ff8d89de000 	C:\Windows\System32\msvcrt.dll
0x00007ff8d75b0000 - 0x00007ff8d75e2000 	C:\Windows\System32\IMM32.DLL
0x00007ff8c7e90000 - 0x00007ff8c7e9c000 	C:\Program Files (x86)\sts-4.19.1.RELEASE\plugins\org.eclipse.justj.openjdk.hotspot.jre.full.win32.x86_64_17.0.7.v20230425-1502\jre\bin\vcruntime140_1.dll
0x00007ff898d90000 - 0x00007ff898e21000 	C:\Program Files (x86)\sts-4.19.1.RELEASE\plugins\org.eclipse.justj.openjdk.hotspot.jre.full.win32.x86_64_17.0.7.v20230425-1502\jre\bin\msvcp140.dll
0x00007ff89cd00000 - 0x00007ff89d948000 	C:\Program Files (x86)\sts-4.19.1.RELEASE\plugins\org.eclipse.justj.openjdk.hotspot.jre.full.win32.x86_64_17.0.7.v20230425-1502\jre\bin\server\jvm.dll
0x00007ff8d89f0000 - 0x00007ff8d8a9e000 	C:\Windows\System32\ADVAPI32.dll
0x00007ff8d7db0000 - 0x00007ff8d7e4c000 	C:\Windows\System32\sechost.dll
0x00007ff8d7f80000 - 0x00007ff8d80a5000 	C:\Windows\System32\RPCRT4.dll
0x00007ff8c1470000 - 0x00007ff8c1479000 	C:\Windows\SYSTEM32\WSOCK32.dll
0x00007ff8d82c0000 - 0x00007ff8d832b000 	C:\Windows\System32\WS2_32.dll
0x00007ff8cca10000 - 0x00007ff8cca37000 	C:\Windows\SYSTEM32\WINMM.dll
0x00007ff8d03e0000 - 0x00007ff8d03ea000 	C:\Windows\SYSTEM32\VERSION.dll
0x00007ff8d49c0000 - 0x00007ff8d49d2000 	C:\Windows\SYSTEM32\kernel.appcore.dll
0x00007ff8c1af0000 - 0x00007ff8c1afa000 	C:\Program Files (x86)\sts-4.19.1.RELEASE\plugins\org.eclipse.justj.openjdk.hotspot.jre.full.win32.x86_64_17.0.7.v20230425-1502\jre\bin\jimage.dll
0x00007ff8c2fd0000 - 0x00007ff8c31b4000 	C:\Windows\SYSTEM32\DBGHELP.DLL
0x00007ff8c22e0000 - 0x00007ff8c2315000 	C:\Windows\SYSTEM32\dbgcore.DLL
0x00007ff8d72f0000 - 0x00007ff8d7372000 	C:\Windows\System32\bcryptPrimitives.dll
0x00007ff8c46c0000 - 0x00007ff8c46fb000 	C:\Program Files (x86)\sts-4.19.1.RELEASE\plugins\org.eclipse.justj.openjdk.hotspot.jre.full.win32.x86_64_17.0.7.v20230425-1502\jre\bin\jdwp.dll
0x00007ff8d4170000 - 0x00007ff8d417e000 	C:\Program Files (x86)\sts-4.19.1.RELEASE\plugins\org.eclipse.justj.openjdk.hotspot.jre.full.win32.x86_64_17.0.7.v20230425-1502\jre\bin\instrument.dll
0x00007ff89ccd0000 - 0x00007ff89ccf5000 	C:\Program Files (x86)\sts-4.19.1.RELEASE\plugins\org.eclipse.justj.openjdk.hotspot.jre.full.win32.x86_64_17.0.7.v20230425-1502\jre\bin\java.dll
0x00007ff89ccb0000 - 0x00007ff89ccc8000 	C:\Program Files (x86)\sts-4.19.1.RELEASE\plugins\org.eclipse.justj.openjdk.hotspot.jre.full.win32.x86_64_17.0.7.v20230425-1502\jre\bin\zip.dll
0x00007ff8d7650000 - 0x00007ff8d7d95000 	C:\Windows\System32\SHELL32.dll
0x00007ff8d4bc0000 - 0x00007ff8d5352000 	C:\Windows\SYSTEM32\windows.storage.dll
0x00007ff8d8400000 - 0x00007ff8d8755000 	C:\Windows\System32\combase.dll
0x00007ff8d63e0000 - 0x00007ff8d6410000 	C:\Windows\SYSTEM32\Wldp.dll
0x00007ff8d8c30000 - 0x00007ff8d8cdd000 	C:\Windows\System32\SHCORE.dll
0x00007ff8d75f0000 - 0x00007ff8d7645000 	C:\Windows\System32\shlwapi.dll
0x00007ff8d6a80000 - 0x00007ff8d6a9f000 	C:\Windows\SYSTEM32\profapi.dll
0x00007ff8c46b0000 - 0x00007ff8c46bc000 	C:\Program Files (x86)\sts-4.19.1.RELEASE\plugins\org.eclipse.justj.openjdk.hotspot.jre.full.win32.x86_64_17.0.7.v20230425-1502\jre\bin\dt_socket.dll
0x00007ff8d5ed0000 - 0x00007ff8d5f0b000 	C:\Windows\SYSTEM32\IPHLPAPI.DLL
0x00007ff8d61c0000 - 0x00007ff8d622a000 	C:\Windows\system32\mswsock.dll
0x00007ff8d5f10000 - 0x00007ff8d5fdb000 	C:\Windows\SYSTEM32\DNSAPI.dll
0x00007ff8d89e0000 - 0x00007ff8d89e8000 	C:\Windows\System32\NSI.dll
0x00007ff8c7490000 - 0x00007ff8c749a000 	C:\Windows\System32\rasadhlp.dll
0x00007ff8cd610000 - 0x00007ff8cd690000 	C:\Windows\System32\fwpuclnt.dll
0x00007ff8d6b40000 - 0x00007ff8d6b67000 	C:\Windows\System32\bcrypt.dll
0x00007ff89cc90000 - 0x00007ff89cca9000 	C:\Program Files (x86)\sts-4.19.1.RELEASE\plugins\org.eclipse.justj.openjdk.hotspot.jre.full.win32.x86_64_17.0.7.v20230425-1502\jre\bin\net.dll
0x00007ff8cdc90000 - 0x00007ff8cdd9c000 	C:\Windows\SYSTEM32\WINHTTP.dll
0x00007ff89cc70000 - 0x00007ff89cc85000 	C:\Program Files (x86)\sts-4.19.1.RELEASE\plugins\org.eclipse.justj.openjdk.hotspot.jre.full.win32.x86_64_17.0.7.v20230425-1502\jre\bin\nio.dll
0x00007ff8c23b0000 - 0x00007ff8c23b9000 	C:\Program Files (x86)\sts-4.19.1.RELEASE\plugins\org.eclipse.justj.openjdk.hotspot.jre.full.win32.x86_64_17.0.7.v20230425-1502\jre\bin\management.dll
0x00007ff8c23a0000 - 0x00007ff8c23ab000 	C:\Program Files (x86)\sts-4.19.1.RELEASE\plugins\org.eclipse.justj.openjdk.hotspot.jre.full.win32.x86_64_17.0.7.v20230425-1502\jre\bin\management_ext.dll
0x00007ff8d8330000 - 0x00007ff8d8338000 	C:\Windows\System32\PSAPI.DLL
0x00007ff8b1eb0000 - 0x00007ff8b1ec7000 	C:\Windows\system32\napinsp.dll
0x00007ff8b1e90000 - 0x00007ff8b1eab000 	C:\Windows\system32\pnrpnsp.dll
0x00007ff8b1e70000 - 0x00007ff8b1e85000 	C:\Windows\system32\wshbth.dll
0x00007ff8d2210000 - 0x00007ff8d222d000 	C:\Windows\system32\NLAapi.dll
0x00007ff8b1e50000 - 0x00007ff8b1e62000 	C:\Windows\System32\winrnr.dll
0x00007ff8d6420000 - 0x00007ff8d6438000 	C:\Windows\SYSTEM32\CRYPTSP.dll
0x00007ff8d5b00000 - 0x00007ff8d5b34000 	C:\Windows\system32\rsaenh.dll
0x00007ff8d6a00000 - 0x00007ff8d6a2e000 	C:\Windows\SYSTEM32\USERENV.dll
0x00007ff8d6350000 - 0x00007ff8d635c000 	C:\Windows\SYSTEM32\CRYPTBASE.dll
0x00007ff8d0300000 - 0x00007ff8d0317000 	C:\Windows\SYSTEM32\dhcpcsvc6.DLL
0x00007ff8d0650000 - 0x00007ff8d066d000 	C:\Windows\SYSTEM32\dhcpcsvc.DLL
0x00007ff8b17c0000 - 0x00007ff8b17d0000 	C:\Program Files (x86)\sts-4.19.1.RELEASE\plugins\org.eclipse.justj.openjdk.hotspot.jre.full.win32.x86_64_17.0.7.v20230425-1502\jre\bin\verify.dll
0x00007ff8c7ee0000 - 0x00007ff8c7eee000 	C:\Program Files (x86)\sts-4.19.1.RELEASE\plugins\org.eclipse.justj.openjdk.hotspot.jre.full.win32.x86_64_17.0.7.v20230425-1502\jre\bin\sunmscapi.dll
0x00007ff8d6c20000 - 0x00007ff8d6d76000 	C:\Windows\System32\CRYPT32.dll
0x00007ff8d6530000 - 0x00007ff8d6557000 	C:\Windows\SYSTEM32\ncrypt.dll
0x00007ff8d64f0000 - 0x00007ff8d652b000 	C:\Windows\SYSTEM32\NTASN1.dll

dbghelp: loaded successfully - version: 4.0.5 - missing functions: none
symbol engine: initialized successfully - sym options: 0x614 - pdb path: .;C:\Program Files (x86)\sts-4.19.1.RELEASE\plugins\org.eclipse.justj.openjdk.hotspot.jre.full.win32.x86_64_17.0.7.v20230425-1502\jre\bin;C:\Windows\SYSTEM32;C:\Program Files\Avast Software\Avast;C:\Windows\WinSxS\amd64_microsoft.windows.common-controls_6595b64144ccf1df_6.0.19041.1110_none_60b5254171f9507e;C:\Program Files (x86)\sts-4.19.1.RELEASE\plugins\org.eclipse.justj.openjdk.hotspot.jre.full.win32.x86_64_17.0.7.v20230425-1502\jre\bin\server

VM Arguments:
jvm_args: -XX:+ShowCodeDetailsInExceptionMessages -agentlib:jdwp=transport=dt_socket,suspend=y,address=localhost:55790 -Dcom.sun.management.jmxremote -Dcom.sun.management.jmxremote.port=55789 -Dcom.sun.management.jmxremote.authenticate=false -Dcom.sun.management.jmxremote.ssl=false -Djava.rmi.server.hostname=localhost -Dspring.jmx.enabled=true -Dmanagement.endpoints.jmx.exposure.include=* -Dspring.application.admin.enabled=true -XX:TieredStopAtLevel=1 -Dspring.boot.project.name=miniproject -javaagent:C:\Program Files (x86)\sts-4.19.1.RELEASE\configuration\org.eclipse.osgi\740\0\.cp\lib\javaagent-shaded.jar -Dfile.encoding=UTF-8 -Dstdout.encoding=UTF-8 -Dstderr.encoding=UTF-8 
java_command: com.teama.minpro.teama.MiniprojectApplication --spring.output.ansi.enabled=always
java_class_path (initial): D:\BELAJAR KODING\XSIS\BATCH-327\minpro-team-a\miniproject\target\classes;C:\Users\Admin\.m2\repository\org\springframework\boot\spring-boot-starter-data-jpa\2.7.18\spring-boot-starter-data-jpa-2.7.18.jar;C:\Users\Admin\.m2\repository\org\springframework\boot\spring-boot-starter-aop\2.7.18\spring-boot-starter-aop-2.7.18.jar;C:\Users\Admin\.m2\repository\org\springframework\spring-aop\5.3.31\spring-aop-5.3.31.jar;C:\Users\Admin\.m2\repository\org\aspectj\aspectjweaver\1.9.7\aspectjweaver-1.9.7.jar;C:\Users\Admin\.m2\repository\org\springframework\boot\spring-boot-starter-jdbc\2.7.18\spring-boot-starter-jdbc-2.7.18.jar;C:\Users\Admin\.m2\repository\com\zaxxer\HikariCP\4.0.3\HikariCP-4.0.3.jar;C:\Users\Admin\.m2\repository\org\springframework\spring-jdbc\5.3.31\spring-jdbc-5.3.31.jar;C:\Users\Admin\.m2\repository\jakarta\transaction\jakarta.transaction-api\1.3.3\jakarta.transaction-api-1.3.3.jar;C:\Users\Admin\.m2\repository\jakarta\persistence\jakarta.persistence-api\2.2.3\jakarta.persistence-api-2.2.3.jar;C:\Users\Admin\.m2\repository\org\hibernate\hibernate-core\5.6.15.Final\hibernate-core-5.6.15.Final.jar;C:\Users\Admin\.m2\repository\org\jboss\logging\jboss-logging\3.4.3.Final\jboss-logging-3.4.3.Final.jar;C:\Users\Admin\.m2\repository\net\bytebuddy\byte-buddy\1.12.23\byte-buddy-1.12.23.jar;C:\Users\Admin\.m2\repository\antlr\antlr\2.7.7\antlr-2.7.7.jar;C:\Users\Admin\.m2\repository\org\jboss\jandex\2.4.2.Final\jandex-2.4.2.Final.jar;C:\Users\Admin\.m2\repository\com\fasterxml\classmate\1.5.1\classmate-1.5.1.jar;C:\Users\Admin\.m2\repository\org\hibernate\common\hibernate-commons-annotations\5.1.2.Final\hibernate-commons-annotations-5.1.2.Final.jar;C:\Users\Admin\.m2\repository\org\glassfish\jaxb\jaxb-runtime\2.3.9\jaxb-runtime-2.3.9.jar;C:\Users\Admin\.m2\repository\org\glassfish\jaxb\txw2\2.3.9\txw2-2.3.9.jar;C:\Users\Admin\.m2\repository\com\sun\istack\istack-commons-runtime\3.0.12\istack-commons-runtime-3.0.12.jar;C:\Users\Admin\.m
Launcher Type: SUN_STANDARD

[Global flags]
     intx CICompilerCount                          = 3                                         {product} {ergonomic}
     uint ConcGCThreads                            = 1                                         {product} {ergonomic}
     uint G1ConcRefinementThreads                  = 4                                         {product} {ergonomic}
   size_t G1HeapRegionSize                         = 1048576                                   {product} {ergonomic}
    uintx GCDrainStackTargetSize                   = 64                                        {product} {ergonomic}
   size_t InitialHeapSize                          = 100663296                                 {product} {ergonomic}
     bool ManagementServer                         = true                                      {product} {command line}
   size_t MarkStackSize                            = 4194304                                   {product} {ergonomic}
   size_t MaxHeapSize                              = 1589641216                                {product} {ergonomic}
   size_t MaxNewSize                               = 953155584                                 {product} {ergonomic}
   size_t MinHeapDeltaBytes                        = 1048576                                   {product} {ergonomic}
   size_t MinHeapSize                              = 8388608                                   {product} {ergonomic}
    uintx NonProfiledCodeHeapSize                  = 0                                      {pd product} {ergonomic}
     bool ProfileInterpreter                       = false                                  {pd product} {command line}
    uintx ProfiledCodeHeapSize                     = 0                                      {pd product} {ergonomic}
     bool ShowCodeDetailsInExceptionMessages       = true                                   {manageable} {command line}
   size_t SoftMaxHeapSize                          = 1589641216                             {manageable} {ergonomic}
     intx TieredStopAtLevel                        = 1                                         {product} {command line}
     bool UseCompressedClassPointers               = true                           {product lp64_product} {ergonomic}
     bool UseCompressedOops                        = true                           {product lp64_product} {ergonomic}
     bool UseG1GC                                  = true                                      {product} {ergonomic}
     bool UseLargePagesIndividualAllocation        = false                                  {pd product} {ergonomic}

Logging:
Log output configuration:
 #0: stdout all=warning uptime,level,tags
 #1: stderr all=off uptime,level,tags

Environment Variables:
JAVA_HOME=C:\Program Files\Java\jdk-20.0.2
PATH=C:\Program Files (x86)\sts-4.19.1.RELEASE\plugins\org.eclipse.justj.openjdk.hotspot.jre.full.win32.x86_64_17.0.7.v20230425-1502\jre\bin;C:/Program Files (x86)/sts-4.19.1.RELEASE//plugins/org.eclipse.justj.openjdk.hotspot.jre.full.win32.x86_64_17.0.7.v20230425-1502/jre/bin/server;C:/Program Files (x86)/sts-4.19.1.RELEASE//plugins/org.eclipse.justj.openjdk.hotspot.jre.full.win32.x86_64_17.0.7.v20230425-1502/jre/bin;C:\Windows\system32;C:\Windows;C:\Windows\System32\Wbem;C:\Windows\System32\WindowsPowerShell\v1.0\;C:\Windows\System32\OpenSSH\;C:\Program Files\Java\jdk-20.0.2\bin;C:\Program Files\Git\cmd;C:\Program Files\Docker\Docker\resources\bin;C:\Users\Admin\AppData\Local\Microsoft\WindowsApps;;C:\Users\Admin\AppData\Local\Programs\Microsoft VS Code\bin;C:\Program Files (x86)\sts-4.19.1.RELEASE;
USERNAME=Irfan
OS=Windows_NT
PROCESSOR_IDENTIFIER=AMD64 Family 23 Model 24 Stepping 1, AuthenticAMD
TMP=C:\Users\Admin\AppData\Local\Temp
TEMP=C:\Users\Admin\AppData\Local\Temp



---------------  S Y S T E M  ---------------

OS:
 Windows 10 , 64 bit Build 19041 (10.0.19041.2545)
OS uptime: 0 days 1:08 hours
Hyper-V role detected

CPU: total 4 (initial active 4) (4 cores per cpu, 2 threads per core) family 23 model 24 stepping 1 microcode 0x0, cx8, cmov, fxsr, ht, mmx, 3dnowpref, sse, sse2, sse3, ssse3, sse4a, sse4.1, sse4.2, popcnt, lzcnt, tsc, tscinvbit, avx, avx2, aes, clmul, bmi1, bmi2, adx, sha, fma, vzeroupper, clflush, clflushopt, hv

Memory: 4k page, system-wide physical 6058M (168M free)
TotalPageFile size 6058M (AvailPageFile size 3M)
current process WorkingSet (physical memory assigned to process): 175M, peak: 178M
current process commit charge ("private bytes"): 200M, peak: 220M

vm_info: OpenJDK 64-Bit Server VM (17.0.7+7) for windows-amd64 JRE (17.0.7+7), built on Apr 18 2023 22:10:42 by "temurin" with MS VC++ 16.7 (VS2019)

END.
