#
# There is insufficient memory for the Java Runtime Environment to continue.
# Native memory allocation (malloc) failed to allocate 1048576 bytes for AllocateHeap
# Possible reasons:
#   The system is out of physical RAM or swap space
#   The process is running with CompressedOops enabled, and the Java Heap may be blocking the growth of the native heap
# Possible solutions:
#   Reduce memory load on the system
#   Increase physical memory or swap space
#   Check if swap backing store is full
#   Decrease Java heap size (-Xmx/-Xms)
#   Decrease number of Java threads
#   Decrease Java thread stack sizes (-Xss)
#   Set larger code cache with -XX:ReservedCodeCacheSize=
#   JVM is running with Unscaled Compressed Oops mode in which the Java heap is
#     placed in the first 4GB address space. The Java Heap base address is the
#     maximum limit for the native heap growth. Please use -XX:HeapBaseMinAddress
#     to set the Java Heap base and to place the Java Heap above 4GB virtual address.
# This output file may be truncated or incomplete.
#
#  Out of Memory Error (allocation.cpp:44), pid=6624, tid=5680
#
# JRE version: OpenJDK Runtime Environment Temurin-17.0.7+7 (17.0.7+7) (build 17.0.7+7)
# Java VM: OpenJDK 64-Bit Server VM Temurin-17.0.7+7 (17.0.7+7, mixed mode, emulated-client, tiered, compressed oops, compressed class ptrs, g1 gc, windows-amd64)
# No core dump will be written. Minidumps are not enabled by default on client versions of Windows
#

---------------  S U M M A R Y ------------

Command Line: -Dcom.sun.management.jmxremote -Dcom.sun.management.jmxremote.port=52514 -Dcom.sun.management.jmxremote.authenticate=false -Dcom.sun.management.jmxremote.ssl=false -Djava.rmi.server.hostname=localhost -Dspring.jmx.enabled=true -Dmanagement.endpoints.jmx.exposure.include=* -Dspring.application.admin.enabled=true -XX:TieredStopAtLevel=1 -Dspring.boot.project.name=miniproject -Dfile.encoding=UTF-8 -Dstdout.encoding=UTF-8 -Dstderr.encoding=UTF-8 -XX:+ShowCodeDetailsInExceptionMessages com.teama.minpro.teama.MiniprojectApplication --spring.output.ansi.enabled=always

Host: AMD Ryzen 3 3200U with Radeon Vega Mobile Gfx  , 4 cores, 5G,  Windows 10 , 64 bit Build 19041 (10.0.19041.2545)
Time: Sun Oct 15 22:55:51 2023 SE Asia Standard Time elapsed time: 2117.164343 seconds (0d 0h 35m 17s)

---------------  T H R E A D  ---------------

Current thread (0x000001a0d95bd960):  VMThread "VM Thread" [stack: 0x0000006a04800000,0x0000006a04900000] [id=5680]

Stack: [0x0000006a04800000,0x0000006a04900000]
Native frames: (J=compiled Java code, j=interpreted, Vv=VM code, C=native code)
V  [jvm.dll+0x67754a]
V  [jvm.dll+0x834304]
V  [jvm.dll+0x835aae]
V  [jvm.dll+0x836113]
V  [jvm.dll+0x24696f]
V  [jvm.dll+0xa681f]
V  [jvm.dll+0x2f73f3]
V  [jvm.dll+0x2f30f0]
V  [jvm.dll+0x2db6c7]
V  [jvm.dll+0x31e777]
V  [jvm.dll+0x83a5bb]
V  [jvm.dll+0x83b2f4]
V  [jvm.dll+0x83b80c]
V  [jvm.dll+0x83bbe4]
V  [jvm.dll+0x83bcb0]
V  [jvm.dll+0x7e4e7a]
V  [jvm.dll+0x676395]
C  [ucrtbase.dll+0x21bb2]
C  [KERNEL32.DLL+0x17614]
C  [ntdll.dll+0x526a1]

VM_Operation (0x0000006a041fef20): G1CollectFull, mode: safepoint, requested by thread 0x000001a0dfd97f30


---------------  P R O C E S S  ---------------

Threads class SMR info:
_java_thread_list=0x000001a0e03084a0, length=19, elements={
0x000001a0d95c1d30, 0x000001a0d95c5130, 0x000001a0d961a000, 0x000001a0d961aa20,
0x000001a0d961ca90, 0x000001a0d961ef00, 0x000001a0d9732fe0, 0x000001a0d9734080,
0x000001a0d955c470, 0x000001a0d990d420, 0x000001a0de3c4d80, 0x000001a0de3c5a60,
0x000001a0de4b58b0, 0x000001a0de7fe4f0, 0x000001a0de7cd7a0, 0x000001a0dfd95d80,
0x000001a0dfd96720, 0x000001a0dfd970c0, 0x000001a0dfd97f30
}

Java Threads: ( => current thread )
  0x000001a0d95c1d30 JavaThread "Reference Handler" daemon [_thread_blocked, id=932, stack(0x0000006a04900000,0x0000006a04a00000)]
  0x000001a0d95c5130 JavaThread "Finalizer" daemon [_thread_blocked, id=8136, stack(0x0000006a04a00000,0x0000006a04b00000)]
  0x000001a0d961a000 JavaThread "Signal Dispatcher" daemon [_thread_blocked, id=6924, stack(0x0000006a04c00000,0x0000006a04d00000)]
  0x000001a0d961aa20 JavaThread "Attach Listener" daemon [_thread_blocked, id=8392, stack(0x0000006a04d00000,0x0000006a04e00000)]
  0x000001a0d961ca90 JavaThread "Service Thread" daemon [_thread_blocked, id=260, stack(0x0000006a04e00000,0x0000006a04f00000)]
  0x000001a0d961ef00 JavaThread "Monitor Deflation Thread" daemon [_thread_blocked, id=124, stack(0x0000006a04f00000,0x0000006a05000000)]
  0x000001a0d9732fe0 JavaThread "C1 CompilerThread0" daemon [_thread_blocked, id=8376, stack(0x0000006a05000000,0x0000006a05100000)]
  0x000001a0d9734080 JavaThread "Sweeper thread" daemon [_thread_blocked, id=7276, stack(0x0000006a05100000,0x0000006a05200000)]
  0x000001a0d955c470 JavaThread "Common-Cleaner" daemon [_thread_blocked, id=7744, stack(0x0000006a05200000,0x0000006a05300000)]
  0x000001a0d990d420 JavaThread "Notification Thread" daemon [_thread_blocked, id=2480, stack(0x0000006a05500000,0x0000006a05600000)]
  0x000001a0de3c4d80 JavaThread "RMI TCP Accept-0" daemon [_thread_in_native, id=3168, stack(0x0000006a05600000,0x0000006a05700000)]
  0x000001a0de3c5a60 JavaThread "RMI TCP Accept-52514" daemon [_thread_in_native, id=4320, stack(0x0000006a05700000,0x0000006a05800000)]
  0x000001a0de4b58b0 JavaThread "RMI TCP Accept-0" daemon [_thread_in_native, id=8252, stack(0x0000006a05800000,0x0000006a05900000)]
  0x000001a0de7fe4f0 JavaThread "RMI Scheduler(0)" daemon [_thread_blocked, id=7364, stack(0x0000006a06100000,0x0000006a06200000)]
  0x000001a0de7cd7a0 JavaThread "JMX server connection timeout 24" daemon [_thread_blocked, id=660, stack(0x0000006a06300000,0x0000006a06400000)]
  0x000001a0dfd95d80 JavaThread "Live Reload Server" daemon [_thread_in_native, id=8644, stack(0x0000006a06c00000,0x0000006a06d00000)]
  0x000001a0dfd96720 JavaThread "DestroyJavaVM" [_thread_blocked, id=7208, stack(0x0000006a04200000,0x0000006a04300000)]
  0x000001a0dfd970c0 JavaThread "RMI TCP Connection(38)-127.0.0.1" daemon [_thread_in_native, id=3760, stack(0x0000006a04b00000,0x0000006a04c00000)]
  0x000001a0dfd97f30 JavaThread "Thread-5" [_thread_blocked, id=9696, stack(0x0000006a04100000,0x0000006a04200000)]

Other Threads:
=>0x000001a0d95bd960 VMThread "VM Thread" [stack: 0x0000006a04800000,0x0000006a04900000] [id=5680]
  0x000001a0cd43d500 WatcherThread [stack: 0x0000006a05900000,0x0000006a05a00000] [id=7680]
  0x000001a0cd4279b0 GCTaskThread "GC Thread#0" [stack: 0x0000006a04300000,0x0000006a04400000] [id=5876]
  0x000001a0de5388e0 GCTaskThread "GC Thread#1" [stack: 0x0000006a05a00000,0x0000006a05b00000] [id=5272]
  0x000001a0de543d20 GCTaskThread "GC Thread#2" [stack: 0x0000006a05b00000,0x0000006a05c00000] [id=7396]
  0x000001a0de5105e0 GCTaskThread "GC Thread#3" [stack: 0x0000006a05c00000,0x0000006a05d00000] [id=8316]
  0x000001a0cd434d20 ConcurrentGCThread "G1 Main Marker" [stack: 0x0000006a04400000,0x0000006a04500000] [id=3744]
  0x000001a0cd435640 ConcurrentGCThread "G1 Conc#0" [stack: 0x0000006a04500000,0x0000006a04600000] [id=1528]
  0x000001a0cd498ea0 ConcurrentGCThread "G1 Refine#0" [stack: 0x0000006a04600000,0x0000006a04700000] [id=3288]
  0x000001a0de510890 ConcurrentGCThread "G1 Refine#1" [stack: 0x0000006a05d00000,0x0000006a05e00000] [id=5480]
  0x000001a0cd4997d0 ConcurrentGCThread "G1 Service" [stack: 0x0000006a04700000,0x0000006a04800000] [id=1248]

Threads with active compile tasks:

VM state: at safepoint (normal execution)

VM Mutex/Monitor currently owned by a thread:  ([mutex/lock_event])
[0x000001a0cd3d6740] Threads_lock - owner thread: 0x000001a0d95bd960
[0x000001a0cd3d62c0] Heap_lock - owner thread: 0x000001a0dfd97f30

Heap address: 0x00000000a1400000, size: 1516 MB, Compressed Oops mode: 32-bit

CDS archive(s) not mapped
Compressed class space mapped at: 0x0000000100000000-0x0000000140000000, reserved size: 1073741824
Narrow klass base: 0x0000000000000000, Narrow klass shift: 3, Narrow klass range: 0x140000000

GC Precious Log:
 CPUs: 4 total, 4 available
 Memory: 6058M
 Large Page Support: Disabled
 NUMA Support: Disabled
 Compressed Oops: Enabled (32-bit)
 Heap Region Size: 1M
 Heap Min Capacity: 8M
 Heap Initial Capacity: 96M
 Heap Max Capacity: 1516M
 Pre-touch: Disabled
 Parallel Workers: 4
 Concurrent Workers: 1
 Concurrent Refinement Workers: 4
 Periodic GC: Disabled

Heap:
 garbage-first heap   total 140288K, used 52919K [0x00000000a1400000, 0x0000000100000000)
  region size 1024K, 15 young (15360K), 1 survivors (1024K)
 Metaspace       used 75534K, committed 76160K, reserved 1179648K
  class space    used 10201K, committed 10496K, reserved 1048576K

Heap Regions: E=young(eden), S=young(survivor), O=old, HS=humongous(starts), HC=humongous(continues), CS=collection set, F=free, OA=open archive, CA=closed archive, TAMS=top-at-mark-start (previous, next)
|   0|0x00000000a1400000, 0x00000000a1500000, 0x00000000a1500000|100%|HS|  |TAMS 0x00000000a1500000, 0x00000000a1400000| Complete 
|   1|0x00000000a1500000, 0x00000000a1600000, 0x00000000a1600000|100%| O|  |TAMS 0x00000000a1600000, 0x00000000a1500000| Untracked 
|   2|0x00000000a1600000, 0x00000000a1700000, 0x00000000a1700000|100%| O|  |TAMS 0x00000000a1700000, 0x00000000a1600000| Untracked 
|   3|0x00000000a1700000, 0x00000000a1800000, 0x00000000a1800000|100%| O|  |TAMS 0x00000000a1800000, 0x00000000a1700000| Untracked 
|   4|0x00000000a1800000, 0x00000000a18ffff8, 0x00000000a1900000| 99%| O|  |TAMS 0x00000000a18ffff8, 0x00000000a1800000| Untracked 
|   5|0x00000000a1900000, 0x00000000a1a00000, 0x00000000a1a00000|100%| O|  |TAMS 0x00000000a1a00000, 0x00000000a1900000| Untracked 
|   6|0x00000000a1a00000, 0x00000000a1af0800, 0x00000000a1b00000| 93%| O|  |TAMS 0x00000000a1af0800, 0x00000000a1a00000| Untracked 
|   7|0x00000000a1b00000, 0x00000000a1c00000, 0x00000000a1c00000|100%| O|  |TAMS 0x00000000a1c00000, 0x00000000a1b00000| Untracked 
|   8|0x00000000a1c00000, 0x00000000a1d00000, 0x00000000a1d00000|100%| O|  |TAMS 0x00000000a1d00000, 0x00000000a1c00000| Untracked 
|   9|0x00000000a1d00000, 0x00000000a1e00000, 0x00000000a1e00000|100%| O|  |TAMS 0x00000000a1e00000, 0x00000000a1d00000| Untracked 
|  10|0x00000000a1e00000, 0x00000000a1e00000, 0x00000000a1f00000|  0%| F|  |TAMS 0x00000000a1e00000, 0x00000000a1e00000| Untracked 
|  11|0x00000000a1f00000, 0x00000000a1fc9a00, 0x00000000a2000000| 78%| O|  |TAMS 0x00000000a1f00000, 0x00000000a1f00000| Untracked 
|  12|0x00000000a2000000, 0x00000000a2000000, 0x00000000a2100000|  0%| F|  |TAMS 0x00000000a2000000, 0x00000000a2000000| Untracked 
|  13|0x00000000a2100000, 0x00000000a2100000, 0x00000000a2200000|  0%| F|  |TAMS 0x00000000a2100000, 0x00000000a2100000| Untracked 
|  14|0x00000000a2200000, 0x00000000a2300000, 0x00000000a2300000|100%| O|  |TAMS 0x00000000a2300000, 0x00000000a2200000| Untracked 
|  15|0x00000000a2300000, 0x00000000a2400000, 0x00000000a2400000|100%| O|  |TAMS 0x00000000a2400000, 0x00000000a2300000| Untracked 
|  16|0x00000000a2400000, 0x00000000a2500000, 0x00000000a2500000|100%| O|  |TAMS 0x00000000a2500000, 0x00000000a2400000| Untracked 
|  17|0x00000000a2500000, 0x00000000a2600000, 0x00000000a2600000|100%| O|  |TAMS 0x00000000a2600000, 0x00000000a2500000| Untracked 
|  18|0x00000000a2600000, 0x00000000a2600000, 0x00000000a2700000|  0%| F|  |TAMS 0x00000000a2600000, 0x00000000a2600000| Untracked 
|  19|0x00000000a2700000, 0x00000000a2800000, 0x00000000a2800000|100%| O|  |TAMS 0x00000000a2800000, 0x00000000a2700000| Untracked 
|  20|0x00000000a2800000, 0x00000000a2900000, 0x00000000a2900000|100%| O|  |TAMS 0x00000000a2900000, 0x00000000a2800000| Untracked 
|  21|0x00000000a2900000, 0x00000000a2a00000, 0x00000000a2a00000|100%| O|  |TAMS 0x00000000a2a00000, 0x00000000a2900000| Untracked 
|  22|0x00000000a2a00000, 0x00000000a2b00000, 0x00000000a2b00000|100%| O|  |TAMS 0x00000000a2b00000, 0x00000000a2a00000| Untracked 
|  23|0x00000000a2b00000, 0x00000000a2c00000, 0x00000000a2c00000|100%| O|  |TAMS 0x00000000a2c00000, 0x00000000a2b00000| Untracked 
|  24|0x00000000a2c00000, 0x00000000a2d00000, 0x00000000a2d00000|100%| O|  |TAMS 0x00000000a2d00000, 0x00000000a2c00000| Untracked 
|  25|0x00000000a2d00000, 0x00000000a2e00000, 0x00000000a2e00000|100%| O|  |TAMS 0x00000000a2e00000, 0x00000000a2d00000| Untracked 
|  26|0x00000000a2e00000, 0x00000000a2e00000, 0x00000000a2f00000|  0%| F|  |TAMS 0x00000000a2e00000, 0x00000000a2e00000| Untracked 
|  27|0x00000000a2f00000, 0x00000000a3000000, 0x00000000a3000000|100%| O|  |TAMS 0x00000000a3000000, 0x00000000a2f00000| Untracked 
|  28|0x00000000a3000000, 0x00000000a3000000, 0x00000000a3100000|  0%| F|  |TAMS 0x00000000a3000000, 0x00000000a3000000| Untracked 
|  29|0x00000000a3100000, 0x00000000a3200000, 0x00000000a3200000|100%| O|  |TAMS 0x00000000a3200000, 0x00000000a3100000| Untracked 
|  30|0x00000000a3200000, 0x00000000a3300000, 0x00000000a3300000|100%| O|  |TAMS 0x00000000a3300000, 0x00000000a3200000| Untracked 
|  31|0x00000000a3300000, 0x00000000a3400000, 0x00000000a3400000|100%| O|  |TAMS 0x00000000a3400000, 0x00000000a3300000| Untracked 
|  32|0x00000000a3400000, 0x00000000a3400000, 0x00000000a3500000|  0%| F|  |TAMS 0x00000000a3400000, 0x00000000a3400000| Untracked 
|  33|0x00000000a3500000, 0x00000000a3600000, 0x00000000a3600000|100%| O|  |TAMS 0x00000000a3600000, 0x00000000a3500000| Untracked 
|  34|0x00000000a3600000, 0x00000000a3700000, 0x00000000a3700000|100%| O|  |TAMS 0x00000000a3700000, 0x00000000a3600000| Untracked 
|  35|0x00000000a3700000, 0x00000000a3800000, 0x00000000a3800000|100%| O|  |TAMS 0x00000000a3800000, 0x00000000a3700000| Untracked 
|  36|0x00000000a3800000, 0x00000000a3800000, 0x00000000a3900000|  0%| F|  |TAMS 0x00000000a3800000, 0x00000000a3800000| Untracked 
|  37|0x00000000a3900000, 0x00000000a3a00000, 0x00000000a3a00000|100%| O|  |TAMS 0x00000000a3a00000, 0x00000000a3900000| Untracked 
|  38|0x00000000a3a00000, 0x00000000a3b00000, 0x00000000a3b00000|100%| O|  |TAMS 0x00000000a3b00000, 0x00000000a3a00000| Untracked 
|  39|0x00000000a3b00000, 0x00000000a3c00000, 0x00000000a3c00000|100%| O|  |TAMS 0x00000000a3c00000, 0x00000000a3b00000| Untracked 
|  40|0x00000000a3c00000, 0x00000000a3c00000, 0x00000000a3d00000|  0%| F|  |TAMS 0x00000000a3c00000, 0x00000000a3c00000| Untracked 
|  41|0x00000000a3d00000, 0x00000000a3e00000, 0x00000000a3e00000|100%| O|  |TAMS 0x00000000a3e00000, 0x00000000a3d00000| Untracked 
|  42|0x00000000a3e00000, 0x00000000a3f00000, 0x00000000a3f00000|100%| O|  |TAMS 0x00000000a3f00000, 0x00000000a3e00000| Untracked 
|  43|0x00000000a3f00000, 0x00000000a4000000, 0x00000000a4000000|100%| O|  |TAMS 0x00000000a4000000, 0x00000000a3f00000| Untracked 
|  44|0x00000000a4000000, 0x00000000a4100000, 0x00000000a4100000|100%| O|  |TAMS 0x00000000a4100000, 0x00000000a4000000| Untracked 
|  45|0x00000000a4100000, 0x00000000a4200000, 0x00000000a4200000|100%| O|  |TAMS 0x00000000a4200000, 0x00000000a4100000| Untracked 
|  46|0x00000000a4200000, 0x00000000a4300000, 0x00000000a4300000|100%| O|  |TAMS 0x00000000a4300000, 0x00000000a4200000| Untracked 
|  47|0x00000000a4300000, 0x00000000a4300000, 0x00000000a4400000|  0%| F|  |TAMS 0x00000000a4300000, 0x00000000a4300000| Untracked 
|  48|0x00000000a4400000, 0x00000000a4400000, 0x00000000a4500000|  0%| F|  |TAMS 0x00000000a4400000, 0x00000000a4400000| Untracked 
|  49|0x00000000a4500000, 0x00000000a4500000, 0x00000000a4600000|  0%| F|  |TAMS 0x00000000a4500000, 0x00000000a4500000| Untracked 
|  50|0x00000000a4600000, 0x00000000a4600000, 0x00000000a4700000|  0%| F|  |TAMS 0x00000000a4600000, 0x00000000a4600000| Untracked 
|  51|0x00000000a4700000, 0x00000000a4700000, 0x00000000a4800000|  0%| F|  |TAMS 0x00000000a4700000, 0x00000000a4700000| Untracked 
|  52|0x00000000a4800000, 0x00000000a4800000, 0x00000000a4900000|  0%| F|  |TAMS 0x00000000a4800000, 0x00000000a4800000| Untracked 
|  53|0x00000000a4900000, 0x00000000a4900000, 0x00000000a4a00000|  0%| F|  |TAMS 0x00000000a4900000, 0x00000000a4900000| Untracked 
|  54|0x00000000a4a00000, 0x00000000a4af3c90, 0x00000000a4b00000| 95%| S|CS|TAMS 0x00000000a4a00000, 0x00000000a4a00000| Complete 
|  55|0x00000000a4b00000, 0x00000000a4b00000, 0x00000000a4c00000|  0%| F|  |TAMS 0x00000000a4b00000, 0x00000000a4b00000| Untracked 
|  56|0x00000000a4c00000, 0x00000000a4c00000, 0x00000000a4d00000|  0%| F|  |TAMS 0x00000000a4c00000, 0x00000000a4c00000| Untracked 
|  57|0x00000000a4d00000, 0x00000000a4d00000, 0x00000000a4e00000|  0%| F|  |TAMS 0x00000000a4d00000, 0x00000000a4d00000| Untracked 
|  58|0x00000000a4e00000, 0x00000000a4e00000, 0x00000000a4f00000|  0%| F|  |TAMS 0x00000000a4e00000, 0x00000000a4e00000| Untracked 
|  59|0x00000000a4f00000, 0x00000000a4f00000, 0x00000000a5000000|  0%| F|  |TAMS 0x00000000a4f00000, 0x00000000a4f00000| Untracked 
|  60|0x00000000a5000000, 0x00000000a5000000, 0x00000000a5100000|  0%| F|  |TAMS 0x00000000a5000000, 0x00000000a5000000| Untracked 
|  61|0x00000000a5100000, 0x00000000a5100000, 0x00000000a5200000|  0%| F|  |TAMS 0x00000000a5100000, 0x00000000a5100000| Untracked 
|  62|0x00000000a5200000, 0x00000000a5200000, 0x00000000a5300000|  0%| F|  |TAMS 0x00000000a5200000, 0x00000000a5200000| Untracked 
|  63|0x00000000a5300000, 0x00000000a5300000, 0x00000000a5400000|  0%| F|  |TAMS 0x00000000a5300000, 0x00000000a5300000| Untracked 
|  64|0x00000000a5400000, 0x00000000a5400000, 0x00000000a5500000|  0%| F|  |TAMS 0x00000000a5400000, 0x00000000a5400000| Untracked 
|  65|0x00000000a5500000, 0x00000000a5500000, 0x00000000a5600000|  0%| F|  |TAMS 0x00000000a5500000, 0x00000000a5500000| Untracked 
|  66|0x00000000a5600000, 0x00000000a5600000, 0x00000000a5700000|  0%| F|  |TAMS 0x00000000a5600000, 0x00000000a5600000| Untracked 
|  67|0x00000000a5700000, 0x00000000a5700000, 0x00000000a5800000|  0%| F|  |TAMS 0x00000000a5700000, 0x00000000a5700000| Untracked 
|  68|0x00000000a5800000, 0x00000000a5800000, 0x00000000a5900000|  0%| F|  |TAMS 0x00000000a5800000, 0x00000000a5800000| Untracked 
|  69|0x00000000a5900000, 0x00000000a5900000, 0x00000000a5a00000|  0%| F|  |TAMS 0x00000000a5900000, 0x00000000a5900000| Untracked 
|  70|0x00000000a5a00000, 0x00000000a5a00000, 0x00000000a5b00000|  0%| F|  |TAMS 0x00000000a5a00000, 0x00000000a5a00000| Untracked 
|  71|0x00000000a5b00000, 0x00000000a5b00000, 0x00000000a5c00000|  0%| F|  |TAMS 0x00000000a5b00000, 0x00000000a5b00000| Untracked 
|  72|0x00000000a5c00000, 0x00000000a5c00000, 0x00000000a5d00000|  0%| F|  |TAMS 0x00000000a5c00000, 0x00000000a5c00000| Untracked 
|  73|0x00000000a5d00000, 0x00000000a5d00000, 0x00000000a5e00000|  0%| F|  |TAMS 0x00000000a5d00000, 0x00000000a5d00000| Untracked 
|  74|0x00000000a5e00000, 0x00000000a5e00000, 0x00000000a5f00000|  0%| F|  |TAMS 0x00000000a5e00000, 0x00000000a5e00000| Untracked 
|  75|0x00000000a5f00000, 0x00000000a5f00000, 0x00000000a6000000|  0%| F|  |TAMS 0x00000000a5f00000, 0x00000000a5f00000| Untracked 
|  76|0x00000000a6000000, 0x00000000a6000000, 0x00000000a6100000|  0%| F|  |TAMS 0x00000000a6000000, 0x00000000a6000000| Untracked 
|  77|0x00000000a6100000, 0x00000000a6100000, 0x00000000a6200000|  0%| F|  |TAMS 0x00000000a6100000, 0x00000000a6100000| Untracked 
|  78|0x00000000a6200000, 0x00000000a6200000, 0x00000000a6300000|  0%| F|  |TAMS 0x00000000a6200000, 0x00000000a6200000| Untracked 
|  79|0x00000000a6300000, 0x00000000a6300000, 0x00000000a6400000|  0%| F|  |TAMS 0x00000000a6300000, 0x00000000a6300000| Untracked 
|  80|0x00000000a6400000, 0x00000000a6400000, 0x00000000a6500000|  0%| F|  |TAMS 0x00000000a6400000, 0x00000000a6400000| Untracked 
|  81|0x00000000a6500000, 0x00000000a6500000, 0x00000000a6600000|  0%| F|  |TAMS 0x00000000a6500000, 0x00000000a6500000| Untracked 
|  82|0x00000000a6600000, 0x00000000a6600000, 0x00000000a6700000|  0%| F|  |TAMS 0x00000000a6600000, 0x00000000a6600000| Untracked 
|  83|0x00000000a6700000, 0x00000000a6700000, 0x00000000a6800000|  0%| F|  |TAMS 0x00000000a6700000, 0x00000000a6700000| Untracked 
|  84|0x00000000a6800000, 0x00000000a6800000, 0x00000000a6900000|  0%| F|  |TAMS 0x00000000a6800000, 0x00000000a6800000| Untracked 
|  85|0x00000000a6900000, 0x00000000a6900000, 0x00000000a6a00000|  0%| F|  |TAMS 0x00000000a6900000, 0x00000000a6900000| Untracked 
|  86|0x00000000a6a00000, 0x00000000a6a00000, 0x00000000a6b00000|  0%| F|  |TAMS 0x00000000a6a00000, 0x00000000a6a00000| Untracked 
|  87|0x00000000a6b00000, 0x00000000a6b00000, 0x00000000a6c00000|  0%| F|  |TAMS 0x00000000a6b00000, 0x00000000a6b00000| Untracked 
|  88|0x00000000a6c00000, 0x00000000a6c00000, 0x00000000a6d00000|  0%| F|  |TAMS 0x00000000a6c00000, 0x00000000a6c00000| Untracked 
|  89|0x00000000a6d00000, 0x00000000a6d00000, 0x00000000a6e00000|  0%| F|  |TAMS 0x00000000a6d00000, 0x00000000a6d00000| Untracked 
|  90|0x00000000a6e00000, 0x00000000a6e00000, 0x00000000a6f00000|  0%| F|  |TAMS 0x00000000a6e00000, 0x00000000a6e00000| Untracked 
|  91|0x00000000a6f00000, 0x00000000a6f00000, 0x00000000a7000000|  0%| F|  |TAMS 0x00000000a6f00000, 0x00000000a6f00000| Untracked 
|  92|0x00000000a7000000, 0x00000000a7000000, 0x00000000a7100000|  0%| F|  |TAMS 0x00000000a7000000, 0x00000000a7000000| Untracked 
|  93|0x00000000a7100000, 0x00000000a7100000, 0x00000000a7200000|  0%| F|  |TAMS 0x00000000a7100000, 0x00000000a7100000| Untracked 
|  94|0x00000000a7200000, 0x00000000a7200000, 0x00000000a7300000|  0%| F|  |TAMS 0x00000000a7200000, 0x00000000a7200000| Untracked 
|  95|0x00000000a7300000, 0x00000000a7300000, 0x00000000a7400000|  0%| F|  |TAMS 0x00000000a7300000, 0x00000000a7300000| Untracked 
|  96|0x00000000a7400000, 0x00000000a7400000, 0x00000000a7500000|  0%| F|  |TAMS 0x00000000a7400000, 0x00000000a7400000| Untracked 
|  97|0x00000000a7500000, 0x00000000a7500000, 0x00000000a7600000|  0%| F|  |TAMS 0x00000000a7500000, 0x00000000a7500000| Untracked 
|  98|0x00000000a7600000, 0x00000000a7600000, 0x00000000a7700000|  0%| F|  |TAMS 0x00000000a7600000, 0x00000000a7600000| Untracked 
|  99|0x00000000a7700000, 0x00000000a7700000, 0x00000000a7800000|  0%| F|  |TAMS 0x00000000a7700000, 0x00000000a7700000| Untracked 
| 100|0x00000000a7800000, 0x00000000a7800000, 0x00000000a7900000|  0%| F|  |TAMS 0x00000000a7800000, 0x00000000a7800000| Untracked 
| 101|0x00000000a7900000, 0x00000000a7900000, 0x00000000a7a00000|  0%| F|  |TAMS 0x00000000a7900000, 0x00000000a7900000| Untracked 
| 102|0x00000000a7a00000, 0x00000000a7a00000, 0x00000000a7b00000|  0%| F|  |TAMS 0x00000000a7a00000, 0x00000000a7a00000| Untracked 
| 103|0x00000000a7b00000, 0x00000000a7b00000, 0x00000000a7c00000|  0%| F|  |TAMS 0x00000000a7b00000, 0x00000000a7b00000| Untracked 
| 104|0x00000000a7c00000, 0x00000000a7c00000, 0x00000000a7d00000|  0%| F|  |TAMS 0x00000000a7c00000, 0x00000000a7c00000| Untracked 
| 105|0x00000000a7d00000, 0x00000000a7d00000, 0x00000000a7e00000|  0%| F|  |TAMS 0x00000000a7d00000, 0x00000000a7d00000| Untracked 
| 106|0x00000000a7e00000, 0x00000000a7e00000, 0x00000000a7f00000|  0%| F|  |TAMS 0x00000000a7e00000, 0x00000000a7e00000| Untracked 
| 107|0x00000000a7f00000, 0x00000000a7f00000, 0x00000000a8000000|  0%| F|  |TAMS 0x00000000a7f00000, 0x00000000a7f00000| Untracked 
| 108|0x00000000a8000000, 0x00000000a8000000, 0x00000000a8100000|  0%| F|  |TAMS 0x00000000a8000000, 0x00000000a8000000| Untracked 
| 109|0x00000000a8100000, 0x00000000a8100000, 0x00000000a8200000|  0%| F|  |TAMS 0x00000000a8100000, 0x00000000a8100000| Untracked 
| 110|0x00000000a8200000, 0x00000000a8200000, 0x00000000a8300000|  0%| F|  |TAMS 0x00000000a8200000, 0x00000000a8200000| Untracked 
| 111|0x00000000a8300000, 0x00000000a8300000, 0x00000000a8400000|  0%| F|  |TAMS 0x00000000a8300000, 0x00000000a8300000| Untracked 
| 112|0x00000000a8400000, 0x00000000a8400000, 0x00000000a8500000|  0%| F|  |TAMS 0x00000000a8400000, 0x00000000a8400000| Untracked 
| 113|0x00000000a8500000, 0x00000000a8500000, 0x00000000a8600000|  0%| F|  |TAMS 0x00000000a8500000, 0x00000000a8500000| Untracked 
| 114|0x00000000a8600000, 0x00000000a8600000, 0x00000000a8700000|  0%| F|  |TAMS 0x00000000a8600000, 0x00000000a8600000| Untracked 
| 115|0x00000000a8700000, 0x00000000a8700000, 0x00000000a8800000|  0%| F|  |TAMS 0x00000000a8700000, 0x00000000a8700000| Untracked 
| 116|0x00000000a8800000, 0x00000000a8800000, 0x00000000a8900000|  0%| F|  |TAMS 0x00000000a8800000, 0x00000000a8800000| Untracked 
| 117|0x00000000a8900000, 0x00000000a8900000, 0x00000000a8a00000|  0%| F|  |TAMS 0x00000000a8900000, 0x00000000a8900000| Untracked 
| 118|0x00000000a8a00000, 0x00000000a8a00000, 0x00000000a8b00000|  0%| F|  |TAMS 0x00000000a8a00000, 0x00000000a8a00000| Untracked 
| 119|0x00000000a8b00000, 0x00000000a8b00000, 0x00000000a8c00000|  0%| F|  |TAMS 0x00000000a8b00000, 0x00000000a8b00000| Untracked 
| 120|0x00000000a8c00000, 0x00000000a8c00000, 0x00000000a8d00000|  0%| F|  |TAMS 0x00000000a8c00000, 0x00000000a8c00000| Untracked 
| 121|0x00000000a8d00000, 0x00000000a8d00000, 0x00000000a8e00000|  0%| F|  |TAMS 0x00000000a8d00000, 0x00000000a8d00000| Untracked 
| 122|0x00000000a8e00000, 0x00000000a8e00000, 0x00000000a8f00000|  0%| F|  |TAMS 0x00000000a8e00000, 0x00000000a8e00000| Untracked 
| 123|0x00000000a8f00000, 0x00000000a8fa01a0, 0x00000000a9000000| 62%| E|  |TAMS 0x00000000a8f00000, 0x00000000a8f00000| Complete 
| 124|0x00000000a9000000, 0x00000000a9100000, 0x00000000a9100000|100%| E|CS|TAMS 0x00000000a9000000, 0x00000000a9000000| Complete 
| 125|0x00000000a9100000, 0x00000000a9200000, 0x00000000a9200000|100%| E|CS|TAMS 0x00000000a9100000, 0x00000000a9100000| Complete 
| 126|0x00000000a9200000, 0x00000000a9300000, 0x00000000a9300000|100%| E|CS|TAMS 0x00000000a9200000, 0x00000000a9200000| Complete 
| 127|0x00000000a9300000, 0x00000000a9400000, 0x00000000a9400000|100%| E|CS|TAMS 0x00000000a9300000, 0x00000000a9300000| Complete 
| 128|0x00000000a9400000, 0x00000000a9500000, 0x00000000a9500000|100%| E|CS|TAMS 0x00000000a9400000, 0x00000000a9400000| Complete 
| 129|0x00000000a9500000, 0x00000000a9600000, 0x00000000a9600000|100%| E|CS|TAMS 0x00000000a9500000, 0x00000000a9500000| Complete 
| 130|0x00000000a9600000, 0x00000000a9700000, 0x00000000a9700000|100%| E|CS|TAMS 0x00000000a9600000, 0x00000000a9600000| Complete 
| 131|0x00000000a9700000, 0x00000000a9800000, 0x00000000a9800000|100%| E|CS|TAMS 0x00000000a9700000, 0x00000000a9700000| Complete 
| 132|0x00000000a9800000, 0x00000000a9900000, 0x00000000a9900000|100%| E|CS|TAMS 0x00000000a9800000, 0x00000000a9800000| Complete 
| 133|0x00000000a9900000, 0x00000000a9a00000, 0x00000000a9a00000|100%| E|CS|TAMS 0x00000000a9900000, 0x00000000a9900000| Complete 
| 134|0x00000000a9a00000, 0x00000000a9b00000, 0x00000000a9b00000|100%| E|CS|TAMS 0x00000000a9a00000, 0x00000000a9a00000| Complete 
| 135|0x00000000a9b00000, 0x00000000a9c00000, 0x00000000a9c00000|100%| E|CS|TAMS 0x00000000a9b00000, 0x00000000a9b00000| Complete 
| 233|0x00000000afd00000, 0x00000000afe00000, 0x00000000afe00000|100%| E|CS|TAMS 0x00000000afd00000, 0x00000000afd00000| Complete 

Card table byte_map: [0x000001a0d3a90000,0x000001a0d3d90000] _byte_map_base: 0x000001a0d3586000

Marking Bits (Prev, Next): (CMBitMap*) 0x000001a0cd427ed0, (CMBitMap*) 0x000001a0cd427f10
 Prev Bits: [0x000001a0d4090000, 0x000001a0d5840000)
 Next Bits: [0x000001a0d5840000, 0x000001a0d6ff0000)

Polling page: 0x000001a0cb320000

Metaspace:

Usage:
  Non-class:     63.80 MB used.
      Class:      9.96 MB used.
       Both:     73.76 MB used.

Virtual space:
  Non-class space:      128.00 MB reserved,      64.12 MB ( 50%) committed,  2 nodes.
      Class space:        1.00 GB reserved,      10.25 MB (  1%) committed,  1 nodes.
             Both:        1.12 GB reserved,      74.38 MB (  6%) committed. 

Chunk freelists:
   Non-Class:  15.22 MB
       Class:  5.70 MB
        Both:  20.91 MB

MaxMetaspaceSize: unlimited
CompressedClassSpaceSize: 1.00 GB
Initial GC threshold: 21.00 MB
Current GC threshold: 122.75 MB
CDS: off
MetaspaceReclaimPolicy: balanced
 - commit_granule_bytes: 65536.
 - commit_granule_words: 8192.
 - virtual_space_node_default_size: 8388608.
 - enlarge_chunks_in_place: 1.
 - new_chunks_are_fully_committed: 0.
 - uncommit_free_chunks: 1.
 - use_allocation_guard: 0.
 - handle_deallocations: 1.


Internal statistics:

num_allocs_failed_limit: 14.
num_arena_births: 1032.
num_arena_deaths: 192.
num_vsnodes_births: 3.
num_vsnodes_deaths: 0.
num_space_committed: 1190.
num_space_uncommitted: 0.
num_chunks_returned_to_freelist: 252.
num_chunks_taken_from_freelist: 3667.
num_chunk_merges: 75.
num_chunk_splits: 2449.
num_chunks_enlarged: 1765.
num_inconsistent_stats: 0.

CodeCache: size=49152Kb used=17704Kb max_used=17961Kb free=31447Kb
 bounds [0x000001a0d0a90000, 0x000001a0d1c60000, 0x000001a0d3a90000]
 total_blobs=10793 nmethods=9888 adapters=831
 compilation: enabled
              stopped_count=0, restarted_count=0
 full_count=0

Compilation events (20 events):
Event: 2117.133 Thread 0x000001a0d9732fe0 9879       1       org.springframework.beans.factory.support.DefaultListableBeanFactory::removeManualSingletonName (17 bytes)
Event: 2117.134 Thread 0x000001a0d9732fe0 nmethod 9879 0x000001a0d1c4b210 code [0x000001a0d1c4b3e0, 0x000001a0d1c4b628]
Event: 2117.134 Thread 0x000001a0d9732fe0 9880       1       org.springframework.beans.factory.support.DefaultListableBeanFactory$$Lambda$289/0x0000000100283600::<init> (10 bytes)
Event: 2117.134 Thread 0x000001a0d9732fe0 nmethod 9880 0x000001a0d1c4af10 code [0x000001a0d1c4b0a0, 0x000001a0d1c4b1b8]
Event: 2117.134 Thread 0x000001a0d9732fe0 9882       1       org.springframework.beans.factory.support.DefaultListableBeanFactory$$Lambda$290/0x0000000100283830::test (12 bytes)
Event: 2117.134 Thread 0x000001a0d9732fe0 nmethod 9882 0x000001a0d1c4ab90 code [0x000001a0d1c4ad20, 0x000001a0d1c4ae68]
Event: 2117.134 Thread 0x000001a0d9732fe0 9883       1       org.springframework.beans.factory.support.DefaultListableBeanFactory::lambda$removeManualSingletonName$7 (8 bytes)
Event: 2117.134 Thread 0x000001a0d9732fe0 nmethod 9883 0x000001a0d1c4a890 code [0x000001a0d1c4aa20, 0x000001a0d1c4aae8]
Event: 2117.134 Thread 0x000001a0d9732fe0 9881       1       org.springframework.beans.factory.support.DefaultListableBeanFactory$$Lambda$290/0x0000000100283830::<init> (10 bytes)
Event: 2117.134 Thread 0x000001a0d9732fe0 nmethod 9881 0x000001a0d1c4a590 code [0x000001a0d1c4a720, 0x000001a0d1c4a838]
Event: 2117.139 Thread 0x000001a0d9732fe0 9884       1       org.hibernate.service.spi.ServiceBinding::getLifecycleOwner (5 bytes)
Event: 2117.140 Thread 0x000001a0d9732fe0 nmethod 9884 0x000001a0d1c4a290 code [0x000001a0d1c4a420, 0x000001a0d1c4a4f8]
Event: 2117.143 Thread 0x000001a0d9732fe0 9885   !   1       org.springframework.beans.factory.support.DefaultSingletonBeanRegistry::destroyBean (385 bytes)
Event: 2117.145 Thread 0x000001a0d9732fe0 nmethod 9885 0x000001a0d1c48510 code [0x000001a0d1c48900, 0x000001a0d1c498d8]
Event: 2117.145 Thread 0x000001a0d9732fe0 9887       1       java.lang.invoke.ConstantCallSite::dynamicInvoker (5 bytes)
Event: 2117.146 Thread 0x000001a0d9732fe0 nmethod 9887 0x000001a0d1c48190 code [0x000001a0d1c48320, 0x000001a0d1c48468]
Event: 2117.146 Thread 0x000001a0d9732fe0 9886       1       org.springframework.boot.ansi.AnsiStyle::toString (5 bytes)
Event: 2117.146 Thread 0x000001a0d9732fe0 nmethod 9886 0x000001a0d1c47e90 code [0x000001a0d1c48020, 0x000001a0d1c480f8]
Event: 2117.155 Thread 0x000001a0d9732fe0 9888   !   1       sun.nio.ch.NioSocketImpl::setOption (545 bytes)
Event: 2117.157 Thread 0x000001a0d9732fe0 nmethod 9888 0x000001a0d1c45110 code [0x000001a0d1c45540, 0x000001a0d1c46b18]

GC Heap History (20 events):
Event: 98.695 GC heap before
{Heap before GC invocations=29 (full 0):
 garbage-first heap   total 79872K, used 64427K [0x00000000a1400000, 0x0000000100000000)
  region size 1024K, 25 young (25600K), 3 survivors (3072K)
 Metaspace       used 74659K, committed 75392K, reserved 1179648K
  class space    used 10063K, committed 10432K, reserved 1048576K
}
Event: 98.700 GC heap after
{Heap after GC invocations=30 (full 0):
 garbage-first heap   total 79872K, used 42461K [0x00000000a1400000, 0x0000000100000000)
  region size 1024K, 1 young (1024K), 1 survivors (1024K)
 Metaspace       used 74659K, committed 75392K, reserved 1179648K
  class space    used 10063K, committed 10432K, reserved 1048576K
}
Event: 201.204 GC heap before
{Heap before GC invocations=31 (full 0):
 garbage-first heap   total 79872K, used 64989K [0x00000000a1400000, 0x0000000100000000)
  region size 1024K, 23 young (23552K), 1 survivors (1024K)
 Metaspace       used 74460K, committed 75392K, reserved 1179648K
  class space    used 10023K, committed 10432K, reserved 1048576K
}
Event: 201.208 GC heap after
{Heap after GC invocations=32 (full 0):
 garbage-first heap   total 79872K, used 43074K [0x00000000a1400000, 0x0000000100000000)
  region size 1024K, 2 young (2048K), 2 survivors (2048K)
 Metaspace       used 74460K, committed 75392K, reserved 1179648K
  class space    used 10023K, committed 10432K, reserved 1048576K
}
Event: 201.212 GC heap before
{Heap before GC invocations=32 (full 0):
 garbage-first heap   total 79872K, used 44098K [0x00000000a1400000, 0x0000000100000000)
  region size 1024K, 3 young (3072K), 2 survivors (2048K)
 Metaspace       used 74460K, committed 75392K, reserved 1179648K
  class space    used 10023K, committed 10432K, reserved 1048576K
}
Event: 201.224 GC heap after
{Heap after GC invocations=33 (full 0):
 garbage-first heap   total 79872K, used 39859K [0x00000000a1400000, 0x0000000100000000)
  region size 1024K, 1 young (1024K), 1 survivors (1024K)
 Metaspace       used 74460K, committed 75392K, reserved 1179648K
  class space    used 10023K, committed 10432K, reserved 1048576K
}
Event: 201.232 GC heap before
{Heap before GC invocations=33 (full 0):
 garbage-first heap   total 79872K, used 41907K [0x00000000a1400000, 0x0000000100000000)
  region size 1024K, 3 young (3072K), 1 survivors (1024K)
 Metaspace       used 74460K, committed 75392K, reserved 1179648K
  class space    used 10023K, committed 10432K, reserved 1048576K
}
Event: 201.236 GC heap after
{Heap after GC invocations=34 (full 0):
 garbage-first heap   total 79872K, used 39591K [0x00000000a1400000, 0x0000000100000000)
  region size 1024K, 1 young (1024K), 1 survivors (1024K)
 Metaspace       used 74460K, committed 75392K, reserved 1179648K
  class space    used 10023K, committed 10432K, reserved 1048576K
}
Event: 271.899 GC heap before
{Heap before GC invocations=34 (full 0):
 garbage-first heap   total 79872K, used 64167K [0x00000000a1400000, 0x0000000100000000)
  region size 1024K, 25 young (25600K), 1 survivors (1024K)
 Metaspace       used 74521K, committed 75392K, reserved 1179648K
  class space    used 10038K, committed 10432K, reserved 1048576K
}
Event: 271.902 GC heap after
{Heap after GC invocations=35 (full 0):
 garbage-first heap   total 239616K, used 39827K [0x00000000a1400000, 0x0000000100000000)
  region size 1024K, 1 young (1024K), 1 survivors (1024K)
 Metaspace       used 74521K, committed 75392K, reserved 1179648K
  class space    used 10038K, committed 10432K, reserved 1048576K
}
Event: 713.601 GC heap before
{Heap before GC invocations=36 (full 0):
 garbage-first heap   total 140288K, used 125843K [0x00000000a1400000, 0x0000000100000000)
  region size 1024K, 86 young (88064K), 1 survivors (1024K)
 Metaspace       used 74554K, committed 75392K, reserved 1179648K
  class space    used 10045K, committed 10432K, reserved 1048576K
}
Event: 713.604 GC heap after
{Heap after GC invocations=37 (full 0):
 garbage-first heap   total 140288K, used 39768K [0x00000000a1400000, 0x0000000100000000)
  region size 1024K, 1 young (1024K), 1 survivors (1024K)
 Metaspace       used 74554K, committed 75392K, reserved 1179648K
  class space    used 10045K, committed 10432K, reserved 1048576K
}
Event: 720.715 GC heap before
{Heap before GC invocations=37 (full 0):
 garbage-first heap   total 140288K, used 44888K [0x00000000a1400000, 0x0000000100000000)
  region size 1024K, 6 young (6144K), 1 survivors (1024K)
 Metaspace       used 74594K, committed 75392K, reserved 1179648K
  class space    used 10054K, committed 10432K, reserved 1048576K
}
Event: 720.724 GC heap after
{Heap after GC invocations=38 (full 0):
 garbage-first heap   total 140288K, used 38852K [0x00000000a1400000, 0x0000000100000000)
  region size 1024K, 1 young (1024K), 1 survivors (1024K)
 Metaspace       used 74594K, committed 75392K, reserved 1179648K
  class space    used 10054K, committed 10432K, reserved 1048576K
}
Event: 1145.090 GC heap before
{Heap before GC invocations=38 (full 0):
 garbage-first heap   total 140288K, used 118724K [0x00000000a1400000, 0x0000000100000000)
  region size 1024K, 80 young (81920K), 1 survivors (1024K)
 Metaspace       used 75442K, committed 76096K, reserved 1179648K
  class space    used 10182K, committed 10496K, reserved 1048576K
}
Event: 1145.093 GC heap after
{Heap after GC invocations=39 (full 0):
 garbage-first heap   total 140288K, used 39274K [0x00000000a1400000, 0x0000000100000000)
  region size 1024K, 1 young (1024K), 1 survivors (1024K)
 Metaspace       used 75442K, committed 76096K, reserved 1179648K
  class space    used 10182K, committed 10496K, reserved 1048576K
}
Event: 1606.604 GC heap before
{Heap before GC invocations=39 (full 0):
 garbage-first heap   total 140288K, used 121194K [0x00000000a1400000, 0x0000000100000000)
  region size 1024K, 81 young (82944K), 1 survivors (1024K)
 Metaspace       used 75442K, committed 76096K, reserved 1179648K
  class space    used 10182K, committed 10496K, reserved 1048576K
}
Event: 1606.607 GC heap after
{Heap after GC invocations=40 (full 0):
 garbage-first heap   total 140288K, used 39051K [0x00000000a1400000, 0x0000000100000000)
  region size 1024K, 1 young (1024K), 1 survivors (1024K)
 Metaspace       used 75442K, committed 76096K, reserved 1179648K
  class space    used 10182K, committed 10496K, reserved 1048576K
}
Event: 2055.089 GC heap before
{Heap before GC invocations=40 (full 0):
 garbage-first heap   total 140288K, used 121995K [0x00000000a1400000, 0x0000000100000000)
  region size 1024K, 82 young (83968K), 1 survivors (1024K)
 Metaspace       used 75448K, committed 76096K, reserved 1179648K
  class space    used 10183K, committed 10496K, reserved 1048576K
}
Event: 2055.091 GC heap after
{Heap after GC invocations=41 (full 0):
 garbage-first heap   total 140288K, used 39607K [0x00000000a1400000, 0x0000000100000000)
  region size 1024K, 1 young (1024K), 1 survivors (1024K)
 Metaspace       used 75448K, committed 76096K, reserved 1179648K
  class space    used 10183K, committed 10496K, reserved 1048576K
}

Dll operation events (9 events):
Event: 0.008 Loaded shared library C:\Program Files (x86)\sts-4.19.1.RELEASE\plugins\org.eclipse.justj.openjdk.hotspot.jre.full.win32.x86_64_17.0.7.v20230425-1502\jre\bin\java.dll
Event: 0.199 Loaded shared library C:\Program Files (x86)\sts-4.19.1.RELEASE\plugins\org.eclipse.justj.openjdk.hotspot.jre.full.win32.x86_64_17.0.7.v20230425-1502\jre\bin\jimage.dll
Event: 0.225 Loaded shared library C:\Program Files (x86)\sts-4.19.1.RELEASE\plugins\org.eclipse.justj.openjdk.hotspot.jre.full.win32.x86_64_17.0.7.v20230425-1502\jre\bin\net.dll
Event: 0.227 Loaded shared library C:\Program Files (x86)\sts-4.19.1.RELEASE\plugins\org.eclipse.justj.openjdk.hotspot.jre.full.win32.x86_64_17.0.7.v20230425-1502\jre\bin\nio.dll
Event: 0.245 Loaded shared library C:\Program Files (x86)\sts-4.19.1.RELEASE\plugins\org.eclipse.justj.openjdk.hotspot.jre.full.win32.x86_64_17.0.7.v20230425-1502\jre\bin\zip.dll
Event: 0.332 Loaded shared library C:\Program Files (x86)\sts-4.19.1.RELEASE\plugins\org.eclipse.justj.openjdk.hotspot.jre.full.win32.x86_64_17.0.7.v20230425-1502\jre\bin\management.dll
Event: 0.348 Loaded shared library C:\Program Files (x86)\sts-4.19.1.RELEASE\plugins\org.eclipse.justj.openjdk.hotspot.jre.full.win32.x86_64_17.0.7.v20230425-1502\jre\bin\management_ext.dll
Event: 0.661 Loaded shared library C:\Program Files (x86)\sts-4.19.1.RELEASE\plugins\org.eclipse.justj.openjdk.hotspot.jre.full.win32.x86_64_17.0.7.v20230425-1502\jre\bin\verify.dll
Event: 3.396 Loaded shared library C:\Program Files (x86)\sts-4.19.1.RELEASE\plugins\org.eclipse.justj.openjdk.hotspot.jre.full.win32.x86_64_17.0.7.v20230425-1502\jre\bin\sunmscapi.dll

Deoptimization events (16 events):
Event: 1.734 Thread 0x000001a0de79a6b0 DEOPT PACKING pc=0x000001a0d103a399 sp=0x0000006a05ffca70
Event: 1.734 Thread 0x000001a0de79a6b0 DEOPT UNPACKING pc=0x000001a0d0ae7143 sp=0x0000006a05ffbf50 mode 3
Event: 2.583 Thread 0x000001a0de79a6b0 DEOPT PACKING pc=0x000001a0d1063314 sp=0x0000006a05ffcfa0
Event: 2.583 Thread 0x000001a0de79a6b0 DEOPT UNPACKING pc=0x000001a0d0ae7143 sp=0x0000006a05ffc4f8 mode 0
Event: 3.342 Thread 0x000001a0de79a6b0 DEOPT PACKING pc=0x000001a0d128b07d sp=0x0000006a05ffcbe0
Event: 3.342 Thread 0x000001a0de79a6b0 DEOPT UNPACKING pc=0x000001a0d0ae7143 sp=0x0000006a05ffc148 mode 3
Event: 6.716 Thread 0x000001a0de79a6b0 DEOPT PACKING pc=0x000001a0d0fa4852 sp=0x0000006a05ffd5d0
Event: 6.716 Thread 0x000001a0de79a6b0 DEOPT UNPACKING pc=0x000001a0d0ae7143 sp=0x0000006a05ffcad8 mode 3
Event: 17.103 Thread 0x000001a0dfd953e0 DEOPT PACKING pc=0x000001a0d0f21664 sp=0x0000006a06df9110
Event: 17.103 Thread 0x000001a0dfd953e0 DEOPT UNPACKING pc=0x000001a0d0ae7143 sp=0x0000006a06df8630 mode 0
Event: 17.103 Thread 0x000001a0dfd953e0 DEOPT PACKING pc=0x000001a0d0f20334 sp=0x0000006a06df9200
Event: 17.103 Thread 0x000001a0dfd953e0 DEOPT UNPACKING pc=0x000001a0d0ae7143 sp=0x0000006a06df86c0 mode 0
Event: 87.914 Thread 0x000001a0dfd91ef0 DEOPT PACKING pc=0x000001a0d19f7d4c sp=0x0000006a072fd0b0
Event: 87.914 Thread 0x000001a0dfd91ef0 DEOPT UNPACKING pc=0x000001a0d0ae7143 sp=0x0000006a072fc570 mode 0
Event: 113.656 Thread 0x000001a0dfd93bd0 DEOPT PACKING pc=0x000001a0d18d7433 sp=0x0000006a075fd180
Event: 113.656 Thread 0x000001a0dfd93bd0 DEOPT UNPACKING pc=0x000001a0d0ae7143 sp=0x0000006a075fc6a8 mode 3

Classes unloaded (20 events):
Event: 98.837 Thread 0x000001a0d95bd960 Unloading class 0x0000000100141000 'jdk/internal/reflect/GeneratedSerializationConstructorAccessor1'
Event: 98.837 Thread 0x000001a0d95bd960 Unloading class 0x0000000100140800 'java/lang/invoke/LambdaForm$DMH+0x0000000100140800'
Event: 98.837 Thread 0x000001a0d95bd960 Unloading class 0x0000000100140000 'java/lang/invoke/LambdaForm$DMH+0x0000000100140000'
Event: 98.837 Thread 0x000001a0d95bd960 Unloading class 0x00000001000c6c00 'jdk/internal/reflect/GeneratedConstructorAccessor1'
Event: 98.837 Thread 0x000001a0d95bd960 Unloading class 0x00000001000c6000 'java/lang/invoke/LambdaForm$MH+0x00000001000c6000'
Event: 98.837 Thread 0x000001a0d95bd960 Unloading class 0x00000001000c5c00 'java/lang/invoke/LambdaForm$MH+0x00000001000c5c00'
Event: 98.837 Thread 0x000001a0d95bd960 Unloading class 0x00000001000c5800 'java/lang/invoke/LambdaForm$MH+0x00000001000c5800'
Event: 98.837 Thread 0x000001a0d95bd960 Unloading class 0x00000001000c5400 'java/lang/invoke/LambdaForm$MH+0x00000001000c5400'
Event: 98.837 Thread 0x000001a0d95bd960 Unloading class 0x00000001000c5000 'java/lang/invoke/LambdaForm$MH+0x00000001000c5000'
Event: 98.837 Thread 0x000001a0d95bd960 Unloading class 0x00000001000c4c00 'java/lang/invoke/LambdaForm$MH+0x00000001000c4c00'
Event: 98.837 Thread 0x000001a0d95bd960 Unloading class 0x00000001000c3c00 'java/lang/invoke/LambdaForm$MH+0x00000001000c3c00'
Event: 98.837 Thread 0x000001a0d95bd960 Unloading class 0x00000001000c3800 'java/lang/invoke/LambdaForm$MH+0x00000001000c3800'
Event: 98.837 Thread 0x000001a0d95bd960 Unloading class 0x00000001000c3000 'java/lang/invoke/LambdaForm$MH+0x00000001000c3000'
Event: 98.837 Thread 0x000001a0d95bd960 Unloading class 0x00000001000c2400 'java/lang/invoke/LambdaForm$MH+0x00000001000c2400'
Event: 98.837 Thread 0x000001a0d95bd960 Unloading class 0x00000001000c1c00 'java/lang/invoke/LambdaForm$MH+0x00000001000c1c00'
Event: 98.837 Thread 0x000001a0d95bd960 Unloading class 0x00000001000c1400 'java/lang/invoke/LambdaForm$MH+0x00000001000c1400'
Event: 98.837 Thread 0x000001a0d95bd960 Unloading class 0x00000001000c0c00 'java/lang/invoke/LambdaForm$MH+0x00000001000c0c00'
Event: 271.957 Thread 0x000001a0d95bd960 Unloading class 0x0000000100a21400 'jdk/internal/reflect/GeneratedMethodAccessor48'
Event: 271.957 Thread 0x000001a0d95bd960 Unloading class 0x0000000100a03800 'java/lang/invoke/LambdaForm$MH+0x0000000100a03800'
Event: 271.957 Thread 0x000001a0d95bd960 Unloading class 0x0000000100a02c00 'java/lang/invoke/LambdaForm$MH+0x0000000100a02c00'

Classes redefined (0 events):
No events

Internal exceptions (20 events):
Event: 17.436 Thread 0x000001a0dfd953e0 Exception <a 'java/lang/ClassNotFoundException'{0x00000000a4f16c50}: org/codehaus/groovy/runtime/GStringImplBeanInfo> (0x00000000a4f16c50) 
thrown [s\src\hotspot\share\classfile\systemDictionary.cpp, line 256]
Event: 17.440 Thread 0x000001a0dfd953e0 Exception <a 'java/lang/ClassNotFoundException'{0x00000000a4e97170}: org/codehaus/groovy/runtime/GStringImplCustomizer> (0x00000000a4e97170) 
thrown [s\src\hotspot\share\classfile\systemDictionary.cpp, line 256]
Event: 17.443 Thread 0x000001a0dfd953e0 Exception <a 'java/lang/ClassNotFoundException'{0x00000000a4ec2db0}: org/thymeleaf/engine/ElementTagStructureHandlerBeanInfo> (0x00000000a4ec2db0) 
thrown [s\src\hotspot\share\classfile\systemDictionary.cpp, line 256]
Event: 17.443 Thread 0x000001a0dfd953e0 Exception <a 'java/lang/ClassNotFoundException'{0x00000000a4ecbb28}: org/thymeleaf/engine/ElementTagStructureHandlerCustomizer> (0x00000000a4ecbb28) 
thrown [s\src\hotspot\share\classfile\systemDictionary.cpp, line 256]
Event: 17.485 Thread 0x000001a0dfd96250 Exception <a 'java/lang/NoSuchMethodError'{0x00000000a4d94580}: 'java.lang.Object java.lang.invoke.DirectMethodHandle$Holder.invokeStatic(java.lang.Object, int, int)'> (0x00000000a4d94580) 
thrown [s\src\hotspot\share\interpreter\linkResolver.cpp, line 759]
Event: 301.086 Thread 0x000001a0de7cb850 Exception <a 'java/lang/NoSuchMethodError'{0x00000000a961bac8}: static [B.<clinit>()V> (0x00000000a961bac8) 
thrown [s\src\hotspot\share\prims\jni.cpp, line 1107]
Event: 854.685 Thread 0x000001a0dfd93230 Exception <a 'java/lang/ClassNotFoundException'{0x00000000a8196df0}: java/lang/ObjectCustomizer> (0x00000000a8196df0) 
thrown [s\src\hotspot\share\classfile\systemDictionary.cpp, line 256]
Event: 854.686 Thread 0x000001a0dfd93230 Exception <a 'java/lang/ClassNotFoundException'{0x00000000a81a5b28}: com/teama/minpro/teama/model/MedicalFacilityCategoryCustomizer> (0x00000000a81a5b28) 
thrown [s\src\hotspot\share\classfile\systemDictionary.cpp, line 256]
Event: 901.050 Thread 0x000001a0dfd970c0 Exception <a 'java/lang/NoSuchMethodError'{0x00000000a760b3c8}: static [B.<clinit>()V> (0x00000000a760b3c8) 
thrown [s\src\hotspot\share\prims\jni.cpp, line 1107]
Event: 1763.132 Thread 0x000001a0dfd97f30 Exception <a 'java/io/IOException'{0x00000000a8183758}: Connection reset by peer> (0x00000000a8183758) 
thrown [s\src\hotspot\share\prims\jni.cpp, line 535]
Event: 1764.044 Thread 0x000001a0dfd97f30 Exception <a 'java/io/IOException'{0x00000000a8183e20}: Connection reset by peer> (0x00000000a8183e20) 
thrown [s\src\hotspot\share\prims\jni.cpp, line 535]
Event: 1775.930 Thread 0x000001a0dfd92890 Exception <a 'java/io/IOException'{0x00000000a7e002a8}: Connection reset by peer> (0x00000000a7e002a8) 
thrown [s\src\hotspot\share\prims\jni.cpp, line 535]
Event: 1785.688 Thread 0x000001a0dfd97f30 Exception <a 'java/io/IOException'{0x00000000a7c80aa8}: Connection reset by peer> (0x00000000a7c80aa8) 
thrown [s\src\hotspot\share\prims\jni.cpp, line 535]
Event: 1786.551 Thread 0x000001a0dfd97f30 Exception <a 'java/io/IOException'{0x00000000a7c81128}: Connection reset by peer> (0x00000000a7c81128) 
thrown [s\src\hotspot\share\prims\jni.cpp, line 535]
Event: 1789.911 Thread 0x000001a0dfd97f30 Exception <a 'java/io/IOException'{0x00000000a7c817a8}: Connection reset by peer> (0x00000000a7c817a8) 
thrown [s\src\hotspot\share\prims\jni.cpp, line 535]
Event: 1798.407 Thread 0x000001a0dfd97f30 Exception <a 'java/io/IOException'{0x00000000a79818e8}: Connection reset by peer> (0x00000000a79818e8) 
thrown [s\src\hotspot\share\prims\jni.cpp, line 535]
Event: 1799.496 Thread 0x000001a0dfd97f30 Exception <a 'java/io/IOException'{0x00000000a7981f68}: Connection reset by peer> (0x00000000a7981f68) 
thrown [s\src\hotspot\share\prims\jni.cpp, line 535]
Event: 1802.242 Thread 0x000001a0dfd97f30 Exception <a 'java/io/IOException'{0x00000000a79825e8}: Connection reset by peer> (0x00000000a79825e8) 
thrown [s\src\hotspot\share\prims\jni.cpp, line 535]
Event: 1802.795 Thread 0x000001a0dfd97f30 Exception <a 'java/io/IOException'{0x00000000a7982c68}: Connection reset by peer> (0x00000000a7982c68) 
thrown [s\src\hotspot\share\prims\jni.cpp, line 535]
Event: 2117.132 Thread 0x000001a0de7cdc70 Exception <a 'java/lang/InterruptedException'{0x00000000a90aa700}: sleep interrupted> (0x00000000a90aa700) 
thrown [s\src\hotspot\share\prims\jvm.cpp, line 3070]

VM Operations (20 events):
Event: 854.684 Executing VM operation: Cleanup done
Event: 855.694 Executing VM operation: Cleanup
Event: 855.694 Executing VM operation: Cleanup done
Event: 902.002 Executing VM operation: Cleanup
Event: 902.002 Executing VM operation: Cleanup done
Event: 1145.090 Executing VM operation: G1CollectForAllocation
Event: 1145.093 Executing VM operation: G1CollectForAllocation done
Event: 1606.604 Executing VM operation: G1CollectForAllocation
Event: 1606.607 Executing VM operation: G1CollectForAllocation done
Event: 1763.506 Executing VM operation: Cleanup
Event: 1763.506 Executing VM operation: Cleanup done
Event: 1765.507 Executing VM operation: Cleanup
Event: 1765.507 Executing VM operation: Cleanup done
Event: 1786.517 Executing VM operation: Cleanup
Event: 1786.517 Executing VM operation: Cleanup done
Event: 1788.518 Executing VM operation: Cleanup
Event: 1788.518 Executing VM operation: Cleanup done
Event: 2055.089 Executing VM operation: G1CollectForAllocation
Event: 2055.091 Executing VM operation: G1CollectForAllocation done
Event: 2117.162 Executing VM operation: G1CollectFull

Events (20 events):
Event: 2117.131 Thread 0x000001a0dfd91550 Thread exited: 0x000001a0dfd91550
Event: 2117.131 Thread 0x000001a0dfd96250 Thread exited: 0x000001a0dfd96250
Event: 2117.131 Thread 0x000001a0dfd91ef0 Thread exited: 0x000001a0dfd91ef0
Event: 2117.131 Thread 0x000001a0dfd93230 Thread exited: 0x000001a0dfd93230
Event: 2117.132 Thread 0x000001a0de7cdc70 Thread exited: 0x000001a0de7cdc70
Event: 2117.132 loading class javax/management/ObjectName$PatternProperty
Event: 2117.132 loading class javax/management/ObjectName$PatternProperty done
Event: 2117.136 Thread 0x000001a0de7cc930 Thread exited: 0x000001a0de7cc930
Event: 2117.136 Thread 0x000001a0de7cd2d0 Thread exited: 0x000001a0de7cd2d0
Event: 2117.139 loading class java/util/AbstractMap$2
Event: 2117.140 loading class java/util/AbstractMap$2 done
Event: 2117.141 loading class java/util/AbstractMap$2$1
Event: 2117.141 loading class java/util/AbstractMap$2$1 done
Event: 2117.144 loading class jdk/internal/reflect/UnsafeQualifiedObjectFieldAccessorImpl
Event: 2117.144 loading class jdk/internal/reflect/UnsafeQualifiedFieldAccessorImpl
Event: 2117.144 loading class jdk/internal/reflect/UnsafeQualifiedFieldAccessorImpl done
Event: 2117.144 loading class jdk/internal/reflect/UnsafeQualifiedObjectFieldAccessorImpl done
Event: 2117.145 Thread 0x000001a0dfd92890 Thread added: 0x000001a0dfd92890
Event: 2117.146 Thread 0x000001a0de7cc460 Thread exited: 0x000001a0de7cc460
Event: 2117.161 Thread 0x000001a0dfd92890 Thread exited: 0x000001a0dfd92890


Dynamic libraries:
0x00007ff611b80000 - 0x00007ff611b8e000 	C:\Program Files (x86)\sts-4.19.1.RELEASE\plugins\org.eclipse.justj.openjdk.hotspot.jre.full.win32.x86_64_17.0.7.v20230425-1502\jre\bin\javaw.exe
0x00007ffb8a4f0000 - 0x00007ffb8a6e8000 	C:\Windows\SYSTEM32\ntdll.dll
0x00007ffb89ae0000 - 0x00007ffb89b9f000 	C:\Windows\System32\KERNEL32.DLL
0x00007ffb88220000 - 0x00007ffb884f2000 	C:\Windows\System32\KERNELBASE.dll
0x00007ffb87f30000 - 0x00007ffb88030000 	C:\Windows\System32\ucrtbase.dll
0x00007ffb613a0000 - 0x00007ffb613b7000 	C:\Program Files (x86)\sts-4.19.1.RELEASE\plugins\org.eclipse.justj.openjdk.hotspot.jre.full.win32.x86_64_17.0.7.v20230425-1502\jre\bin\jli.dll
0x00007ffb89d70000 - 0x00007ffb89f11000 	C:\Windows\System32\USER32.dll
0x00007ffb87f00000 - 0x00007ffb87f22000 	C:\Windows\System32\win32u.dll
0x00007ffb89d40000 - 0x00007ffb89d6b000 	C:\Windows\System32\GDI32.dll
0x00007ffb87be0000 - 0x00007ffb87cef000 	C:\Windows\System32\gdi32full.dll
0x00007ffb87df0000 - 0x00007ffb87e8d000 	C:\Windows\System32\msvcp_win.dll
0x00007ffb73670000 - 0x00007ffb7390a000 	C:\Windows\WinSxS\amd64_microsoft.windows.common-controls_6595b64144ccf1df_6.0.19041.1110_none_60b5254171f9507e\COMCTL32.dll
0x00007ffb89f20000 - 0x00007ffb89fbe000 	C:\Windows\System32\msvcrt.dll
0x00007ffb60ba0000 - 0x00007ffb60bb9000 	C:\Program Files (x86)\sts-4.19.1.RELEASE\plugins\org.eclipse.justj.openjdk.hotspot.jre.full.win32.x86_64_17.0.7.v20230425-1502\jre\bin\VCRUNTIME140.dll
0x00007ffb8a2e0000 - 0x00007ffb8a312000 	C:\Windows\System32\IMM32.DLL
0x00007ffb69600000 - 0x00007ffb6960c000 	C:\Program Files (x86)\sts-4.19.1.RELEASE\plugins\org.eclipse.justj.openjdk.hotspot.jre.full.win32.x86_64_17.0.7.v20230425-1502\jre\bin\vcruntime140_1.dll
0x00007ffb5ee70000 - 0x00007ffb5ef01000 	C:\Program Files (x86)\sts-4.19.1.RELEASE\plugins\org.eclipse.justj.openjdk.hotspot.jre.full.win32.x86_64_17.0.7.v20230425-1502\jre\bin\msvcp140.dll
0x00007ffb547a0000 - 0x00007ffb553e8000 	C:\Program Files (x86)\sts-4.19.1.RELEASE\plugins\org.eclipse.justj.openjdk.hotspot.jre.full.win32.x86_64_17.0.7.v20230425-1502\jre\bin\server\jvm.dll
0x00007ffb89bb0000 - 0x00007ffb89c5e000 	C:\Windows\System32\ADVAPI32.dll
0x00007ffb89340000 - 0x00007ffb893dc000 	C:\Windows\System32\sechost.dll
0x00007ffb89fe0000 - 0x00007ffb8a105000 	C:\Windows\System32\RPCRT4.dll
0x00007ffb6ec10000 - 0x00007ffb6ec19000 	C:\Windows\SYSTEM32\WSOCK32.dll
0x00007ffb7dee0000 - 0x00007ffb7df07000 	C:\Windows\SYSTEM32\WINMM.dll
0x00007ffb89a70000 - 0x00007ffb89adb000 	C:\Windows\System32\WS2_32.dll
0x00007ffb81980000 - 0x00007ffb8198a000 	C:\Windows\SYSTEM32\VERSION.dll
0x00007ffb85950000 - 0x00007ffb85962000 	C:\Windows\SYSTEM32\kernel.appcore.dll
0x00007ffb75710000 - 0x00007ffb7571a000 	C:\Program Files (x86)\sts-4.19.1.RELEASE\plugins\org.eclipse.justj.openjdk.hotspot.jre.full.win32.x86_64_17.0.7.v20230425-1502\jre\bin\jimage.dll
0x00007ffb73b50000 - 0x00007ffb73d34000 	C:\Windows\SYSTEM32\DBGHELP.DLL
0x00007ffb70530000 - 0x00007ffb70565000 	C:\Windows\SYSTEM32\dbgcore.DLL
0x00007ffb88030000 - 0x00007ffb880b2000 	C:\Windows\System32\bcryptPrimitives.dll
0x00007ffb673d0000 - 0x00007ffb673f5000 	C:\Program Files (x86)\sts-4.19.1.RELEASE\plugins\org.eclipse.justj.openjdk.hotspot.jre.full.win32.x86_64_17.0.7.v20230425-1502\jre\bin\java.dll
0x00007ffb673b0000 - 0x00007ffb673c8000 	C:\Program Files (x86)\sts-4.19.1.RELEASE\plugins\org.eclipse.justj.openjdk.hotspot.jre.full.win32.x86_64_17.0.7.v20230425-1502\jre\bin\zip.dll
0x00007ffb88bf0000 - 0x00007ffb89335000 	C:\Windows\System32\SHELL32.dll
0x00007ffb85c60000 - 0x00007ffb863f2000 	C:\Windows\SYSTEM32\windows.storage.dll
0x00007ffb88890000 - 0x00007ffb88be5000 	C:\Windows\System32\combase.dll
0x00007ffb87480000 - 0x00007ffb874b0000 	C:\Windows\SYSTEM32\Wldp.dll
0x00007ffb898e0000 - 0x00007ffb8998d000 	C:\Windows\System32\SHCORE.dll
0x00007ffb88760000 - 0x00007ffb887b5000 	C:\Windows\System32\shlwapi.dll
0x00007ffb87b20000 - 0x00007ffb87b3f000 	C:\Windows\SYSTEM32\profapi.dll
0x00007ffb66c00000 - 0x00007ffb66c19000 	C:\Program Files (x86)\sts-4.19.1.RELEASE\plugins\org.eclipse.justj.openjdk.hotspot.jre.full.win32.x86_64_17.0.7.v20230425-1502\jre\bin\net.dll
0x00007ffb808a0000 - 0x00007ffb809ac000 	C:\Windows\SYSTEM32\WINHTTP.dll
0x00007ffb87260000 - 0x00007ffb872ca000 	C:\Windows\system32\mswsock.dll
0x00007ffb66be0000 - 0x00007ffb66bf5000 	C:\Program Files (x86)\sts-4.19.1.RELEASE\plugins\org.eclipse.justj.openjdk.hotspot.jre.full.win32.x86_64_17.0.7.v20230425-1502\jre\bin\nio.dll
0x00007ffb68ff0000 - 0x00007ffb68ff9000 	C:\Program Files (x86)\sts-4.19.1.RELEASE\plugins\org.eclipse.justj.openjdk.hotspot.jre.full.win32.x86_64_17.0.7.v20230425-1502\jre\bin\management.dll
0x00007ffb673a0000 - 0x00007ffb673ab000 	C:\Program Files (x86)\sts-4.19.1.RELEASE\plugins\org.eclipse.justj.openjdk.hotspot.jre.full.win32.x86_64_17.0.7.v20230425-1502\jre\bin\management_ext.dll
0x00007ffb885a0000 - 0x00007ffb885a8000 	C:\Windows\System32\PSAPI.DLL
0x00007ffb819e0000 - 0x00007ffb819f7000 	C:\Windows\system32\napinsp.dll
0x00007ffb75eb0000 - 0x00007ffb75ecb000 	C:\Windows\system32\pnrpnsp.dll
0x00007ffb81d60000 - 0x00007ffb81d75000 	C:\Windows\system32\wshbth.dll
0x00007ffb833e0000 - 0x00007ffb833fd000 	C:\Windows\system32\NLAapi.dll
0x00007ffb86f70000 - 0x00007ffb86fab000 	C:\Windows\SYSTEM32\IPHLPAPI.DLL
0x00007ffb86fb0000 - 0x00007ffb8707b000 	C:\Windows\SYSTEM32\DNSAPI.dll
0x00007ffb88590000 - 0x00007ffb88598000 	C:\Windows\System32\NSI.dll
0x00007ffb75e90000 - 0x00007ffb75ea2000 	C:\Windows\System32\winrnr.dll
0x00007ffb78480000 - 0x00007ffb7848a000 	C:\Windows\System32\rasadhlp.dll
0x00007ffb7f7c0000 - 0x00007ffb7f840000 	C:\Windows\System32\fwpuclnt.dll
0x00007ffb88500000 - 0x00007ffb88527000 	C:\Windows\System32\bcrypt.dll
0x00007ffb874c0000 - 0x00007ffb874d8000 	C:\Windows\SYSTEM32\CRYPTSP.dll
0x00007ffb86ba0000 - 0x00007ffb86bd4000 	C:\Windows\system32\rsaenh.dll
0x00007ffb87ae0000 - 0x00007ffb87b0e000 	C:\Windows\SYSTEM32\USERENV.dll
0x00007ffb873f0000 - 0x00007ffb873fc000 	C:\Windows\SYSTEM32\CRYPTBASE.dll
0x00007ffb7f9d0000 - 0x00007ffb7f9e7000 	C:\Windows\SYSTEM32\dhcpcsvc6.DLL
0x00007ffb7f9b0000 - 0x00007ffb7f9cd000 	C:\Windows\SYSTEM32\dhcpcsvc.DLL
0x00007ffb72b00000 - 0x00007ffb72b10000 	C:\Program Files (x86)\sts-4.19.1.RELEASE\plugins\org.eclipse.justj.openjdk.hotspot.jre.full.win32.x86_64_17.0.7.v20230425-1502\jre\bin\verify.dll
0x00007ffb71ae0000 - 0x00007ffb71aee000 	C:\Program Files (x86)\sts-4.19.1.RELEASE\plugins\org.eclipse.justj.openjdk.hotspot.jre.full.win32.x86_64_17.0.7.v20230425-1502\jre\bin\sunmscapi.dll
0x00007ffb880c0000 - 0x00007ffb88216000 	C:\Windows\System32\CRYPT32.dll
0x00007ffb875d0000 - 0x00007ffb875f7000 	C:\Windows\SYSTEM32\ncrypt.dll
0x00007ffb87590000 - 0x00007ffb875cb000 	C:\Windows\SYSTEM32\NTASN1.dll
0x00007ffb83250000 - 0x00007ffb83257000 	C:\Windows\system32\wshunix.dll

dbghelp: loaded successfully - version: 4.0.5 - missing functions: none
symbol engine: initialized successfully - sym options: 0x614 - pdb path: .;C:\Program Files (x86)\sts-4.19.1.RELEASE\plugins\org.eclipse.justj.openjdk.hotspot.jre.full.win32.x86_64_17.0.7.v20230425-1502\jre\bin;C:\Windows\SYSTEM32;C:\Windows\WinSxS\amd64_microsoft.windows.common-controls_6595b64144ccf1df_6.0.19041.1110_none_60b5254171f9507e;C:\Program Files (x86)\sts-4.19.1.RELEASE\plugins\org.eclipse.justj.openjdk.hotspot.jre.full.win32.x86_64_17.0.7.v20230425-1502\jre\bin\server

VM Arguments:
jvm_args: -Dcom.sun.management.jmxremote -Dcom.sun.management.jmxremote.port=52514 -Dcom.sun.management.jmxremote.authenticate=false -Dcom.sun.management.jmxremote.ssl=false -Djava.rmi.server.hostname=localhost -Dspring.jmx.enabled=true -Dmanagement.endpoints.jmx.exposure.include=* -Dspring.application.admin.enabled=true -XX:TieredStopAtLevel=1 -Dspring.boot.project.name=miniproject -Dfile.encoding=UTF-8 -Dstdout.encoding=UTF-8 -Dstderr.encoding=UTF-8 -XX:+ShowCodeDetailsInExceptionMessages 
java_command: com.teama.minpro.teama.MiniprojectApplication --spring.output.ansi.enabled=always
java_class_path (initial): D:\BELAJAR KODING\XSIS\BATCH-327\minpro-team-a\miniproject\target\classes;C:\Users\Admin\.m2\repository\org\springframework\boot\spring-boot-starter-data-jpa\2.7.16\spring-boot-starter-data-jpa-2.7.16.jar;C:\Users\Admin\.m2\repository\org\springframework\boot\spring-boot-starter-aop\2.7.16\spring-boot-starter-aop-2.7.16.jar;C:\Users\Admin\.m2\repository\org\springframework\spring-aop\5.3.30\spring-aop-5.3.30.jar;C:\Users\Admin\.m2\repository\org\aspectj\aspectjweaver\1.9.7\aspectjweaver-1.9.7.jar;C:\Users\Admin\.m2\repository\org\springframework\boot\spring-boot-starter-jdbc\2.7.16\spring-boot-starter-jdbc-2.7.16.jar;C:\Users\Admin\.m2\repository\com\zaxxer\HikariCP\4.0.3\HikariCP-4.0.3.jar;C:\Users\Admin\.m2\repository\org\springframework\spring-jdbc\5.3.30\spring-jdbc-5.3.30.jar;C:\Users\Admin\.m2\repository\jakarta\transaction\jakarta.transaction-api\1.3.3\jakarta.transaction-api-1.3.3.jar;C:\Users\Admin\.m2\repository\jakarta\persistence\jakarta.persistence-api\2.2.3\jakarta.persistence-api-2.2.3.jar;C:\Users\Admin\.m2\repository\org\hibernate\hibernate-core\5.6.15.Final\hibernate-core-5.6.15.Final.jar;C:\Users\Admin\.m2\repository\org\jboss\logging\jboss-logging\3.4.3.Final\jboss-logging-3.4.3.Final.jar;C:\Users\Admin\.m2\repository\net\bytebuddy\byte-buddy\1.12.23\byte-buddy-1.12.23.jar;C:\Users\Admin\.m2\repository\antlr\antlr\2.7.7\antlr-2.7.7.jar;C:\Users\Admin\.m2\repository\org\jboss\jandex\2.4.2.Final\jandex-2.4.2.Final.jar;C:\Users\Admin\.m2\repository\com\fasterxml\classmate\1.5.1\classmate-1.5.1.jar;C:\Users\Admin\.m2\repository\org\hibernate\common\hibernate-commons-annotations\5.1.2.Final\hibernate-commons-annotations-5.1.2.Final.jar;C:\Users\Admin\.m2\repository\org\glassfish\jaxb\jaxb-runtime\2.3.8\jaxb-runtime-2.3.8.jar;C:\Users\Admin\.m2\repository\org\glassfish\jaxb\txw2\2.3.8\txw2-2.3.8.jar;C:\Users\Admin\.m2\repository\com\sun\istack\istack-commons-runtime\3.0.12\istack-commons-runtime-3.0.12.jar;C:\Users\Admin\.m
Launcher Type: SUN_STANDARD

[Global flags]
     intx CICompilerCount                          = 3                                         {product} {ergonomic}
     uint ConcGCThreads                            = 1                                         {product} {ergonomic}
     uint G1ConcRefinementThreads                  = 4                                         {product} {ergonomic}
   size_t G1HeapRegionSize                         = 1048576                                   {product} {ergonomic}
    uintx GCDrainStackTargetSize                   = 64                                        {product} {ergonomic}
   size_t InitialHeapSize                          = 100663296                                 {product} {ergonomic}
     bool ManagementServer                         = true                                      {product} {command line}
   size_t MarkStackSize                            = 4194304                                   {product} {ergonomic}
   size_t MaxHeapSize                              = 1589641216                                {product} {ergonomic}
   size_t MaxNewSize                               = 953155584                                 {product} {ergonomic}
   size_t MinHeapDeltaBytes                        = 1048576                                   {product} {ergonomic}
   size_t MinHeapSize                              = 8388608                                   {product} {ergonomic}
    uintx NonProfiledCodeHeapSize                  = 0                                      {pd product} {ergonomic}
     bool ProfileInterpreter                       = false                                  {pd product} {command line}
    uintx ProfiledCodeHeapSize                     = 0                                      {pd product} {ergonomic}
     bool ShowCodeDetailsInExceptionMessages       = true                                   {manageable} {command line}
   size_t SoftMaxHeapSize                          = 1589641216                             {manageable} {ergonomic}
     intx TieredStopAtLevel                        = 1                                         {product} {command line}
     bool UseCompressedClassPointers               = true                           {product lp64_product} {ergonomic}
     bool UseCompressedOops                        = true                           {product lp64_product} {ergonomic}
     bool UseG1GC                                  = true                                      {product} {ergonomic}
     bool UseLargePagesIndividualAllocation        = false                                  {pd product} {ergonomic}

Logging:
Log output configuration:
 #0: stdout all=warning uptime,level,tags
 #1: stderr all=off uptime,level,tags

Environment Variables:
JAVA_HOME=C:\Program Files\Java\jdk-20.0.2
PATH=C:/Program Files (x86)/sts-4.19.1.RELEASE//plugins/org.eclipse.justj.openjdk.hotspot.jre.full.win32.x86_64_17.0.7.v20230425-1502/jre/bin/server;C:/Program Files (x86)/sts-4.19.1.RELEASE//plugins/org.eclipse.justj.openjdk.hotspot.jre.full.win32.x86_64_17.0.7.v20230425-1502/jre/bin;C:\Windows\system32;C:\Windows;C:\Windows\System32\Wbem;C:\Windows\System32\WindowsPowerShell\v1.0\;C:\Windows\System32\OpenSSH\;C:\Program Files\Java\jdk-20.0.2\bin;C:\Program Files\Git\cmd;C:\Program Files\Docker\Docker\resources\bin;C:\Users\Admin\AppData\Local\Microsoft\WindowsApps;;C:\Users\Admin\AppData\Local\Programs\Microsoft VS Code\bin;C:\Program Files (x86)\sts-4.19.1.RELEASE;
USERNAME=Irfan
OS=Windows_NT
PROCESSOR_IDENTIFIER=AMD64 Family 23 Model 24 Stepping 1, AuthenticAMD
TMP=C:\Users\Admin\AppData\Local\Temp
TEMP=C:\Users\Admin\AppData\Local\Temp



---------------  S Y S T E M  ---------------

OS:
 Windows 10 , 64 bit Build 19041 (10.0.19041.2545)
OS uptime: 0 days 2:18 hours
Hyper-V role detected

CPU: total 4 (initial active 4) (4 cores per cpu, 2 threads per core) family 23 model 24 stepping 1 microcode 0x0, cx8, cmov, fxsr, ht, mmx, 3dnowpref, sse, sse2, sse3, ssse3, sse4a, sse4.1, sse4.2, popcnt, lzcnt, tsc, tscinvbit, avx, avx2, aes, clmul, bmi1, bmi2, adx, sha, fma, vzeroupper, clflush, clflushopt, hv

Memory: 4k page, system-wide physical 6058M (430M free)
TotalPageFile size 6058M (AvailPageFile size 34M)
current process WorkingSet (physical memory assigned to process): 298M, peak: 299M
current process commit charge ("private bytes"): 330M, peak: 424M

vm_info: OpenJDK 64-Bit Server VM (17.0.7+7) for windows-amd64 JRE (17.0.7+7), built on Apr 18 2023 22:10:42 by "temurin" with MS VC++ 16.7 (VS2019)

END.
