#
# There is insufficient memory for the Java Runtime Environment to continue.
# Native memory allocation (mmap) failed to map 80740352 bytes for G1 virtual space
# Possible reasons:
#   The system is out of physical RAM or swap space
#   The process is running with CompressedOops enabled, and the Java Heap may be blocking the growth of the native heap
# Possible solutions:
#   Reduce memory load on the system
#   Increase physical memory or swap space
#   Check if swap backing store is full
#   Decrease Java heap size (-Xmx/-Xms)
#   Decrease number of Java threads
#   Decrease Java thread stack sizes (-Xss)
#   Set larger code cache with -XX:ReservedCodeCacheSize=
#   JVM is running with Unscaled Compressed Oops mode in which the Java heap is
#     placed in the first 4GB address space. The Java Heap base address is the
#     maximum limit for the native heap growth. Please use -XX:HeapBaseMinAddress
#     to set the Java Heap base and to place the Java Heap above 4GB virtual address.
# This output file may be truncated or incomplete.
#
#  Out of Memory Error (os_windows.cpp:3559), pid=10000, tid=7372
#
# JRE version: OpenJDK Runtime Environment Temurin-17.0.7+7 (17.0.7+7) (build 17.0.7+7)
# Java VM: OpenJDK 64-Bit Server VM Temurin-17.0.7+7 (17.0.7+7, mixed mode, emulated-client, tiered, compressed oops, compressed class ptrs, g1 gc, windows-amd64)
# No core dump will be written. Minidumps are not enabled by default on client versions of Windows
#

---------------  S U M M A R Y ------------

Command Line: -XX:+ShowCodeDetailsInExceptionMessages -agentlib:jdwp=transport=dt_socket,suspend=y,address=localhost:51197 -Dcom.sun.management.jmxremote -Dcom.sun.management.jmxremote.port=51196 -Dcom.sun.management.jmxremote.authenticate=false -Dcom.sun.management.jmxremote.ssl=false -Djava.rmi.server.hostname=localhost -Dspring.jmx.enabled=true -Dmanagement.endpoints.jmx.exposure.include=* -Dspring.application.admin.enabled=true -XX:TieredStopAtLevel=1 -Dspring.boot.project.name=miniproject -javaagent:C:\Program Files (x86)\sts-4.19.1.RELEASE\configuration\org.eclipse.osgi\740\0\.cp\lib\javaagent-shaded.jar -Dfile.encoding=UTF-8 -Dstdout.encoding=UTF-8 -Dstderr.encoding=UTF-8 com.teama.minpro.teama.MiniprojectApplication --spring.output.ansi.enabled=always

Host: AMD Ryzen 3 3200U with Radeon Vega Mobile Gfx  , 4 cores, 5G,  Windows 10 , 64 bit Build 19041 (10.0.19041.2545)
Time: Thu Jan  4 22:56:18 2024 SE Asia Standard Time elapsed time: 10.381749 seconds (0d 0h 0m 10s)

---------------  T H R E A D  ---------------

Current thread (0x000001fa2ea393a0):  VMThread "VM Thread" [stack: 0x000000246d900000,0x000000246da00000] [id=7372]

Stack: [0x000000246d900000,0x000000246da00000]
Native frames: (J=compiled Java code, j=interpreted, Vv=VM code, C=native code)
V  [jvm.dll+0x67754a]
V  [jvm.dll+0x834304]
V  [jvm.dll+0x835aae]
V  [jvm.dll+0x836113]
V  [jvm.dll+0x24696f]
V  [jvm.dll+0x6743f9]
V  [jvm.dll+0x668c8a]
V  [jvm.dll+0x3061bb]
V  [jvm.dll+0x30d6a6]
V  [jvm.dll+0x35cece]
V  [jvm.dll+0x35d0ff]
V  [jvm.dll+0x2dd048]
V  [jvm.dll+0x2db20c]
V  [jvm.dll+0x2da7dc]
V  [jvm.dll+0x31e6db]
V  [jvm.dll+0x83a5bb]
V  [jvm.dll+0x83b2f4]
V  [jvm.dll+0x83b80c]
V  [jvm.dll+0x83bbe4]
V  [jvm.dll+0x83bcb0]
V  [jvm.dll+0x7e4e7a]
V  [jvm.dll+0x676395]
C  [ucrtbase.dll+0x21bb2]
C  [KERNEL32.DLL+0x17614]
C  [ntdll.dll+0x526a1]

VM_Operation (0x000000246f5f8210): G1CollectForAllocation, mode: safepoint, requested by thread 0x000001fa33edae40


---------------  P R O C E S S  ---------------

Threads class SMR info:
_java_thread_list=0x000001fa352fd2d0, length=30, elements={
0x000001fa22840f90, 0x000001fa2ea5e270, 0x000001fa2ea5f270, 0x000001fa2ea82020,
0x000001fa2ea82ba0, 0x000001fa2ea846e0, 0x000001fa2ea86d60, 0x000001fa2ea898f0,
0x000001fa2eb92e30, 0x000001fa2e9c07f0, 0x000001fa2ed23270, 0x000001fa2ed23780,
0x000001fa2ed738c0, 0x000001fa2edb2980, 0x000001fa2edb4fe0, 0x000001fa337657f0,
0x000001fa3387ae10, 0x000001fa33870840, 0x000001fa338770e0, 0x000001fa338ee750,
0x000001fa33a51780, 0x000001fa33dbcc00, 0x000001fa338cb000, 0x000001fa33edb310,
0x000001fa33edae40, 0x000001fa33ed82f0, 0x000001fa33ed8c90, 0x000001fa33ed9630,
0x000001fa33ed9fd0, 0x000001fa33eda4a0
}

Java Threads: ( => current thread )
  0x000001fa22840f90 JavaThread "main" [_thread_blocked, id=9952, stack(0x000000246d300000,0x000000246d400000)]
  0x000001fa2ea5e270 JavaThread "Reference Handler" daemon [_thread_blocked, id=10072, stack(0x000000246da00000,0x000000246db00000)]
  0x000001fa2ea5f270 JavaThread "Finalizer" daemon [_thread_blocked, id=3316, stack(0x000000246db00000,0x000000246dc00000)]
  0x000001fa2ea82020 JavaThread "Signal Dispatcher" daemon [_thread_blocked, id=1940, stack(0x000000246dc00000,0x000000246dd00000)]
  0x000001fa2ea82ba0 JavaThread "Attach Listener" daemon [_thread_blocked, id=9440, stack(0x000000246dd00000,0x000000246de00000)]
  0x000001fa2ea846e0 JavaThread "Service Thread" daemon [_thread_blocked, id=7704, stack(0x000000246de00000,0x000000246df00000)]
  0x000001fa2ea86d60 JavaThread "Monitor Deflation Thread" daemon [_thread_blocked, id=9508, stack(0x000000246df00000,0x000000246e000000)]
  0x000001fa2ea898f0 JavaThread "C1 CompilerThread0" daemon [_thread_blocked, id=9260, stack(0x000000246e000000,0x000000246e100000)]
  0x000001fa2eb92e30 JavaThread "Sweeper thread" daemon [_thread_blocked, id=8964, stack(0x000000246e100000,0x000000246e200000)]
  0x000001fa2e9c07f0 JavaThread "Common-Cleaner" daemon [_thread_blocked, id=9196, stack(0x000000246e200000,0x000000246e300000)]
  0x000001fa2ed23270 JavaThread "C1 CompilerThread1" daemon [_thread_blocked, id=9732, stack(0x000000246e300000,0x000000246e400000)]
  0x000001fa2ed23780 JavaThread "C1 CompilerThread2" daemon [_thread_blocked, id=9016, stack(0x000000246e400000,0x000000246e500000)]
  0x000001fa2ed738c0 JavaThread "JDWP Transport Listener: dt_socket" daemon [_thread_blocked, id=7284, stack(0x000000246e500000,0x000000246e600000)]
  0x000001fa2edb2980 JavaThread "JDWP Event Helper Thread" daemon [_thread_blocked, id=6864, stack(0x000000246e600000,0x000000246e700000)]
  0x000001fa2edb4fe0 JavaThread "JDWP Command Reader" daemon [_thread_in_native, id=5512, stack(0x000000246e700000,0x000000246e800000)]
  0x000001fa337657f0 JavaThread "Notification Thread" daemon [_thread_blocked, id=9532, stack(0x000000246e800000,0x000000246e900000)]
  0x000001fa3387ae10 JavaThread "RMI TCP Accept-0" daemon [_thread_in_native, id=7728, stack(0x000000246ec00000,0x000000246ed00000)]
  0x000001fa33870840 JavaThread "RMI TCP Accept-51196" daemon [_thread_in_native, id=8516, stack(0x000000246ed00000,0x000000246ee00000)]
  0x000001fa338770e0 JavaThread "RMI TCP Accept-0" daemon [_thread_in_native, id=3628, stack(0x000000246ee00000,0x000000246ef00000)]
  0x000001fa338ee750 JavaThread "RMI TCP Connection(1)-127.0.0.1" daemon [_thread_in_native, id=7036, stack(0x000000246f000000,0x000000246f100000)]
  0x000001fa33a51780 JavaThread "RMI Scheduler(0)" daemon [_thread_blocked, id=9604, stack(0x000000246f100000,0x000000246f200000)]
  0x000001fa33dbcc00 JavaThread "RMI TCP Connection(2)-127.0.0.1" daemon [_thread_in_native, id=3660, stack(0x000000246f200000,0x000000246f300000)]
  0x000001fa338cb000 JavaThread "JMX server connection timeout 24" daemon [_thread_blocked, id=9780, stack(0x000000246f300000,0x000000246f400000)]
  0x000001fa33edb310 JavaThread "Thread-0" [_thread_blocked, id=9300, stack(0x000000246f400000,0x000000246f500000)]
  0x000001fa33edae40 JavaThread "restartedMain" [_thread_blocked, id=4044, stack(0x000000246f500000,0x000000246f600000)]
  0x000001fa33ed82f0 JavaThread "HikariPool-1 housekeeper" daemon [_thread_blocked, id=3948, stack(0x000000246f700000,0x000000246f800000)]
  0x000001fa33ed8c90 JavaThread "HikariPool-1 connection adder" daemon [_thread_blocked, id=9568, stack(0x000000246f800000,0x000000246f900000)]
  0x000001fa33ed9630 JavaThread "Catalina-utility-1" [_thread_blocked, id=8244, stack(0x000000246f900000,0x000000246fa00000)]
  0x000001fa33ed9fd0 JavaThread "Catalina-utility-2" [_thread_blocked, id=9520, stack(0x000000246fa00000,0x000000246fb00000)]
  0x000001fa33eda4a0 JavaThread "container-0" [_thread_blocked, id=9824, stack(0x000000246fb00000,0x000000246fc00000)]

Other Threads:
=>0x000001fa2ea393a0 VMThread "VM Thread" [stack: 0x000000246d900000,0x000000246da00000] [id=7372]
  0x000001fa338a3900 WatcherThread [stack: 0x000000246ef00000,0x000000246f000000] [id=3328]
  0x000001fa2288e760 GCTaskThread "GC Thread#0" [stack: 0x000000246d400000,0x000000246d500000] [id=9652]
  0x000001fa338017f0 GCTaskThread "GC Thread#1" [stack: 0x000000246e900000,0x000000246ea00000] [id=8188]
  0x000001fa3382a680 GCTaskThread "GC Thread#2" [stack: 0x000000246ea00000,0x000000246eb00000] [id=7272]
  0x000001fa3382a930 GCTaskThread "GC Thread#3" [stack: 0x000000246eb00000,0x000000246ec00000] [id=9980]
  0x000001fa2289c340 ConcurrentGCThread "G1 Main Marker" [stack: 0x000000246d500000,0x000000246d600000] [id=10232]
  0x000001fa2289cc60 ConcurrentGCThread "G1 Conc#0" [stack: 0x000000246d600000,0x000000246d700000] [id=3084]
  0x000001fa228fcb60 ConcurrentGCThread "G1 Refine#0" [stack: 0x000000246d700000,0x000000246d800000] [id=10104]
  0x000001fa228fd490 ConcurrentGCThread "G1 Service" [stack: 0x000000246d800000,0x000000246d900000] [id=9744]

Threads with active compile tasks:

VM state: at safepoint (normal execution)

VM Mutex/Monitor currently owned by a thread:  ([mutex/lock_event])
[0x000001fa2283dcf0] Threads_lock - owner thread: 0x000001fa2ea393a0
[0x000001fa2283c550] Heap_lock - owner thread: 0x000001fa33edae40

Heap address: 0x00000000a1400000, size: 1516 MB, Compressed Oops mode: 32-bit

CDS archive(s) not mapped
Compressed class space mapped at: 0x0000000100000000-0x0000000140000000, reserved size: 1073741824
Narrow klass base: 0x0000000000000000, Narrow klass shift: 3, Narrow klass range: 0x140000000

GC Precious Log:
 CPUs: 4 total, 4 available
 Memory: 6058M
 Large Page Support: Disabled
 NUMA Support: Disabled
 Compressed Oops: Enabled (32-bit)
 Heap Region Size: 1M
 Heap Min Capacity: 8M
 Heap Initial Capacity: 96M
 Heap Max Capacity: 1516M
 Pre-touch: Disabled
 Parallel Workers: 4
 Concurrent Workers: 1
 Concurrent Refinement Workers: 4
 Periodic GC: Disabled

Heap:
 garbage-first heap   total 119808K, used 35721K [0x00000000a1400000, 0x0000000100000000)
  region size 1024K, 6 young (6144K), 6 survivors (6144K)
 Metaspace       used 69086K, committed 69568K, reserved 1114112K
  class space    used 9124K, committed 9344K, reserved 1048576K

Heap Regions: E=young(eden), S=young(survivor), O=old, HS=humongous(starts), HC=humongous(continues), CS=collection set, F=free, OA=open archive, CA=closed archive, TAMS=top-at-mark-start (previous, next)
|   0|0x00000000a1400000, 0x00000000a1500000, 0x00000000a1500000|100%|HS|  |TAMS 0x00000000a1500000, 0x00000000a1400000| Complete 
|   1|0x00000000a1500000, 0x00000000a1600000, 0x00000000a1600000|100%| O|  |TAMS 0x00000000a1600000, 0x00000000a1500000| Untracked 
|   2|0x00000000a1600000, 0x00000000a1700000, 0x00000000a1700000|100%| O|  |TAMS 0x00000000a1700000, 0x00000000a1600000| Untracked 
|   3|0x00000000a1700000, 0x00000000a1800000, 0x00000000a1800000|100%| O|  |TAMS 0x00000000a1800000, 0x00000000a1700000| Untracked 
|   4|0x00000000a1800000, 0x00000000a1900000, 0x00000000a1900000|100%| O|  |TAMS 0x00000000a1900000, 0x00000000a1800000| Untracked 
|   5|0x00000000a1900000, 0x00000000a1a00000, 0x00000000a1a00000|100%| O|  |TAMS 0x00000000a1a00000, 0x00000000a1900000| Untracked 
|   6|0x00000000a1a00000, 0x00000000a1b00000, 0x00000000a1b00000|100%| O|  |TAMS 0x00000000a1b00000, 0x00000000a1a00000| Untracked 
|   7|0x00000000a1b00000, 0x00000000a1c00000, 0x00000000a1c00000|100%| O|  |TAMS 0x00000000a1c00000, 0x00000000a1b00000| Untracked 
|   8|0x00000000a1c00000, 0x00000000a1d00000, 0x00000000a1d00000|100%| O|  |TAMS 0x00000000a1d00000, 0x00000000a1c00000| Untracked 
|   9|0x00000000a1d00000, 0x00000000a1e00000, 0x00000000a1e00000|100%| O|  |TAMS 0x00000000a1e00000, 0x00000000a1d00000| Untracked 
|  10|0x00000000a1e00000, 0x00000000a1f00000, 0x00000000a1f00000|100%| O|  |TAMS 0x00000000a1f00000, 0x00000000a1e00000| Untracked 
|  11|0x00000000a1f00000, 0x00000000a2000000, 0x00000000a2000000|100%| O|  |TAMS 0x00000000a2000000, 0x00000000a1f00000| Untracked 
|  12|0x00000000a2000000, 0x00000000a2100000, 0x00000000a2100000|100%| O|  |TAMS 0x00000000a2100000, 0x00000000a2000000| Untracked 
|  13|0x00000000a2100000, 0x00000000a2200000, 0x00000000a2200000|100%| O|  |TAMS 0x00000000a2100000, 0x00000000a2100000| Untracked 
|  14|0x00000000a2200000, 0x00000000a2300000, 0x00000000a2300000|100%| O|  |TAMS 0x00000000a2300000, 0x00000000a2200000| Untracked 
|  15|0x00000000a2300000, 0x00000000a2400000, 0x00000000a2400000|100%| O|  |TAMS 0x00000000a2400000, 0x00000000a2300000| Untracked 
|  16|0x00000000a2400000, 0x00000000a2500000, 0x00000000a2500000|100%| O|  |TAMS 0x00000000a2500000, 0x00000000a2400000| Untracked 
|  17|0x00000000a2500000, 0x00000000a2600000, 0x00000000a2600000|100%| O|  |TAMS 0x00000000a2600000, 0x00000000a2500000| Untracked 
|  18|0x00000000a2600000, 0x00000000a2700000, 0x00000000a2700000|100%| O|  |TAMS 0x00000000a2700000, 0x00000000a2600000| Untracked 
|  19|0x00000000a2700000, 0x00000000a2800000, 0x00000000a2800000|100%| O|  |TAMS 0x00000000a2800000, 0x00000000a2700000| Untracked 
|  20|0x00000000a2800000, 0x00000000a2900000, 0x00000000a2900000|100%| O|  |TAMS 0x00000000a28a0000, 0x00000000a2800000| Untracked 
|  21|0x00000000a2900000, 0x00000000a29e4400, 0x00000000a2a00000| 89%| O|  |TAMS 0x00000000a2900000, 0x00000000a2900000| Untracked 
|  22|0x00000000a2a00000, 0x00000000a2b00000, 0x00000000a2b00000|100%| O|  |TAMS 0x00000000a2a00000, 0x00000000a2a00000| Untracked 
|  23|0x00000000a2b00000, 0x00000000a2c00000, 0x00000000a2c00000|100%| O|  |TAMS 0x00000000a2b00000, 0x00000000a2b00000| Untracked 
|  24|0x00000000a2c00000, 0x00000000a2d00000, 0x00000000a2d00000|100%| O|  |TAMS 0x00000000a2c00000, 0x00000000a2c00000| Untracked 
|  25|0x00000000a2d00000, 0x00000000a2e00000, 0x00000000a2e00000|100%| O|  |TAMS 0x00000000a2d00000, 0x00000000a2d00000| Untracked 
|  26|0x00000000a2e00000, 0x00000000a2f00000, 0x00000000a2f00000|100%| O|  |TAMS 0x00000000a2e00000, 0x00000000a2e00000| Untracked 
|  27|0x00000000a2f00000, 0x00000000a3000000, 0x00000000a3000000|100%| O|  |TAMS 0x00000000a2f00000, 0x00000000a2f00000| Untracked 
|  28|0x00000000a3000000, 0x00000000a3100000, 0x00000000a3100000|100%| O|  |TAMS 0x00000000a3000000, 0x00000000a3000000| Untracked 
|  29|0x00000000a3100000, 0x00000000a3157e00, 0x00000000a3200000| 34%| O|  |TAMS 0x00000000a3100000, 0x00000000a3100000| Untracked 
|  30|0x00000000a3200000, 0x00000000a3200000, 0x00000000a3300000|  0%| F|  |TAMS 0x00000000a3200000, 0x00000000a3200000| Untracked 
|  31|0x00000000a3300000, 0x00000000a3300000, 0x00000000a3400000|  0%| F|  |TAMS 0x00000000a3300000, 0x00000000a3300000| Untracked 
|  32|0x00000000a3400000, 0x00000000a3400000, 0x00000000a3500000|  0%| F|  |TAMS 0x00000000a3400000, 0x00000000a3400000| Untracked 
|  33|0x00000000a3500000, 0x00000000a3500000, 0x00000000a3600000|  0%| F|  |TAMS 0x00000000a3500000, 0x00000000a3500000| Untracked 
|  34|0x00000000a3600000, 0x00000000a3600000, 0x00000000a3700000|  0%| F|  |TAMS 0x00000000a3600000, 0x00000000a3600000| Untracked 
|  35|0x00000000a3700000, 0x00000000a3700000, 0x00000000a3800000|  0%| F|  |TAMS 0x00000000a3700000, 0x00000000a3700000| Untracked 
|  36|0x00000000a3800000, 0x00000000a3800000, 0x00000000a3900000|  0%| F|  |TAMS 0x00000000a3800000, 0x00000000a3800000| Untracked 
|  37|0x00000000a3900000, 0x00000000a3900000, 0x00000000a3a00000|  0%| F|  |TAMS 0x00000000a3900000, 0x00000000a3900000| Untracked 
|  38|0x00000000a3a00000, 0x00000000a3a00000, 0x00000000a3b00000|  0%| F|  |TAMS 0x00000000a3a00000, 0x00000000a3a00000| Untracked 
|  39|0x00000000a3b00000, 0x00000000a3b00000, 0x00000000a3c00000|  0%| F|  |TAMS 0x00000000a3b00000, 0x00000000a3b00000| Untracked 
|  40|0x00000000a3c00000, 0x00000000a3c00000, 0x00000000a3d00000|  0%| F|  |TAMS 0x00000000a3c00000, 0x00000000a3c00000| Untracked 
|  41|0x00000000a3d00000, 0x00000000a3da6220, 0x00000000a3e00000| 64%| S|CS|TAMS 0x00000000a3d00000, 0x00000000a3d00000| Complete 
|  42|0x00000000a3e00000, 0x00000000a3f00000, 0x00000000a3f00000|100%| S|CS|TAMS 0x00000000a3e00000, 0x00000000a3e00000| Complete 
|  43|0x00000000a3f00000, 0x00000000a4000000, 0x00000000a4000000|100%| S|CS|TAMS 0x00000000a3f00000, 0x00000000a3f00000| Complete 
|  44|0x00000000a4000000, 0x00000000a4000000, 0x00000000a4100000|  0%| F|  |TAMS 0x00000000a4000000, 0x00000000a4000000| Untracked 
|  45|0x00000000a4100000, 0x00000000a4100000, 0x00000000a4200000|  0%| F|  |TAMS 0x00000000a4100000, 0x00000000a4100000| Untracked 
|  46|0x00000000a4200000, 0x00000000a4200000, 0x00000000a4300000|  0%| F|  |TAMS 0x00000000a4200000, 0x00000000a4200000| Untracked 
|  47|0x00000000a4300000, 0x00000000a4400000, 0x00000000a4400000|100%| S|CS|TAMS 0x00000000a4300000, 0x00000000a4300000| Complete 
|  48|0x00000000a4400000, 0x00000000a4500000, 0x00000000a4500000|100%| S|CS|TAMS 0x00000000a4400000, 0x00000000a4400000| Complete 
|  49|0x00000000a4500000, 0x00000000a4600000, 0x00000000a4600000|100%| S|CS|TAMS 0x00000000a4500000, 0x00000000a4500000| Complete 
|  50|0x00000000a4600000, 0x00000000a4600000, 0x00000000a4700000|  0%| F|  |TAMS 0x00000000a4600000, 0x00000000a4600000| Untracked 
|  51|0x00000000a4700000, 0x00000000a4700000, 0x00000000a4800000|  0%| F|  |TAMS 0x00000000a4700000, 0x00000000a4700000| Untracked 
|  52|0x00000000a4800000, 0x00000000a4800000, 0x00000000a4900000|  0%| F|  |TAMS 0x00000000a4800000, 0x00000000a4800000| Untracked 
|  53|0x00000000a4900000, 0x00000000a4900000, 0x00000000a4a00000|  0%| F|  |TAMS 0x00000000a4900000, 0x00000000a4900000| Untracked 
|  54|0x00000000a4a00000, 0x00000000a4a00000, 0x00000000a4b00000|  0%| F|  |TAMS 0x00000000a4a00000, 0x00000000a4a00000| Untracked 
|  55|0x00000000a4b00000, 0x00000000a4b00000, 0x00000000a4c00000|  0%| F|  |TAMS 0x00000000a4b00000, 0x00000000a4b00000| Untracked 
|  56|0x00000000a4c00000, 0x00000000a4c00000, 0x00000000a4d00000|  0%| F|  |TAMS 0x00000000a4c00000, 0x00000000a4c00000| Untracked 
|  57|0x00000000a4d00000, 0x00000000a4d00000, 0x00000000a4e00000|  0%| F|  |TAMS 0x00000000a4d00000, 0x00000000a4d00000| Untracked 
|  58|0x00000000a4e00000, 0x00000000a4e00000, 0x00000000a4f00000|  0%| F|  |TAMS 0x00000000a4e00000, 0x00000000a4e00000| Untracked 
|  59|0x00000000a4f00000, 0x00000000a4f00000, 0x00000000a5000000|  0%| F|  |TAMS 0x00000000a4f00000, 0x00000000a4f00000| Untracked 
|  60|0x00000000a5000000, 0x00000000a5000000, 0x00000000a5100000|  0%| F|  |TAMS 0x00000000a5000000, 0x00000000a5000000| Untracked 
|  61|0x00000000a5100000, 0x00000000a5100000, 0x00000000a5200000|  0%| F|  |TAMS 0x00000000a5100000, 0x00000000a5100000| Untracked 
|  62|0x00000000a5200000, 0x00000000a5200000, 0x00000000a5300000|  0%| F|  |TAMS 0x00000000a5200000, 0x00000000a5200000| Untracked 
|  63|0x00000000a5300000, 0x00000000a5300000, 0x00000000a5400000|  0%| F|  |TAMS 0x00000000a5300000, 0x00000000a5300000| Untracked 
|  64|0x00000000a5400000, 0x00000000a5400000, 0x00000000a5500000|  0%| F|  |TAMS 0x00000000a5400000, 0x00000000a5400000| Untracked 
|  65|0x00000000a5500000, 0x00000000a5500000, 0x00000000a5600000|  0%| F|  |TAMS 0x00000000a5500000, 0x00000000a5500000| Untracked 
|  66|0x00000000a5600000, 0x00000000a5600000, 0x00000000a5700000|  0%| F|  |TAMS 0x00000000a5600000, 0x00000000a5600000| Untracked 
|  67|0x00000000a5700000, 0x00000000a5700000, 0x00000000a5800000|  0%| F|  |TAMS 0x00000000a5700000, 0x00000000a5700000| Untracked 
|  68|0x00000000a5800000, 0x00000000a5800000, 0x00000000a5900000|  0%| F|  |TAMS 0x00000000a5800000, 0x00000000a5800000| Untracked 
|  69|0x00000000a5900000, 0x00000000a5900000, 0x00000000a5a00000|  0%| F|  |TAMS 0x00000000a5900000, 0x00000000a5900000| Untracked 
|  70|0x00000000a5a00000, 0x00000000a5a00000, 0x00000000a5b00000|  0%| F|  |TAMS 0x00000000a5a00000, 0x00000000a5a00000| Untracked 
|  71|0x00000000a5b00000, 0x00000000a5b00000, 0x00000000a5c00000|  0%| F|  |TAMS 0x00000000a5b00000, 0x00000000a5b00000| Untracked 
|  72|0x00000000a5c00000, 0x00000000a5c00000, 0x00000000a5d00000|  0%| F|  |TAMS 0x00000000a5c00000, 0x00000000a5c00000| Untracked 
|  73|0x00000000a5d00000, 0x00000000a5d00000, 0x00000000a5e00000|  0%| F|  |TAMS 0x00000000a5d00000, 0x00000000a5d00000| Untracked 
|  74|0x00000000a5e00000, 0x00000000a5e00000, 0x00000000a5f00000|  0%| F|  |TAMS 0x00000000a5e00000, 0x00000000a5e00000| Untracked 
|  75|0x00000000a5f00000, 0x00000000a5f00000, 0x00000000a6000000|  0%| F|  |TAMS 0x00000000a5f00000, 0x00000000a5f00000| Untracked 
|  76|0x00000000a6000000, 0x00000000a6000000, 0x00000000a6100000|  0%| F|  |TAMS 0x00000000a6000000, 0x00000000a6000000| Untracked 
|  77|0x00000000a6100000, 0x00000000a6100000, 0x00000000a6200000|  0%| F|  |TAMS 0x00000000a6100000, 0x00000000a6100000| Untracked 
|  78|0x00000000a6200000, 0x00000000a6200000, 0x00000000a6300000|  0%| F|  |TAMS 0x00000000a6200000, 0x00000000a6200000| Untracked 
|  79|0x00000000a6300000, 0x00000000a6300000, 0x00000000a6400000|  0%| F|  |TAMS 0x00000000a6300000, 0x00000000a6300000| Untracked 
|  80|0x00000000a6400000, 0x00000000a6400000, 0x00000000a6500000|  0%| F|  |TAMS 0x00000000a6400000, 0x00000000a6400000| Untracked 
|  81|0x00000000a6500000, 0x00000000a6500000, 0x00000000a6600000|  0%| F|  |TAMS 0x00000000a6500000, 0x00000000a6500000| Untracked 
|  82|0x00000000a6600000, 0x00000000a6600000, 0x00000000a6700000|  0%| F|  |TAMS 0x00000000a6600000, 0x00000000a6600000| Untracked 
|  83|0x00000000a6700000, 0x00000000a6700000, 0x00000000a6800000|  0%| F|  |TAMS 0x00000000a6700000, 0x00000000a6700000| Untracked 
|  84|0x00000000a6800000, 0x00000000a6800000, 0x00000000a6900000|  0%| F|  |TAMS 0x00000000a6800000, 0x00000000a6800000| Untracked 
|  85|0x00000000a6900000, 0x00000000a6900000, 0x00000000a6a00000|  0%| F|  |TAMS 0x00000000a6900000, 0x00000000a6900000| Untracked 
|  86|0x00000000a6a00000, 0x00000000a6a00000, 0x00000000a6b00000|  0%| F|  |TAMS 0x00000000a6a00000, 0x00000000a6a00000| Untracked 
|  87|0x00000000a6b00000, 0x00000000a6b00000, 0x00000000a6c00000|  0%| F|  |TAMS 0x00000000a6b00000, 0x00000000a6b00000| Untracked 
|  88|0x00000000a6c00000, 0x00000000a6c00000, 0x00000000a6d00000|  0%| F|  |TAMS 0x00000000a6c00000, 0x00000000a6c00000| Untracked 
|  89|0x00000000a6d00000, 0x00000000a6d00000, 0x00000000a6e00000|  0%| F|  |TAMS 0x00000000a6d00000, 0x00000000a6d00000| Untracked 
|  90|0x00000000a6e00000, 0x00000000a6e00000, 0x00000000a6f00000|  0%| F|  |TAMS 0x00000000a6e00000, 0x00000000a6e00000| Untracked 
|  91|0x00000000a6f00000, 0x00000000a6f00000, 0x00000000a7000000|  0%| F|  |TAMS 0x00000000a6f00000, 0x00000000a6f00000| Untracked 
|  92|0x00000000a7000000, 0x00000000a7000000, 0x00000000a7100000|  0%| F|  |TAMS 0x00000000a7000000, 0x00000000a7000000| Untracked 
|  93|0x00000000a7100000, 0x00000000a7100000, 0x00000000a7200000|  0%| F|  |TAMS 0x00000000a7100000, 0x00000000a7100000| Untracked 
|  94|0x00000000a7200000, 0x00000000a7200000, 0x00000000a7300000|  0%| F|  |TAMS 0x00000000a7200000, 0x00000000a7200000| Untracked 
|  95|0x00000000a7300000, 0x00000000a7300000, 0x00000000a7400000|  0%| F|  |TAMS 0x00000000a7300000, 0x00000000a7300000| Untracked 
|  96|0x00000000a7400000, 0x00000000a7400000, 0x00000000a7500000|  0%| F|  |TAMS 0x00000000a7400000, 0x00000000a7400000| Untracked 
|  97|0x00000000a7500000, 0x00000000a7500000, 0x00000000a7600000|  0%| F|  |TAMS 0x00000000a7500000, 0x00000000a7500000| Untracked 
|  98|0x00000000a7600000, 0x00000000a7600000, 0x00000000a7700000|  0%| F|  |TAMS 0x00000000a7600000, 0x00000000a7600000| Untracked 
|  99|0x00000000a7700000, 0x00000000a7700000, 0x00000000a7800000|  0%| F|  |TAMS 0x00000000a7700000, 0x00000000a7700000| Untracked 
| 100|0x00000000a7800000, 0x00000000a7800000, 0x00000000a7900000|  0%| F|  |TAMS 0x00000000a7800000, 0x00000000a7800000| Untracked 
| 101|0x00000000a7900000, 0x00000000a7900000, 0x00000000a7a00000|  0%| F|  |TAMS 0x00000000a7900000, 0x00000000a7900000| Untracked 
| 102|0x00000000a7a00000, 0x00000000a7a00000, 0x00000000a7b00000|  0%| F|  |TAMS 0x00000000a7a00000, 0x00000000a7a00000| Untracked 
| 103|0x00000000a7b00000, 0x00000000a7b00000, 0x00000000a7c00000|  0%| F|  |TAMS 0x00000000a7b00000, 0x00000000a7b00000| Untracked 
| 104|0x00000000a7c00000, 0x00000000a7c00000, 0x00000000a7d00000|  0%| F|  |TAMS 0x00000000a7c00000, 0x00000000a7c00000| Untracked 
| 105|0x00000000a7d00000, 0x00000000a7d00000, 0x00000000a7e00000|  0%| F|  |TAMS 0x00000000a7d00000, 0x00000000a7d00000| Untracked 
| 106|0x00000000a7e00000, 0x00000000a7e00000, 0x00000000a7f00000|  0%| F|  |TAMS 0x00000000a7e00000, 0x00000000a7e00000| Untracked 
| 107|0x00000000a7f00000, 0x00000000a7f00000, 0x00000000a8000000|  0%| F|  |TAMS 0x00000000a7f00000, 0x00000000a7f00000| Untracked 
| 108|0x00000000a8000000, 0x00000000a8000000, 0x00000000a8100000|  0%| F|  |TAMS 0x00000000a8000000, 0x00000000a8000000| Untracked 
| 109|0x00000000a8100000, 0x00000000a8100000, 0x00000000a8200000|  0%| F|  |TAMS 0x00000000a8100000, 0x00000000a8100000| Untracked 
| 110|0x00000000a8200000, 0x00000000a8200000, 0x00000000a8300000|  0%| F|  |TAMS 0x00000000a8200000, 0x00000000a8200000| Untracked 
| 111|0x00000000a8300000, 0x00000000a8300000, 0x00000000a8400000|  0%| F|  |TAMS 0x00000000a8300000, 0x00000000a8300000| Untracked 
| 112|0x00000000a8400000, 0x00000000a8400000, 0x00000000a8500000|  0%| F|  |TAMS 0x00000000a8400000, 0x00000000a8400000| Untracked 
| 113|0x00000000a8500000, 0x00000000a8500000, 0x00000000a8600000|  0%| F|  |TAMS 0x00000000a8500000, 0x00000000a8500000| Untracked 
| 114|0x00000000a8600000, 0x00000000a8600000, 0x00000000a8700000|  0%| F|  |TAMS 0x00000000a8600000, 0x00000000a8600000| Untracked 
| 115|0x00000000a8700000, 0x00000000a8700000, 0x00000000a8800000|  0%| F|  |TAMS 0x00000000a8700000, 0x00000000a8700000| Untracked 
| 116|0x00000000a8800000, 0x00000000a8800000, 0x00000000a8900000|  0%| F|  |TAMS 0x00000000a8800000, 0x00000000a8800000| Untracked 

Card table byte_map: [0x000001fa28ef0000,0x000001fa291f0000] _byte_map_base: 0x000001fa289e6000

Marking Bits (Prev, Next): (CMBitMap*) 0x000001fa2288fcd0, (CMBitMap*) 0x000001fa2288fc90
 Prev Bits: [0x000001fa2aca0000, 0x000001fa2c450000)
 Next Bits: [0x000001fa294f0000, 0x000001fa2aca0000)

Polling page: 0x000001fa207b0000

Metaspace:

Usage:
  Non-class:     58.56 MB used.
      Class:      8.91 MB used.
       Both:     67.47 MB used.

Virtual space:
  Non-class space:       64.00 MB reserved,      58.81 MB ( 92%) committed,  1 nodes.
      Class space:        1.00 GB reserved,       9.12 MB ( <1%) committed,  1 nodes.
             Both:        1.06 GB reserved,      67.94 MB (  6%) committed. 

Chunk freelists:
   Non-Class:  4.27 MB
       Class:  6.79 MB
        Both:  11.06 MB

MaxMetaspaceSize: unlimited
CompressedClassSpaceSize: 1.00 GB
Initial GC threshold: 21.00 MB
Current GC threshold: 98.44 MB
CDS: off
MetaspaceReclaimPolicy: balanced
 - commit_granule_bytes: 65536.
 - commit_granule_words: 8192.
 - virtual_space_node_default_size: 8388608.
 - enlarge_chunks_in_place: 1.
 - new_chunks_are_fully_committed: 0.
 - uncommit_free_chunks: 1.
 - use_allocation_guard: 0.
 - handle_deallocations: 1.


Internal statistics:

num_allocs_failed_limit: 9.
num_arena_births: 572.
num_arena_deaths: 0.
num_vsnodes_births: 2.
num_vsnodes_deaths: 0.
num_space_committed: 1087.
num_space_uncommitted: 0.
num_chunks_returned_to_freelist: 9.
num_chunks_taken_from_freelist: 2828.
num_chunk_merges: 9.
num_chunk_splits: 1974.
num_chunks_enlarged: 1506.
num_inconsistent_stats: 0.

CodeCache: size=49152Kb used=15190Kb max_used=15190Kb free=33961Kb
 bounds [0x000001fa25ef0000, 0x000001fa26dd0000, 0x000001fa28ef0000]
 total_blobs=8240 nmethods=7555 adapters=609
 compilation: enabled
              stopped_count=0, restarted_count=0
 full_count=0

Compilation events (20 events):
Event: 10.344 Thread 0x000001fa2ea898f0 7645   !   1       org.springframework.beans.AbstractNestablePropertyAccessor::convertIfNecessary (136 bytes)
Event: 10.344 Thread 0x000001fa2ed23780 nmethod 7644 0x000001fa26dbb910 code [0x000001fa26dbbaa0, 0x000001fa26dbbbc8]
Event: 10.345 Thread 0x000001fa2ed23780 7646       1       jdk.internal.reflect.ClassFileAssembler::opc_aload_1 (24 bytes)
Event: 10.345 Thread 0x000001fa2ea898f0 nmethod 7645 0x000001fa26dbbc90 code [0x000001fa26dbbf60, 0x000001fa26dbcab8]
Event: 10.345 Thread 0x000001fa2ea898f0 7650       1       jdk.internal.reflect.AccessorGenerator::emitMethod (276 bytes)
Event: 10.345 Thread 0x000001fa2ed23780 nmethod 7646 0x000001fa26dbd190 code [0x000001fa26dbd320, 0x000001fa26dbd488]
Event: 10.345 Thread 0x000001fa2ed23780 7647       1       jdk.internal.reflect.ClassFileAssembler::opc_dup (11 bytes)
Event: 10.346 Thread 0x000001fa2ed23780 nmethod 7647 0x000001fa26dbd590 code [0x000001fa26dbd720, 0x000001fa26dbd868]
Event: 10.346 Thread 0x000001fa2ed23780 7648       1       jdk.internal.reflect.ClassFileAssembler::opc_dup_x1 (11 bytes)
Event: 10.346 Thread 0x000001fa2ed23780 nmethod 7648 0x000001fa26dbd990 code [0x000001fa26dbdb20, 0x000001fa26dbdc68]
Event: 10.346 Thread 0x000001fa2ed23780 7649       1       jdk.internal.reflect.ClassFileAssembler::opc_swap (7 bytes)
Event: 10.346 Thread 0x000001fa2ed23780 nmethod 7649 0x000001fa26dbdd90 code [0x000001fa26dbdf20, 0x000001fa26dbe048]
Event: 10.346 Thread 0x000001fa2ed23780 7651       1       jdk.internal.reflect.ClassFileAssembler::getMaxStack (6 bytes)
Event: 10.346 Thread 0x000001fa2ed23780 nmethod 7651 0x000001fa26dbe190 code [0x000001fa26dbe320, 0x000001fa26dbe3f8]
Event: 10.346 Thread 0x000001fa2ed23780 7652       1       jdk.internal.reflect.ByteVectorImpl::getData (5 bytes)
Event: 10.346 Thread 0x000001fa2ed23780 nmethod 7652 0x000001fa26dbe490 code [0x000001fa26dbe620, 0x000001fa26dbe6f8]
Event: 10.347 Thread 0x000001fa2ed23780 7653       1       org.springframework.util.ConcurrentReferenceHashMap$EntryIterator::moveToNextSegment (55 bytes)
Event: 10.347 Thread 0x000001fa2ed23270 nmethod 7641 0x000001fa26dbe790 code [0x000001fa26dbec60, 0x000001fa26dc0dd8]
Event: 10.347 Thread 0x000001fa2ed23780 nmethod 7653 0x000001fa26dc2710 code [0x000001fa26dc28a0, 0x000001fa26dc2a78]
Event: 10.348 Thread 0x000001fa2ea898f0 nmethod 7650 0x000001fa26dc2b90 code [0x000001fa26dc2fc0, 0x000001fa26dc44b8]

GC Heap History (20 events):
Event: 5.918 GC heap after
{Heap after GC invocations=17 (full 0):
 garbage-first heap   total 78848K, used 21231K [0x00000000a1400000, 0x0000000100000000)
  region size 1024K, 5 young (5120K), 5 survivors (5120K)
 Metaspace       used 45790K, committed 46144K, reserved 1114112K
  class space    used 5678K, committed 5888K, reserved 1048576K
}
Event: 6.487 GC heap before
{Heap before GC invocations=17 (full 0):
 garbage-first heap   total 78848K, used 63215K [0x00000000a1400000, 0x0000000100000000)
  region size 1024K, 46 young (47104K), 5 survivors (5120K)
 Metaspace       used 49389K, committed 49728K, reserved 1114112K
  class space    used 6220K, committed 6400K, reserved 1048576K
}
Event: 6.493 GC heap after
{Heap after GC invocations=18 (full 0):
 garbage-first heap   total 78848K, used 22973K [0x00000000a1400000, 0x0000000100000000)
  region size 1024K, 4 young (4096K), 4 survivors (4096K)
 Metaspace       used 49389K, committed 49728K, reserved 1114112K
  class space    used 6220K, committed 6400K, reserved 1048576K
}
Event: 6.895 GC heap before
{Heap before GC invocations=18 (full 0):
 garbage-first heap   total 78848K, used 62909K [0x00000000a1400000, 0x0000000100000000)
  region size 1024K, 43 young (44032K), 4 survivors (4096K)
 Metaspace       used 53203K, committed 53568K, reserved 1114112K
  class space    used 6881K, committed 7040K, reserved 1048576K
}
Event: 6.901 GC heap after
{Heap after GC invocations=19 (full 0):
 garbage-first heap   total 78848K, used 24086K [0x00000000a1400000, 0x0000000100000000)
  region size 1024K, 5 young (5120K), 5 survivors (5120K)
 Metaspace       used 53203K, committed 53568K, reserved 1114112K
  class space    used 6881K, committed 7040K, reserved 1048576K
}
Event: 7.288 GC heap before
{Heap before GC invocations=19 (full 0):
 garbage-first heap   total 78848K, used 64022K [0x00000000a1400000, 0x0000000100000000)
  region size 1024K, 44 young (45056K), 5 survivors (5120K)
 Metaspace       used 56445K, committed 56832K, reserved 1114112K
  class space    used 7309K, committed 7488K, reserved 1048576K
}
Event: 7.295 GC heap after
{Heap after GC invocations=20 (full 0):
 garbage-first heap   total 119808K, used 25133K [0x00000000a1400000, 0x0000000100000000)
  region size 1024K, 4 young (4096K), 4 survivors (4096K)
 Metaspace       used 56445K, committed 56832K, reserved 1114112K
  class space    used 7309K, committed 7488K, reserved 1048576K
}
Event: 7.975 GC heap before
{Heap before GC invocations=20 (full 0):
 garbage-first heap   total 119808K, used 91693K [0x00000000a1400000, 0x0000000100000000)
  region size 1024K, 69 young (70656K), 4 survivors (4096K)
 Metaspace       used 59505K, committed 59904K, reserved 1114112K
  class space    used 7855K, committed 8000K, reserved 1048576K
}
Event: 7.981 GC heap after
{Heap after GC invocations=21 (full 0):
 garbage-first heap   total 119808K, used 26421K [0x00000000a1400000, 0x0000000100000000)
  region size 1024K, 6 young (6144K), 6 survivors (6144K)
 Metaspace       used 59505K, committed 59904K, reserved 1114112K
  class space    used 7855K, committed 8000K, reserved 1048576K
}
Event: 8.322 GC heap before
{Heap before GC invocations=21 (full 0):
 garbage-first heap   total 119808K, used 32565K [0x00000000a1400000, 0x0000000100000000)
  region size 1024K, 13 young (13312K), 6 survivors (6144K)
 Metaspace       used 60043K, committed 60416K, reserved 1114112K
  class space    used 7925K, committed 8064K, reserved 1048576K
}
Event: 8.329 GC heap after
{Heap after GC invocations=22 (full 0):
 garbage-first heap   total 119808K, used 26971K [0x00000000a1400000, 0x0000000100000000)
  region size 1024K, 5 young (5120K), 5 survivors (5120K)
 Metaspace       used 60043K, committed 60416K, reserved 1114112K
  class space    used 7925K, committed 8064K, reserved 1048576K
}
Event: 8.960 GC heap before
{Heap before GC invocations=23 (full 0):
 garbage-first heap   total 99328K, used 81243K [0x00000000a1400000, 0x0000000100000000)
  region size 1024K, 58 young (59392K), 5 survivors (5120K)
 Metaspace       used 64329K, committed 64768K, reserved 1114112K
  class space    used 8516K, committed 8704K, reserved 1048576K
}
Event: 8.968 GC heap after
{Heap after GC invocations=24 (full 0):
 garbage-first heap   total 99328K, used 28334K [0x00000000a1400000, 0x0000000100000000)
  region size 1024K, 6 young (6144K), 6 survivors (6144K)
 Metaspace       used 64329K, committed 64768K, reserved 1114112K
  class space    used 8516K, committed 8704K, reserved 1048576K
}
Event: 8.982 GC heap before
{Heap before GC invocations=24 (full 0):
 garbage-first heap   total 99328K, used 29358K [0x00000000a1400000, 0x0000000100000000)
  region size 1024K, 7 young (7168K), 6 survivors (6144K)
 Metaspace       used 64333K, committed 64768K, reserved 1114112K
  class space    used 8516K, committed 8704K, reserved 1048576K
}
Event: 8.990 GC heap after
{Heap after GC invocations=25 (full 0):
 garbage-first heap   total 99328K, used 28886K [0x00000000a1400000, 0x0000000100000000)
  region size 1024K, 1 young (1024K), 1 survivors (1024K)
 Metaspace       used 64333K, committed 64768K, reserved 1114112K
  class space    used 8516K, committed 8704K, reserved 1048576K
}
Event: 9.387 GC heap before
{Heap before GC invocations=25 (full 0):
 garbage-first heap   total 99328K, used 82134K [0x00000000a1400000, 0x0000000100000000)
  region size 1024K, 53 young (54272K), 1 survivors (1024K)
 Metaspace       used 64944K, committed 65408K, reserved 1114112K
  class space    used 8588K, committed 8832K, reserved 1048576K
}
Event: 9.391 GC heap after
{Heap after GC invocations=26 (full 0):
 garbage-first heap   total 99328K, used 30046K [0x00000000a1400000, 0x0000000100000000)
  region size 1024K, 3 young (3072K), 3 survivors (3072K)
 Metaspace       used 64944K, committed 65408K, reserved 1114112K
  class space    used 8588K, committed 8832K, reserved 1048576K
}
Event: 10.037 GC heap before
{Heap before GC invocations=26 (full 0):
 garbage-first heap   total 99328K, used 81246K [0x00000000a1400000, 0x0000000100000000)
  region size 1024K, 53 young (54272K), 3 survivors (3072K)
 Metaspace       used 67650K, committed 68096K, reserved 1114112K
  class space    used 8973K, committed 9216K, reserved 1048576K
}
Event: 10.048 GC heap after
{Heap after GC invocations=27 (full 0):
 garbage-first heap   total 99328K, used 32523K [0x00000000a1400000, 0x0000000100000000)
  region size 1024K, 5 young (5120K), 5 survivors (5120K)
 Metaspace       used 67650K, committed 68096K, reserved 1114112K
  class space    used 8973K, committed 9216K, reserved 1048576K
}
Event: 10.368 GC heap before
{Heap before GC invocations=27 (full 0):
 garbage-first heap   total 99328K, used 79627K [0x00000000a1400000, 0x0000000100000000)
  region size 1024K, 52 young (53248K), 5 survivors (5120K)
 Metaspace       used 69086K, committed 69568K, reserved 1114112K
  class space    used 9124K, committed 9344K, reserved 1048576K
}

Dll operation events (11 events):
Event: 0.015 Loaded shared library C:\Program Files (x86)\sts-4.19.1.RELEASE\plugins\org.eclipse.justj.openjdk.hotspot.jre.full.win32.x86_64_17.0.7.v20230425-1502\jre\bin\java.dll
Event: 0.312 Loaded shared library C:\Program Files (x86)\sts-4.19.1.RELEASE\plugins\org.eclipse.justj.openjdk.hotspot.jre.full.win32.x86_64_17.0.7.v20230425-1502\jre\bin\zip.dll
Event: 0.315 Loaded shared library C:\Program Files (x86)\sts-4.19.1.RELEASE\plugins\org.eclipse.justj.openjdk.hotspot.jre.full.win32.x86_64_17.0.7.v20230425-1502\jre\bin\instrument.dll
Event: 0.332 Loaded shared library C:\Program Files (x86)\sts-4.19.1.RELEASE\plugins\org.eclipse.justj.openjdk.hotspot.jre.full.win32.x86_64_17.0.7.v20230425-1502\jre\bin\net.dll
Event: 0.333 Loaded shared library C:\Program Files (x86)\sts-4.19.1.RELEASE\plugins\org.eclipse.justj.openjdk.hotspot.jre.full.win32.x86_64_17.0.7.v20230425-1502\jre\bin\nio.dll
Event: 0.341 Loaded shared library C:\Program Files (x86)\sts-4.19.1.RELEASE\plugins\org.eclipse.justj.openjdk.hotspot.jre.full.win32.x86_64_17.0.7.v20230425-1502\jre\bin\zip.dll
Event: 0.506 Loaded shared library C:\Program Files (x86)\sts-4.19.1.RELEASE\plugins\org.eclipse.justj.openjdk.hotspot.jre.full.win32.x86_64_17.0.7.v20230425-1502\jre\bin\jimage.dll
Event: 0.565 Loaded shared library C:\Program Files (x86)\sts-4.19.1.RELEASE\plugins\org.eclipse.justj.openjdk.hotspot.jre.full.win32.x86_64_17.0.7.v20230425-1502\jre\bin\management.dll
Event: 0.579 Loaded shared library C:\Program Files (x86)\sts-4.19.1.RELEASE\plugins\org.eclipse.justj.openjdk.hotspot.jre.full.win32.x86_64_17.0.7.v20230425-1502\jre\bin\management_ext.dll
Event: 0.890 Loaded shared library C:\Program Files (x86)\sts-4.19.1.RELEASE\plugins\org.eclipse.justj.openjdk.hotspot.jre.full.win32.x86_64_17.0.7.v20230425-1502\jre\bin\verify.dll
Event: 5.380 Loaded shared library C:\Program Files (x86)\sts-4.19.1.RELEASE\plugins\org.eclipse.justj.openjdk.hotspot.jre.full.win32.x86_64_17.0.7.v20230425-1502\jre\bin\sunmscapi.dll

Deoptimization events (20 events):
Event: 10.261 Thread 0x000001fa33edae40 DEOPT PACKING pc=0x000001fa26521ab4 sp=0x000000246f5fdc80
Event: 10.261 Thread 0x000001fa33edae40 DEOPT UNPACKING pc=0x000001fa25f47143 sp=0x000000246f5fd1f8 mode 1
Event: 10.273 Thread 0x000001fa33edae40 DEOPT PACKING pc=0x000001fa26521ab4 sp=0x000000246f5fc060
Event: 10.273 Thread 0x000001fa33edae40 DEOPT UNPACKING pc=0x000001fa25f47143 sp=0x000000246f5fb5c0 mode 1
Event: 10.273 Thread 0x000001fa33edae40 DEOPT PACKING pc=0x000001fa26d9108c sp=0x000000246f5fc180
Event: 10.273 Thread 0x000001fa33edae40 DEOPT UNPACKING pc=0x000001fa25f47143 sp=0x000000246f5fb638 mode 1
Event: 10.273 Thread 0x000001fa33edae40 DEOPT PACKING pc=0x000001fa26521ab4 sp=0x000000246f5fc030
Event: 10.273 Thread 0x000001fa33edae40 DEOPT UNPACKING pc=0x000001fa25f47143 sp=0x000000246f5fb5a8 mode 1
Event: 10.277 Thread 0x000001fa33edae40 DEOPT PACKING pc=0x000001fa26521ab4 sp=0x000000246f5fd9e0
Event: 10.277 Thread 0x000001fa33edae40 DEOPT UNPACKING pc=0x000001fa25f47143 sp=0x000000246f5fcf40 mode 1
Event: 10.277 Thread 0x000001fa33edae40 DEOPT PACKING pc=0x000001fa26d9108c sp=0x000000246f5fdb00
Event: 10.277 Thread 0x000001fa33edae40 DEOPT UNPACKING pc=0x000001fa25f47143 sp=0x000000246f5fcfb8 mode 1
Event: 10.277 Thread 0x000001fa33edae40 DEOPT PACKING pc=0x000001fa26521ab4 sp=0x000000246f5fd9b0
Event: 10.277 Thread 0x000001fa33edae40 DEOPT UNPACKING pc=0x000001fa25f47143 sp=0x000000246f5fcf28 mode 1
Event: 10.281 Thread 0x000001fa33edae40 DEOPT PACKING pc=0x000001fa26521ab4 sp=0x000000246f5fd9e0
Event: 10.281 Thread 0x000001fa33edae40 DEOPT UNPACKING pc=0x000001fa25f47143 sp=0x000000246f5fcf40 mode 1
Event: 10.281 Thread 0x000001fa33edae40 DEOPT PACKING pc=0x000001fa26d9108c sp=0x000000246f5fdb00
Event: 10.281 Thread 0x000001fa33edae40 DEOPT UNPACKING pc=0x000001fa25f47143 sp=0x000000246f5fcfb8 mode 1
Event: 10.281 Thread 0x000001fa33edae40 DEOPT PACKING pc=0x000001fa26521ab4 sp=0x000000246f5fd9b0
Event: 10.281 Thread 0x000001fa33edae40 DEOPT UNPACKING pc=0x000001fa25f47143 sp=0x000000246f5fcf28 mode 1

Classes unloaded (0 events):
No events

Classes redefined (0 events):
No events

Internal exceptions (20 events):
Event: 9.521 Thread 0x000001fa33edae40 Exception <a 'java/lang/ClassNotFoundException'{0x00000000a67b7208}: org/springframework/web/servlet/config/annotation/WebMvcConfigurationSupportCustomizer> (0x00000000a67b7208) 
thrown [s\src\hotspot\share\classfile\systemDictionary.cpp, line 256]
Event: 9.521 Thread 0x000001fa33edae40 Exception <a 'java/lang/ClassNotFoundException'{0x00000000a67cd2e0}: org/springframework/web/servlet/config/annotation/DelegatingWebMvcConfigurationCustomizer> (0x00000000a67cd2e0) 
thrown [s\src\hotspot\share\classfile\systemDictionary.cpp, line 256]
Event: 9.522 Thread 0x000001fa33edae40 Exception <a 'java/lang/ClassNotFoundException'{0x00000000a67d8808}: org/springframework/boot/autoconfigure/web/servlet/WebMvcAutoConfiguration$EnableWebMvcConfigurationCustomizer> (0x00000000a67d8808) 
thrown [s\src\hotspot\share\classfile\systemDictionary.cpp, line 256]
Event: 9.523 Thread 0x000001fa33edae40 Exception <a 'java/lang/ClassNotFoundException'{0x00000000a67ed360}: org/springframework/context/ResourceLoaderAwareCustomizer> (0x00000000a67ed360) 
thrown [s\src\hotspot\share\classfile\systemDictionary.cpp, line 256]
Event: 9.524 Thread 0x000001fa33edae40 Exception <a 'java/lang/ClassNotFoundException'{0x00000000a67f41b0}: org/springframework/beans/factory/AwareCustomizer> (0x00000000a67f41b0) 
thrown [s\src\hotspot\share\classfile\systemDictionary.cpp, line 256]
Event: 9.524 Thread 0x000001fa33edae40 Exception <a 'java/lang/ClassNotFoundException'{0x00000000a67fa140}: org/springframework/context/ApplicationContextAwareCustomizer> (0x00000000a67fa140) 
thrown [s\src\hotspot\share\classfile\systemDictionary.cpp, line 256]
Event: 9.525 Thread 0x000001fa33edae40 Exception <a 'java/lang/ClassNotFoundException'{0x00000000a66016a8}: org/springframework/beans/factory/AwareCustomizer> (0x00000000a66016a8) 
thrown [s\src\hotspot\share\classfile\systemDictionary.cpp, line 256]
Event: 9.525 Thread 0x000001fa33edae40 Exception <a 'java/lang/ClassNotFoundException'{0x00000000a6607610}: org/springframework/web/context/ServletContextAwareCustomizer> (0x00000000a6607610) 
thrown [s\src\hotspot\share\classfile\systemDictionary.cpp, line 256]
Event: 9.526 Thread 0x000001fa33edae40 Exception <a 'java/lang/ClassNotFoundException'{0x00000000a660e478}: org/springframework/beans/factory/AwareCustomizer> (0x00000000a660e478) 
thrown [s\src\hotspot\share\classfile\systemDictionary.cpp, line 256]
Event: 9.688 Thread 0x000001fa33edae40 Exception <a 'java/lang/NoSuchMethodError'{0x00000000a5bf7528}: 'void java.lang.invoke.DirectMethodHandle$Holder.invokeVirtual(java.lang.Object, java.lang.Object, int)'> (0x00000000a5bf7528) 
thrown [s\src\hotspot\share\interpreter\linkResolver.cpp, line 759]
Event: 9.690 Thread 0x000001fa33edae40 Exception <a 'java/lang/NoSuchMethodError'{0x00000000a5a11f88}: 'void java.lang.invoke.DirectMethodHandle$Holder.invokeVirtual(java.lang.Object, java.lang.Object, long)'> (0x00000000a5a11f88) 
thrown [s\src\hotspot\share\interpreter\linkResolver.cpp, line 759]
Event: 9.909 Thread 0x000001fa33edae40 Exception <a 'java/lang/IncompatibleClassChangeError'{0x00000000a4c26ff0}: Found class java.lang.Object, but interface was expected> (0x00000000a4c26ff0) 
thrown [s\src\hotspot\share\interpreter\linkResolver.cpp, line 826]
Event: 10.213 Thread 0x000001fa33edae40 Exception <a 'java/lang/ClassNotFoundException'{0x00000000a5cf7568}: nz/net/ultraq/thymeleaf/layoutdialect/decorators/strategies/AppendingStrategyBeanInfo> (0x00000000a5cf7568) 
thrown [s\src\hotspot\share\classfile\systemDictionary.cpp, line 256]
Event: 10.213 Thread 0x000001fa33edae40 Exception <a 'java/lang/ClassNotFoundException'{0x00000000a5cff150}: nz/net/ultraq/thymeleaf/layoutdialect/decorators/strategies/AppendingStrategyCustomizer> (0x00000000a5cff150) 
thrown [s\src\hotspot\share\classfile\systemDictionary.cpp, line 256]
Event: 10.221 Thread 0x000001fa33edae40 Exception <a 'java/lang/ClassNotFoundException'{0x00000000a5b90f88}: nz/net/ultraq/thymeleaf/layoutdialect/LayoutDialectBeanInfo> (0x00000000a5b90f88) 
thrown [s\src\hotspot\share\classfile\systemDictionary.cpp, line 256]
Event: 10.221 Thread 0x000001fa33edae40 Exception <a 'java/lang/ClassNotFoundException'{0x00000000a5b97dd8}: org/thymeleaf/dialect/AbstractProcessorDialectBeanInfo> (0x00000000a5b97dd8) 
thrown [s\src\hotspot\share\classfile\systemDictionary.cpp, line 256]
Event: 10.222 Thread 0x000001fa33edae40 Exception <a 'java/lang/ClassNotFoundException'{0x00000000a5b9e930}: org/thymeleaf/dialect/AbstractDialectBeanInfo> (0x00000000a5b9e930) 
thrown [s\src\hotspot\share\classfile\systemDictionary.cpp, line 256]
Event: 10.223 Thread 0x000001fa33edae40 Exception <a 'java/lang/ClassNotFoundException'{0x00000000a5ba5608}: org/thymeleaf/dialect/AbstractDialectCustomizer> (0x00000000a5ba5608) 
thrown [s\src\hotspot\share\classfile\systemDictionary.cpp, line 256]
Event: 10.223 Thread 0x000001fa33edae40 Exception <a 'java/lang/ClassNotFoundException'{0x00000000a5baea98}: org/thymeleaf/dialect/AbstractProcessorDialectCustomizer> (0x00000000a5baea98) 
thrown [s\src\hotspot\share\classfile\systemDictionary.cpp, line 256]
Event: 10.224 Thread 0x000001fa33edae40 Exception <a 'java/lang/ClassNotFoundException'{0x00000000a5bb90e0}: nz/net/ultraq/thymeleaf/layoutdialect/LayoutDialectCustomizer> (0x00000000a5bb90e0) 
thrown [s\src\hotspot\share\classfile\systemDictionary.cpp, line 256]

VM Operations (20 events):
Event: 9.489 Executing VM operation: HandshakeAllThreads done
Event: 9.588 Executing VM operation: HandshakeAllThreads
Event: 9.588 Executing VM operation: HandshakeAllThreads done
Event: 9.715 Executing VM operation: HandshakeAllThreads
Event: 9.715 Executing VM operation: HandshakeAllThreads done
Event: 9.855 Executing VM operation: HandshakeAllThreads
Event: 9.855 Executing VM operation: HandshakeAllThreads done
Event: 9.856 Executing VM operation: HandshakeAllThreads
Event: 9.856 Executing VM operation: HandshakeAllThreads done
Event: 10.037 Executing VM operation: G1CollectForAllocation
Event: 10.048 Executing VM operation: G1CollectForAllocation done
Event: 10.083 Executing VM operation: HandshakeAllThreads
Event: 10.083 Executing VM operation: HandshakeAllThreads done
Event: 10.090 Executing VM operation: HandshakeAllThreads
Event: 10.090 Executing VM operation: HandshakeAllThreads done
Event: 10.100 Executing VM operation: HandshakeAllThreads
Event: 10.101 Executing VM operation: HandshakeAllThreads done
Event: 10.159 Executing VM operation: HandshakeAllThreads
Event: 10.159 Executing VM operation: HandshakeAllThreads done
Event: 10.368 Executing VM operation: G1CollectForAllocation

Events (20 events):
Event: 10.157 loading class jdk/internal/jimage/ImageReader$SharedImageReader$LocationVisitor
Event: 10.157 loading class jdk/internal/jimage/ImageReader$SharedImageReader$LocationVisitor done
Event: 10.157 loading class java/nio/ByteBufferAsIntBufferL
Event: 10.158 loading class java/nio/ByteBufferAsIntBufferL done
Event: 10.159 loading class jdk/internal/jrtfs/JrtFileAttributes
Event: 10.159 loading class jdk/internal/jrtfs/JrtFileAttributes done
Event: 10.159 loading class jdk/internal/jrtfs/JrtDirectoryStream
Event: 10.159 loading class jdk/internal/jrtfs/JrtDirectoryStream done
Event: 10.160 loading class jdk/internal/jrtfs/JrtDirectoryStream$1
Event: 10.160 loading class jdk/internal/jrtfs/JrtDirectoryStream$1 done
Event: 10.160 loading class jdk/internal/jimage/ImageReader$Resource
Event: 10.160 loading class jdk/internal/jimage/ImageReader$Resource done
Event: 10.242 loading class javax/management/modelmbean/ModelMBean
Event: 10.242 loading class javax/management/PersistentMBean
Event: 10.242 loading class javax/management/PersistentMBean done
Event: 10.242 loading class javax/management/modelmbean/ModelMBean done
Event: 10.244 loading class javax/management/modelmbean/ModelMBeanInfo
Event: 10.244 loading class javax/management/modelmbean/ModelMBeanInfo done
Event: 10.250 loading class javax/management/Attribute
Event: 10.250 loading class javax/management/Attribute done


Dynamic libraries:
0x00007ff640df0000 - 0x00007ff640dfe000 	C:\Program Files (x86)\sts-4.19.1.RELEASE\plugins\org.eclipse.justj.openjdk.hotspot.jre.full.win32.x86_64_17.0.7.v20230425-1502\jre\bin\javaw.exe
0x00007ffab3e30000 - 0x00007ffab4028000 	C:\Windows\SYSTEM32\ntdll.dll
0x00007ffaac530000 - 0x00007ffaac549000 	C:\Program Files\Avast Software\Avast\aswhook.dll
0x00007ffab2460000 - 0x00007ffab251f000 	C:\Windows\System32\KERNEL32.DLL
0x00007ffab1920000 - 0x00007ffab1bf2000 	C:\Windows\System32\KERNELBASE.dll
0x00007ffab15d0000 - 0x00007ffab16d0000 	C:\Windows\System32\ucrtbase.dll
0x00007ffa9cf90000 - 0x00007ffa9cfa7000 	C:\Program Files (x86)\sts-4.19.1.RELEASE\plugins\org.eclipse.justj.openjdk.hotspot.jre.full.win32.x86_64_17.0.7.v20230425-1502\jre\bin\jli.dll
0x00007ffab2ac0000 - 0x00007ffab2c61000 	C:\Windows\System32\USER32.dll
0x00007ffab1db0000 - 0x00007ffab1dd2000 	C:\Windows\System32\win32u.dll
0x00007ffab2580000 - 0x00007ffab25ab000 	C:\Windows\System32\GDI32.dll
0x00007ffab1c30000 - 0x00007ffab1d3f000 	C:\Windows\System32\gdi32full.dll
0x00007ffab16d0000 - 0x00007ffab176d000 	C:\Windows\System32\msvcp_win.dll
0x00007ffa9c5e0000 - 0x00007ffa9c5f9000 	C:\Program Files (x86)\sts-4.19.1.RELEASE\plugins\org.eclipse.justj.openjdk.hotspot.jre.full.win32.x86_64_17.0.7.v20230425-1502\jre\bin\VCRUNTIME140.dll
0x00007ffa9e060000 - 0x00007ffa9e2fa000 	C:\Windows\WinSxS\amd64_microsoft.windows.common-controls_6595b64144ccf1df_6.0.19041.1110_none_60b5254171f9507e\COMCTL32.dll
0x00007ffab2620000 - 0x00007ffab26be000 	C:\Windows\System32\msvcrt.dll
0x00007ffab26c0000 - 0x00007ffab26f2000 	C:\Windows\System32\IMM32.DLL
0x00007ffaabde0000 - 0x00007ffaabdec000 	C:\Program Files (x86)\sts-4.19.1.RELEASE\plugins\org.eclipse.justj.openjdk.hotspot.jre.full.win32.x86_64_17.0.7.v20230425-1502\jre\bin\vcruntime140_1.dll
0x00007ffa93970000 - 0x00007ffa93a01000 	C:\Program Files (x86)\sts-4.19.1.RELEASE\plugins\org.eclipse.justj.openjdk.hotspot.jre.full.win32.x86_64_17.0.7.v20230425-1502\jre\bin\msvcp140.dll
0x00007ffa613f0000 - 0x00007ffa62038000 	C:\Program Files (x86)\sts-4.19.1.RELEASE\plugins\org.eclipse.justj.openjdk.hotspot.jre.full.win32.x86_64_17.0.7.v20230425-1502\jre\bin\server\jvm.dll
0x00007ffab2c70000 - 0x00007ffab2d1e000 	C:\Windows\System32\ADVAPI32.dll
0x00007ffab3bc0000 - 0x00007ffab3c5c000 	C:\Windows\System32\sechost.dll
0x00007ffab3280000 - 0x00007ffab33a5000 	C:\Windows\System32\RPCRT4.dll
0x00007ffaa52d0000 - 0x00007ffaa52f7000 	C:\Windows\SYSTEM32\WINMM.dll
0x00007ffa9baa0000 - 0x00007ffa9baa9000 	C:\Windows\SYSTEM32\WSOCK32.dll
0x00007ffaab040000 - 0x00007ffaab04a000 	C:\Windows\SYSTEM32\VERSION.dll
0x00007ffab25b0000 - 0x00007ffab261b000 	C:\Windows\System32\WS2_32.dll
0x00007ffaaf290000 - 0x00007ffaaf2a2000 	C:\Windows\SYSTEM32\kernel.appcore.dll
0x00007ffaac4a0000 - 0x00007ffaac4aa000 	C:\Program Files (x86)\sts-4.19.1.RELEASE\plugins\org.eclipse.justj.openjdk.hotspot.jre.full.win32.x86_64_17.0.7.v20230425-1502\jre\bin\jimage.dll
0x00007ffa9d5f0000 - 0x00007ffa9d7d4000 	C:\Windows\SYSTEM32\DBGHELP.DLL
0x00007ffa9c7b0000 - 0x00007ffa9c7e5000 	C:\Windows\SYSTEM32\dbgcore.DLL
0x00007ffab1de0000 - 0x00007ffab1e62000 	C:\Windows\System32\bcryptPrimitives.dll
0x00007ffa9c630000 - 0x00007ffa9c66b000 	C:\Program Files (x86)\sts-4.19.1.RELEASE\plugins\org.eclipse.justj.openjdk.hotspot.jre.full.win32.x86_64_17.0.7.v20230425-1502\jre\bin\jdwp.dll
0x00007ffaa2c80000 - 0x00007ffaa2c8e000 	C:\Program Files (x86)\sts-4.19.1.RELEASE\plugins\org.eclipse.justj.openjdk.hotspot.jre.full.win32.x86_64_17.0.7.v20230425-1502\jre\bin\instrument.dll
0x00007ffaac420000 - 0x00007ffaac445000 	C:\Program Files (x86)\sts-4.19.1.RELEASE\plugins\org.eclipse.justj.openjdk.hotspot.jre.full.win32.x86_64_17.0.7.v20230425-1502\jre\bin\java.dll
0x00007ffaabe10000 - 0x00007ffaabe28000 	C:\Program Files (x86)\sts-4.19.1.RELEASE\plugins\org.eclipse.justj.openjdk.hotspot.jre.full.win32.x86_64_17.0.7.v20230425-1502\jre\bin\zip.dll
0x00007ffab3470000 - 0x00007ffab3bb5000 	C:\Windows\System32\SHELL32.dll
0x00007ffaaf5a0000 - 0x00007ffaafd32000 	C:\Windows\SYSTEM32\windows.storage.dll
0x00007ffab2700000 - 0x00007ffab2a55000 	C:\Windows\System32\combase.dll
0x00007ffab0dc0000 - 0x00007ffab0df0000 	C:\Windows\SYSTEM32\Wldp.dll
0x00007ffab33b0000 - 0x00007ffab345d000 	C:\Windows\System32\SHCORE.dll
0x00007ffab2520000 - 0x00007ffab2575000 	C:\Windows\System32\shlwapi.dll
0x00007ffab1460000 - 0x00007ffab147f000 	C:\Windows\SYSTEM32\profapi.dll
0x00007ffa9f0a0000 - 0x00007ffa9f0ac000 	C:\Program Files (x86)\sts-4.19.1.RELEASE\plugins\org.eclipse.justj.openjdk.hotspot.jre.full.win32.x86_64_17.0.7.v20230425-1502\jre\bin\dt_socket.dll
0x00007ffab08b0000 - 0x00007ffab08eb000 	C:\Windows\SYSTEM32\IPHLPAPI.DLL
0x00007ffab0ba0000 - 0x00007ffab0c0a000 	C:\Windows\system32\mswsock.dll
0x00007ffab08f0000 - 0x00007ffab09bb000 	C:\Windows\SYSTEM32\DNSAPI.dll
0x00007ffab3270000 - 0x00007ffab3278000 	C:\Windows\System32\NSI.dll
0x00007ffaa0bb0000 - 0x00007ffaa0bba000 	C:\Windows\System32\rasadhlp.dll
0x00007ffaa9790000 - 0x00007ffaa9810000 	C:\Windows\System32\fwpuclnt.dll
0x00007ffab1c00000 - 0x00007ffab1c27000 	C:\Windows\System32\bcrypt.dll
0x00007ffaa5250000 - 0x00007ffaa5269000 	C:\Program Files (x86)\sts-4.19.1.RELEASE\plugins\org.eclipse.justj.openjdk.hotspot.jre.full.win32.x86_64_17.0.7.v20230425-1502\jre\bin\net.dll
0x00007ffaaa210000 - 0x00007ffaaa31c000 	C:\Windows\SYSTEM32\WINHTTP.dll
0x00007ffa9f0b0000 - 0x00007ffa9f0c5000 	C:\Program Files (x86)\sts-4.19.1.RELEASE\plugins\org.eclipse.justj.openjdk.hotspot.jre.full.win32.x86_64_17.0.7.v20230425-1502\jre\bin\nio.dll
0x00007ffaab4f0000 - 0x00007ffaab4f9000 	C:\Program Files (x86)\sts-4.19.1.RELEASE\plugins\org.eclipse.justj.openjdk.hotspot.jre.full.win32.x86_64_17.0.7.v20230425-1502\jre\bin\management.dll
0x00007ffaa9a50000 - 0x00007ffaa9a5b000 	C:\Program Files (x86)\sts-4.19.1.RELEASE\plugins\org.eclipse.justj.openjdk.hotspot.jre.full.win32.x86_64_17.0.7.v20230425-1502\jre\bin\management_ext.dll
0x00007ffab3460000 - 0x00007ffab3468000 	C:\Windows\System32\PSAPI.DLL
0x00007ffa8e2c0000 - 0x00007ffa8e2d7000 	C:\Windows\system32\napinsp.dll
0x00007ffa8bcd0000 - 0x00007ffa8bceb000 	C:\Windows\system32\pnrpnsp.dll
0x00007ffa8bcb0000 - 0x00007ffa8bcc5000 	C:\Windows\system32\wshbth.dll
0x00007ffaacc50000 - 0x00007ffaacc6d000 	C:\Windows\system32\NLAapi.dll
0x00007ffa8bc60000 - 0x00007ffa8bc72000 	C:\Windows\System32\winrnr.dll
0x00007ffab0e00000 - 0x00007ffab0e18000 	C:\Windows\SYSTEM32\CRYPTSP.dll
0x00007ffab04e0000 - 0x00007ffab0514000 	C:\Windows\system32\rsaenh.dll
0x00007ffab1420000 - 0x00007ffab144e000 	C:\Windows\SYSTEM32\USERENV.dll
0x00007ffab0d30000 - 0x00007ffab0d3c000 	C:\Windows\SYSTEM32\CRYPTBASE.dll
0x00007ffaaadc0000 - 0x00007ffaaadd7000 	C:\Windows\SYSTEM32\dhcpcsvc6.DLL
0x00007ffaaac70000 - 0x00007ffaaac8d000 	C:\Windows\SYSTEM32\dhcpcsvc.DLL
0x00007ffaac490000 - 0x00007ffaac4a0000 	C:\Program Files (x86)\sts-4.19.1.RELEASE\plugins\org.eclipse.justj.openjdk.hotspot.jre.full.win32.x86_64_17.0.7.v20230425-1502\jre\bin\verify.dll
0x00007ffaac480000 - 0x00007ffaac48e000 	C:\Program Files (x86)\sts-4.19.1.RELEASE\plugins\org.eclipse.justj.openjdk.hotspot.jre.full.win32.x86_64_17.0.7.v20230425-1502\jre\bin\sunmscapi.dll
0x00007ffab17c0000 - 0x00007ffab1916000 	C:\Windows\System32\CRYPT32.dll
0x00007ffab0f10000 - 0x00007ffab0f37000 	C:\Windows\SYSTEM32\ncrypt.dll
0x00007ffab0ed0000 - 0x00007ffab0f0b000 	C:\Windows\SYSTEM32\NTASN1.dll

dbghelp: loaded successfully - version: 4.0.5 - missing functions: none
symbol engine: initialized successfully - sym options: 0x614 - pdb path: .;C:\Program Files (x86)\sts-4.19.1.RELEASE\plugins\org.eclipse.justj.openjdk.hotspot.jre.full.win32.x86_64_17.0.7.v20230425-1502\jre\bin;C:\Windows\SYSTEM32;C:\Program Files\Avast Software\Avast;C:\Windows\WinSxS\amd64_microsoft.windows.common-controls_6595b64144ccf1df_6.0.19041.1110_none_60b5254171f9507e;C:\Program Files (x86)\sts-4.19.1.RELEASE\plugins\org.eclipse.justj.openjdk.hotspot.jre.full.win32.x86_64_17.0.7.v20230425-1502\jre\bin\server

VM Arguments:
jvm_args: -XX:+ShowCodeDetailsInExceptionMessages -agentlib:jdwp=transport=dt_socket,suspend=y,address=localhost:51197 -Dcom.sun.management.jmxremote -Dcom.sun.management.jmxremote.port=51196 -Dcom.sun.management.jmxremote.authenticate=false -Dcom.sun.management.jmxremote.ssl=false -Djava.rmi.server.hostname=localhost -Dspring.jmx.enabled=true -Dmanagement.endpoints.jmx.exposure.include=* -Dspring.application.admin.enabled=true -XX:TieredStopAtLevel=1 -Dspring.boot.project.name=miniproject -javaagent:C:\Program Files (x86)\sts-4.19.1.RELEASE\configuration\org.eclipse.osgi\740\0\.cp\lib\javaagent-shaded.jar -Dfile.encoding=UTF-8 -Dstdout.encoding=UTF-8 -Dstderr.encoding=UTF-8 
java_command: com.teama.minpro.teama.MiniprojectApplication --spring.output.ansi.enabled=always
java_class_path (initial): D:\BELAJAR KODING\XSIS\BATCH-327\minpro-team-a\miniproject\target\classes;C:\Users\Admin\.m2\repository\org\springframework\boot\spring-boot-starter-data-jpa\2.7.18\spring-boot-starter-data-jpa-2.7.18.jar;C:\Users\Admin\.m2\repository\org\springframework\boot\spring-boot-starter-aop\2.7.18\spring-boot-starter-aop-2.7.18.jar;C:\Users\Admin\.m2\repository\org\springframework\spring-aop\5.3.31\spring-aop-5.3.31.jar;C:\Users\Admin\.m2\repository\org\aspectj\aspectjweaver\1.9.7\aspectjweaver-1.9.7.jar;C:\Users\Admin\.m2\repository\org\springframework\boot\spring-boot-starter-jdbc\2.7.18\spring-boot-starter-jdbc-2.7.18.jar;C:\Users\Admin\.m2\repository\com\zaxxer\HikariCP\4.0.3\HikariCP-4.0.3.jar;C:\Users\Admin\.m2\repository\org\springframework\spring-jdbc\5.3.31\spring-jdbc-5.3.31.jar;C:\Users\Admin\.m2\repository\jakarta\transaction\jakarta.transaction-api\1.3.3\jakarta.transaction-api-1.3.3.jar;C:\Users\Admin\.m2\repository\jakarta\persistence\jakarta.persistence-api\2.2.3\jakarta.persistence-api-2.2.3.jar;C:\Users\Admin\.m2\repository\org\hibernate\hibernate-core\5.6.15.Final\hibernate-core-5.6.15.Final.jar;C:\Users\Admin\.m2\repository\org\jboss\logging\jboss-logging\3.4.3.Final\jboss-logging-3.4.3.Final.jar;C:\Users\Admin\.m2\repository\net\bytebuddy\byte-buddy\1.12.23\byte-buddy-1.12.23.jar;C:\Users\Admin\.m2\repository\antlr\antlr\2.7.7\antlr-2.7.7.jar;C:\Users\Admin\.m2\repository\org\jboss\jandex\2.4.2.Final\jandex-2.4.2.Final.jar;C:\Users\Admin\.m2\repository\com\fasterxml\classmate\1.5.1\classmate-1.5.1.jar;C:\Users\Admin\.m2\repository\org\hibernate\common\hibernate-commons-annotations\5.1.2.Final\hibernate-commons-annotations-5.1.2.Final.jar;C:\Users\Admin\.m2\repository\org\glassfish\jaxb\jaxb-runtime\2.3.9\jaxb-runtime-2.3.9.jar;C:\Users\Admin\.m2\repository\org\glassfish\jaxb\txw2\2.3.9\txw2-2.3.9.jar;C:\Users\Admin\.m2\repository\com\sun\istack\istack-commons-runtime\3.0.12\istack-commons-runtime-3.0.12.jar;C:\Users\Admin\.m
Launcher Type: SUN_STANDARD

[Global flags]
     intx CICompilerCount                          = 3                                         {product} {ergonomic}
     uint ConcGCThreads                            = 1                                         {product} {ergonomic}
     uint G1ConcRefinementThreads                  = 4                                         {product} {ergonomic}
   size_t G1HeapRegionSize                         = 1048576                                   {product} {ergonomic}
    uintx GCDrainStackTargetSize                   = 64                                        {product} {ergonomic}
   size_t InitialHeapSize                          = 100663296                                 {product} {ergonomic}
     bool ManagementServer                         = true                                      {product} {command line}
   size_t MarkStackSize                            = 4194304                                   {product} {ergonomic}
   size_t MaxHeapSize                              = 1589641216                                {product} {ergonomic}
   size_t MaxNewSize                               = 953155584                                 {product} {ergonomic}
   size_t MinHeapDeltaBytes                        = 1048576                                   {product} {ergonomic}
   size_t MinHeapSize                              = 8388608                                   {product} {ergonomic}
    uintx NonProfiledCodeHeapSize                  = 0                                      {pd product} {ergonomic}
     bool ProfileInterpreter                       = false                                  {pd product} {command line}
    uintx ProfiledCodeHeapSize                     = 0                                      {pd product} {ergonomic}
     bool ShowCodeDetailsInExceptionMessages       = true                                   {manageable} {command line}
   size_t SoftMaxHeapSize                          = 1589641216                             {manageable} {ergonomic}
     intx TieredStopAtLevel                        = 1                                         {product} {command line}
     bool UseCompressedClassPointers               = true                           {product lp64_product} {ergonomic}
     bool UseCompressedOops                        = true                           {product lp64_product} {ergonomic}
     bool UseG1GC                                  = true                                      {product} {ergonomic}
     bool UseLargePagesIndividualAllocation        = false                                  {pd product} {ergonomic}

Logging:
Log output configuration:
 #0: stdout all=warning uptime,level,tags
 #1: stderr all=off uptime,level,tags

Environment Variables:
JAVA_HOME=C:\Program Files\Java\jdk-20.0.2
PATH=C:\Program Files (x86)\sts-4.19.1.RELEASE\plugins\org.eclipse.justj.openjdk.hotspot.jre.full.win32.x86_64_17.0.7.v20230425-1502\jre\bin;C:/Program Files (x86)/sts-4.19.1.RELEASE//plugins/org.eclipse.justj.openjdk.hotspot.jre.full.win32.x86_64_17.0.7.v20230425-1502/jre/bin/server;C:/Program Files (x86)/sts-4.19.1.RELEASE//plugins/org.eclipse.justj.openjdk.hotspot.jre.full.win32.x86_64_17.0.7.v20230425-1502/jre/bin;C:\Windows\system32;C:\Windows;C:\Windows\System32\Wbem;C:\Windows\System32\WindowsPowerShell\v1.0\;C:\Windows\System32\OpenSSH\;C:\Program Files\Java\jdk-20.0.2\bin;C:\Program Files\Git\cmd;C:\Program Files\Docker\Docker\resources\bin;C:\Users\Admin\AppData\Local\Microsoft\WindowsApps;;C:\Users\Admin\AppData\Local\Programs\Microsoft VS Code\bin;C:\Program Files (x86)\sts-4.19.1.RELEASE;
USERNAME=Irfan
OS=Windows_NT
PROCESSOR_IDENTIFIER=AMD64 Family 23 Model 24 Stepping 1, AuthenticAMD
TMP=C:\Users\Admin\AppData\Local\Temp
TEMP=C:\Users\Admin\AppData\Local\Temp



---------------  S Y S T E M  ---------------

OS:
 Windows 10 , 64 bit Build 19041 (10.0.19041.2545)
OS uptime: 0 days 2:12 hours
Hyper-V role detected

CPU: total 4 (initial active 4) (4 cores per cpu, 2 threads per core) family 23 model 24 stepping 1 microcode 0x0, cx8, cmov, fxsr, ht, mmx, 3dnowpref, sse, sse2, sse3, ssse3, sse4a, sse4.1, sse4.2, popcnt, lzcnt, tsc, tscinvbit, avx, avx2, aes, clmul, bmi1, bmi2, adx, sha, fma, vzeroupper, clflush, clflushopt, hv

Memory: 4k page, system-wide physical 6058M (250M free)
TotalPageFile size 6058M (AvailPageFile size 45M)
current process WorkingSet (physical memory assigned to process): 260M, peak: 263M
current process commit charge ("private bytes"): 306M, peak: 383M

vm_info: OpenJDK 64-Bit Server VM (17.0.7+7) for windows-amd64 JRE (17.0.7+7), built on Apr 18 2023 22:10:42 by "temurin" with MS VC++ 16.7 (VS2019)

END.
