#
# There is insufficient memory for the Java Runtime Environment to continue.
# Native memory allocation (mmap) failed to map 65536 bytes for Failed to commit metaspace.
# Possible reasons:
#   The system is out of physical RAM or swap space
#   The process is running with CompressedOops enabled, and the Java Heap may be blocking the growth of the native heap
# Possible solutions:
#   Reduce memory load on the system
#   Increase physical memory or swap space
#   Check if swap backing store is full
#   Decrease Java heap size (-Xmx/-Xms)
#   Decrease number of Java threads
#   Decrease Java thread stack sizes (-Xss)
#   Set larger code cache with -XX:ReservedCodeCacheSize=
#   JVM is running with Unscaled Compressed Oops mode in which the Java heap is
#     placed in the first 4GB address space. The Java Heap base address is the
#     maximum limit for the native heap growth. Please use -XX:HeapBaseMinAddress
#     to set the Java Heap base and to place the Java Heap above 4GB virtual address.
# This output file may be truncated or incomplete.
#
#  Out of Memory Error (virtualSpaceNode.cpp:110), pid=6840, tid=8664
#
# JRE version: OpenJDK Runtime Environment Temurin-17.0.7+7 (17.0.7+7) (build 17.0.7+7)
# Java VM: OpenJDK 64-Bit Server VM Temurin-17.0.7+7 (17.0.7+7, mixed mode, emulated-client, tiered, compressed oops, compressed class ptrs, g1 gc, windows-amd64)
# No core dump will be written. Minidumps are not enabled by default on client versions of Windows
#

---------------  S U M M A R Y ------------

Command Line: -XX:+ShowCodeDetailsInExceptionMessages -agentlib:jdwp=transport=dt_socket,suspend=y,address=localhost:50626 -Dcom.sun.management.jmxremote -Dcom.sun.management.jmxremote.port=50625 -Dcom.sun.management.jmxremote.authenticate=false -Dcom.sun.management.jmxremote.ssl=false -Djava.rmi.server.hostname=localhost -Dspring.jmx.enabled=true -Dmanagement.endpoints.jmx.exposure.include=* -Dspring.application.admin.enabled=true -XX:TieredStopAtLevel=1 -Dspring.boot.project.name=miniproject -javaagent:C:\Program Files (x86)\sts-4.19.1.RELEASE\configuration\org.eclipse.osgi\740\0\.cp\lib\javaagent-shaded.jar -Dfile.encoding=UTF-8 -Dstdout.encoding=UTF-8 -Dstderr.encoding=UTF-8 com.teama.minpro.teama.MiniprojectApplication --spring.output.ansi.enabled=always

Host: AMD Ryzen 3 3200U with Radeon Vega Mobile Gfx  , 4 cores, 5G,  Windows 10 , 64 bit Build 19041 (10.0.19041.2545)
Time: Sun Oct 15 16:19:41 2023 SE Asia Standard Time elapsed time: 6.823773 seconds (0d 0h 0m 6s)

---------------  T H R E A D  ---------------

Current thread (0x000001c5f79ad060):  JavaThread "restartedMain" [_thread_in_vm, id=8664, stack(0x0000008786900000,0x0000008786a00000)]

Stack: [0x0000008786900000,0x0000008786a00000]
Native frames: (J=compiled Java code, j=interpreted, Vv=VM code, C=native code)
V  [jvm.dll+0x67754a]
V  [jvm.dll+0x834304]
V  [jvm.dll+0x835aae]
V  [jvm.dll+0x836113]
V  [jvm.dll+0x24696f]
V  [jvm.dll+0x83039b]
V  [jvm.dll+0x61c006]
V  [jvm.dll+0x1c169e]
V  [jvm.dll+0x61e961]
V  [jvm.dll+0x61c9a6]
V  [jvm.dll+0x23aeff]
V  [jvm.dll+0x626845]
V  [jvm.dll+0x1eb47b]
V  [jvm.dll+0x1eb9b5]
V  [jvm.dll+0x1ec3ef]
V  [jvm.dll+0x1e1891]
V  [jvm.dll+0x53ea50]
V  [jvm.dll+0x7afc28]
V  [jvm.dll+0x7afd14]
V  [jvm.dll+0x40de05]
V  [jvm.dll+0x413f58]
C  [java.dll+0x17ec]

Java frames: (J=compiled Java code, j=interpreted, Vv=VM code)
J 1447  java.lang.ClassLoader.defineClass1(Ljava/lang/ClassLoader;Ljava/lang/String;[BIILjava/security/ProtectionDomain;Ljava/lang/String;)Ljava/lang/Class; java.base@17.0.7 (0 bytes) @ 0x000001c5e9ce52db [0x000001c5e9ce5220+0x00000000000000bb]
J 1475 c1 java.lang.ClassLoader.defineClass(Ljava/lang/String;[BIILjava/security/ProtectionDomain;)Ljava/lang/Class; java.base@17.0.7 (43 bytes) @ 0x000001c5e9cf3914 [0x000001c5e9cf37e0+0x0000000000000134]
J 1478 c1 jdk.internal.loader.BuiltinClassLoader.defineClass(Ljava/lang/String;Ljdk/internal/loader/Resource;)Ljava/lang/Class; java.base@17.0.7 (121 bytes) @ 0x000001c5e9cf617c [0x000001c5e9cf5ca0+0x00000000000004dc]
J 1462 c1 jdk.internal.loader.BuiltinClassLoader.findClassOnClassPathOrNull(Ljava/lang/String;)Ljava/lang/Class; java.base@17.0.7 (64 bytes) @ 0x000001c5e9ced50c [0x000001c5e9ced220+0x00000000000002ec]
J 1130 c1 jdk.internal.loader.BuiltinClassLoader.loadClassOrNull(Ljava/lang/String;Z)Ljava/lang/Class; java.base@17.0.7 (143 bytes) @ 0x000001c5e9c4129c [0x000001c5e9c40e00+0x000000000000049c]
J 1385 c1 jdk.internal.loader.ClassLoaders$AppClassLoader.loadClass(Ljava/lang/String;Z)Ljava/lang/Class; java.base@17.0.7 (40 bytes) @ 0x000001c5e9cc8134 [0x000001c5e9cc8000+0x0000000000000134]
J 1366 c1 java.lang.ClassLoader.loadClass(Ljava/lang/String;)Ljava/lang/Class; java.base@17.0.7 (7 bytes) @ 0x000001c5e9cb26fc [0x000001c5e9cb26a0+0x000000000000005c]
v  ~StubRoutines::call_stub
j  org.apache.logging.log4j.ThreadContext.init()V+58
j  org.apache.logging.log4j.ThreadContext.<clinit>()V+17
v  ~StubRoutines::call_stub
j  org.jboss.logging.Log4j2LoggerProvider.putMdc(Ljava/lang/String;Ljava/lang/Object;)Ljava/lang/Object;+1
j  org.jboss.logging.MDC.put(Ljava/lang/String;Ljava/lang/Object;)Ljava/lang/Object;+5
j  org.hibernate.loader.plan.build.internal.AbstractLoadPlanBuildingAssociationVisitationStrategy$PropertyPathStack.push(Lorg/hibernate/loader/PropertyPath;)V+15
j  org.hibernate.loader.plan.build.internal.AbstractLoadPlanBuildingAssociationVisitationStrategy.start()V+31
j  org.hibernate.persister.walking.spi.MetamodelGraphWalker.visitEntity(Lorg/hibernate/persister/walking/spi/AssociationVisitationStrategy;Lorg/hibernate/persister/entity/EntityPersister;)V+1
j  org.hibernate.loader.plan.build.spi.MetamodelDrivenLoadPlanBuilder.buildRootEntityLoadPlan(Lorg/hibernate/loader/plan/build/spi/LoadPlanBuildingAssociationVisitationStrategy;Lorg/hibernate/persister/entity/EntityPersister;)Lorg/hibernate/loader/plan/spi/LoadPlan;+2
j  org.hibernate.loader.entity.plan.AbstractLoadPlanBasedEntityLoader.<init>(Lorg/hibernate/persister/entity/OuterJoinLoadable;Lorg/hibernate/engine/spi/SessionFactoryImplementor;[Ljava/lang/String;Lorg/hibernate/type/Type;Lorg/hibernate/loader/plan/exec/query/spi/QueryBuildingParameters;Lorg/hibernate/loader/plan/exec/process/spi/ResultSetProcessorResolver;)V+220
j  org.hibernate.loader.entity.plan.AbstractLoadPlanBasedEntityLoader.<init>(Lorg/hibernate/persister/entity/OuterJoinLoadable;Lorg/hibernate/engine/spi/SessionFactoryImplementor;[Ljava/lang/String;Lorg/hibernate/type/Type;Lorg/hibernate/loader/plan/exec/query/spi/QueryBuildingParameters;)V+11
j  org.hibernate.loader.entity.plan.EntityLoader.<init>(Lorg/hibernate/engine/spi/SessionFactoryImplementor;Lorg/hibernate/persister/entity/OuterJoinLoadable;[Ljava/lang/String;Lorg/hibernate/type/Type;Lorg/hibernate/loader/plan/exec/query/spi/QueryBuildingParameters;)V+8
j  org.hibernate.loader.entity.plan.EntityLoader.<init>(Lorg/hibernate/engine/spi/SessionFactoryImplementor;Lorg/hibernate/persister/entity/OuterJoinLoadable;[Ljava/lang/String;Lorg/hibernate/type/Type;Lorg/hibernate/loader/plan/exec/query/spi/QueryBuildingParameters;Lorg/hibernate/loader/entity/plan/EntityLoader$1;)V+8
j  org.hibernate.loader.entity.plan.EntityLoader$Builder.byUniqueKey([Ljava/lang/String;Lorg/hibernate/type/Type;)Lorg/hibernate/loader/entity/plan/EntityLoader;+50
j  org.hibernate.loader.entity.plan.EntityLoader$Builder.byPrimaryKey()Lorg/hibernate/loader/entity/plan/EntityLoader;+19
j  org.hibernate.loader.entity.plan.AbstractBatchingEntityLoaderBuilder.buildNonBatchingLoader(Lorg/hibernate/persister/entity/OuterJoinLoadable;Lorg/hibernate/LockMode;Lorg/hibernate/engine/spi/SessionFactoryImplementor;Lorg/hibernate/engine/spi/LoadQueryInfluencers;)Lorg/hibernate/loader/entity/UniqueEntityLoader;+13
j  org.hibernate.loader.entity.BatchingEntityLoaderBuilder.buildLoader(Lorg/hibernate/persister/entity/OuterJoinLoadable;ILorg/hibernate/LockMode;Lorg/hibernate/engine/spi/SessionFactoryImplementor;Lorg/hibernate/engine/spi/LoadQueryInfluencers;)Lorg/hibernate/loader/entity/UniqueEntityLoader;+12
j  org.hibernate.persister.entity.AbstractEntityPersister.createEntityLoader(Lorg/hibernate/LockMode;Lorg/hibernate/engine/spi/LoadQueryInfluencers;)Lorg/hibernate/loader/entity/UniqueEntityLoader;+18
j  org.hibernate.persister.entity.AbstractEntityPersister.createEntityLoader(Lorg/hibernate/LockMode;)Lorg/hibernate/loader/entity/UniqueEntityLoader;+5
j  org.hibernate.persister.entity.AbstractEntityPersister.generateDelayedEntityLoader(Lorg/hibernate/LockMode;)Lorg/hibernate/loader/entity/UniqueEntityLoader;+70
j  org.hibernate.persister.entity.AbstractEntityPersister$$Lambda$893+0x000000010079ce28.apply(Ljava/lang/Object;)Ljava/lang/Object;+8
j  org.hibernate.internal.util.collections.LazyIndexedMap.lockedComputeIfAbsent(ILjava/lang/Object;Ljava/util/function/Function;)Ljava/lang/Object;+25
j  org.hibernate.internal.util.collections.LazyIndexedMap.computeIfAbsent(ILjava/lang/Object;Ljava/util/function/Function;)Ljava/lang/Object;+23
j  org.hibernate.persister.entity.EntityLoaderLazyCollection.getOrBuildByLockMode(Lorg/hibernate/LockMode;Ljava/util/function/Function;)Lorg/hibernate/loader/entity/UniqueEntityLoader;+7
j  org.hibernate.persister.entity.AbstractEntityPersister.getLoaderByLockMode(Lorg/hibernate/LockMode;)Lorg/hibernate/loader/entity/UniqueEntityLoader;+11
j  org.hibernate.persister.entity.AbstractEntityPersister.createLoaders()V+84
j  org.hibernate.persister.entity.AbstractEntityPersister.postInstantiate()V+5
j  org.hibernate.metamodel.internal.MetamodelImpl.initialize(Lorg/hibernate/boot/spi/MetadataImplementor;Lorg/hibernate/metamodel/internal/JpaMetaModelPopulationSetting;)V+731
j  org.hibernate.internal.SessionFactoryImpl.<init>(Lorg/hibernate/boot/spi/MetadataImplementor;Lorg/hibernate/boot/spi/SessionFactoryOptions;Lorg/hibernate/engine/query/spi/QueryPlanCache$QueryPlanCreator;)V+761
j  org.hibernate.boot.internal.SessionFactoryBuilderImpl.build()Lorg/hibernate/SessionFactory;+64
j  org.hibernate.jpa.boot.internal.EntityManagerFactoryBuilderImpl.build()Ljavax/persistence/EntityManagerFactory;+22
j  org.springframework.orm.jpa.vendor.SpringHibernateJpaPersistenceProvider.createContainerEntityManagerFactory(Ljavax/persistence/spi/PersistenceUnitInfo;Ljava/util/Map;)Ljavax/persistence/EntityManagerFactory;+55
j  org.springframework.orm.jpa.LocalContainerEntityManagerFactoryBean.createNativeEntityManagerFactory()Ljavax/persistence/EntityManagerFactory;+129
j  org.springframework.orm.jpa.AbstractEntityManagerFactoryBean.buildNativeEntityManagerFactory()Ljavax/persistence/EntityManagerFactory;+1
j  org.springframework.orm.jpa.AbstractEntityManagerFactoryBean.afterPropertiesSet()V+194
j  org.springframework.orm.jpa.LocalContainerEntityManagerFactoryBean.afterPropertiesSet()V+77
j  org.springframework.beans.factory.support.AbstractAutowireCapableBeanFactory.invokeInitMethods(Ljava/lang/String;Ljava/lang/Object;Lorg/springframework/beans/factory/support/RootBeanDefinition;)V+106
j  org.springframework.beans.factory.support.AbstractAutowireCapableBeanFactory.initializeBean(Ljava/lang/String;Ljava/lang/Object;Lorg/springframework/beans/factory/support/RootBeanDefinition;)Ljava/lang/Object;+59
j  org.springframework.beans.factory.support.AbstractAutowireCapableBeanFactory.doCreateBean(Ljava/lang/String;Lorg/springframework/beans/factory/support/RootBeanDefinition;[Ljava/lang/Object;)Ljava/lang/Object;+245
j  org.springframework.beans.factory.support.AbstractAutowireCapableBeanFactory.createBean(Ljava/lang/String;Lorg/springframework/beans/factory/support/RootBeanDefinition;[Ljava/lang/Object;)Ljava/lang/Object;+169
j  org.springframework.beans.factory.support.AbstractBeanFactory.lambda$doGetBean$0(Ljava/lang/String;Lorg/springframework/beans/factory/support/RootBeanDefinition;[Ljava/lang/Object;)Ljava/lang/Object;+4
j  org.springframework.beans.factory.support.AbstractBeanFactory$$Lambda$399+0x000000010039c960.getObject()Ljava/lang/Object;+16
j  org.springframework.beans.factory.support.DefaultSingletonBeanRegistry.getSingleton(Ljava/lang/String;Lorg/springframework/beans/factory/ObjectFactory;)Ljava/lang/Object;+132
J 3624 c1 org.springframework.beans.factory.support.AbstractBeanFactory.doGetBean(Ljava/lang/String;Ljava/lang/Class;[Ljava/lang/Object;Z)Ljava/lang/Object; (832 bytes) @ 0x000001c5ea0a6e5c [0x000001c5ea0a68a0+0x00000000000005bc]
j  org.springframework.beans.factory.support.AbstractBeanFactory.getBean(Ljava/lang/String;)Ljava/lang/Object;+5
j  org.springframework.context.support.AbstractApplicationContext.getBean(Ljava/lang/String;)Ljava/lang/Object;+9
j  org.springframework.context.support.AbstractApplicationContext.finishBeanFactoryInitialization(Lorg/springframework/beans/factory/config/ConfigurableListableBeanFactory;)V+100
j  org.springframework.context.support.AbstractApplicationContext.refresh()V+86
j  org.springframework.boot.web.servlet.context.ServletWebServerApplicationContext.refresh()V+1
j  org.springframework.boot.SpringApplication.refresh(Lorg/springframework/context/ConfigurableApplicationContext;)V+1
j  org.springframework.boot.SpringApplication.refreshContext(Lorg/springframework/context/ConfigurableApplicationContext;)V+16
j  org.springframework.boot.SpringApplication.run([Ljava/lang/String;)Lorg/springframework/context/ConfigurableApplicationContext;+107
j  org.springframework.boot.SpringApplication.run([Ljava/lang/Class;[Ljava/lang/String;)Lorg/springframework/context/ConfigurableApplicationContext;+9
j  org.springframework.boot.SpringApplication.run(Ljava/lang/Class;[Ljava/lang/String;)Lorg/springframework/context/ConfigurableApplicationContext;+9
j  com.teama.minpro.teama.MiniprojectApplication.main([Ljava/lang/String;)V+3
v  ~StubRoutines::call_stub
j  jdk.internal.reflect.NativeMethodAccessorImpl.invoke0(Ljava/lang/reflect/Method;Ljava/lang/Object;[Ljava/lang/Object;)Ljava/lang/Object;+0 java.base@17.0.7
j  jdk.internal.reflect.NativeMethodAccessorImpl.invoke(Ljava/lang/Object;[Ljava/lang/Object;)Ljava/lang/Object;+133 java.base@17.0.7
j  jdk.internal.reflect.DelegatingMethodAccessorImpl.invoke(Ljava/lang/Object;[Ljava/lang/Object;)Ljava/lang/Object;+6 java.base@17.0.7
j  java.lang.reflect.Method.invoke(Ljava/lang/Object;[Ljava/lang/Object;)Ljava/lang/Object;+59 java.base@17.0.7
j  org.springframework.boot.devtools.restart.RestartLauncher.run()V+47
v  ~StubRoutines::call_stub

---------------  P R O C E S S  ---------------

Threads class SMR info:
_java_thread_list=0x000001c5f8e9ee00, length=30, elements={
0x000001c5e61aa270, 0x000001c5f23c3880, 0x000001c5f23c5080, 0x000001c5f2402260,
0x000001c5f23ed030, 0x000001c5f23eda50, 0x000001c5f25123c0, 0x000001c5f2516180,
0x000001c5f2528920, 0x000001c5f258e2f0, 0x000001c5f2614600, 0x000001c5f23379c0,
0x000001c5f2721040, 0x000001c5f272c0c0, 0x000001c5f272e8c0, 0x000001c5f73b1890,
0x000001c5f753b4a0, 0x000001c5f752c270, 0x000001c5f756f010, 0x000001c5f75c9cc0,
0x000001c5f75be600, 0x000001c5f757ce30, 0x000001c5f75765c0, 0x000001c5f79ae3a0,
0x000001c5f79ad060, 0x000001c5f79af210, 0x000001c5f79af6e0, 0x000001c5f79afbb0,
0x000001c5f79b0080, 0x000001c5f79b0550
}

Java Threads: ( => current thread )
  0x000001c5e61aa270 JavaThread "main" [_thread_blocked, id=2472, stack(0x0000008784500000,0x0000008784600000)]
  0x000001c5f23c3880 JavaThread "Reference Handler" daemon [_thread_blocked, id=1360, stack(0x0000008784d00000,0x0000008784e00000)]
  0x000001c5f23c5080 JavaThread "Finalizer" daemon [_thread_blocked, id=1640, stack(0x0000008784e00000,0x0000008784f00000)]
  0x000001c5f2402260 JavaThread "Signal Dispatcher" daemon [_thread_blocked, id=5620, stack(0x0000008784f00000,0x0000008785000000)]
  0x000001c5f23ed030 JavaThread "Attach Listener" daemon [_thread_blocked, id=8772, stack(0x0000008785000000,0x0000008785100000)]
  0x000001c5f23eda50 JavaThread "Service Thread" daemon [_thread_blocked, id=5004, stack(0x0000008785100000,0x0000008785200000)]
  0x000001c5f25123c0 JavaThread "Monitor Deflation Thread" daemon [_thread_blocked, id=6560, stack(0x0000008785200000,0x0000008785300000)]
  0x000001c5f2516180 JavaThread "C1 CompilerThread0" daemon [_thread_blocked, id=8744, stack(0x0000008785300000,0x0000008785400000)]
  0x000001c5f2528920 JavaThread "Sweeper thread" daemon [_thread_blocked, id=3924, stack(0x0000008785400000,0x0000008785500000)]
  0x000001c5f258e2f0 JavaThread "Common-Cleaner" daemon [_thread_blocked, id=3304, stack(0x0000008785500000,0x0000008785600000)]
  0x000001c5f2614600 JavaThread "C1 CompilerThread1" daemon [_thread_blocked, id=6224, stack(0x0000008785600000,0x0000008785700000)]
  0x000001c5f23379c0 JavaThread "C1 CompilerThread2" daemon [_thread_blocked, id=5808, stack(0x0000008785700000,0x0000008785800000)]
  0x000001c5f2721040 JavaThread "JDWP Transport Listener: dt_socket" daemon [_thread_blocked, id=8884, stack(0x0000008785800000,0x0000008785900000)]
  0x000001c5f272c0c0 JavaThread "JDWP Event Helper Thread" daemon [_thread_blocked, id=8548, stack(0x0000008785900000,0x0000008785a00000)]
  0x000001c5f272e8c0 JavaThread "JDWP Command Reader" daemon [_thread_in_native, id=8128, stack(0x0000008785a00000,0x0000008785b00000)]
  0x000001c5f73b1890 JavaThread "Notification Thread" daemon [_thread_blocked, id=9112, stack(0x0000008785b00000,0x0000008785c00000)]
  0x000001c5f753b4a0 JavaThread "RMI TCP Accept-0" daemon [_thread_in_native, id=8796, stack(0x0000008786000000,0x0000008786100000)]
  0x000001c5f752c270 JavaThread "RMI TCP Accept-50625" daemon [_thread_in_native, id=2292, stack(0x0000008786100000,0x0000008786200000)]
  0x000001c5f756f010 JavaThread "RMI TCP Accept-0" daemon [_thread_in_native, id=7008, stack(0x0000008786200000,0x0000008786300000)]
  0x000001c5f75c9cc0 JavaThread "RMI TCP Connection(1)-127.0.0.1" daemon [_thread_in_native, id=2772, stack(0x0000008786400000,0x0000008786500000)]
  0x000001c5f75be600 JavaThread "RMI Scheduler(0)" daemon [_thread_blocked, id=8120, stack(0x0000008786500000,0x0000008786600000)]
  0x000001c5f757ce30 JavaThread "RMI TCP Connection(2)-127.0.0.1" daemon [_thread_in_native, id=2156, stack(0x0000008786600000,0x0000008786700000)]
  0x000001c5f75765c0 JavaThread "JMX server connection timeout 24" daemon [_thread_blocked, id=9124, stack(0x0000008786700000,0x0000008786800000)]
  0x000001c5f79ae3a0 JavaThread "Thread-0" [_thread_blocked, id=7728, stack(0x0000008786800000,0x0000008786900000)]
=>0x000001c5f79ad060 JavaThread "restartedMain" [_thread_in_vm, id=8664, stack(0x0000008786900000,0x0000008786a00000)]
  0x000001c5f79af210 JavaThread "Catalina-utility-1" [_thread_blocked, id=7596, stack(0x0000008786b00000,0x0000008786c00000)]
  0x000001c5f79af6e0 JavaThread "Catalina-utility-2" [_thread_blocked, id=7060, stack(0x0000008786c00000,0x0000008786d00000)]
  0x000001c5f79afbb0 JavaThread "container-0" [_thread_blocked, id=2056, stack(0x0000008786d00000,0x0000008786e00000)]
  0x000001c5f79b0080 JavaThread "HikariPool-1 housekeeper" daemon [_thread_blocked, id=9120, stack(0x0000008786f00000,0x0000008787000000)]
  0x000001c5f79b0550 JavaThread "HikariPool-1 connection adder" daemon [_thread_blocked, id=9076, stack(0x0000008787000000,0x0000008787100000)]

Other Threads:
  0x000001c5f23af390 VMThread "VM Thread" [stack: 0x0000008784c00000,0x0000008784d00000] [id=2400]
  0x000001c5f752c8f0 WatcherThread [stack: 0x0000008786300000,0x0000008786400000] [id=916]
  0x000001c5e61f4d20 GCTaskThread "GC Thread#0" [stack: 0x0000008784700000,0x0000008784800000] [id=7768]
  0x000001c5f74db4c0 GCTaskThread "GC Thread#1" [stack: 0x0000008785c00000,0x0000008785d00000] [id=8768]
  0x000001c5f74fb8a0 GCTaskThread "GC Thread#2" [stack: 0x0000008785d00000,0x0000008785e00000] [id=8372]
  0x000001c5f74fbb50 GCTaskThread "GC Thread#3" [stack: 0x0000008785e00000,0x0000008785f00000] [id=8808]
  0x000001c5e62018f0 ConcurrentGCThread "G1 Main Marker" [stack: 0x0000008784800000,0x0000008784900000] [id=6948]
  0x000001c5e62039c0 ConcurrentGCThread "G1 Conc#0" [stack: 0x0000008784900000,0x0000008784a00000] [id=8380]
  0x000001c5e6262fb0 ConcurrentGCThread "G1 Refine#0" [stack: 0x0000008784a00000,0x0000008784b00000] [id=3172]
  0x000001c5f28c8730 ConcurrentGCThread "G1 Refine#1" [stack: 0x0000008785f00000,0x0000008786000000] [id=6040]
  0x000001c5e6264080 ConcurrentGCThread "G1 Service" [stack: 0x0000008784b00000,0x0000008784c00000] [id=2408]

Threads with active compile tasks:

VM state: not at safepoint (normal execution)

VM Mutex/Monitor currently owned by a thread:  ([mutex/lock_event])
[0x000001c5e61a6810] Metaspace_lock - owner thread: 0x000001c5f79ad060

Heap address: 0x00000000a1400000, size: 1516 MB, Compressed Oops mode: 32-bit

CDS archive(s) not mapped
Compressed class space mapped at: 0x0000000100000000-0x0000000140000000, reserved size: 1073741824
Narrow klass base: 0x0000000000000000, Narrow klass shift: 3, Narrow klass range: 0x140000000

GC Precious Log:
 CPUs: 4 total, 4 available
 Memory: 6058M
 Large Page Support: Disabled
 NUMA Support: Disabled
 Compressed Oops: Enabled (32-bit)
 Heap Region Size: 1M
 Heap Min Capacity: 8M
 Heap Initial Capacity: 96M
 Heap Max Capacity: 1516M
 Pre-touch: Disabled
 Parallel Workers: 4
 Concurrent Workers: 1
 Concurrent Refinement Workers: 4
 Periodic GC: Disabled

Heap:
 garbage-first heap   total 101376K, used 72370K [0x00000000a1400000, 0x0000000100000000)
  region size 1024K, 54 young (55296K), 6 survivors (6144K)
 Metaspace       used 58484K, committed 58816K, reserved 1114112K
  class space    used 7708K, committed 7872K, reserved 1048576K

Heap Regions: E=young(eden), S=young(survivor), O=old, HS=humongous(starts), HC=humongous(continues), CS=collection set, F=free, OA=open archive, CA=closed archive, TAMS=top-at-mark-start (previous, next)
|   0|0x00000000a1400000, 0x00000000a1500000, 0x00000000a1500000|100%|HS|  |TAMS 0x00000000a1500000, 0x00000000a1400000| Complete 
|   1|0x00000000a1500000, 0x00000000a1600000, 0x00000000a1600000|100%| O|  |TAMS 0x00000000a1600000, 0x00000000a1500000| Untracked 
|   2|0x00000000a1600000, 0x00000000a1700000, 0x00000000a1700000|100%| O|  |TAMS 0x00000000a1700000, 0x00000000a1600000| Untracked 
|   3|0x00000000a1700000, 0x00000000a1800000, 0x00000000a1800000|100%| O|  |TAMS 0x00000000a1800000, 0x00000000a1700000| Untracked 
|   4|0x00000000a1800000, 0x00000000a1900000, 0x00000000a1900000|100%| O|  |TAMS 0x00000000a1900000, 0x00000000a1800000| Untracked 
|   5|0x00000000a1900000, 0x00000000a1a00000, 0x00000000a1a00000|100%| O|  |TAMS 0x00000000a1a00000, 0x00000000a1900000| Untracked 
|   6|0x00000000a1a00000, 0x00000000a1b00000, 0x00000000a1b00000|100%| O|  |TAMS 0x00000000a1a87a00, 0x00000000a1a00000| Untracked 
|   7|0x00000000a1b00000, 0x00000000a1c00000, 0x00000000a1c00000|100%| O|  |TAMS 0x00000000a1c00000, 0x00000000a1b00000| Untracked 
|   8|0x00000000a1c00000, 0x00000000a1d00000, 0x00000000a1d00000|100%| O|  |TAMS 0x00000000a1d00000, 0x00000000a1c00000| Untracked 
|   9|0x00000000a1d00000, 0x00000000a1e00000, 0x00000000a1e00000|100%| O|  |TAMS 0x00000000a1e00000, 0x00000000a1d00000| Untracked 
|  10|0x00000000a1e00000, 0x00000000a1f00000, 0x00000000a1f00000|100%| O|  |TAMS 0x00000000a1e00000, 0x00000000a1e00000| Untracked 
|  11|0x00000000a1f00000, 0x00000000a2000000, 0x00000000a2000000|100%| O|  |TAMS 0x00000000a1f00000, 0x00000000a1f00000| Untracked 
|  12|0x00000000a2000000, 0x00000000a2100000, 0x00000000a2100000|100%| O|  |TAMS 0x00000000a2000000, 0x00000000a2000000| Untracked 
|  13|0x00000000a2100000, 0x00000000a2200000, 0x00000000a2200000|100%| O|  |TAMS 0x00000000a2100000, 0x00000000a2100000| Untracked 
|  14|0x00000000a2200000, 0x00000000a2300000, 0x00000000a2300000|100%| O|  |TAMS 0x00000000a2300000, 0x00000000a2200000| Untracked 
|  15|0x00000000a2300000, 0x00000000a2400000, 0x00000000a2400000|100%| O|  |TAMS 0x00000000a2300000, 0x00000000a2300000| Untracked 
|  16|0x00000000a2400000, 0x00000000a2500000, 0x00000000a2500000|100%| O|  |TAMS 0x00000000a2400000, 0x00000000a2400000| Untracked 
|  17|0x00000000a2500000, 0x00000000a2600000, 0x00000000a2600000|100%| O|  |TAMS 0x00000000a2500000, 0x00000000a2500000| Untracked 
|  18|0x00000000a2600000, 0x00000000a2662000, 0x00000000a2700000| 38%| O|  |TAMS 0x00000000a2600000, 0x00000000a2600000| Untracked 
|  19|0x00000000a2700000, 0x00000000a2700000, 0x00000000a2800000|  0%| F|  |TAMS 0x00000000a2700000, 0x00000000a2700000| Untracked 
|  20|0x00000000a2800000, 0x00000000a2800000, 0x00000000a2900000|  0%| F|  |TAMS 0x00000000a2800000, 0x00000000a2800000| Untracked 
|  21|0x00000000a2900000, 0x00000000a2900000, 0x00000000a2a00000|  0%| F|  |TAMS 0x00000000a2900000, 0x00000000a2900000| Untracked 
|  22|0x00000000a2a00000, 0x00000000a2a00000, 0x00000000a2b00000|  0%| F|  |TAMS 0x00000000a2a00000, 0x00000000a2a00000| Untracked 
|  23|0x00000000a2b00000, 0x00000000a2b00000, 0x00000000a2c00000|  0%| F|  |TAMS 0x00000000a2b00000, 0x00000000a2b00000| Untracked 
|  24|0x00000000a2c00000, 0x00000000a2c00000, 0x00000000a2d00000|  0%| F|  |TAMS 0x00000000a2c00000, 0x00000000a2c00000| Untracked 
|  25|0x00000000a2d00000, 0x00000000a2d00000, 0x00000000a2e00000|  0%| F|  |TAMS 0x00000000a2d00000, 0x00000000a2d00000| Untracked 
|  26|0x00000000a2e00000, 0x00000000a2e00000, 0x00000000a2f00000|  0%| F|  |TAMS 0x00000000a2e00000, 0x00000000a2e00000| Untracked 
|  27|0x00000000a2f00000, 0x00000000a2f00000, 0x00000000a3000000|  0%| F|  |TAMS 0x00000000a2f00000, 0x00000000a2f00000| Untracked 
|  28|0x00000000a3000000, 0x00000000a3000000, 0x00000000a3100000|  0%| F|  |TAMS 0x00000000a3000000, 0x00000000a3000000| Untracked 
|  29|0x00000000a3100000, 0x00000000a3100000, 0x00000000a3200000|  0%| F|  |TAMS 0x00000000a3100000, 0x00000000a3100000| Untracked 
|  30|0x00000000a3200000, 0x00000000a3200000, 0x00000000a3300000|  0%| F|  |TAMS 0x00000000a3200000, 0x00000000a3200000| Untracked 
|  31|0x00000000a3300000, 0x00000000a3300000, 0x00000000a3400000|  0%| F|  |TAMS 0x00000000a3300000, 0x00000000a3300000| Untracked 
|  32|0x00000000a3400000, 0x00000000a3400000, 0x00000000a3500000|  0%| F|  |TAMS 0x00000000a3400000, 0x00000000a3400000| Untracked 
|  33|0x00000000a3500000, 0x00000000a3500000, 0x00000000a3600000|  0%| F|  |TAMS 0x00000000a3500000, 0x00000000a3500000| Untracked 
|  34|0x00000000a3600000, 0x00000000a364abf0, 0x00000000a3700000| 29%| S|CS|TAMS 0x00000000a3600000, 0x00000000a3600000| Complete 
|  35|0x00000000a3700000, 0x00000000a3800000, 0x00000000a3800000|100%| S|CS|TAMS 0x00000000a3700000, 0x00000000a3700000| Complete 
|  36|0x00000000a3800000, 0x00000000a3900000, 0x00000000a3900000|100%| S|CS|TAMS 0x00000000a3800000, 0x00000000a3800000| Complete 
|  37|0x00000000a3900000, 0x00000000a3a00000, 0x00000000a3a00000|100%| S|CS|TAMS 0x00000000a3900000, 0x00000000a3900000| Complete 
|  38|0x00000000a3a00000, 0x00000000a3b00000, 0x00000000a3b00000|100%| S|CS|TAMS 0x00000000a3a00000, 0x00000000a3a00000| Complete 
|  39|0x00000000a3b00000, 0x00000000a3b00000, 0x00000000a3c00000|  0%| F|  |TAMS 0x00000000a3b00000, 0x00000000a3b00000| Untracked 
|  40|0x00000000a3c00000, 0x00000000a3c00000, 0x00000000a3d00000|  0%| F|  |TAMS 0x00000000a3c00000, 0x00000000a3c00000| Untracked 
|  41|0x00000000a3d00000, 0x00000000a3d00000, 0x00000000a3e00000|  0%| F|  |TAMS 0x00000000a3d00000, 0x00000000a3d00000| Untracked 
|  42|0x00000000a3e00000, 0x00000000a3e00000, 0x00000000a3f00000|  0%| F|  |TAMS 0x00000000a3e00000, 0x00000000a3e00000| Untracked 
|  43|0x00000000a3f00000, 0x00000000a4000000, 0x00000000a4000000|100%| S|CS|TAMS 0x00000000a3f00000, 0x00000000a3f00000| Complete 
|  44|0x00000000a4000000, 0x00000000a4000000, 0x00000000a4100000|  0%| F|  |TAMS 0x00000000a4000000, 0x00000000a4000000| Untracked 
|  45|0x00000000a4100000, 0x00000000a4100000, 0x00000000a4200000|  0%| F|  |TAMS 0x00000000a4100000, 0x00000000a4100000| Untracked 
|  46|0x00000000a4200000, 0x00000000a4200000, 0x00000000a4300000|  0%| F|  |TAMS 0x00000000a4200000, 0x00000000a4200000| Untracked 
|  47|0x00000000a4300000, 0x00000000a4300000, 0x00000000a4400000|  0%| F|  |TAMS 0x00000000a4300000, 0x00000000a4300000| Untracked 
|  48|0x00000000a4400000, 0x00000000a4400000, 0x00000000a4500000|  0%| F|  |TAMS 0x00000000a4400000, 0x00000000a4400000| Untracked 
|  49|0x00000000a4500000, 0x00000000a4500000, 0x00000000a4600000|  0%| F|  |TAMS 0x00000000a4500000, 0x00000000a4500000| Untracked 
|  50|0x00000000a4600000, 0x00000000a4600000, 0x00000000a4700000|  0%| F|  |TAMS 0x00000000a4600000, 0x00000000a4600000| Untracked 
|  51|0x00000000a4700000, 0x00000000a4783b58, 0x00000000a4800000| 51%| E|  |TAMS 0x00000000a4700000, 0x00000000a4700000| Complete 
|  52|0x00000000a4800000, 0x00000000a4900000, 0x00000000a4900000|100%| E|CS|TAMS 0x00000000a4800000, 0x00000000a4800000| Complete 
|  53|0x00000000a4900000, 0x00000000a4a00000, 0x00000000a4a00000|100%| E|CS|TAMS 0x00000000a4900000, 0x00000000a4900000| Complete 
|  54|0x00000000a4a00000, 0x00000000a4b00000, 0x00000000a4b00000|100%| E|CS|TAMS 0x00000000a4a00000, 0x00000000a4a00000| Complete 
|  55|0x00000000a4b00000, 0x00000000a4c00000, 0x00000000a4c00000|100%| E|CS|TAMS 0x00000000a4b00000, 0x00000000a4b00000| Complete 
|  56|0x00000000a4c00000, 0x00000000a4d00000, 0x00000000a4d00000|100%| E|CS|TAMS 0x00000000a4c00000, 0x00000000a4c00000| Complete 
|  57|0x00000000a4d00000, 0x00000000a4e00000, 0x00000000a4e00000|100%| E|CS|TAMS 0x00000000a4d00000, 0x00000000a4d00000| Complete 
|  58|0x00000000a4e00000, 0x00000000a4f00000, 0x00000000a4f00000|100%| E|CS|TAMS 0x00000000a4e00000, 0x00000000a4e00000| Complete 
|  59|0x00000000a4f00000, 0x00000000a5000000, 0x00000000a5000000|100%| E|CS|TAMS 0x00000000a4f00000, 0x00000000a4f00000| Complete 
|  60|0x00000000a5000000, 0x00000000a5100000, 0x00000000a5100000|100%| E|CS|TAMS 0x00000000a5000000, 0x00000000a5000000| Complete 
|  61|0x00000000a5100000, 0x00000000a5200000, 0x00000000a5200000|100%| E|CS|TAMS 0x00000000a5100000, 0x00000000a5100000| Complete 
|  62|0x00000000a5200000, 0x00000000a5300000, 0x00000000a5300000|100%| E|CS|TAMS 0x00000000a5200000, 0x00000000a5200000| Complete 
|  63|0x00000000a5300000, 0x00000000a5400000, 0x00000000a5400000|100%| E|CS|TAMS 0x00000000a5300000, 0x00000000a5300000| Complete 
|  64|0x00000000a5400000, 0x00000000a5500000, 0x00000000a5500000|100%| E|CS|TAMS 0x00000000a5400000, 0x00000000a5400000| Complete 
|  65|0x00000000a5500000, 0x00000000a5600000, 0x00000000a5600000|100%| E|CS|TAMS 0x00000000a5500000, 0x00000000a5500000| Complete 
|  66|0x00000000a5600000, 0x00000000a5700000, 0x00000000a5700000|100%| E|CS|TAMS 0x00000000a5600000, 0x00000000a5600000| Complete 
|  67|0x00000000a5700000, 0x00000000a5800000, 0x00000000a5800000|100%| E|CS|TAMS 0x00000000a5700000, 0x00000000a5700000| Complete 
|  68|0x00000000a5800000, 0x00000000a5900000, 0x00000000a5900000|100%| E|CS|TAMS 0x00000000a5800000, 0x00000000a5800000| Complete 
|  69|0x00000000a5900000, 0x00000000a5a00000, 0x00000000a5a00000|100%| E|CS|TAMS 0x00000000a5900000, 0x00000000a5900000| Complete 
|  70|0x00000000a5a00000, 0x00000000a5b00000, 0x00000000a5b00000|100%| E|CS|TAMS 0x00000000a5a00000, 0x00000000a5a00000| Complete 
|  71|0x00000000a5b00000, 0x00000000a5c00000, 0x00000000a5c00000|100%| E|CS|TAMS 0x00000000a5b00000, 0x00000000a5b00000| Complete 
|  72|0x00000000a5c00000, 0x00000000a5d00000, 0x00000000a5d00000|100%| E|CS|TAMS 0x00000000a5c00000, 0x00000000a5c00000| Complete 
|  73|0x00000000a5d00000, 0x00000000a5e00000, 0x00000000a5e00000|100%| E|CS|TAMS 0x00000000a5d00000, 0x00000000a5d00000| Complete 
|  74|0x00000000a5e00000, 0x00000000a5f00000, 0x00000000a5f00000|100%| E|CS|TAMS 0x00000000a5e00000, 0x00000000a5e00000| Complete 
|  75|0x00000000a5f00000, 0x00000000a6000000, 0x00000000a6000000|100%| E|CS|TAMS 0x00000000a5f00000, 0x00000000a5f00000| Complete 
|  76|0x00000000a6000000, 0x00000000a6100000, 0x00000000a6100000|100%| E|CS|TAMS 0x00000000a6000000, 0x00000000a6000000| Complete 
|  77|0x00000000a6100000, 0x00000000a6200000, 0x00000000a6200000|100%| E|CS|TAMS 0x00000000a6100000, 0x00000000a6100000| Complete 
|  78|0x00000000a6200000, 0x00000000a6300000, 0x00000000a6300000|100%| E|CS|TAMS 0x00000000a6200000, 0x00000000a6200000| Complete 
|  79|0x00000000a6300000, 0x00000000a6400000, 0x00000000a6400000|100%| E|CS|TAMS 0x00000000a6300000, 0x00000000a6300000| Complete 
|  80|0x00000000a6400000, 0x00000000a6500000, 0x00000000a6500000|100%| E|CS|TAMS 0x00000000a6400000, 0x00000000a6400000| Complete 
|  81|0x00000000a6500000, 0x00000000a6600000, 0x00000000a6600000|100%| E|CS|TAMS 0x00000000a6500000, 0x00000000a6500000| Complete 
|  82|0x00000000a6600000, 0x00000000a6700000, 0x00000000a6700000|100%| E|CS|TAMS 0x00000000a6600000, 0x00000000a6600000| Complete 
|  83|0x00000000a6700000, 0x00000000a6800000, 0x00000000a6800000|100%| E|CS|TAMS 0x00000000a6700000, 0x00000000a6700000| Complete 
|  84|0x00000000a6800000, 0x00000000a6900000, 0x00000000a6900000|100%| E|CS|TAMS 0x00000000a6800000, 0x00000000a6800000| Complete 
|  85|0x00000000a6900000, 0x00000000a6a00000, 0x00000000a6a00000|100%| E|CS|TAMS 0x00000000a6900000, 0x00000000a6900000| Complete 
|  86|0x00000000a6a00000, 0x00000000a6b00000, 0x00000000a6b00000|100%| E|CS|TAMS 0x00000000a6a00000, 0x00000000a6a00000| Complete 
|  87|0x00000000a6b00000, 0x00000000a6c00000, 0x00000000a6c00000|100%| E|CS|TAMS 0x00000000a6b00000, 0x00000000a6b00000| Complete 
|  88|0x00000000a6c00000, 0x00000000a6d00000, 0x00000000a6d00000|100%| E|CS|TAMS 0x00000000a6c00000, 0x00000000a6c00000| Complete 
|  89|0x00000000a6d00000, 0x00000000a6e00000, 0x00000000a6e00000|100%| E|CS|TAMS 0x00000000a6d00000, 0x00000000a6d00000| Complete 
|  90|0x00000000a6e00000, 0x00000000a6f00000, 0x00000000a6f00000|100%| E|CS|TAMS 0x00000000a6e00000, 0x00000000a6e00000| Complete 
|  91|0x00000000a6f00000, 0x00000000a7000000, 0x00000000a7000000|100%| E|CS|TAMS 0x00000000a6f00000, 0x00000000a6f00000| Complete 
|  92|0x00000000a7000000, 0x00000000a7100000, 0x00000000a7100000|100%| E|CS|TAMS 0x00000000a7000000, 0x00000000a7000000| Complete 
|  93|0x00000000a7100000, 0x00000000a7200000, 0x00000000a7200000|100%| E|CS|TAMS 0x00000000a7100000, 0x00000000a7100000| Complete 
|  94|0x00000000a7200000, 0x00000000a7300000, 0x00000000a7300000|100%| E|CS|TAMS 0x00000000a7200000, 0x00000000a7200000| Complete 
|  95|0x00000000a7300000, 0x00000000a7400000, 0x00000000a7400000|100%| E|CS|TAMS 0x00000000a7300000, 0x00000000a7300000| Complete 
|  96|0x00000000a7400000, 0x00000000a7500000, 0x00000000a7500000|100%| E|CS|TAMS 0x00000000a7400000, 0x00000000a7400000| Complete 
|  97|0x00000000a7500000, 0x00000000a7600000, 0x00000000a7600000|100%| E|CS|TAMS 0x00000000a7500000, 0x00000000a7500000| Complete 
|  98|0x00000000a7600000, 0x00000000a7700000, 0x00000000a7700000|100%| E|CS|TAMS 0x00000000a7600000, 0x00000000a7600000| Complete 

Card table byte_map: [0x000001c5ec860000,0x000001c5ecb60000] _byte_map_base: 0x000001c5ec356000

Marking Bits (Prev, Next): (CMBitMap*) 0x000001c5e61f5240, (CMBitMap*) 0x000001c5e61f5280
 Prev Bits: [0x000001c5ece60000, 0x000001c5ee610000)
 Next Bits: [0x000001c5ee610000, 0x000001c5efdc0000)

Polling page: 0x000001c5e3fd0000

Metaspace:

Usage:
  Non-class:     49.59 MB used.
      Class:      7.53 MB used.
       Both:     57.11 MB used.

Virtual space:
  Non-class space:       64.00 MB reserved,      49.75 MB ( 78%) committed,  1 nodes.
      Class space:        1.00 GB reserved,       7.69 MB ( <1%) committed,  1 nodes.
             Both:        1.06 GB reserved,      57.44 MB (  5%) committed. 

Chunk freelists:
   Non-Class:  13.86 MB
       Class:  8.35 MB
        Both:  22.21 MB

MaxMetaspaceSize: unlimited
CompressedClassSpaceSize: 1.00 GB
Initial GC threshold: 21.00 MB
Current GC threshold: 59.00 MB
CDS: off
MetaspaceReclaimPolicy: balanced
 - commit_granule_bytes: 65536.
 - commit_granule_words: 8192.
 - virtual_space_node_default_size: 8388608.
 - enlarge_chunks_in_place: 1.
 - new_chunks_are_fully_committed: 0.
 - uncommit_free_chunks: 1.
 - use_allocation_guard: 0.
 - handle_deallocations: 1.


Internal statistics:

num_allocs_failed_limit: 6.
num_arena_births: 452.
num_arena_deaths: 0.
num_vsnodes_births: 2.
num_vsnodes_deaths: 0.
num_space_committed: 919.
num_space_uncommitted: 0.
num_chunks_returned_to_freelist: 6.
num_chunks_taken_from_freelist: 2228.
num_chunk_merges: 6.
num_chunk_splits: 1580.
num_chunks_enlarged: 1225.
num_inconsistent_stats: 0.

CodeCache: size=49152Kb used=11916Kb max_used=11916Kb free=37235Kb
 bounds [0x000001c5e9860000, 0x000001c5ea410000, 0x000001c5ec860000]
 total_blobs=6333 nmethods=5754 adapters=503
 compilation: enabled
              stopped_count=0, restarted_count=0
 full_count=0

Compilation events (20 events):
Event: 6.476 Thread 0x000001c5f23379c0 5743       1       net.bytebuddy.implementation.bytecode.constant.TextConstant::apply (15 bytes)
Event: 6.476 Thread 0x000001c5f23379c0 nmethod 5743 0x000001c5ea3fca90 code [0x000001c5ea3fcc40, 0x000001c5ea3fcda8]
Event: 6.476 Thread 0x000001c5f2516180 nmethod 5742 0x000001c5ea3fcf10 code [0x000001c5ea3fd120, 0x000001c5ea3fd528]
Event: 6.477 Thread 0x000001c5f2614600 nmethod 5734 0x000001c5ea3fd810 code [0x000001c5ea3fdd80, 0x000001c5ea3ff718]
Event: 6.478 Thread 0x000001c5f2614600 5744       1       org.hibernate.tuple.AbstractNonIdentifierAttribute::getCascadeStyle (8 bytes)
Event: 6.478 Thread 0x000001c5f23379c0 5745       1       org.hibernate.type.descriptor.java.ImmutableMutabilityPlan::isMutable (2 bytes)
Event: 6.478 Thread 0x000001c5f23379c0 nmethod 5745 0x000001c5ea400510 code [0x000001c5ea4006a0, 0x000001c5ea400778]
Event: 6.478 Thread 0x000001c5f2614600 nmethod 5744 0x000001c5ea400810 code [0x000001c5ea4009a0, 0x000001c5ea400a78]
Event: 6.478 Thread 0x000001c5f2614600 5746       1       net.bytebuddy.description.type.TypeDescription$ForLoadedType::getDeclaringType (23 bytes)
Event: 6.479 Thread 0x000001c5f2614600 nmethod 5746 0x000001c5ea400b10 code [0x000001c5ea400d00, 0x000001c5ea401098]
Event: 6.485 Thread 0x000001c5f2614600 5748       1       org.hibernate.tuple.entity.EntityMetamodel::getPropertySpan (5 bytes)
Event: 6.485 Thread 0x000001c5f2516180 5749       1       org.hibernate.tuple.entity.EntityMetamodel::getProperties (5 bytes)
Event: 6.485 Thread 0x000001c5f2614600 nmethod 5748 0x000001c5ea401610 code [0x000001c5ea4017a0, 0x000001c5ea401878]
Event: 6.485 Thread 0x000001c5f2516180 nmethod 5749 0x000001c5ea401910 code [0x000001c5ea401aa0, 0x000001c5ea401b78]
Event: 6.509 Thread 0x000001c5f2516180 5752       1       java.util.concurrent.atomic.AtomicInteger::getAndAdd (12 bytes)
Event: 6.509 Thread 0x000001c5f2516180 nmethod 5752 0x000001c5ea402210 code [0x000001c5ea4023a0, 0x000001c5ea402478]
Event: 6.517 Thread 0x000001c5f2516180 5753       1       java.util.regex.Matcher::group (112 bytes)
Event: 6.517 Thread 0x000001c5f23379c0 5754       1       java.util.regex.Matcher::getSubSequence (12 bytes)
Event: 6.517 Thread 0x000001c5f23379c0 nmethod 5754 0x000001c5ea402510 code [0x000001c5ea4026a0, 0x000001c5ea4027a8]
Event: 6.518 Thread 0x000001c5f2516180 nmethod 5753 0x000001c5ea402810 code [0x000001c5ea402a40, 0x000001c5ea402fe8]

GC Heap History (20 events):
Event: 2.651 GC heap before
{Heap before GC invocations=9 (full 0):
 garbage-first heap   total 80896K, used 55999K [0x00000000a1400000, 0x0000000100000000)
  region size 1024K, 47 young (48128K), 4 survivors (4096K)
 Metaspace       used 32828K, committed 33088K, reserved 1114112K
  class space    used 3925K, committed 4032K, reserved 1048576K
}
Event: 2.656 GC heap after
{Heap after GC invocations=10 (full 0):
 garbage-first heap   total 80896K, used 13726K [0x00000000a1400000, 0x0000000100000000)
  region size 1024K, 4 young (4096K), 4 survivors (4096K)
 Metaspace       used 32828K, committed 33088K, reserved 1114112K
  class space    used 3925K, committed 4032K, reserved 1048576K
}
Event: 3.167 GC heap before
{Heap before GC invocations=10 (full 0):
 garbage-first heap   total 80896K, used 57758K [0x00000000a1400000, 0x0000000100000000)
  region size 1024K, 47 young (48128K), 4 survivors (4096K)
 Metaspace       used 35089K, committed 35392K, reserved 1114112K
  class space    used 4248K, committed 4352K, reserved 1048576K
}
Event: 3.172 GC heap after
{Heap after GC invocations=11 (full 0):
 garbage-first heap   total 80896K, used 15513K [0x00000000a1400000, 0x0000000100000000)
  region size 1024K, 5 young (5120K), 5 survivors (5120K)
 Metaspace       used 35089K, committed 35392K, reserved 1114112K
  class space    used 4248K, committed 4352K, reserved 1048576K
}
Event: 3.288 GC heap before
{Heap before GC invocations=11 (full 0):
 garbage-first heap   total 80896K, used 26777K [0x00000000a1400000, 0x0000000100000000)
  region size 1024K, 18 young (18432K), 5 survivors (5120K)
 Metaspace       used 35819K, committed 36096K, reserved 1114112K
  class space    used 4353K, committed 4480K, reserved 1048576K
}
Event: 3.293 GC heap after
{Heap after GC invocations=12 (full 0):
 garbage-first heap   total 97280K, used 15735K [0x00000000a1400000, 0x0000000100000000)
  region size 1024K, 3 young (3072K), 3 survivors (3072K)
 Metaspace       used 35819K, committed 36096K, reserved 1114112K
  class space    used 4353K, committed 4480K, reserved 1048576K
}
Event: 3.715 GC heap before
{Heap before GC invocations=13 (full 0):
 garbage-first heap   total 61440K, used 49527K [0x00000000a1400000, 0x0000000100000000)
  region size 1024K, 36 young (36864K), 3 survivors (3072K)
 Metaspace       used 38114K, committed 38400K, reserved 1114112K
  class space    used 4698K, committed 4800K, reserved 1048576K
}
Event: 3.720 GC heap after
{Heap after GC invocations=14 (full 0):
 garbage-first heap   total 61440K, used 16924K [0x00000000a1400000, 0x0000000100000000)
  region size 1024K, 4 young (4096K), 4 survivors (4096K)
 Metaspace       used 38114K, committed 38400K, reserved 1114112K
  class space    used 4698K, committed 4800K, reserved 1048576K
}
Event: 3.737 GC heap before
{Heap before GC invocations=14 (full 0):
 garbage-first heap   total 61440K, used 17948K [0x00000000a1400000, 0x0000000100000000)
  region size 1024K, 5 young (5120K), 4 survivors (4096K)
 Metaspace       used 38173K, committed 38528K, reserved 1114112K
  class space    used 4707K, committed 4864K, reserved 1048576K
}
Event: 3.741 GC heap after
{Heap after GC invocations=15 (full 0):
 garbage-first heap   total 61440K, used 17230K [0x00000000a1400000, 0x0000000100000000)
  region size 1024K, 1 young (1024K), 1 survivors (1024K)
 Metaspace       used 38173K, committed 38528K, reserved 1114112K
  class space    used 4707K, committed 4864K, reserved 1048576K
}
Event: 4.108 GC heap before
{Heap before GC invocations=15 (full 0):
 garbage-first heap   total 61440K, used 48974K [0x00000000a1400000, 0x0000000100000000)
  region size 1024K, 32 young (32768K), 1 survivors (1024K)
 Metaspace       used 40832K, committed 41216K, reserved 1114112K
  class space    used 5140K, committed 5312K, reserved 1048576K
}
Event: 4.112 GC heap after
{Heap after GC invocations=16 (full 0):
 garbage-first heap   total 61440K, used 18835K [0x00000000a1400000, 0x0000000100000000)
  region size 1024K, 3 young (3072K), 3 survivors (3072K)
 Metaspace       used 40832K, committed 41216K, reserved 1114112K
  class space    used 5140K, committed 5312K, reserved 1048576K
}
Event: 4.417 GC heap before
{Heap before GC invocations=16 (full 0):
 garbage-first heap   total 61440K, used 48531K [0x00000000a1400000, 0x0000000100000000)
  region size 1024K, 32 young (32768K), 3 survivors (3072K)
 Metaspace       used 43010K, committed 43264K, reserved 1114112K
  class space    used 5381K, committed 5504K, reserved 1048576K
}
Event: 4.422 GC heap after
{Heap after GC invocations=17 (full 0):
 garbage-first heap   total 61440K, used 20502K [0x00000000a1400000, 0x0000000100000000)
  region size 1024K, 4 young (4096K), 4 survivors (4096K)
 Metaspace       used 43010K, committed 43264K, reserved 1114112K
  class space    used 5381K, committed 5504K, reserved 1048576K
}
Event: 4.688 GC heap before
{Heap before GC invocations=17 (full 0):
 garbage-first heap   total 61440K, used 49174K [0x00000000a1400000, 0x0000000100000000)
  region size 1024K, 32 young (32768K), 4 survivors (4096K)
 Metaspace       used 45439K, committed 45824K, reserved 1114112K
  class space    used 5700K, committed 5888K, reserved 1048576K
}
Event: 4.694 GC heap after
{Heap after GC invocations=18 (full 0):
 garbage-first heap   total 101376K, used 21019K [0x00000000a1400000, 0x0000000100000000)
  region size 1024K, 3 young (3072K), 3 survivors (3072K)
 Metaspace       used 45439K, committed 45824K, reserved 1114112K
  class space    used 5700K, committed 5888K, reserved 1048576K
}
Event: 5.324 GC heap before
{Heap before GC invocations=18 (full 0):
 garbage-first heap   total 101376K, used 78363K [0x00000000a1400000, 0x0000000100000000)
  region size 1024K, 59 young (60416K), 3 survivors (3072K)
 Metaspace       used 51520K, committed 51904K, reserved 1114112K
  class space    used 6650K, committed 6848K, reserved 1048576K
}
Event: 5.328 GC heap after
{Heap after GC invocations=19 (full 0):
 garbage-first heap   total 101376K, used 22348K [0x00000000a1400000, 0x0000000100000000)
  region size 1024K, 4 young (4096K), 4 survivors (4096K)
 Metaspace       used 51520K, committed 51904K, reserved 1114112K
  class space    used 6650K, committed 6848K, reserved 1048576K
}
Event: 6.065 GC heap before
{Heap before GC invocations=19 (full 0):
 garbage-first heap   total 101376K, used 78668K [0x00000000a1400000, 0x0000000100000000)
  region size 1024K, 59 young (60416K), 4 survivors (4096K)
 Metaspace       used 56226K, committed 56576K, reserved 1114112K
  class space    used 7292K, committed 7424K, reserved 1048576K
}
Event: 6.072 GC heap after
{Heap after GC invocations=20 (full 0):
 garbage-first heap   total 101376K, used 24242K [0x00000000a1400000, 0x0000000100000000)
  region size 1024K, 6 young (6144K), 6 survivors (6144K)
 Metaspace       used 56226K, committed 56576K, reserved 1114112K
  class space    used 7292K, committed 7424K, reserved 1048576K
}

Dll operation events (11 events):
Event: 0.018 Loaded shared library C:\Program Files (x86)\sts-4.19.1.RELEASE\plugins\org.eclipse.justj.openjdk.hotspot.jre.full.win32.x86_64_17.0.7.v20230425-1502\jre\bin\java.dll
Event: 0.397 Loaded shared library C:\Program Files (x86)\sts-4.19.1.RELEASE\plugins\org.eclipse.justj.openjdk.hotspot.jre.full.win32.x86_64_17.0.7.v20230425-1502\jre\bin\zip.dll
Event: 0.401 Loaded shared library C:\Program Files (x86)\sts-4.19.1.RELEASE\plugins\org.eclipse.justj.openjdk.hotspot.jre.full.win32.x86_64_17.0.7.v20230425-1502\jre\bin\instrument.dll
Event: 0.417 Loaded shared library C:\Program Files (x86)\sts-4.19.1.RELEASE\plugins\org.eclipse.justj.openjdk.hotspot.jre.full.win32.x86_64_17.0.7.v20230425-1502\jre\bin\net.dll
Event: 0.418 Loaded shared library C:\Program Files (x86)\sts-4.19.1.RELEASE\plugins\org.eclipse.justj.openjdk.hotspot.jre.full.win32.x86_64_17.0.7.v20230425-1502\jre\bin\nio.dll
Event: 0.426 Loaded shared library C:\Program Files (x86)\sts-4.19.1.RELEASE\plugins\org.eclipse.justj.openjdk.hotspot.jre.full.win32.x86_64_17.0.7.v20230425-1502\jre\bin\zip.dll
Event: 0.576 Loaded shared library C:\Program Files (x86)\sts-4.19.1.RELEASE\plugins\org.eclipse.justj.openjdk.hotspot.jre.full.win32.x86_64_17.0.7.v20230425-1502\jre\bin\jimage.dll
Event: 0.632 Loaded shared library C:\Program Files (x86)\sts-4.19.1.RELEASE\plugins\org.eclipse.justj.openjdk.hotspot.jre.full.win32.x86_64_17.0.7.v20230425-1502\jre\bin\management.dll
Event: 0.647 Loaded shared library C:\Program Files (x86)\sts-4.19.1.RELEASE\plugins\org.eclipse.justj.openjdk.hotspot.jre.full.win32.x86_64_17.0.7.v20230425-1502\jre\bin\management_ext.dll
Event: 0.929 Loaded shared library C:\Program Files (x86)\sts-4.19.1.RELEASE\plugins\org.eclipse.justj.openjdk.hotspot.jre.full.win32.x86_64_17.0.7.v20230425-1502\jre\bin\verify.dll
Event: 4.213 Loaded shared library C:\Program Files (x86)\sts-4.19.1.RELEASE\plugins\org.eclipse.justj.openjdk.hotspot.jre.full.win32.x86_64_17.0.7.v20230425-1502\jre\bin\sunmscapi.dll

Deoptimization events (20 events):
Event: 6.498 Thread 0x000001c5f79ad060 DEOPT PACKING pc=0x000001c5e9c5f654 sp=0x00000087869fc430
Event: 6.498 Thread 0x000001c5f79ad060 DEOPT UNPACKING pc=0x000001c5e98b7143 sp=0x00000087869fb920 mode 1
Event: 6.498 Thread 0x000001c5f79ad060 DEOPT PACKING pc=0x000001c5e9cc81d4 sp=0x00000087869fb970
Event: 6.498 Thread 0x000001c5f79ad060 DEOPT UNPACKING pc=0x000001c5e98b7143 sp=0x00000087869fae08 mode 1
Event: 6.498 Thread 0x000001c5f79ad060 DEOPT PACKING pc=0x000001c5e9cb26fc sp=0x00000087869fba40
Event: 6.498 Thread 0x000001c5f79ad060 DEOPT UNPACKING pc=0x000001c5e98b7143 sp=0x00000087869faef8 mode 1
Event: 6.498 Thread 0x000001c5f79ad060 DEOPT PACKING pc=0x000001c5e9c5f654 sp=0x00000087869fc430
Event: 6.498 Thread 0x000001c5f79ad060 DEOPT UNPACKING pc=0x000001c5e98b7143 sp=0x00000087869fb920 mode 1
Event: 6.499 Thread 0x000001c5f79ad060 DEOPT PACKING pc=0x000001c5e9cc81d4 sp=0x00000087869fbb20
Event: 6.499 Thread 0x000001c5f79ad060 DEOPT UNPACKING pc=0x000001c5e98b7143 sp=0x00000087869fafb8 mode 1
Event: 6.499 Thread 0x000001c5f79ad060 DEOPT PACKING pc=0x000001c5e9cb26fc sp=0x00000087869fbbf0
Event: 6.499 Thread 0x000001c5f79ad060 DEOPT UNPACKING pc=0x000001c5e98b7143 sp=0x00000087869fb0a8 mode 1
Event: 6.499 Thread 0x000001c5f79ad060 DEOPT PACKING pc=0x000001c5e9c5f654 sp=0x00000087869fc5e0
Event: 6.499 Thread 0x000001c5f79ad060 DEOPT UNPACKING pc=0x000001c5e98b7143 sp=0x00000087869fbad0 mode 1
Event: 6.499 Thread 0x000001c5f79ad060 DEOPT PACKING pc=0x000001c5e9cc81d4 sp=0x00000087869fbb20
Event: 6.499 Thread 0x000001c5f79ad060 DEOPT UNPACKING pc=0x000001c5e98b7143 sp=0x00000087869fafb8 mode 1
Event: 6.499 Thread 0x000001c5f79ad060 DEOPT PACKING pc=0x000001c5e9cb26fc sp=0x00000087869fbbf0
Event: 6.499 Thread 0x000001c5f79ad060 DEOPT UNPACKING pc=0x000001c5e98b7143 sp=0x00000087869fb0a8 mode 1
Event: 6.499 Thread 0x000001c5f79ad060 DEOPT PACKING pc=0x000001c5e9c5f654 sp=0x00000087869fc5e0
Event: 6.499 Thread 0x000001c5f79ad060 DEOPT UNPACKING pc=0x000001c5e98b7143 sp=0x00000087869fbad0 mode 1

Classes unloaded (0 events):
No events

Classes redefined (0 events):
No events

Internal exceptions (20 events):
Event: 4.013 Thread 0x000001c5f79ad060 Exception <a 'java/lang/NoSuchMethodError'{0x00000000a382cf28}: 'void java.lang.invoke.DirectMethodHandle$Holder.invokeStatic(java.lang.Object, int, java.lang.Object)'> (0x00000000a382cf28) 
thrown [s\src\hotspot\share\interpreter\linkResolver.cpp, line 759]
Event: 4.016 Thread 0x000001c5f79ad060 Exception <a 'java/lang/NoSuchMethodError'{0x00000000a385c580}: 'int java.lang.invoke.DirectMethodHandle$Holder.invokeSpecial(java.lang.Object, java.lang.Object, int)'> (0x00000000a385c580) 
thrown [s\src\hotspot\share\interpreter\linkResolver.cpp, line 759]
Event: 4.127 Thread 0x000001c5f757ce30 Exception <a 'java/lang/reflect/InvocationTargetException'{0x00000000a5501b90}> (0x00000000a5501b90) 
thrown [s\src\hotspot\share\runtime\reflection.cpp, line 1121]
Event: 4.248 Thread 0x000001c5f79ad060 Exception <a 'sun/nio/fs/WindowsException'{0x00000000a4041a50}> (0x00000000a4041a50) 
thrown [s\src\hotspot\share\prims\jni.cpp, line 516]
Event: 4.248 Thread 0x000001c5f79ad060 Exception <a 'sun/nio/fs/WindowsException'{0x00000000a4047678}> (0x00000000a4047678) 
thrown [s\src\hotspot\share\prims\jni.cpp, line 516]
Event: 4.249 Thread 0x000001c5f79ad060 Exception <a 'sun/nio/fs/WindowsException'{0x00000000a4047d50}> (0x00000000a4047d50) 
thrown [s\src\hotspot\share\prims\jni.cpp, line 516]
Event: 4.350 Thread 0x000001c5f79ad060 Exception <a 'java/io/FileNotFoundException'{0x00000000a3883008}> (0x00000000a3883008) 
thrown [s\src\hotspot\share\prims\jni.cpp, line 516]
Event: 4.368 Thread 0x000001c5f79ad060 Exception <a 'java/lang/NoSuchMethodError'{0x00000000a3648838}: 'int java.lang.invoke.DirectMethodHandle$Holder.invokeInterface(java.lang.Object, java.lang.Object, java.lang.Object, java.lang.Object)'> (0x00000000a3648838) 
thrown [s\src\hotspot\share\interpreter\linkResolver.cpp, line 759]
Event: 4.426 Thread 0x000001c5f79ad060 Exception <a 'java/lang/NoSuchMethodError'{0x00000000a732e250}: 'long java.lang.invoke.DirectMethodHandle$Holder.invokeVirtual(java.lang.Object, java.lang.Object)'> (0x00000000a732e250) 
thrown [s\src\hotspot\share\interpreter\linkResolver.cpp, line 759]
Event: 4.431 Thread 0x000001c5f79ad060 Exception <a 'java/io/FileNotFoundException'{0x00000000a73a4b98}> (0x00000000a73a4b98) 
thrown [s\src\hotspot\share\prims\jni.cpp, line 516]
Event: 4.632 Thread 0x000001c5f757ce30 Exception <a 'java/lang/reflect/InvocationTargetException'{0x00000000a3983d28}> (0x00000000a3983d28) 
thrown [s\src\hotspot\share\runtime\reflection.cpp, line 1121]
Event: 5.120 Thread 0x000001c5f79ad060 Exception <a 'sun/nio/fs/WindowsException'{0x00000000a4e311d8}> (0x00000000a4e311d8) 
thrown [s\src\hotspot\share\prims\jni.cpp, line 516]
Event: 5.134 Thread 0x000001c5f757ce30 Exception <a 'java/lang/reflect/InvocationTargetException'{0x00000000a4e96490}> (0x00000000a4e96490) 
thrown [s\src\hotspot\share\runtime\reflection.cpp, line 1121]
Event: 5.290 Thread 0x000001c5f79ad060 Exception <a 'java/lang/NoSuchMethodError'{0x00000000a4163f58}: 'java.lang.Object java.lang.invoke.DirectMethodHandle$Holder.invokeStaticInit(java.lang.Object, java.lang.Object, java.lang.Object, java.lang.Object)'> (0x00000000a4163f58) 
thrown [s\src\hotspot\share\interpreter\linkResolver.cpp, line 759]
Event: 5.638 Thread 0x000001c5f757ce30 Exception <a 'java/lang/reflect/InvocationTargetException'{0x00000000a6482370}> (0x00000000a6482370) 
thrown [s\src\hotspot\share\runtime\reflection.cpp, line 1121]
Event: 5.701 Thread 0x000001c5f79ad060 Exception <a 'java/lang/NoSuchMethodError'{0x00000000a5ffe4b0}: 'java.lang.Object java.lang.invoke.DirectMethodHandle$Holder.newInvokeSpecial(java.lang.Object, java.lang.Object, int, java.lang.Object, java.lang.Object)'> (0x00000000a5ffe4b0) 
thrown [s\src\hotspot\share\interpreter\linkResolver.cpp, line 759]
Event: 6.141 Thread 0x000001c5f757ce30 Exception <a 'java/lang/reflect/InvocationTargetException'{0x00000000a6f836c0}> (0x00000000a6f836c0) 
thrown [s\src\hotspot\share\runtime\reflection.cpp, line 1121]
Event: 6.484 Thread 0x000001c5f79ad060 Exception <a 'java/lang/NoSuchMethodError'{0x00000000a4cdad28}: 'void java.lang.invoke.DirectMethodHandle$Holder.invokeInterface(java.lang.Object, java.lang.Object)'> (0x00000000a4cdad28) 
thrown [s\src\hotspot\share\interpreter\linkResolver.cpp, line 759]
Event: 6.488 Thread 0x000001c5f79ad060 Exception <a 'java/lang/NoSuchMethodError'{0x00000000a4b2ad70}: 'int java.lang.invoke.DirectMethodHandle$Holder.invokeStatic(java.lang.Object, java.lang.Object, int)'> (0x00000000a4b2ad70) 
thrown [s\src\hotspot\share\interpreter\linkResolver.cpp, line 759]
Event: 6.501 Thread 0x000001c5f79ad060 Exception <a 'java/lang/NoSuchMethodError'{0x00000000a4aca180}: 'java.lang.Object java.lang.invoke.DirectMethodHandle$Holder.invokeStaticInit(java.lang.Object, java.lang.Object, java.lang.Object, java.lang.Object, int, int)'> (0x00000000a4aca180) 
thrown [s\src\hotspot\share\interpreter\linkResolver.cpp, line 759]

VM Operations (20 events):
Event: 4.688 Executing VM operation: G1CollectForAllocation
Event: 4.694 Executing VM operation: G1CollectForAllocation done
Event: 5.121 Executing VM operation: HandshakeAllThreads
Event: 5.121 Executing VM operation: HandshakeAllThreads done
Event: 5.125 Executing VM operation: HandshakeAllThreads
Event: 5.125 Executing VM operation: HandshakeAllThreads done
Event: 5.323 Executing VM operation: G1CollectForAllocation
Event: 5.328 Executing VM operation: G1CollectForAllocation done
Event: 5.491 Executing VM operation: HandshakeAllThreads
Event: 5.491 Executing VM operation: HandshakeAllThreads done
Event: 5.504 Executing VM operation: HandshakeAllThreads
Event: 5.504 Executing VM operation: HandshakeAllThreads done
Event: 6.065 Executing VM operation: G1CollectForAllocation
Event: 6.073 Executing VM operation: G1CollectForAllocation done
Event: 6.251 Executing VM operation: HandshakeAllThreads
Event: 6.251 Executing VM operation: HandshakeAllThreads done
Event: 6.309 Executing VM operation: ICBufferFull
Event: 6.309 Executing VM operation: ICBufferFull done
Event: 6.430 Executing VM operation: ICBufferFull
Event: 6.430 Executing VM operation: ICBufferFull done

Events (20 events):
Event: 5.692 loading class java/io/InvalidObjectException
Event: 5.692 loading class java/io/InvalidObjectException done
Event: 5.727 loading class java/util/concurrent/CompletableFuture$AltResult
Event: 5.727 loading class java/util/concurrent/CompletableFuture$AltResult done
Event: 5.727 loading class java/util/concurrent/CompletableFuture$Completion
Event: 5.727 loading class java/util/concurrent/CompletableFuture$AsynchronousCompletionTask
Event: 5.727 loading class java/util/concurrent/CompletableFuture$AsynchronousCompletionTask done
Event: 5.727 loading class java/util/concurrent/ForkJoinTask
Event: 5.728 loading class java/util/concurrent/ForkJoinTask done
Event: 5.728 loading class java/util/concurrent/CompletableFuture$Completion done
Event: 6.194 loading class java/util/AbstractList$SubList
Event: 6.194 loading class java/util/AbstractList$SubList done
Event: 6.514 loading class java/lang/InheritableThreadLocal
Event: 6.514 loading class java/lang/InheritableThreadLocal done
Event: 6.516 loading class java/io/StreamCorruptedException
Event: 6.516 loading class java/io/StreamCorruptedException done
Event: 6.516 loading class java/io/ObjectInputValidation
Event: 6.516 loading class java/io/ObjectInputValidation done
Event: 6.516 loading class java/io/NotActiveException
Event: 6.517 loading class java/io/NotActiveException done


Dynamic libraries:
0x00007ff6437d0000 - 0x00007ff6437de000 	C:\Program Files (x86)\sts-4.19.1.RELEASE\plugins\org.eclipse.justj.openjdk.hotspot.jre.full.win32.x86_64_17.0.7.v20230425-1502\jre\bin\javaw.exe
0x00007fffa70b0000 - 0x00007fffa72a8000 	C:\Windows\SYSTEM32\ntdll.dll
0x00007fffa5ee0000 - 0x00007fffa5f9f000 	C:\Windows\System32\KERNEL32.DLL
0x00007fffa4c40000 - 0x00007fffa4f12000 	C:\Windows\System32\KERNELBASE.dll
0x00007fffa4b40000 - 0x00007fffa4c40000 	C:\Windows\System32\ucrtbase.dll
0x00007fff9fe30000 - 0x00007fff9fe47000 	C:\Program Files (x86)\sts-4.19.1.RELEASE\plugins\org.eclipse.justj.openjdk.hotspot.jre.full.win32.x86_64_17.0.7.v20230425-1502\jre\bin\jli.dll
0x00007fffa5cb0000 - 0x00007fffa5e51000 	C:\Windows\System32\USER32.dll
0x00007fffa4f20000 - 0x00007fffa4f42000 	C:\Windows\System32\win32u.dll
0x00007fffa52c0000 - 0x00007fffa52eb000 	C:\Windows\System32\GDI32.dll
0x00007fffa4fe0000 - 0x00007fffa50ef000 	C:\Windows\System32\gdi32full.dll
0x00007fffa47a0000 - 0x00007fffa483d000 	C:\Windows\System32\msvcp_win.dll
0x00007fff940b0000 - 0x00007fff940c9000 	C:\Program Files (x86)\sts-4.19.1.RELEASE\plugins\org.eclipse.justj.openjdk.hotspot.jre.full.win32.x86_64_17.0.7.v20230425-1502\jre\bin\VCRUNTIME140.dll
0x00007fff8ff20000 - 0x00007fff901ba000 	C:\Windows\WinSxS\amd64_microsoft.windows.common-controls_6595b64144ccf1df_6.0.19041.1110_none_60b5254171f9507e\COMCTL32.dll
0x00007fffa50f0000 - 0x00007fffa518e000 	C:\Windows\System32\msvcrt.dll
0x00007fffa5e60000 - 0x00007fffa5e92000 	C:\Windows\System32\IMM32.DLL
0x00007fff9fe20000 - 0x00007fff9fe2c000 	C:\Program Files (x86)\sts-4.19.1.RELEASE\plugins\org.eclipse.justj.openjdk.hotspot.jre.full.win32.x86_64_17.0.7.v20230425-1502\jre\bin\vcruntime140_1.dll
0x00007fff94010000 - 0x00007fff940a1000 	C:\Program Files (x86)\sts-4.19.1.RELEASE\plugins\org.eclipse.justj.openjdk.hotspot.jre.full.win32.x86_64_17.0.7.v20230425-1502\jre\bin\msvcp140.dll
0x00007fff7b4b0000 - 0x00007fff7c0f8000 	C:\Program Files (x86)\sts-4.19.1.RELEASE\plugins\org.eclipse.justj.openjdk.hotspot.jre.full.win32.x86_64_17.0.7.v20230425-1502\jre\bin\server\jvm.dll
0x00007fffa54f0000 - 0x00007fffa559e000 	C:\Windows\System32\ADVAPI32.dll
0x00007fffa52f0000 - 0x00007fffa538c000 	C:\Windows\System32\sechost.dll
0x00007fffa5190000 - 0x00007fffa52b5000 	C:\Windows\System32\RPCRT4.dll
0x00007fff88b30000 - 0x00007fff88b39000 	C:\Windows\SYSTEM32\WSOCK32.dll
0x00007fffa5480000 - 0x00007fffa54eb000 	C:\Windows\System32\WS2_32.dll
0x00007fff99c20000 - 0x00007fff99c47000 	C:\Windows\SYSTEM32\WINMM.dll
0x00007fff9e640000 - 0x00007fff9e64a000 	C:\Windows\SYSTEM32\VERSION.dll
0x00007fffa2620000 - 0x00007fffa2632000 	C:\Windows\SYSTEM32\kernel.appcore.dll
0x00007fffa0240000 - 0x00007fffa024a000 	C:\Program Files (x86)\sts-4.19.1.RELEASE\plugins\org.eclipse.justj.openjdk.hotspot.jre.full.win32.x86_64_17.0.7.v20230425-1502\jre\bin\jimage.dll
0x00007fff906e0000 - 0x00007fff908c4000 	C:\Windows\SYSTEM32\DBGHELP.DLL
0x00007fff8d5a0000 - 0x00007fff8d5d5000 	C:\Windows\SYSTEM32\dbgcore.DLL
0x00007fffa4f50000 - 0x00007fffa4fd2000 	C:\Windows\System32\bcryptPrimitives.dll
0x00007fff9be20000 - 0x00007fff9be5b000 	C:\Program Files (x86)\sts-4.19.1.RELEASE\plugins\org.eclipse.justj.openjdk.hotspot.jre.full.win32.x86_64_17.0.7.v20230425-1502\jre\bin\jdwp.dll
0x00007fff9fe60000 - 0x00007fff9fe6e000 	C:\Program Files (x86)\sts-4.19.1.RELEASE\plugins\org.eclipse.justj.openjdk.hotspot.jre.full.win32.x86_64_17.0.7.v20230425-1502\jre\bin\instrument.dll
0x00007fff9f7e0000 - 0x00007fff9f805000 	C:\Program Files (x86)\sts-4.19.1.RELEASE\plugins\org.eclipse.justj.openjdk.hotspot.jre.full.win32.x86_64_17.0.7.v20230425-1502\jre\bin\java.dll
0x00007fff9f7c0000 - 0x00007fff9f7d8000 	C:\Program Files (x86)\sts-4.19.1.RELEASE\plugins\org.eclipse.justj.openjdk.hotspot.jre.full.win32.x86_64_17.0.7.v20230425-1502\jre\bin\zip.dll
0x00007fffa5fa0000 - 0x00007fffa66e5000 	C:\Windows\System32\SHELL32.dll
0x00007fffa2820000 - 0x00007fffa2fb2000 	C:\Windows\SYSTEM32\windows.storage.dll
0x00007fffa5840000 - 0x00007fffa5b95000 	C:\Windows\System32\combase.dll
0x00007fffa4040000 - 0x00007fffa4070000 	C:\Windows\SYSTEM32\Wldp.dll
0x00007fffa6ea0000 - 0x00007fffa6f4d000 	C:\Windows\System32\SHCORE.dll
0x00007fffa5ba0000 - 0x00007fffa5bf5000 	C:\Windows\System32\shlwapi.dll
0x00007fffa46e0000 - 0x00007fffa46ff000 	C:\Windows\SYSTEM32\profapi.dll
0x00007fff9f570000 - 0x00007fff9f57c000 	C:\Program Files (x86)\sts-4.19.1.RELEASE\plugins\org.eclipse.justj.openjdk.hotspot.jre.full.win32.x86_64_17.0.7.v20230425-1502\jre\bin\dt_socket.dll
0x00007fffa3b30000 - 0x00007fffa3b6b000 	C:\Windows\SYSTEM32\IPHLPAPI.DLL
0x00007fffa3e20000 - 0x00007fffa3e8a000 	C:\Windows\system32\mswsock.dll
0x00007fffa3b70000 - 0x00007fffa3c3b000 	C:\Windows\SYSTEM32\DNSAPI.dll
0x00007fffa5ed0000 - 0x00007fffa5ed8000 	C:\Windows\System32\NSI.dll
0x00007fff98270000 - 0x00007fff9827a000 	C:\Windows\System32\rasadhlp.dll
0x00007fff9d760000 - 0x00007fff9d7e0000 	C:\Windows\System32\fwpuclnt.dll
0x00007fffa4900000 - 0x00007fffa4927000 	C:\Windows\System32\bcrypt.dll
0x00007fff9f270000 - 0x00007fff9f289000 	C:\Program Files (x86)\sts-4.19.1.RELEASE\plugins\org.eclipse.justj.openjdk.hotspot.jre.full.win32.x86_64_17.0.7.v20230425-1502\jre\bin\net.dll
0x00007fff9db90000 - 0x00007fff9dc9c000 	C:\Windows\SYSTEM32\WINHTTP.dll
0x00007fff9f250000 - 0x00007fff9f265000 	C:\Program Files (x86)\sts-4.19.1.RELEASE\plugins\org.eclipse.justj.openjdk.hotspot.jre.full.win32.x86_64_17.0.7.v20230425-1502\jre\bin\nio.dll
0x00007fff93ec0000 - 0x00007fff93ec9000 	C:\Program Files (x86)\sts-4.19.1.RELEASE\plugins\org.eclipse.justj.openjdk.hotspot.jre.full.win32.x86_64_17.0.7.v20230425-1502\jre\bin\management.dll
0x00007fff93c10000 - 0x00007fff93c1b000 	C:\Program Files (x86)\sts-4.19.1.RELEASE\plugins\org.eclipse.justj.openjdk.hotspot.jre.full.win32.x86_64_17.0.7.v20230425-1502\jre\bin\management_ext.dll
0x00007fffa55a0000 - 0x00007fffa55a8000 	C:\Windows\System32\PSAPI.DLL
0x00007fff93ed0000 - 0x00007fff93ee7000 	C:\Windows\system32\napinsp.dll
0x00007fff93c20000 - 0x00007fff93c3b000 	C:\Windows\system32\pnrpnsp.dll
0x00007fff817f0000 - 0x00007fff81805000 	C:\Windows\system32\wshbth.dll
0x00007fff9ff80000 - 0x00007fff9ff9d000 	C:\Windows\system32\NLAapi.dll
0x00007fff93620000 - 0x00007fff93632000 	C:\Windows\System32\winrnr.dll
0x00007fffa4080000 - 0x00007fffa4098000 	C:\Windows\SYSTEM32\CRYPTSP.dll
0x00007fffa3760000 - 0x00007fffa3794000 	C:\Windows\system32\rsaenh.dll
0x00007fffa4660000 - 0x00007fffa468e000 	C:\Windows\SYSTEM32\USERENV.dll
0x00007fffa3fb0000 - 0x00007fffa3fbc000 	C:\Windows\SYSTEM32\CRYPTBASE.dll
0x00007fff9d4b0000 - 0x00007fff9d4c7000 	C:\Windows\SYSTEM32\dhcpcsvc6.DLL
0x00007fff9c5f0000 - 0x00007fff9c60d000 	C:\Windows\SYSTEM32\dhcpcsvc.DLL
0x00007fff9f910000 - 0x00007fff9f920000 	C:\Program Files (x86)\sts-4.19.1.RELEASE\plugins\org.eclipse.justj.openjdk.hotspot.jre.full.win32.x86_64_17.0.7.v20230425-1502\jre\bin\verify.dll
0x00007fff9bc20000 - 0x00007fff9bc2e000 	C:\Program Files (x86)\sts-4.19.1.RELEASE\plugins\org.eclipse.justj.openjdk.hotspot.jre.full.win32.x86_64_17.0.7.v20230425-1502\jre\bin\sunmscapi.dll
0x00007fffa49e0000 - 0x00007fffa4b36000 	C:\Windows\System32\CRYPT32.dll
0x00007fffa4190000 - 0x00007fffa41b7000 	C:\Windows\SYSTEM32\ncrypt.dll
0x00007fffa4150000 - 0x00007fffa418b000 	C:\Windows\SYSTEM32\NTASN1.dll

dbghelp: loaded successfully - version: 4.0.5 - missing functions: none
symbol engine: initialized successfully - sym options: 0x614 - pdb path: .;C:\Program Files (x86)\sts-4.19.1.RELEASE\plugins\org.eclipse.justj.openjdk.hotspot.jre.full.win32.x86_64_17.0.7.v20230425-1502\jre\bin;C:\Windows\SYSTEM32;C:\Windows\WinSxS\amd64_microsoft.windows.common-controls_6595b64144ccf1df_6.0.19041.1110_none_60b5254171f9507e;C:\Program Files (x86)\sts-4.19.1.RELEASE\plugins\org.eclipse.justj.openjdk.hotspot.jre.full.win32.x86_64_17.0.7.v20230425-1502\jre\bin\server

VM Arguments:
jvm_args: -XX:+ShowCodeDetailsInExceptionMessages -agentlib:jdwp=transport=dt_socket,suspend=y,address=localhost:50626 -Dcom.sun.management.jmxremote -Dcom.sun.management.jmxremote.port=50625 -Dcom.sun.management.jmxremote.authenticate=false -Dcom.sun.management.jmxremote.ssl=false -Djava.rmi.server.hostname=localhost -Dspring.jmx.enabled=true -Dmanagement.endpoints.jmx.exposure.include=* -Dspring.application.admin.enabled=true -XX:TieredStopAtLevel=1 -Dspring.boot.project.name=miniproject -javaagent:C:\Program Files (x86)\sts-4.19.1.RELEASE\configuration\org.eclipse.osgi\740\0\.cp\lib\javaagent-shaded.jar -Dfile.encoding=UTF-8 -Dstdout.encoding=UTF-8 -Dstderr.encoding=UTF-8 
java_command: com.teama.minpro.teama.MiniprojectApplication --spring.output.ansi.enabled=always
java_class_path (initial): D:\BELAJAR KODING\XSIS\BATCH-327\minpro-team-a\miniproject\target\classes;C:\Users\Admin\.m2\repository\org\springframework\boot\spring-boot-starter-data-jpa\2.7.16\spring-boot-starter-data-jpa-2.7.16.jar;C:\Users\Admin\.m2\repository\org\springframework\boot\spring-boot-starter-aop\2.7.16\spring-boot-starter-aop-2.7.16.jar;C:\Users\Admin\.m2\repository\org\springframework\spring-aop\5.3.30\spring-aop-5.3.30.jar;C:\Users\Admin\.m2\repository\org\aspectj\aspectjweaver\1.9.7\aspectjweaver-1.9.7.jar;C:\Users\Admin\.m2\repository\org\springframework\boot\spring-boot-starter-jdbc\2.7.16\spring-boot-starter-jdbc-2.7.16.jar;C:\Users\Admin\.m2\repository\com\zaxxer\HikariCP\4.0.3\HikariCP-4.0.3.jar;C:\Users\Admin\.m2\repository\org\springframework\spring-jdbc\5.3.30\spring-jdbc-5.3.30.jar;C:\Users\Admin\.m2\repository\jakarta\transaction\jakarta.transaction-api\1.3.3\jakarta.transaction-api-1.3.3.jar;C:\Users\Admin\.m2\repository\jakarta\persistence\jakarta.persistence-api\2.2.3\jakarta.persistence-api-2.2.3.jar;C:\Users\Admin\.m2\repository\org\hibernate\hibernate-core\5.6.15.Final\hibernate-core-5.6.15.Final.jar;C:\Users\Admin\.m2\repository\org\jboss\logging\jboss-logging\3.4.3.Final\jboss-logging-3.4.3.Final.jar;C:\Users\Admin\.m2\repository\net\bytebuddy\byte-buddy\1.12.23\byte-buddy-1.12.23.jar;C:\Users\Admin\.m2\repository\antlr\antlr\2.7.7\antlr-2.7.7.jar;C:\Users\Admin\.m2\repository\org\jboss\jandex\2.4.2.Final\jandex-2.4.2.Final.jar;C:\Users\Admin\.m2\repository\com\fasterxml\classmate\1.5.1\classmate-1.5.1.jar;C:\Users\Admin\.m2\repository\org\hibernate\common\hibernate-commons-annotations\5.1.2.Final\hibernate-commons-annotations-5.1.2.Final.jar;C:\Users\Admin\.m2\repository\org\glassfish\jaxb\jaxb-runtime\2.3.8\jaxb-runtime-2.3.8.jar;C:\Users\Admin\.m2\repository\org\glassfish\jaxb\txw2\2.3.8\txw2-2.3.8.jar;C:\Users\Admin\.m2\repository\com\sun\istack\istack-commons-runtime\3.0.12\istack-commons-runtime-3.0.12.jar;C:\Users\Admin\.m
Launcher Type: SUN_STANDARD

[Global flags]
     intx CICompilerCount                          = 3                                         {product} {ergonomic}
     uint ConcGCThreads                            = 1                                         {product} {ergonomic}
     uint G1ConcRefinementThreads                  = 4                                         {product} {ergonomic}
   size_t G1HeapRegionSize                         = 1048576                                   {product} {ergonomic}
    uintx GCDrainStackTargetSize                   = 64                                        {product} {ergonomic}
   size_t InitialHeapSize                          = 100663296                                 {product} {ergonomic}
     bool ManagementServer                         = true                                      {product} {command line}
   size_t MarkStackSize                            = 4194304                                   {product} {ergonomic}
   size_t MaxHeapSize                              = 1589641216                                {product} {ergonomic}
   size_t MaxNewSize                               = 953155584                                 {product} {ergonomic}
   size_t MinHeapDeltaBytes                        = 1048576                                   {product} {ergonomic}
   size_t MinHeapSize                              = 8388608                                   {product} {ergonomic}
    uintx NonProfiledCodeHeapSize                  = 0                                      {pd product} {ergonomic}
     bool ProfileInterpreter                       = false                                  {pd product} {command line}
    uintx ProfiledCodeHeapSize                     = 0                                      {pd product} {ergonomic}
     bool ShowCodeDetailsInExceptionMessages       = true                                   {manageable} {command line}
   size_t SoftMaxHeapSize                          = 1589641216                             {manageable} {ergonomic}
     intx TieredStopAtLevel                        = 1                                         {product} {command line}
     bool UseCompressedClassPointers               = true                           {product lp64_product} {ergonomic}
     bool UseCompressedOops                        = true                           {product lp64_product} {ergonomic}
     bool UseG1GC                                  = true                                      {product} {ergonomic}
     bool UseLargePagesIndividualAllocation        = false                                  {pd product} {ergonomic}

Logging:
Log output configuration:
 #0: stdout all=warning uptime,level,tags
 #1: stderr all=off uptime,level,tags

Environment Variables:
JAVA_HOME=C:\Program Files\Java\jdk-20.0.2
PATH=C:\Program Files (x86)\sts-4.19.1.RELEASE\plugins\org.eclipse.justj.openjdk.hotspot.jre.full.win32.x86_64_17.0.7.v20230425-1502\jre\bin;C:/Program Files (x86)/sts-4.19.1.RELEASE//plugins/org.eclipse.justj.openjdk.hotspot.jre.full.win32.x86_64_17.0.7.v20230425-1502/jre/bin/server;C:/Program Files (x86)/sts-4.19.1.RELEASE//plugins/org.eclipse.justj.openjdk.hotspot.jre.full.win32.x86_64_17.0.7.v20230425-1502/jre/bin;C:\Windows\system32;C:\Windows;C:\Windows\System32\Wbem;C:\Windows\System32\WindowsPowerShell\v1.0\;C:\Windows\System32\OpenSSH\;C:\Program Files\Java\jdk-20.0.2\bin;C:\Program Files\Git\cmd;C:\Program Files\Docker\Docker\resources\bin;C:\Users\Admin\AppData\Local\Microsoft\WindowsApps;;C:\Users\Admin\AppData\Local\Programs\Microsoft VS Code\bin;C:\Program Files (x86)\sts-4.19.1.RELEASE;
USERNAME=Irfan
OS=Windows_NT
PROCESSOR_IDENTIFIER=AMD64 Family 23 Model 24 Stepping 1, AuthenticAMD
TMP=C:\Users\Admin\AppData\Local\Temp
TEMP=C:\Users\Admin\AppData\Local\Temp



---------------  S Y S T E M  ---------------

OS:
 Windows 10 , 64 bit Build 19041 (10.0.19041.2545)
OS uptime: 0 days 0:40 hours
Hyper-V role detected

CPU: total 4 (initial active 4) (4 cores per cpu, 2 threads per core) family 23 model 24 stepping 1 microcode 0x0, cx8, cmov, fxsr, ht, mmx, 3dnowpref, sse, sse2, sse3, ssse3, sse4a, sse4.1, sse4.2, popcnt, lzcnt, tsc, tscinvbit, avx, avx2, aes, clmul, bmi1, bmi2, adx, sha, fma, vzeroupper, clflush, clflushopt, hv

Memory: 4k page, system-wide physical 6058M (742M free)
TotalPageFile size 6058M (AvailPageFile size 3M)
current process WorkingSet (physical memory assigned to process): 232M, peak: 232M
current process commit charge ("private bytes"): 259M, peak: 259M

vm_info: OpenJDK 64-Bit Server VM (17.0.7+7) for windows-amd64 JRE (17.0.7+7), built on Apr 18 2023 22:10:42 by "temurin" with MS VC++ 16.7 (VS2019)

END.
